Identity added: /nfshomes/anirudhs/.ssh/id_ecdsa (anirudhs@nexuscml00.umiacs.umd.edu)
Identity added: /nfshomes/anirudhs/.ssh/id_ed25519 (anirudh.satheesh@gmail.com)
[DEBUG 04:12:54] git.cmd Popen(['git', 'diff', '--cached', '--abbrev=40', '--full-index', '--raw'], cwd=/nfshomes/anirudhs/CMARL-Traffic, stdin=None, shell=False, universal_newlines=False)
[DEBUG 04:12:54] git.cmd Popen(['git', 'diff', '--abbrev=40', '--full-index', '--raw'], cwd=/nfshomes/anirudhs/CMARL-Traffic, stdin=None, shell=False, universal_newlines=False)
[DEBUG 04:12:54] git.cmd Popen(['git', 'cat-file', '--batch-check'], cwd=/nfshomes/anirudhs/CMARL-Traffic, stdin=<valid stream>, shell=False, universal_newlines=False)
[DEBUG 04:12:54] git.cmd Popen(['git', 'diff', '--cached', '--abbrev=40', '--full-index', '--raw'], cwd=/nfshomes/anirudhs/CMARL-Traffic, stdin=None, shell=False, universal_newlines=False)
[DEBUG 04:12:54] git.cmd Popen(['git', 'diff', '--abbrev=40', '--full-index', '--raw'], cwd=/nfshomes/anirudhs/CMARL-Traffic, stdin=None, shell=False, universal_newlines=False)
[DEBUG 04:12:54] git.cmd Popen(['git', 'cat-file', '--batch-check'], cwd=/nfshomes/anirudhs/CMARL-Traffic, stdin=<valid stream>, shell=False, universal_newlines=False)
[DEBUG 04:12:54] git.cmd Popen(['git', 'diff', '--cached', '--abbrev=40', '--full-index', '--raw'], cwd=/nfshomes/anirudhs/CMARL-Traffic, stdin=None, shell=False, universal_newlines=False)
[DEBUG 04:12:54] git.cmd Popen(['git', 'diff', '--abbrev=40', '--full-index', '--raw'], cwd=/nfshomes/anirudhs/CMARL-Traffic, stdin=None, shell=False, universal_newlines=False)
[DEBUG 04:12:54] git.cmd Popen(['git', 'cat-file', '--batch-check'], cwd=/nfshomes/anirudhs/CMARL-Traffic, stdin=<valid stream>, shell=False, universal_newlines=False)
[DEBUG 04:12:55] git.cmd Popen(['git', 'diff', '--cached', '--abbrev=40', '--full-index', '--raw'], cwd=/nfshomes/anirudhs/CMARL-Traffic, stdin=None, shell=False, universal_newlines=False)
[DEBUG 04:12:55] git.cmd Popen(['git', 'diff', '--abbrev=40', '--full-index', '--raw'], cwd=/nfshomes/anirudhs/CMARL-Traffic, stdin=None, shell=False, universal_newlines=False)
[DEBUG 04:12:55] git.cmd Popen(['git', 'cat-file', '--batch-check'], cwd=/nfshomes/anirudhs/CMARL-Traffic, stdin=<valid stream>, shell=False, universal_newlines=False)
[DEBUG 04:12:55] git.cmd Popen(['git', 'diff', '--cached', '--abbrev=40', '--full-index', '--raw'], cwd=/nfshomes/anirudhs/CMARL-Traffic, stdin=None, shell=False, universal_newlines=False)
[DEBUG 04:12:55] git.cmd Popen(['git', 'diff', '--abbrev=40', '--full-index', '--raw'], cwd=/nfshomes/anirudhs/CMARL-Traffic, stdin=None, shell=False, universal_newlines=False)
[DEBUG 04:12:55] git.cmd Popen(['git', 'cat-file', '--batch-check'], cwd=/nfshomes/anirudhs/CMARL-Traffic, stdin=<valid stream>, shell=False, universal_newlines=False)
[INFO 04:12:57] root Saving to FileStorageObserver in /cmlscratch/anirudhs/ctraffic/results/sacred.
[DEBUG 04:12:58] ctraffic Using capture mode "fd"
threads unset, auto use 24 threads
[INFO 04:12:58] ctraffic Running command 'main'
[INFO 04:13:00] ctraffic Started run with ID "190"
[DEBUG 04:13:00] ctraffic Starting Heartbeat
[DEBUG 04:13:00] main Started
[INFO 04:13:01] main Experiment Parameters:
[INFO 04:13:02] main MDP Components:
[INFO 04:13:14] main Beginning training for 500000 timesteps
[INFO 04:20:21] main t_env: 5040 / 500000
[INFO 04:20:21] main Estimated time left: 11 hours, 39 minutes, 7 seconds. Time passed: 7 minutes, 7 seconds
[INFO 04:28:08] main t_env: 10080 / 500000
[INFO 04:28:08] main Estimated time left: 12 hours, 37 minutes, 33 seconds. Time passed: 14 minutes, 54 seconds
[INFO 04:28:40] main Recent Stats | t_env:      10080 | Episode:      224

[INFO 04:35:58] main t_env: 15120 / 500000
[INFO 04:35:58] main Estimated time left: 12 hours, 33 minutes, 12 seconds. Time passed: 22 minutes, 44 seconds
[INFO 04:43:36] main t_env: 20160 / 500000
[INFO 04:43:36] main Estimated time left: 12 hours, 6 minutes, 0 seconds. Time passed: 30 minutes, 22 seconds
[INFO 04:44:05] main Recent Stats | t_env:      20160 | Episode:      448

[INFO 04:51:07] main t_env: 25200 / 500000
[INFO 04:51:07] main Estimated time left: 11 hours, 49 minutes, 20 seconds. Time passed: 37 minutes, 53 seconds
[INFO 04:58:26] main t_env: 30240 / 500000
[INFO 04:58:26] main Estimated time left: 11 hours, 21 minutes, 2 seconds. Time passed: 45 minutes, 12 seconds
[INFO 04:58:55] main Recent Stats | t_env:      30240 | Episode:      672

[INFO 05:05:47] main t_env: 35280 / 500000
[INFO 05:05:47] main Estimated time left: 11 hours, 18 minutes, 34 seconds. Time passed: 52 minutes, 33 seconds
[INFO 05:13:08] main t_env: 40320 / 500000
[INFO 05:13:08] main Estimated time left: 11 hours, 10 minutes, 12 seconds. Time passed: 59 minutes, 54 seconds
[INFO 05:13:38] main Recent Stats | t_env:      40320 | Episode:      896

[INFO 05:20:39] main t_env: 45360 / 500000
[INFO 05:20:39] main Estimated time left: 11 hours, 17 minutes, 39 seconds. Time passed: 1 hours, 7 minutes, 25 seconds
[INFO 05:27:58] main t_env: 50400 / 500000
[INFO 05:27:58] main Estimated time left: 10 hours, 53 minutes, 20 seconds. Time passed: 1 hours, 14 minutes, 44 seconds
[INFO 05:28:28] main Recent Stats | t_env:      50400 | Episode:     1120

[INFO 05:35:29] main t_env: 55440 / 500000
[INFO 05:35:29] main Estimated time left: 11 hours, 1 minutes, 59 seconds. Time passed: 1 hours, 22 minutes, 15 seconds
[INFO 05:43:00] main t_env: 60480 / 500000
[INFO 05:43:00] main Estimated time left: 10 hours, 55 minutes, 9 seconds. Time passed: 1 hours, 29 minutes, 45 seconds
[INFO 05:43:25] main Recent Stats | t_env:      60480 | Episode:     1344

[INFO 05:50:23] main t_env: 65520 / 500000
[INFO 05:50:23] main Estimated time left: 10 hours, 37 minutes, 27 seconds. Time passed: 1 hours, 37 minutes, 9 seconds
[INFO 05:57:53] main t_env: 70560 / 500000
[INFO 05:57:53] main Estimated time left: 10 hours, 39 minutes, 6 seconds. Time passed: 1 hours, 44 minutes, 39 seconds
[INFO 05:58:22] main Recent Stats | t_env:      70560 | Episode:     1568

[INFO 06:05:35] main t_env: 75600 / 500000
[INFO 06:05:35] main Estimated time left: 10 hours, 47 minutes, 27 seconds. Time passed: 1 hours, 52 minutes, 20 seconds
[INFO 06:13:17] main t_env: 80640 / 500000
[INFO 06:13:17] main Estimated time left: 10 hours, 41 minutes, 27 seconds. Time passed: 2 hours, 3 seconds
[INFO 06:13:46] main Recent Stats | t_env:      80640 | Episode:     1792

[INFO 06:20:58] main t_env: 85680 / 500000
[INFO 06:20:58] main Estimated time left: 10 hours, 31 minutes, 26 seconds. Time passed: 2 hours, 7 minutes, 44 seconds
[INFO 06:28:36] main t_env: 90720 / 500000
[INFO 06:28:36] main Estimated time left: 10 hours, 20 minutes, 31 seconds. Time passed: 2 hours, 15 minutes, 22 seconds
[INFO 06:29:06] main Recent Stats | t_env:      90720 | Episode:     2016

[INFO 06:36:15] main t_env: 95760 / 500000
[INFO 06:36:15] main Estimated time left: 10 hours, 13 minutes, 2 seconds. Time passed: 2 hours, 23 minutes, 1 seconds
[INFO 06:43:54] main t_env: 100800 / 500000
[INFO 06:43:54] main Estimated time left: 10 hours, 6 minutes, 17 seconds. Time passed: 2 hours, 30 minutes, 40 seconds
[INFO 06:44:24] main Recent Stats | t_env:     100800 | Episode:     2240

[INFO 06:51:30] main t_env: 105840 / 500000
[INFO 06:51:30] main Estimated time left: 9 hours, 53 minutes, 43 seconds. Time passed: 2 hours, 38 minutes, 16 seconds
[INFO 06:59:18] main t_env: 110880 / 500000
[INFO 06:59:18] main Estimated time left: 10 hours, 2 minutes, 49 seconds. Time passed: 2 hours, 46 minutes, 4 seconds
[INFO 06:59:50] main Recent Stats | t_env:     110880 | Episode:     2464

[INFO 07:06:57] main t_env: 115920 / 500000
[INFO 07:06:57] main Estimated time left: 9 hours, 42 minutes, 26 seconds. Time passed: 2 hours, 53 minutes, 43 seconds
[INFO 07:14:40] main t_env: 120960 / 500000
[INFO 07:14:40] main Estimated time left: 9 hours, 40 minutes, 15 seconds. Time passed: 3 hours, 1 minutes, 26 seconds
[INFO 07:15:11] main Recent Stats | t_env:     120960 | Episode:     2688

[INFO 07:22:21] main t_env: 126000 / 500000
[INFO 07:22:21] main Estimated time left: 9 hours, 30 minutes, 57 seconds. Time passed: 3 hours, 9 minutes, 7 seconds
[INFO 07:30:05] main t_env: 131040 / 500000
[INFO 07:30:05] main Estimated time left: 9 hours, 25 minutes, 10 seconds. Time passed: 3 hours, 16 minutes, 51 seconds
[INFO 07:30:36] main Recent Stats | t_env:     131040 | Episode:     2912

[INFO 07:37:46] main t_env: 136080 / 500000
[INFO 07:37:46] main Estimated time left: 9 hours, 14 minutes, 38 seconds. Time passed: 3 hours, 24 minutes, 31 seconds
[INFO 07:45:33] main t_env: 141120 / 500000
[INFO 07:45:33] main Estimated time left: 9 hours, 15 minutes, 4 seconds. Time passed: 3 hours, 32 minutes, 19 seconds
[INFO 07:46:03] main Recent Stats | t_env:     141120 | Episode:     3136

[INFO 07:53:17] main t_env: 146160 / 500000
[INFO 07:53:17] main Estimated time left: 9 hours, 2 minutes, 52 seconds. Time passed: 3 hours, 40 minutes, 3 seconds
[INFO 08:00:53] main t_env: 151200 / 500000
[INFO 08:00:53] main Estimated time left: 8 hours, 45 minutes, 54 seconds. Time passed: 3 hours, 47 minutes, 39 seconds
[INFO 08:01:23] main Recent Stats | t_env:     151200 | Episode:     3360

[INFO 08:08:30] main t_env: 156240 / 500000
[INFO 08:08:30] main Estimated time left: 8 hours, 38 minutes, 57 seconds. Time passed: 3 hours, 55 minutes, 16 seconds
[INFO 08:16:06] main t_env: 161280 / 500000
[INFO 08:16:06] main Estimated time left: 8 hours, 31 minutes, 19 seconds. Time passed: 4 hours, 2 minutes, 52 seconds
[INFO 08:16:36] main Recent Stats | t_env:     161280 | Episode:     3584

[INFO 08:23:47] main t_env: 166320 / 500000
[INFO 08:23:47] main Estimated time left: 8 hours, 28 minutes, 29 seconds. Time passed: 4 hours, 10 minutes, 33 seconds
[INFO 08:31:30] main t_env: 171360 / 500000
[INFO 08:31:30] main Estimated time left: 8 hours, 23 minutes, 24 seconds. Time passed: 4 hours, 18 minutes, 16 seconds
[INFO 08:32:00] main Recent Stats | t_env:     171360 | Episode:     3808

[INFO 08:39:05] main t_env: 176400 / 500000
[INFO 08:39:05] main Estimated time left: 8 hours, 7 minutes, 6 seconds. Time passed: 4 hours, 25 minutes, 51 seconds
[INFO 08:46:46] main t_env: 181440 / 500000
[INFO 08:46:46] main Estimated time left: 8 hours, 5 minutes, 13 seconds. Time passed: 4 hours, 33 minutes, 32 seconds
[INFO 08:47:15] main Recent Stats | t_env:     181440 | Episode:     4032

[INFO 08:54:22] main t_env: 186480 / 500000
[INFO 08:54:22] main Estimated time left: 7 hours, 52 minutes, 52 seconds. Time passed: 4 hours, 41 minutes, 8 seconds
[INFO 09:02:01] main t_env: 191520 / 500000
[INFO 09:02:01] main Estimated time left: 7 hours, 48 minutes, 26 seconds. Time passed: 4 hours, 48 minutes, 47 seconds
[INFO 09:02:33] main Recent Stats | t_env:     191520 | Episode:     4256

[INFO 09:09:26] main t_env: 196560 / 500000
[INFO 09:09:26] main Estimated time left: 7 hours, 26 minutes, 7 seconds. Time passed: 4 hours, 56 minutes, 12 seconds
[INFO 09:17:02] main t_env: 201600 / 500000
[INFO 09:17:02] main Estimated time left: 7 hours, 30 minutes, 11 seconds. Time passed: 5 hours, 3 minutes, 48 seconds
[INFO 09:17:33] main Recent Stats | t_env:     201600 | Episode:     4480

[INFO 09:24:44] main t_env: 206640 / 500000
[INFO 09:24:44] main Estimated time left: 7 hours, 27 minutes, 53 seconds. Time passed: 5 hours, 11 minutes, 30 seconds
[INFO 09:32:23] main t_env: 211680 / 500000
[INFO 09:32:23] main Estimated time left: 7 hours, 18 minutes, 3 seconds. Time passed: 5 hours, 19 minutes, 9 seconds
[INFO 09:32:52] main Recent Stats | t_env:     211680 | Episode:     4704

[INFO 09:39:47] main t_env: 216720 / 500000
[INFO 09:39:47] main Estimated time left: 6 hours, 55 minutes, 40 seconds. Time passed: 5 hours, 26 minutes, 33 seconds
[INFO 09:47:01] main t_env: 221760 / 500000
[INFO 09:47:01] main Estimated time left: 6 hours, 38 minutes, 54 seconds. Time passed: 5 hours, 33 minutes, 46 seconds
[INFO 09:47:29] main Recent Stats | t_env:     221760 | Episode:     4928

[INFO 09:54:33] main t_env: 226800 / 500000
[INFO 09:54:33] main Estimated time left: 6 hours, 48 minutes, 35 seconds. Time passed: 5 hours, 41 minutes, 19 seconds
[INFO 10:02:05] main t_env: 231840 / 500000
[INFO 10:02:05] main Estimated time left: 6 hours, 40 minutes, 46 seconds. Time passed: 5 hours, 48 minutes, 51 seconds
[INFO 10:02:34] main Recent Stats | t_env:     231840 | Episode:     5152

[INFO 10:09:28] main t_env: 236880 / 500000
[INFO 10:09:28] main Estimated time left: 6 hours, 25 minutes, 25 seconds. Time passed: 5 hours, 56 minutes, 14 seconds
[INFO 10:16:54] main t_env: 241920 / 500000
[INFO 10:16:54] main Estimated time left: 6 hours, 20 minutes, 29 seconds. Time passed: 6 hours, 3 minutes, 39 seconds
[INFO 10:17:23] main Recent Stats | t_env:     241920 | Episode:     5376

[INFO 10:24:29] main t_env: 246960 / 500000
[INFO 10:24:29] main Estimated time left: 6 hours, 20 minutes, 41 seconds. Time passed: 6 hours, 11 minutes, 14 seconds
[INFO 10:32:07] main t_env: 252000 / 500000
[INFO 10:32:07] main Estimated time left: 6 hours, 16 minutes, 1 seconds. Time passed: 6 hours, 18 minutes, 53 seconds
[INFO 10:32:38] main Recent Stats | t_env:     252000 | Episode:     5600

[INFO 10:39:48] main t_env: 257040 / 500000
[INFO 10:39:48] main Estimated time left: 6 hours, 10 minutes, 13 seconds. Time passed: 6 hours, 26 minutes, 34 seconds
[INFO 10:47:30] main t_env: 262080 / 500000
[INFO 10:47:30] main Estimated time left: 6 hours, 3 minutes, 16 seconds. Time passed: 6 hours, 34 minutes, 16 seconds
[INFO 10:47:58] main Recent Stats | t_env:     262080 | Episode:     5824

[INFO 10:55:04] main t_env: 267120 / 500000
[INFO 10:55:04] main Estimated time left: 5 hours, 50 minutes, 10 seconds. Time passed: 6 hours, 41 minutes, 50 seconds
[INFO 11:02:41] main t_env: 272160 / 500000
[INFO 11:02:41] main Estimated time left: 5 hours, 44 minutes, 0 seconds. Time passed: 6 hours, 49 minutes, 27 seconds
[INFO 11:03:11] main Recent Stats | t_env:     272160 | Episode:     6048

[INFO 11:10:12] main t_env: 277200 / 500000
[INFO 11:10:12] main Estimated time left: 5 hours, 32 minutes, 10 seconds. Time passed: 6 hours, 56 minutes, 58 seconds
[INFO 11:17:46] main t_env: 282240 / 500000
[INFO 11:17:46] main Estimated time left: 5 hours, 26 minutes, 52 seconds. Time passed: 7 hours, 4 minutes, 32 seconds
[INFO 11:18:16] main Recent Stats | t_env:     282240 | Episode:     6272

[INFO 11:25:21] main t_env: 287280 / 500000
[INFO 11:25:21] main Estimated time left: 5 hours, 20 minutes, 23 seconds. Time passed: 7 hours, 12 minutes, 7 seconds
[INFO 11:32:58] main t_env: 292320 / 500000
[INFO 11:32:58] main Estimated time left: 5 hours, 13 minutes, 41 seconds. Time passed: 7 hours, 19 minutes, 44 seconds
[INFO 11:33:29] main Recent Stats | t_env:     292320 | Episode:     6496

[INFO 11:40:36] main t_env: 297360 / 500000
[INFO 11:40:36] main Estimated time left: 5 hours, 6 minutes, 50 seconds. Time passed: 7 hours, 27 minutes, 22 seconds
[INFO 11:48:05] main t_env: 302400 / 500000
[INFO 11:48:05] main Estimated time left: 4 hours, 53 minutes, 24 seconds. Time passed: 7 hours, 34 minutes, 51 seconds
[INFO 11:48:34] main Recent Stats | t_env:     302400 | Episode:     6720

[INFO 11:55:40] main t_env: 307440 / 500000
[INFO 11:55:40] main Estimated time left: 4 hours, 49 minutes, 43 seconds. Time passed: 7 hours, 42 minutes, 26 seconds
[INFO 12:03:12] main t_env: 312480 / 500000
[INFO 12:03:12] main Estimated time left: 4 hours, 40 minutes, 23 seconds. Time passed: 7 hours, 49 minutes, 58 seconds
[INFO 12:03:41] main Recent Stats | t_env:     312480 | Episode:     6944

[INFO 12:10:44] main t_env: 317520 / 500000
[INFO 12:10:44] main Estimated time left: 4 hours, 32 minutes, 47 seconds. Time passed: 7 hours, 57 minutes, 30 seconds
[INFO 12:18:20] main t_env: 322560 / 500000
[INFO 12:18:20] main Estimated time left: 4 hours, 27 minutes, 47 seconds. Time passed: 8 hours, 5 minutes, 6 seconds
[INFO 12:18:50] main Recent Stats | t_env:     322560 | Episode:     7168

[INFO 12:25:56] main t_env: 327600 / 500000
[INFO 12:25:56] main Estimated time left: 4 hours, 19 minutes, 49 seconds. Time passed: 8 hours, 12 minutes, 42 seconds
[INFO 12:33:31] main t_env: 332640 / 500000
[INFO 12:33:31] main Estimated time left: 4 hours, 11 minutes, 53 seconds. Time passed: 8 hours, 20 minutes, 17 seconds
[INFO 12:34:00] main Recent Stats | t_env:     332640 | Episode:     7392

[INFO 12:41:03] main t_env: 337680 / 500000
[INFO 12:41:03] main Estimated time left: 4 hours, 2 minutes, 12 seconds. Time passed: 8 hours, 27 minutes, 49 seconds
[INFO 12:48:37] main t_env: 342720 / 500000
[INFO 12:48:37] main Estimated time left: 3 hours, 56 minutes, 8 seconds. Time passed: 8 hours, 35 minutes, 23 seconds
[INFO 12:49:06] main Recent Stats | t_env:     342720 | Episode:     7616

[INFO 12:56:05] main t_env: 347760 / 500000
[INFO 12:56:05] main Estimated time left: 3 hours, 45 minutes, 55 seconds. Time passed: 8 hours, 42 minutes, 51 seconds
[INFO 13:03:29] main t_env: 352800 / 500000
[INFO 13:03:29] main Estimated time left: 3 hours, 35 minutes, 48 seconds. Time passed: 8 hours, 50 minutes, 15 seconds
[INFO 13:04:01] main Recent Stats | t_env:     352800 | Episode:     7840

[INFO 13:11:09] main t_env: 357840 / 500000
[INFO 13:11:09] main Estimated time left: 3 hours, 36 minutes, 9 seconds. Time passed: 8 hours, 57 minutes, 54 seconds
[INFO 13:18:52] main t_env: 362880 / 500000
[INFO 13:18:52] main Estimated time left: 3 hours, 30 minutes, 14 seconds. Time passed: 9 hours, 5 minutes, 38 seconds
[INFO 13:19:22] main Recent Stats | t_env:     362880 | Episode:     8064

[INFO 13:26:24] main t_env: 367920 / 500000
[INFO 13:26:24] main Estimated time left: 3 hours, 17 minutes, 28 seconds. Time passed: 9 hours, 13 minutes, 10 seconds
[INFO 13:34:01] main t_env: 372960 / 500000
[INFO 13:34:01] main Estimated time left: 3 hours, 11 minutes, 48 seconds. Time passed: 9 hours, 20 minutes, 47 seconds
[INFO 13:34:29] main Recent Stats | t_env:     372960 | Episode:     8288

[INFO 13:41:34] main t_env: 378000 / 500000
[INFO 13:41:34] main Estimated time left: 3 hours, 2 minutes, 39 seconds. Time passed: 9 hours, 28 minutes, 20 seconds
[INFO 13:49:13] main t_env: 383040 / 500000
[INFO 13:49:13] main Estimated time left: 2 hours, 57 minutes, 41 seconds. Time passed: 9 hours, 35 minutes, 59 seconds
[INFO 13:49:40] main Recent Stats | t_env:     383040 | Episode:     8512

[INFO 13:56:49] main t_env: 388080 / 500000
[INFO 13:56:49] main Estimated time left: 2 hours, 48 minutes, 35 seconds. Time passed: 9 hours, 43 minutes, 35 seconds
[INFO 14:04:16] main t_env: 393120 / 500000
[INFO 14:04:16] main Estimated time left: 2 hours, 37 minutes, 58 seconds. Time passed: 9 hours, 51 minutes, 1 seconds
[INFO 14:04:44] main Recent Stats | t_env:     393120 | Episode:     8736

[INFO 14:11:52] main t_env: 398160 / 500000
[INFO 14:11:52] main Estimated time left: 2 hours, 33 minutes, 35 seconds. Time passed: 9 hours, 58 minutes, 38 seconds
[INFO 14:19:26] main t_env: 403200 / 500000
[INFO 14:19:26] main Estimated time left: 2 hours, 25 minutes, 24 seconds. Time passed: 10 hours, 6 minutes, 12 seconds
[INFO 14:19:57] main Recent Stats | t_env:     403200 | Episode:     8960

[INFO 14:26:59] main t_env: 408240 / 500000
[INFO 14:26:59] main Estimated time left: 2 hours, 17 minutes, 22 seconds. Time passed: 10 hours, 13 minutes, 45 seconds
[INFO 14:34:35] main t_env: 413280 / 500000
[INFO 14:34:35] main Estimated time left: 2 hours, 10 minutes, 58 seconds. Time passed: 10 hours, 21 minutes, 21 seconds
[INFO 14:35:06] main Recent Stats | t_env:     413280 | Episode:     9184

[INFO 14:42:06] main t_env: 418320 / 500000
[INFO 14:42:06] main Estimated time left: 2 hours, 1 minutes, 47 seconds. Time passed: 10 hours, 28 minutes, 52 seconds
[INFO 14:49:43] main t_env: 423360 / 500000
[INFO 14:49:43] main Estimated time left: 1 hours, 55 minutes, 50 seconds. Time passed: 10 hours, 36 minutes, 29 seconds
[INFO 14:50:14] main Recent Stats | t_env:     423360 | Episode:     9408

[INFO 14:57:17] main t_env: 428400 / 500000
[INFO 14:57:17] main Estimated time left: 1 hours, 47 minutes, 30 seconds. Time passed: 10 hours, 44 minutes, 3 seconds
[INFO 15:04:47] main t_env: 433440 / 500000
[INFO 15:04:47] main Estimated time left: 1 hours, 38 minutes, 54 seconds. Time passed: 10 hours, 51 minutes, 33 seconds
[INFO 15:05:18] main Recent Stats | t_env:     433440 | Episode:     9632

[INFO 15:12:22] main t_env: 438480 / 500000
[INFO 15:12:22] main Estimated time left: 1 hours, 32 minutes, 36 seconds. Time passed: 10 hours, 59 minutes, 8 seconds
[INFO 15:19:52] main t_env: 443520 / 500000
[INFO 15:19:52] main Estimated time left: 1 hours, 24 minutes, 6 seconds. Time passed: 11 hours, 6 minutes, 38 seconds
[INFO 15:20:25] main Recent Stats | t_env:     443520 | Episode:     9856

[INFO 15:27:24] main t_env: 448560 / 500000
[INFO 15:27:24] main Estimated time left: 1 hours, 16 minutes, 52 seconds. Time passed: 11 hours, 14 minutes, 10 seconds
[INFO 15:34:55] main t_env: 453600 / 500000
[INFO 15:34:55] main Estimated time left: 1 hours, 9 minutes, 10 seconds. Time passed: 11 hours, 21 minutes, 41 seconds
[INFO 15:35:25] main Recent Stats | t_env:     453600 | Episode:    10080

[INFO 15:42:27] main t_env: 458640 / 500000
[INFO 15:42:27] main Estimated time left: 1 hours, 1 minutes, 52 seconds. Time passed: 11 hours, 29 minutes, 13 seconds
[INFO 15:49:59] main t_env: 463680 / 500000
[INFO 15:49:59] main Estimated time left: 54 minutes, 11 seconds. Time passed: 11 hours, 36 minutes, 44 seconds
[INFO 15:50:30] main Recent Stats | t_env:     463680 | Episode:    10304

[INFO 15:57:31] main t_env: 468720 / 500000
[INFO 15:57:31] main Estimated time left: 46 minutes, 46 seconds. Time passed: 11 hours, 44 minutes, 17 seconds
[INFO 16:05:01] main t_env: 473760 / 500000
[INFO 16:05:01] main Estimated time left: 39 minutes, 5 seconds. Time passed: 11 hours, 51 minutes, 47 seconds
[INFO 16:05:31] main Recent Stats | t_env:     473760 | Episode:    10528

[INFO 16:12:29] main t_env: 478800 / 500000
[INFO 16:12:29] main Estimated time left: 31 minutes, 21 seconds. Time passed: 11 hours, 59 minutes, 15 seconds
[INFO 16:19:48] main t_env: 483840 / 500000
[INFO 16:19:48] main Estimated time left: 23 minutes, 29 seconds. Time passed: 12 hours, 6 minutes, 34 seconds
[INFO 16:20:16] main Recent Stats | t_env:     483840 | Episode:    10752

slurmstepd: error: *** JOB 3318943 ON tron52 CANCELLED AT 2024-11-12T16:25:59 ***
