Identity added: /nfshomes/anirudhs/.ssh/id_ecdsa (anirudhs@nexuscml00.umiacs.umd.edu)
Identity added: /nfshomes/anirudhs/.ssh/id_ed25519 (anirudh.satheesh@gmail.com)
[DEBUG 12:59:43] git.cmd Popen(['git', 'diff', '--cached', '--abbrev=40', '--full-index', '--raw'], cwd=/nfshomes/anirudhs/CMARL-Traffic, stdin=None, shell=False, universal_newlines=False)
[DEBUG 12:59:43] git.cmd Popen(['git', 'diff', '--abbrev=40', '--full-index', '--raw'], cwd=/nfshomes/anirudhs/CMARL-Traffic, stdin=None, shell=False, universal_newlines=False)
[DEBUG 12:59:43] git.cmd Popen(['git', 'cat-file', '--batch-check'], cwd=/nfshomes/anirudhs/CMARL-Traffic, stdin=<valid stream>, shell=False, universal_newlines=False)
[DEBUG 12:59:43] git.cmd Popen(['git', 'diff', '--cached', '--abbrev=40', '--full-index', '--raw'], cwd=/nfshomes/anirudhs/CMARL-Traffic, stdin=None, shell=False, universal_newlines=False)
[DEBUG 12:59:43] git.cmd Popen(['git', 'diff', '--abbrev=40', '--full-index', '--raw'], cwd=/nfshomes/anirudhs/CMARL-Traffic, stdin=None, shell=False, universal_newlines=False)
[DEBUG 12:59:43] git.cmd Popen(['git', 'cat-file', '--batch-check'], cwd=/nfshomes/anirudhs/CMARL-Traffic, stdin=<valid stream>, shell=False, universal_newlines=False)
[DEBUG 12:59:43] git.cmd Popen(['git', 'diff', '--cached', '--abbrev=40', '--full-index', '--raw'], cwd=/nfshomes/anirudhs/CMARL-Traffic, stdin=None, shell=False, universal_newlines=False)
[DEBUG 12:59:43] git.cmd Popen(['git', 'diff', '--abbrev=40', '--full-index', '--raw'], cwd=/nfshomes/anirudhs/CMARL-Traffic, stdin=None, shell=False, universal_newlines=False)
[DEBUG 12:59:44] git.cmd Popen(['git', 'cat-file', '--batch-check'], cwd=/nfshomes/anirudhs/CMARL-Traffic, stdin=<valid stream>, shell=False, universal_newlines=False)
[DEBUG 12:59:44] git.cmd Popen(['git', 'diff', '--cached', '--abbrev=40', '--full-index', '--raw'], cwd=/nfshomes/anirudhs/CMARL-Traffic, stdin=None, shell=False, universal_newlines=False)
[DEBUG 12:59:44] git.cmd Popen(['git', 'diff', '--abbrev=40', '--full-index', '--raw'], cwd=/nfshomes/anirudhs/CMARL-Traffic, stdin=None, shell=False, universal_newlines=False)
[DEBUG 12:59:44] git.cmd Popen(['git', 'cat-file', '--batch-check'], cwd=/nfshomes/anirudhs/CMARL-Traffic, stdin=<valid stream>, shell=False, universal_newlines=False)
[DEBUG 12:59:44] git.cmd Popen(['git', 'diff', '--cached', '--abbrev=40', '--full-index', '--raw'], cwd=/nfshomes/anirudhs/CMARL-Traffic, stdin=None, shell=False, universal_newlines=False)
[DEBUG 12:59:44] git.cmd Popen(['git', 'diff', '--abbrev=40', '--full-index', '--raw'], cwd=/nfshomes/anirudhs/CMARL-Traffic, stdin=None, shell=False, universal_newlines=False)
[DEBUG 12:59:44] git.cmd Popen(['git', 'cat-file', '--batch-check'], cwd=/nfshomes/anirudhs/CMARL-Traffic, stdin=<valid stream>, shell=False, universal_newlines=False)
[INFO 12:59:45] root Saving to FileStorageObserver in /cmlscratch/anirudhs/ctraffic/results/sacred.
[DEBUG 12:59:47] ctraffic Using capture mode "fd"
threads unset, auto use 24 threads
[INFO 12:59:47] ctraffic Running command 'main'
[INFO 12:59:49] ctraffic Started run with ID "265"
[DEBUG 12:59:49] ctraffic Starting Heartbeat
[DEBUG 12:59:49] main Started
[INFO 12:59:50] main Experiment Parameters:
[INFO 12:59:51] main MDP Components:
[INFO 12:59:56] main Beginning training for 500000 timesteps
[INFO 13:07:21] main t_env: 5040 / 500000
[INFO 13:07:21] main Estimated time left: 12 hours, 8 minutes, 17 seconds. Time passed: 7 minutes, 24 seconds
[INFO 13:15:33] main t_env: 10080 / 500000
[INFO 13:15:33] main Estimated time left: 13 hours, 16 minutes, 36 seconds. Time passed: 15 minutes, 36 seconds
[INFO 13:16:06] main Recent Stats | t_env:      10080 | Episode:      224

[INFO 13:23:31] main t_env: 15120 / 500000
[INFO 13:23:31] main Estimated time left: 12 hours, 47 minutes, 36 seconds. Time passed: 23 minutes, 35 seconds
[INFO 13:31:23] main t_env: 20160 / 500000
[INFO 13:31:23] main Estimated time left: 12 hours, 27 minutes, 58 seconds. Time passed: 31 minutes, 26 seconds
[INFO 13:31:53] main Recent Stats | t_env:      20160 | Episode:      448

[INFO 13:39:20] main t_env: 25200 / 500000
[INFO 13:39:20] main Estimated time left: 12 hours, 28 minutes, 52 seconds. Time passed: 39 minutes, 23 seconds
[INFO 13:47:10] main t_env: 30240 / 500000
[INFO 13:47:10] main Estimated time left: 12 hours, 9 minutes, 59 seconds. Time passed: 47 minutes, 13 seconds
[INFO 13:47:40] main Recent Stats | t_env:      30240 | Episode:      672

[INFO 13:54:59] main t_env: 35280 / 500000
[INFO 13:54:59] main Estimated time left: 12 hours, 59 seconds. Time passed: 55 minutes, 2 seconds
[INFO 14:02:50] main t_env: 40320 / 500000
[INFO 14:02:50] main Estimated time left: 11 hours, 56 minutes, 24 seconds. Time passed: 1 hours, 2 minutes, 54 seconds
[INFO 14:03:20] main Recent Stats | t_env:      40320 | Episode:      896

[INFO 14:10:44] main t_env: 45360 / 500000
[INFO 14:10:44] main Estimated time left: 11 hours, 51 minutes, 58 seconds. Time passed: 1 hours, 10 minutes, 47 seconds
[INFO 14:18:32] main t_env: 50400 / 500000
[INFO 14:18:32] main Estimated time left: 11 hours, 36 minutes, 13 seconds. Time passed: 1 hours, 18 minutes, 35 seconds
[INFO 14:19:03] main Recent Stats | t_env:      50400 | Episode:     1120

[INFO 14:26:20] main t_env: 55440 / 500000
[INFO 14:26:20] main Estimated time left: 11 hours, 28 minutes, 24 seconds. Time passed: 1 hours, 26 minutes, 24 seconds
[INFO 14:34:09] main t_env: 60480 / 500000
[INFO 14:34:09] main Estimated time left: 11 hours, 21 minutes, 0 seconds. Time passed: 1 hours, 34 minutes, 12 seconds
[INFO 14:34:38] main Recent Stats | t_env:      60480 | Episode:     1344

[INFO 14:41:57] main t_env: 65520 / 500000
[INFO 14:41:57] main Estimated time left: 11 hours, 12 minutes, 16 seconds. Time passed: 1 hours, 42 minutes, 0 seconds
[INFO 14:49:43] main t_env: 70560 / 500000
[INFO 14:49:43] main Estimated time left: 11 hours, 2 minutes, 1 seconds. Time passed: 1 hours, 49 minutes, 46 seconds
[INFO 14:50:12] main Recent Stats | t_env:      70560 | Episode:     1568

[INFO 14:57:34] main t_env: 75600 / 500000
[INFO 14:57:34] main Estimated time left: 11 hours, 1 minutes, 46 seconds. Time passed: 1 hours, 57 minutes, 38 seconds
[INFO 15:05:21] main t_env: 80640 / 500000
[INFO 15:05:21] main Estimated time left: 10 hours, 47 minutes, 5 seconds. Time passed: 2 hours, 5 minutes, 24 seconds
[INFO 15:05:52] main Recent Stats | t_env:      80640 | Episode:     1792

[INFO 15:13:12] main t_env: 85680 / 500000
[INFO 15:13:12] main Estimated time left: 10 hours, 45 minutes, 13 seconds. Time passed: 2 hours, 13 minutes, 15 seconds
[INFO 15:20:55] main t_env: 90720 / 500000
[INFO 15:20:55] main Estimated time left: 10 hours, 26 minutes, 40 seconds. Time passed: 2 hours, 20 minutes, 58 seconds
[INFO 15:21:25] main Recent Stats | t_env:      90720 | Episode:     2016

[INFO 15:28:44] main t_env: 95760 / 500000
[INFO 15:28:44] main Estimated time left: 10 hours, 27 minutes, 16 seconds. Time passed: 2 hours, 28 minutes, 48 seconds
[INFO 15:36:36] main t_env: 100800 / 500000
[INFO 15:36:36] main Estimated time left: 10 hours, 23 minutes, 19 seconds. Time passed: 2 hours, 36 minutes, 40 seconds
[INFO 15:37:07] main Recent Stats | t_env:     100800 | Episode:     2240

[INFO 15:44:28] main t_env: 105840 / 500000
[INFO 15:44:28] main Estimated time left: 10 hours, 14 minutes, 52 seconds. Time passed: 2 hours, 44 minutes, 32 seconds
[INFO 15:52:18] main t_env: 110880 / 500000
[INFO 15:52:18] main Estimated time left: 10 hours, 4 minutes, 43 seconds. Time passed: 2 hours, 52 minutes, 22 seconds
[INFO 15:52:47] main Recent Stats | t_env:     110880 | Episode:     2464

[INFO 15:59:59] main t_env: 115920 / 500000
[INFO 15:59:59] main Estimated time left: 9 hours, 45 minutes, 12 seconds. Time passed: 3 hours, 2 seconds
[INFO 16:07:42] main t_env: 120960 / 500000
[INFO 16:07:42] main Estimated time left: 9 hours, 41 minutes, 7 seconds. Time passed: 3 hours, 7 minutes, 46 seconds
[INFO 16:08:12] main Recent Stats | t_env:     120960 | Episode:     2688

[INFO 16:15:21] main t_env: 126000 / 500000
[INFO 16:15:21] main Estimated time left: 9 hours, 27 minutes, 11 seconds. Time passed: 3 hours, 15 minutes, 25 seconds
[INFO 16:23:01] main t_env: 131040 / 500000
[INFO 16:23:01] main Estimated time left: 9 hours, 20 minutes, 55 seconds. Time passed: 3 hours, 23 minutes, 4 seconds
[INFO 16:23:31] main Recent Stats | t_env:     131040 | Episode:     2912

slurmstepd: error: *** JOB 3323715 ON tron52 CANCELLED AT 2024-11-12T16:25:59 ***
