Identity added: /nfshomes/anirudhs/.ssh/id_ecdsa (anirudhs@nexuscml00.umiacs.umd.edu)
Identity added: /nfshomes/anirudhs/.ssh/id_ed25519 (anirudh.satheesh@gmail.com)
[DEBUG 02:32:53] git.cmd Popen(['git', 'diff', '--cached', '--abbrev=40', '--full-index', '--raw'], cwd=/nfshomes/anirudhs/CMARL-Traffic, stdin=None, shell=False, universal_newlines=False)
[DEBUG 02:32:53] git.cmd Popen(['git', 'diff', '--abbrev=40', '--full-index', '--raw'], cwd=/nfshomes/anirudhs/CMARL-Traffic, stdin=None, shell=False, universal_newlines=False)
[DEBUG 02:32:53] git.cmd Popen(['git', 'cat-file', '--batch-check'], cwd=/nfshomes/anirudhs/CMARL-Traffic, stdin=<valid stream>, shell=False, universal_newlines=False)
[DEBUG 02:32:53] git.cmd Popen(['git', 'diff', '--cached', '--abbrev=40', '--full-index', '--raw'], cwd=/nfshomes/anirudhs/CMARL-Traffic, stdin=None, shell=False, universal_newlines=False)
[DEBUG 02:32:53] git.cmd Popen(['git', 'diff', '--abbrev=40', '--full-index', '--raw'], cwd=/nfshomes/anirudhs/CMARL-Traffic, stdin=None, shell=False, universal_newlines=False)
[DEBUG 02:32:53] git.cmd Popen(['git', 'cat-file', '--batch-check'], cwd=/nfshomes/anirudhs/CMARL-Traffic, stdin=<valid stream>, shell=False, universal_newlines=False)
[DEBUG 02:32:53] git.cmd Popen(['git', 'diff', '--cached', '--abbrev=40', '--full-index', '--raw'], cwd=/nfshomes/anirudhs/CMARL-Traffic, stdin=None, shell=False, universal_newlines=False)
[DEBUG 02:32:54] git.cmd Popen(['git', 'diff', '--abbrev=40', '--full-index', '--raw'], cwd=/nfshomes/anirudhs/CMARL-Traffic, stdin=None, shell=False, universal_newlines=False)
[DEBUG 02:32:54] git.cmd Popen(['git', 'cat-file', '--batch-check'], cwd=/nfshomes/anirudhs/CMARL-Traffic, stdin=<valid stream>, shell=False, universal_newlines=False)
[DEBUG 02:32:54] git.cmd Popen(['git', 'diff', '--cached', '--abbrev=40', '--full-index', '--raw'], cwd=/nfshomes/anirudhs/CMARL-Traffic, stdin=None, shell=False, universal_newlines=False)
[DEBUG 02:32:54] git.cmd Popen(['git', 'diff', '--abbrev=40', '--full-index', '--raw'], cwd=/nfshomes/anirudhs/CMARL-Traffic, stdin=None, shell=False, universal_newlines=False)
[DEBUG 02:32:54] git.cmd Popen(['git', 'cat-file', '--batch-check'], cwd=/nfshomes/anirudhs/CMARL-Traffic, stdin=<valid stream>, shell=False, universal_newlines=False)
[DEBUG 02:32:54] git.cmd Popen(['git', 'diff', '--cached', '--abbrev=40', '--full-index', '--raw'], cwd=/nfshomes/anirudhs/CMARL-Traffic, stdin=None, shell=False, universal_newlines=False)
[DEBUG 02:32:54] git.cmd Popen(['git', 'diff', '--abbrev=40', '--full-index', '--raw'], cwd=/nfshomes/anirudhs/CMARL-Traffic, stdin=None, shell=False, universal_newlines=False)
[DEBUG 02:32:54] git.cmd Popen(['git', 'cat-file', '--batch-check'], cwd=/nfshomes/anirudhs/CMARL-Traffic, stdin=<valid stream>, shell=False, universal_newlines=False)
[INFO 02:32:56] root Saving to FileStorageObserver in /cmlscratch/anirudhs/ctraffic/results/sacred.
[DEBUG 02:32:58] ctraffic Using capture mode "fd"
threads unset, auto use 32 threads
[INFO 02:32:58] ctraffic Running command 'main'
[INFO 02:33:00] ctraffic Started run with ID "173"
[DEBUG 02:33:00] ctraffic Starting Heartbeat
[DEBUG 02:33:00] main Started
[INFO 02:33:01] main Experiment Parameters:
[INFO 02:33:03] main MDP Components:
[INFO 02:33:08] main Beginning training for 500000 timesteps
[INFO 02:39:37] main t_env: 5040 / 500000
[INFO 02:39:37] main Estimated time left: 10 hours, 37 minutes, 20 seconds. Time passed: 6 minutes, 29 seconds
[INFO 02:47:06] main t_env: 10080 / 500000
[INFO 02:47:06] main Estimated time left: 12 hours, 7 minutes, 52 seconds. Time passed: 13 minutes, 58 seconds
[INFO 02:47:35] main Recent Stats | t_env:      10080 | Episode:      224

[INFO 02:54:34] main t_env: 15120 / 500000
[INFO 02:54:34] main Estimated time left: 11 hours, 58 minutes, 21 seconds. Time passed: 21 minutes, 26 seconds
[INFO 03:02:09] main t_env: 20160 / 500000
[INFO 03:02:09] main Estimated time left: 12 hours, 1 minutes, 23 seconds. Time passed: 29 minutes, 1 seconds
[INFO 03:02:40] main Recent Stats | t_env:      20160 | Episode:      448

[INFO 03:09:36] main t_env: 25200 / 500000
[INFO 03:09:36] main Estimated time left: 11 hours, 42 minutes, 33 seconds. Time passed: 36 minutes, 28 seconds
[INFO 03:16:57] main t_env: 30240 / 500000
[INFO 03:16:57] main Estimated time left: 11 hours, 24 minutes, 17 seconds. Time passed: 43 minutes, 49 seconds
[INFO 03:17:27] main Recent Stats | t_env:      30240 | Episode:      672

[INFO 03:24:36] main t_env: 35280 / 500000
[INFO 03:24:36] main Estimated time left: 11 hours, 44 minutes, 50 seconds. Time passed: 51 minutes, 27 seconds
[INFO 03:32:03] main t_env: 40320 / 500000
[INFO 03:32:03] main Estimated time left: 11 hours, 20 minutes, 21 seconds. Time passed: 58 minutes, 55 seconds
[INFO 03:32:34] main Recent Stats | t_env:      40320 | Episode:      896

[INFO 03:39:30] main t_env: 45360 / 500000
[INFO 03:39:30] main Estimated time left: 11 hours, 11 minutes, 11 seconds. Time passed: 1 hours, 6 minutes, 21 seconds
[INFO 03:46:56] main t_env: 50400 / 500000
[INFO 03:46:56] main Estimated time left: 11 hours, 3 minutes, 57 seconds. Time passed: 1 hours, 13 minutes, 48 seconds
[INFO 03:47:27] main Recent Stats | t_env:      50400 | Episode:     1120

[INFO 03:54:37] main t_env: 55440 / 500000
[INFO 03:54:37] main Estimated time left: 11 hours, 17 minutes, 3 seconds. Time passed: 1 hours, 21 minutes, 29 seconds
[INFO 04:02:21] main t_env: 60480 / 500000
[INFO 04:02:21] main Estimated time left: 11 hours, 14 minutes, 51 seconds. Time passed: 1 hours, 29 minutes, 13 seconds
[INFO 04:02:49] main Recent Stats | t_env:      60480 | Episode:     1344

[INFO 04:09:49] main t_env: 65520 / 500000
[INFO 04:09:49] main Estimated time left: 10 hours, 43 minutes, 47 seconds. Time passed: 1 hours, 36 minutes, 41 seconds
[INFO 04:17:20] main t_env: 70560 / 500000
[INFO 04:17:20] main Estimated time left: 10 hours, 39 minutes, 59 seconds. Time passed: 1 hours, 44 minutes, 12 seconds
[INFO 04:17:50] main Recent Stats | t_env:      70560 | Episode:     1568

[INFO 04:24:54] main t_env: 75600 / 500000
[INFO 04:24:54] main Estimated time left: 10 hours, 36 minutes, 51 seconds. Time passed: 1 hours, 51 minutes, 45 seconds
[INFO 04:32:15] main t_env: 80640 / 500000
[INFO 04:32:15] main Estimated time left: 10 hours, 12 minutes, 40 seconds. Time passed: 1 hours, 59 minutes, 7 seconds
[INFO 04:32:42] main Recent Stats | t_env:      80640 | Episode:     1792

[INFO 04:39:41] main t_env: 85680 / 500000
[INFO 04:39:41] main Estimated time left: 10 hours, 10 minutes, 23 seconds. Time passed: 2 hours, 6 minutes, 33 seconds
[INFO 04:47:09] main t_env: 90720 / 500000
[INFO 04:47:09] main Estimated time left: 10 hours, 5 minutes, 53 seconds. Time passed: 2 hours, 14 minutes, 0 seconds
[INFO 04:47:36] main Recent Stats | t_env:      90720 | Episode:     2016

[INFO 04:54:36] main t_env: 95760 / 500000
[INFO 04:54:36] main Estimated time left: 9 hours, 57 minutes, 48 seconds. Time passed: 2 hours, 21 minutes, 28 seconds
[INFO 05:02:05] main t_env: 100800 / 500000
[INFO 05:02:05] main Estimated time left: 9 hours, 52 minutes, 33 seconds. Time passed: 2 hours, 28 minutes, 56 seconds
[INFO 05:02:36] main Recent Stats | t_env:     100800 | Episode:     2240

[INFO 05:09:42] main t_env: 105840 / 500000
[INFO 05:09:42] main Estimated time left: 9 hours, 56 minutes, 47 seconds. Time passed: 2 hours, 36 minutes, 34 seconds
[INFO 05:17:10] main t_env: 110880 / 500000
[INFO 05:17:10] main Estimated time left: 9 hours, 35 minutes, 40 seconds. Time passed: 2 hours, 44 minutes, 2 seconds
[INFO 05:17:40] main Recent Stats | t_env:     110880 | Episode:     2464

[INFO 05:24:46] main t_env: 115920 / 500000
[INFO 05:24:46] main Estimated time left: 9 hours, 39 minutes, 40 seconds. Time passed: 2 hours, 51 minutes, 38 seconds
[INFO 05:32:12] main t_env: 120960 / 500000
[INFO 05:32:12] main Estimated time left: 9 hours, 19 minutes, 13 seconds. Time passed: 2 hours, 59 minutes, 4 seconds
[INFO 05:32:40] main Recent Stats | t_env:     120960 | Episode:     2688

[INFO 05:39:35] main t_env: 126000 / 500000
[INFO 05:39:35] main Estimated time left: 9 hours, 7 minutes, 4 seconds. Time passed: 3 hours, 6 minutes, 27 seconds
[INFO 05:47:07] main t_env: 131040 / 500000
[INFO 05:47:07] main Estimated time left: 9 hours, 11 minutes, 34 seconds. Time passed: 3 hours, 13 minutes, 59 seconds
[INFO 05:47:36] main Recent Stats | t_env:     131040 | Episode:     2912

[INFO 05:54:44] main t_env: 136080 / 500000
[INFO 05:54:44] main Estimated time left: 9 hours, 10 minutes, 22 seconds. Time passed: 3 hours, 21 minutes, 36 seconds
[INFO 06:02:21] main t_env: 141120 / 500000
[INFO 06:02:21] main Estimated time left: 9 hours, 1 minutes, 42 seconds. Time passed: 3 hours, 29 minutes, 12 seconds
[INFO 06:02:48] main Recent Stats | t_env:     141120 | Episode:     3136

[INFO 06:09:55] main t_env: 146160 / 500000
[INFO 06:09:55] main Estimated time left: 8 hours, 51 minutes, 55 seconds. Time passed: 3 hours, 36 minutes, 47 seconds
[INFO 06:17:27] main t_env: 151200 / 500000
[INFO 06:17:27] main Estimated time left: 8 hours, 41 minutes, 40 seconds. Time passed: 3 hours, 44 minutes, 19 seconds
[INFO 06:17:57] main Recent Stats | t_env:     151200 | Episode:     3360

[INFO 06:24:59] main t_env: 156240 / 500000
[INFO 06:24:59] main Estimated time left: 8 hours, 33 minutes, 12 seconds. Time passed: 3 hours, 51 minutes, 51 seconds
[INFO 06:32:23] main t_env: 161280 / 500000
[INFO 06:32:23] main Estimated time left: 8 hours, 16 minutes, 54 seconds. Time passed: 3 hours, 59 minutes, 14 seconds
[INFO 06:32:49] main Recent Stats | t_env:     161280 | Episode:     3584

[INFO 06:39:35] main t_env: 166320 / 500000
[INFO 06:39:35] main Estimated time left: 7 hours, 57 minutes, 18 seconds. Time passed: 4 hours, 6 minutes, 27 seconds
[INFO 06:46:47] main t_env: 171360 / 500000
[INFO 06:46:47] main Estimated time left: 7 hours, 48 minutes, 57 seconds. Time passed: 4 hours, 13 minutes, 38 seconds
[INFO 06:47:17] main Recent Stats | t_env:     171360 | Episode:     3808

[INFO 06:54:20] main t_env: 176400 / 500000
[INFO 06:54:20] main Estimated time left: 8 hours, 5 minutes, 2 seconds. Time passed: 4 hours, 21 minutes, 12 seconds
[INFO 07:01:41] main t_env: 181440 / 500000
[INFO 07:01:41] main Estimated time left: 7 hours, 45 minutes, 2 seconds. Time passed: 4 hours, 28 minutes, 33 seconds
[INFO 07:02:09] main Recent Stats | t_env:     181440 | Episode:     4032

[INFO 07:08:56] main t_env: 186480 / 500000
[INFO 07:08:56] main Estimated time left: 7 hours, 30 minutes, 50 seconds. Time passed: 4 hours, 35 minutes, 48 seconds
[INFO 07:16:04] main t_env: 191520 / 500000
[INFO 07:16:04] main Estimated time left: 7 hours, 16 minutes, 5 seconds. Time passed: 4 hours, 42 minutes, 56 seconds
[INFO 07:16:34] main Recent Stats | t_env:     191520 | Episode:     4256

[INFO 07:23:36] main t_env: 196560 / 500000
[INFO 07:23:36] main Estimated time left: 7 hours, 34 minutes, 14 seconds. Time passed: 4 hours, 50 minutes, 28 seconds
[INFO 07:30:49] main t_env: 201600 / 500000
[INFO 07:30:49] main Estimated time left: 7 hours, 6 minutes, 59 seconds. Time passed: 4 hours, 57 minutes, 41 seconds
[INFO 07:31:17] main Recent Stats | t_env:     201600 | Episode:     4480

[INFO 07:38:00] main t_env: 206640 / 500000
[INFO 07:38:00] main Estimated time left: 6 hours, 57 minutes, 45 seconds. Time passed: 5 hours, 4 minutes, 52 seconds
[INFO 07:45:10] main t_env: 211680 / 500000
[INFO 07:45:10] main Estimated time left: 6 hours, 50 minutes, 22 seconds. Time passed: 5 hours, 12 minutes, 2 seconds
[INFO 07:45:39] main Recent Stats | t_env:     211680 | Episode:     4704

[INFO 07:52:23] main t_env: 216720 / 500000
[INFO 07:52:23] main Estimated time left: 6 hours, 45 minutes, 9 seconds. Time passed: 5 hours, 19 minutes, 14 seconds
[INFO 07:59:31] main t_env: 221760 / 500000
[INFO 07:59:31] main Estimated time left: 6 hours, 34 minutes, 33 seconds. Time passed: 5 hours, 26 minutes, 23 seconds
[INFO 08:00:03] main Recent Stats | t_env:     221760 | Episode:     4928

[INFO 08:06:48] main t_env: 226800 / 500000
[INFO 08:06:48] main Estimated time left: 6 hours, 34 minutes, 17 seconds. Time passed: 5 hours, 33 minutes, 40 seconds
[INFO 08:14:19] main t_env: 231840 / 500000
[INFO 08:14:19] main Estimated time left: 6 hours, 39 minutes, 54 seconds. Time passed: 5 hours, 41 minutes, 11 seconds
[INFO 08:14:48] main Recent Stats | t_env:     231840 | Episode:     5152

[INFO 08:21:49] main t_env: 236880 / 500000
[INFO 08:21:49] main Estimated time left: 6 hours, 31 minutes, 29 seconds. Time passed: 5 hours, 48 minutes, 41 seconds
[INFO 08:29:28] main t_env: 241920 / 500000
[INFO 08:29:28] main Estimated time left: 6 hours, 31 minutes, 36 seconds. Time passed: 5 hours, 56 minutes, 19 seconds
[INFO 08:29:59] main Recent Stats | t_env:     241920 | Episode:     5376

[INFO 08:37:03] main t_env: 246960 / 500000
[INFO 08:37:03] main Estimated time left: 6 hours, 20 minutes, 56 seconds. Time passed: 6 hours, 3 minutes, 55 seconds
[INFO 08:44:24] main t_env: 252000 / 500000
[INFO 08:44:24] main Estimated time left: 6 hours, 1 minutes, 41 seconds. Time passed: 6 hours, 11 minutes, 16 seconds
[INFO 08:44:56] main Recent Stats | t_env:     252000 | Episode:     5600

[INFO 08:52:03] main t_env: 257040 / 500000
[INFO 08:52:03] main Estimated time left: 6 hours, 8 minutes, 35 seconds. Time passed: 6 hours, 18 minutes, 55 seconds
[INFO 08:59:25] main t_env: 262080 / 500000
[INFO 08:59:25] main Estimated time left: 5 hours, 47 minutes, 45 seconds. Time passed: 6 hours, 26 minutes, 17 seconds
[INFO 08:59:54] main Recent Stats | t_env:     262080 | Episode:     5824

[INFO 09:06:51] main t_env: 267120 / 500000
[INFO 09:06:51] main Estimated time left: 5 hours, 43 minutes, 39 seconds. Time passed: 6 hours, 33 minutes, 43 seconds
[INFO 09:14:21] main t_env: 272160 / 500000
[INFO 09:14:21] main Estimated time left: 5 hours, 38 minutes, 56 seconds. Time passed: 6 hours, 41 minutes, 13 seconds
[INFO 09:14:51] main Recent Stats | t_env:     272160 | Episode:     6048

[INFO 09:22:13] main t_env: 277200 / 500000
[INFO 09:22:13] main Estimated time left: 5 hours, 48 minutes, 6 seconds. Time passed: 6 hours, 49 minutes, 5 seconds
[INFO 09:29:31] main t_env: 282240 / 500000
[INFO 09:29:31] main Estimated time left: 5 hours, 15 minutes, 24 seconds. Time passed: 6 hours, 56 minutes, 23 seconds
[INFO 09:30:03] main Recent Stats | t_env:     282240 | Episode:     6272

[INFO 09:36:47] main t_env: 287280 / 500000
[INFO 09:36:47] main Estimated time left: 5 hours, 6 minutes, 15 seconds. Time passed: 7 hours, 3 minutes, 39 seconds
[INFO 09:44:04] main t_env: 292320 / 500000
[INFO 09:44:04] main Estimated time left: 5 hours, 27 seconds. Time passed: 7 hours, 10 minutes, 56 seconds
[INFO 09:44:34] main Recent Stats | t_env:     292320 | Episode:     6496

[INFO 09:51:20] main t_env: 297360 / 500000
[INFO 09:51:20] main Estimated time left: 4 hours, 51 minutes, 52 seconds. Time passed: 7 hours, 18 minutes, 12 seconds
[INFO 09:58:32] main t_env: 302400 / 500000
[INFO 09:58:32] main Estimated time left: 4 hours, 42 minutes, 24 seconds. Time passed: 7 hours, 25 minutes, 24 seconds
[INFO 09:59:00] main Recent Stats | t_env:     302400 | Episode:     6720

[INFO 10:05:41] main t_env: 307440 / 500000
[INFO 10:05:41] main Estimated time left: 4 hours, 33 minutes, 16 seconds. Time passed: 7 hours, 32 minutes, 33 seconds
[INFO 10:12:54] main t_env: 312480 / 500000
[INFO 10:12:54] main Estimated time left: 4 hours, 28 minutes, 33 seconds. Time passed: 7 hours, 39 minutes, 46 seconds
[INFO 10:13:24] main Recent Stats | t_env:     312480 | Episode:     6944

[INFO 10:20:26] main t_env: 317520 / 500000
[INFO 10:20:26] main Estimated time left: 4 hours, 32 minutes, 39 seconds. Time passed: 7 hours, 47 minutes, 18 seconds
[INFO 10:27:31] main t_env: 322560 / 500000
[INFO 10:27:31] main Estimated time left: 4 hours, 9 minutes, 22 seconds. Time passed: 7 hours, 54 minutes, 23 seconds
[INFO 10:28:00] main Recent Stats | t_env:     322560 | Episode:     7168

[INFO 10:34:43] main t_env: 327600 / 500000
[INFO 10:34:43] main Estimated time left: 4 hours, 6 minutes, 7 seconds. Time passed: 8 hours, 1 minutes, 35 seconds
[INFO 10:41:55] main t_env: 332640 / 500000
[INFO 10:41:55] main Estimated time left: 3 hours, 59 minutes, 23 seconds. Time passed: 8 hours, 8 minutes, 47 seconds
[INFO 10:42:25] main Recent Stats | t_env:     332640 | Episode:     7392

[INFO 10:49:03] main t_env: 337680 / 500000
[INFO 10:49:03] main Estimated time left: 3 hours, 49 minutes, 38 seconds. Time passed: 8 hours, 15 minutes, 55 seconds
[INFO 10:56:13] main t_env: 342720 / 500000
[INFO 10:56:13] main Estimated time left: 3 hours, 43 minutes, 45 seconds. Time passed: 8 hours, 23 minutes, 5 seconds
[INFO 10:56:42] main Recent Stats | t_env:     342720 | Episode:     7616

[INFO 11:03:22] main t_env: 347760 / 500000
[INFO 11:03:22] main Estimated time left: 3 hours, 35 minutes, 36 seconds. Time passed: 8 hours, 30 minutes, 13 seconds
[INFO 11:10:28] main t_env: 352800 / 500000
[INFO 11:10:28] main Estimated time left: 3 hours, 27 minutes, 41 seconds. Time passed: 8 hours, 37 minutes, 20 seconds
[INFO 11:10:55] main Recent Stats | t_env:     352800 | Episode:     7840

[INFO 11:17:37] main t_env: 357840 / 500000
[INFO 11:17:37] main Estimated time left: 3 hours, 21 minutes, 37 seconds. Time passed: 8 hours, 44 minutes, 29 seconds
[INFO 11:24:34] main t_env: 362880 / 500000
[INFO 11:24:34] main Estimated time left: 3 hours, 9 minutes, 14 seconds. Time passed: 8 hours, 51 minutes, 26 seconds
[INFO 11:25:05] main Recent Stats | t_env:     362880 | Episode:     8064

[INFO 11:31:36] main t_env: 367920 / 500000
[INFO 11:31:36] main Estimated time left: 3 hours, 4 minutes, 18 seconds. Time passed: 8 hours, 58 minutes, 28 seconds
[INFO 11:38:42] main t_env: 372960 / 500000
[INFO 11:38:42] main Estimated time left: 2 hours, 58 minutes, 51 seconds. Time passed: 9 hours, 5 minutes, 34 seconds
[INFO 11:39:12] main Recent Stats | t_env:     372960 | Episode:     8288

[INFO 11:45:42] main t_env: 378000 / 500000
[INFO 11:45:42] main Estimated time left: 2 hours, 49 minutes, 18 seconds. Time passed: 9 hours, 12 minutes, 34 seconds
[INFO 11:52:57] main t_env: 383040 / 500000
[INFO 11:52:57] main Estimated time left: 2 hours, 48 minutes, 13 seconds. Time passed: 9 hours, 19 minutes, 49 seconds
[INFO 11:53:28] main Recent Stats | t_env:     383040 | Episode:     8512

[INFO 12:00:02] main t_env: 388080 / 500000
[INFO 12:00:02] main Estimated time left: 2 hours, 37 minutes, 11 seconds. Time passed: 9 hours, 26 minutes, 53 seconds
[INFO 12:07:05] main t_env: 393120 / 500000
[INFO 12:07:05] main Estimated time left: 2 hours, 29 minutes, 42 seconds. Time passed: 9 hours, 33 minutes, 57 seconds
[INFO 12:07:34] main Recent Stats | t_env:     393120 | Episode:     8736

[INFO 12:14:04] main t_env: 398160 / 500000
[INFO 12:14:04] main Estimated time left: 2 hours, 21 minutes, 8 seconds. Time passed: 9 hours, 40 minutes, 56 seconds
[INFO 12:21:08] main t_env: 403200 / 500000
[INFO 12:21:08] main Estimated time left: 2 hours, 15 minutes, 39 seconds. Time passed: 9 hours, 48 minutes, 0 seconds
[INFO 12:21:37] main Recent Stats | t_env:     403200 | Episode:     8960

[INFO 12:28:18] main t_env: 408240 / 500000
[INFO 12:28:18] main Estimated time left: 2 hours, 10 minutes, 33 seconds. Time passed: 9 hours, 55 minutes, 10 seconds
[INFO 12:35:17] main t_env: 413280 / 500000
[INFO 12:35:17] main Estimated time left: 2 hours, 5 seconds. Time passed: 10 hours, 2 minutes, 9 seconds
[INFO 12:35:43] main Recent Stats | t_env:     413280 | Episode:     9184

[INFO 12:42:15] main t_env: 418320 / 500000
[INFO 12:42:15] main Estimated time left: 1 hours, 52 minutes, 57 seconds. Time passed: 10 hours, 9 minutes, 7 seconds
[INFO 12:50:26] main t_env: 423360 / 500000
[INFO 12:50:26] main Estimated time left: 2 hours, 4 minutes, 18 seconds. Time passed: 10 hours, 17 minutes, 18 seconds
[INFO 12:51:03] main Recent Stats | t_env:     423360 | Episode:     9408

[INFO 12:57:52] main t_env: 428400 / 500000
[INFO 12:57:52] main Estimated time left: 1 hours, 45 minutes, 46 seconds. Time passed: 10 hours, 24 minutes, 44 seconds
[INFO 13:05:16] main t_env: 433440 / 500000
[INFO 13:05:16] main Estimated time left: 1 hours, 37 minutes, 39 seconds. Time passed: 10 hours, 32 minutes, 8 seconds
[INFO 13:05:44] main Recent Stats | t_env:     433440 | Episode:     9632

[INFO 13:12:26] main t_env: 438480 / 500000
[INFO 13:12:26] main Estimated time left: 1 hours, 27 minutes, 31 seconds. Time passed: 10 hours, 39 minutes, 18 seconds
[INFO 13:19:44] main t_env: 443520 / 500000
[INFO 13:19:44] main Estimated time left: 1 hours, 21 minutes, 41 seconds. Time passed: 10 hours, 46 minutes, 36 seconds
[INFO 13:20:16] main Recent Stats | t_env:     443520 | Episode:     9856

[INFO 13:27:07] main t_env: 448560 / 500000
[INFO 13:27:07] main Estimated time left: 1 hours, 15 minutes, 18 seconds. Time passed: 10 hours, 53 minutes, 58 seconds
[INFO 13:34:22] main t_env: 453600 / 500000
[INFO 13:34:22] main Estimated time left: 1 hours, 6 minutes, 48 seconds. Time passed: 11 hours, 1 minutes, 14 seconds
[INFO 13:34:49] main Recent Stats | t_env:     453600 | Episode:    10080

[INFO 13:41:33] main t_env: 458640 / 500000
[INFO 13:41:33] main Estimated time left: 58 minutes, 58 seconds. Time passed: 11 hours, 8 minutes, 25 seconds
[INFO 13:48:43] main t_env: 463680 / 500000
[INFO 13:48:43] main Estimated time left: 51 minutes, 39 seconds. Time passed: 11 hours, 15 minutes, 35 seconds
[INFO 13:49:10] main Recent Stats | t_env:     463680 | Episode:    10304

[INFO 13:55:56] main t_env: 468720 / 500000
[INFO 13:55:56] main Estimated time left: 44 minutes, 45 seconds. Time passed: 11 hours, 22 minutes, 48 seconds
[INFO 14:03:05] main t_env: 473760 / 500000
[INFO 14:03:05] main Estimated time left: 37 minutes, 11 seconds. Time passed: 11 hours, 29 minutes, 56 seconds
[INFO 14:03:33] main Recent Stats | t_env:     473760 | Episode:    10528

[INFO 14:10:21] main t_env: 478800 / 500000
[INFO 14:10:21] main Estimated time left: 30 minutes, 33 seconds. Time passed: 11 hours, 37 minutes, 12 seconds
[INFO 14:17:32] main t_env: 483840 / 500000
[INFO 14:17:32] main Estimated time left: 23 minutes, 2 seconds. Time passed: 11 hours, 44 minutes, 24 seconds
[INFO 14:18:04] main Recent Stats | t_env:     483840 | Episode:    10752

[INFO 14:24:47] main t_env: 488880 / 500000
[INFO 14:24:47] main Estimated time left: 15 minutes, 59 seconds. Time passed: 11 hours, 51 minutes, 38 seconds
[INFO 14:32:01] main t_env: 493920 / 500000
[INFO 14:32:01] main Estimated time left: 8 minutes, 44 seconds. Time passed: 11 hours, 58 minutes, 53 seconds
[INFO 14:32:29] main Recent Stats | t_env:     493920 | Episode:    10976

[INFO 14:38:59] main t_env: 498960 / 500000
[INFO 14:38:59] main Estimated time left: 1 minutes, 26 seconds. Time passed: 12 hours, 5 minutes, 51 seconds
[INFO 14:40:55] main Finished Training
