Identity added: /nfshomes/anirudhs/.ssh/id_ecdsa (anirudhs@nexuscml00.umiacs.umd.edu)
Identity added: /nfshomes/anirudhs/.ssh/id_ed25519 (anirudh.satheesh@gmail.com)
[DEBUG 05:23:52] git.cmd Popen(['git', 'diff', '--cached', '--abbrev=40', '--full-index', '--raw'], cwd=/nfshomes/anirudhs/CMARL-Traffic, stdin=None, shell=False, universal_newlines=False)
[DEBUG 05:23:52] git.cmd Popen(['git', 'diff', '--abbrev=40', '--full-index', '--raw'], cwd=/nfshomes/anirudhs/CMARL-Traffic, stdin=None, shell=False, universal_newlines=False)
[DEBUG 05:23:53] git.cmd Popen(['git', 'cat-file', '--batch-check'], cwd=/nfshomes/anirudhs/CMARL-Traffic, stdin=<valid stream>, shell=False, universal_newlines=False)
[DEBUG 05:23:53] git.cmd Popen(['git', 'diff', '--cached', '--abbrev=40', '--full-index', '--raw'], cwd=/nfshomes/anirudhs/CMARL-Traffic, stdin=None, shell=False, universal_newlines=False)
[DEBUG 05:23:53] git.cmd Popen(['git', 'diff', '--abbrev=40', '--full-index', '--raw'], cwd=/nfshomes/anirudhs/CMARL-Traffic, stdin=None, shell=False, universal_newlines=False)
[DEBUG 05:23:53] git.cmd Popen(['git', 'cat-file', '--batch-check'], cwd=/nfshomes/anirudhs/CMARL-Traffic, stdin=<valid stream>, shell=False, universal_newlines=False)
[DEBUG 05:23:53] git.cmd Popen(['git', 'diff', '--cached', '--abbrev=40', '--full-index', '--raw'], cwd=/nfshomes/anirudhs/CMARL-Traffic, stdin=None, shell=False, universal_newlines=False)
[DEBUG 05:23:53] git.cmd Popen(['git', 'diff', '--abbrev=40', '--full-index', '--raw'], cwd=/nfshomes/anirudhs/CMARL-Traffic, stdin=None, shell=False, universal_newlines=False)
[DEBUG 05:23:53] git.cmd Popen(['git', 'cat-file', '--batch-check'], cwd=/nfshomes/anirudhs/CMARL-Traffic, stdin=<valid stream>, shell=False, universal_newlines=False)
[DEBUG 05:23:53] git.cmd Popen(['git', 'diff', '--cached', '--abbrev=40', '--full-index', '--raw'], cwd=/nfshomes/anirudhs/CMARL-Traffic, stdin=None, shell=False, universal_newlines=False)
[DEBUG 05:23:53] git.cmd Popen(['git', 'diff', '--abbrev=40', '--full-index', '--raw'], cwd=/nfshomes/anirudhs/CMARL-Traffic, stdin=None, shell=False, universal_newlines=False)
[DEBUG 05:23:53] git.cmd Popen(['git', 'cat-file', '--batch-check'], cwd=/nfshomes/anirudhs/CMARL-Traffic, stdin=<valid stream>, shell=False, universal_newlines=False)
[DEBUG 05:23:53] git.cmd Popen(['git', 'diff', '--cached', '--abbrev=40', '--full-index', '--raw'], cwd=/nfshomes/anirudhs/CMARL-Traffic, stdin=None, shell=False, universal_newlines=False)
[DEBUG 05:23:53] git.cmd Popen(['git', 'diff', '--abbrev=40', '--full-index', '--raw'], cwd=/nfshomes/anirudhs/CMARL-Traffic, stdin=None, shell=False, universal_newlines=False)
[DEBUG 05:23:53] git.cmd Popen(['git', 'cat-file', '--batch-check'], cwd=/nfshomes/anirudhs/CMARL-Traffic, stdin=<valid stream>, shell=False, universal_newlines=False)
[INFO 05:23:55] root Saving to FileStorageObserver in /cmlscratch/anirudhs/ctraffic/results/sacred.
[DEBUG 05:23:56] ctraffic Using capture mode "fd"
threads unset, auto use 24 threads
[INFO 05:23:57] ctraffic Running command 'main'
[INFO 05:23:58] ctraffic Started run with ID "199"
[DEBUG 05:23:58] ctraffic Starting Heartbeat
[DEBUG 05:23:58] main Started
[INFO 05:23:59] main Experiment Parameters:
[INFO 05:24:00] main MDP Components:
[INFO 05:24:07] main Beginning training for 500000 timesteps
[INFO 05:30:48] main t_env: 5040 / 500000
[INFO 05:30:48] main Estimated time left: 10 hours, 57 minutes, 56 seconds. Time passed: 6 minutes, 41 seconds
[INFO 05:37:57] main t_env: 10080 / 500000
[INFO 05:37:57] main Estimated time left: 11 hours, 34 minutes, 46 seconds. Time passed: 13 minutes, 50 seconds
[INFO 05:38:25] main Recent Stats | t_env:      10080 | Episode:      224

[INFO 05:45:04] main t_env: 15120 / 500000
[INFO 05:45:04] main Estimated time left: 11 hours, 23 minutes, 36 seconds. Time passed: 20 minutes, 57 seconds
[INFO 05:52:10] main t_env: 20160 / 500000
[INFO 05:52:10] main Estimated time left: 11 hours, 17 minutes, 7 seconds. Time passed: 28 minutes, 3 seconds
[INFO 05:52:38] main Recent Stats | t_env:      20160 | Episode:      448

[INFO 05:59:19] main t_env: 25200 / 500000
[INFO 05:59:19] main Estimated time left: 11 hours, 13 minutes, 9 seconds. Time passed: 35 minutes, 12 seconds
[INFO 06:06:35] main t_env: 30240 / 500000
[INFO 06:06:35] main Estimated time left: 11 hours, 17 minutes, 23 seconds. Time passed: 42 minutes, 28 seconds
[INFO 06:07:04] main Recent Stats | t_env:      30240 | Episode:      672

[INFO 06:14:20] main t_env: 35280 / 500000
[INFO 06:14:20] main Estimated time left: 11 hours, 54 minutes, 5 seconds. Time passed: 50 minutes, 13 seconds
[INFO 06:22:09] main t_env: 40320 / 500000
[INFO 06:22:09] main Estimated time left: 11 hours, 53 minutes, 38 seconds. Time passed: 58 minutes, 2 seconds
[INFO 06:22:40] main Recent Stats | t_env:      40320 | Episode:      896

[INFO 06:29:57] main t_env: 45360 / 500000
[INFO 06:29:57] main Estimated time left: 11 hours, 43 minutes, 10 seconds. Time passed: 1 hours, 5 minutes, 50 seconds
[INFO 06:37:46] main t_env: 50400 / 500000
[INFO 06:37:46] main Estimated time left: 11 hours, 37 minutes, 2 seconds. Time passed: 1 hours, 13 minutes, 39 seconds
[INFO 06:38:18] main Recent Stats | t_env:      50400 | Episode:     1120

[INFO 06:45:36] main t_env: 55440 / 500000
[INFO 06:45:36] main Estimated time left: 11 hours, 30 minutes, 34 seconds. Time passed: 1 hours, 21 minutes, 29 seconds
[INFO 06:53:25] main t_env: 60480 / 500000
[INFO 06:53:25] main Estimated time left: 11 hours, 22 minutes, 13 seconds. Time passed: 1 hours, 29 minutes, 18 seconds
[INFO 06:53:55] main Recent Stats | t_env:      60480 | Episode:     1344

[INFO 07:01:13] main t_env: 65520 / 500000
[INFO 07:01:13] main Estimated time left: 11 hours, 12 minutes, 2 seconds. Time passed: 1 hours, 37 minutes, 6 seconds
[INFO 07:08:56] main t_env: 70560 / 500000
[INFO 07:08:56] main Estimated time left: 10 hours, 58 minutes, 10 seconds. Time passed: 1 hours, 44 minutes, 49 seconds
[INFO 07:09:28] main Recent Stats | t_env:      70560 | Episode:     1568

[INFO 07:16:44] main t_env: 75600 / 500000
[INFO 07:16:44] main Estimated time left: 10 hours, 56 minutes, 19 seconds. Time passed: 1 hours, 52 minutes, 37 seconds
[INFO 07:24:43] main t_env: 80640 / 500000
[INFO 07:24:43] main Estimated time left: 11 hours, 4 minutes, 10 seconds. Time passed: 2 hours, 36 seconds
[INFO 07:25:15] main Recent Stats | t_env:      80640 | Episode:     1792

[INFO 07:32:35] main t_env: 85680 / 500000
[INFO 07:32:35] main Estimated time left: 10 hours, 47 minutes, 28 seconds. Time passed: 2 hours, 8 minutes, 28 seconds
[INFO 07:40:24] main t_env: 90720 / 500000
[INFO 07:40:24] main Estimated time left: 10 hours, 33 minutes, 51 seconds. Time passed: 2 hours, 16 minutes, 17 seconds
[INFO 07:40:56] main Recent Stats | t_env:      90720 | Episode:     2016

[INFO 07:48:09] main t_env: 95760 / 500000
[INFO 07:48:09] main Estimated time left: 10 hours, 21 minutes, 39 seconds. Time passed: 2 hours, 24 minutes, 2 seconds
[INFO 07:56:00] main t_env: 100800 / 500000
[INFO 07:56:00] main Estimated time left: 10 hours, 22 minutes, 12 seconds. Time passed: 2 hours, 31 minutes, 53 seconds
[INFO 07:56:31] main Recent Stats | t_env:     100800 | Episode:     2240

[INFO 08:04:00] main t_env: 105840 / 500000
[INFO 08:04:00] main Estimated time left: 10 hours, 25 minutes, 16 seconds. Time passed: 2 hours, 39 minutes, 53 seconds
[INFO 08:12:19] main t_env: 110880 / 500000
[INFO 08:12:19] main Estimated time left: 10 hours, 42 minutes, 51 seconds. Time passed: 2 hours, 48 minutes, 12 seconds
[INFO 08:12:49] main Recent Stats | t_env:     110880 | Episode:     2464

[INFO 08:20:17] main t_env: 115920 / 500000
[INFO 08:20:17] main Estimated time left: 10 hours, 6 minutes, 19 seconds. Time passed: 2 hours, 56 minutes, 10 seconds
[INFO 08:27:57] main t_env: 120960 / 500000
[INFO 08:27:57] main Estimated time left: 9 hours, 36 minutes, 55 seconds. Time passed: 3 hours, 3 minutes, 50 seconds
[INFO 08:28:26] main Recent Stats | t_env:     120960 | Episode:     2688

[INFO 08:35:25] main t_env: 126000 / 500000
[INFO 08:35:25] main Estimated time left: 9 hours, 14 minutes, 21 seconds. Time passed: 3 hours, 11 minutes, 18 seconds
[INFO 08:43:07] main t_env: 131040 / 500000
[INFO 08:43:07] main Estimated time left: 9 hours, 23 minutes, 27 seconds. Time passed: 3 hours, 19 minutes, 0 seconds
[INFO 08:43:37] main Recent Stats | t_env:     131040 | Episode:     2912

[INFO 08:50:59] main t_env: 136080 / 500000
[INFO 08:50:59] main Estimated time left: 9 hours, 27 minutes, 57 seconds. Time passed: 3 hours, 26 minutes, 52 seconds
[INFO 08:58:49] main t_env: 141120 / 500000
[INFO 08:58:49] main Estimated time left: 9 hours, 17 minutes, 45 seconds. Time passed: 3 hours, 34 minutes, 42 seconds
[INFO 08:59:21] main Recent Stats | t_env:     141120 | Episode:     3136

[INFO 09:06:37] main t_env: 146160 / 500000
[INFO 09:06:37] main Estimated time left: 9 hours, 7 minutes, 42 seconds. Time passed: 3 hours, 42 minutes, 30 seconds
[INFO 09:14:21] main t_env: 151200 / 500000
[INFO 09:14:21] main Estimated time left: 8 hours, 55 minutes, 9 seconds. Time passed: 3 hours, 50 minutes, 14 seconds
[INFO 09:14:52] main Recent Stats | t_env:     151200 | Episode:     3360

[INFO 09:22:05] main t_env: 156240 / 500000
[INFO 09:22:05] main Estimated time left: 8 hours, 47 minutes, 35 seconds. Time passed: 3 hours, 57 minutes, 58 seconds
[INFO 09:29:54] main t_env: 161280 / 500000
[INFO 09:29:54] main Estimated time left: 8 hours, 45 minutes, 20 seconds. Time passed: 4 hours, 5 minutes, 47 seconds
[INFO 09:30:22] main Recent Stats | t_env:     161280 | Episode:     3584

[INFO 09:37:26] main t_env: 166320 / 500000
[INFO 09:37:26] main Estimated time left: 8 hours, 18 minutes, 32 seconds. Time passed: 4 hours, 13 minutes, 19 seconds
[INFO 09:45:12] main t_env: 171360 / 500000
[INFO 09:45:12] main Estimated time left: 8 hours, 26 minutes, 16 seconds. Time passed: 4 hours, 21 minutes, 5 seconds
[INFO 09:45:40] main Recent Stats | t_env:     171360 | Episode:     3808

[INFO 09:52:55] main t_env: 176400 / 500000
[INFO 09:52:55] main Estimated time left: 8 hours, 15 minutes, 5 seconds. Time passed: 4 hours, 28 minutes, 48 seconds
[INFO 10:00:37] main t_env: 181440 / 500000
[INFO 10:00:37] main Estimated time left: 8 hours, 7 minutes, 28 seconds. Time passed: 4 hours, 36 minutes, 30 seconds
[INFO 10:01:04] main Recent Stats | t_env:     181440 | Episode:     4032

[INFO 10:08:15] main t_env: 186480 / 500000
[INFO 10:08:15] main Estimated time left: 7 hours, 54 minutes, 23 seconds. Time passed: 4 hours, 44 minutes, 8 seconds
[INFO 10:15:55] main t_env: 191520 / 500000
[INFO 10:15:55] main Estimated time left: 7 hours, 49 minutes, 39 seconds. Time passed: 4 hours, 51 minutes, 48 seconds
[INFO 10:16:27] main Recent Stats | t_env:     191520 | Episode:     4256

[INFO 10:23:42] main t_env: 196560 / 500000
[INFO 10:23:42] main Estimated time left: 7 hours, 47 minutes, 56 seconds. Time passed: 4 hours, 59 minutes, 35 seconds
[INFO 10:31:20] main t_env: 201600 / 500000
[INFO 10:31:20] main Estimated time left: 7 hours, 32 minutes, 20 seconds. Time passed: 5 hours, 7 minutes, 13 seconds
[INFO 10:31:50] main Recent Stats | t_env:     201600 | Episode:     4480

[INFO 10:38:59] main t_env: 206640 / 500000
[INFO 10:38:59] main Estimated time left: 7 hours, 25 minutes, 28 seconds. Time passed: 5 hours, 14 minutes, 52 seconds
[INFO 10:46:35] main t_env: 211680 / 500000
[INFO 10:46:35] main Estimated time left: 7 hours, 14 minutes, 5 seconds. Time passed: 5 hours, 22 minutes, 28 seconds
[INFO 10:47:04] main Recent Stats | t_env:     211680 | Episode:     4704

[INFO 10:54:12] main t_env: 216720 / 500000
[INFO 10:54:12] main Estimated time left: 7 hours, 8 minutes, 18 seconds. Time passed: 5 hours, 30 minutes, 5 seconds
[INFO 11:01:57] main t_env: 221760 / 500000
[INFO 11:01:57] main Estimated time left: 7 hours, 7 minutes, 54 seconds. Time passed: 5 hours, 37 minutes, 50 seconds
[INFO 11:02:28] main Recent Stats | t_env:     221760 | Episode:     4928

[INFO 11:09:44] main t_env: 226800 / 500000
[INFO 11:09:44] main Estimated time left: 7 hours, 2 minutes, 18 seconds. Time passed: 5 hours, 45 minutes, 37 seconds
[INFO 11:17:30] main t_env: 231840 / 500000
[INFO 11:17:30] main Estimated time left: 6 hours, 52 minutes, 35 seconds. Time passed: 5 hours, 53 minutes, 23 seconds
[INFO 11:18:01] main Recent Stats | t_env:     231840 | Episode:     5152

[INFO 11:25:14] main t_env: 236880 / 500000
[INFO 11:25:14] main Estimated time left: 6 hours, 44 minutes, 32 seconds. Time passed: 6 hours, 1 minutes, 7 seconds
[INFO 11:33:05] main t_env: 241920 / 500000
[INFO 11:33:05] main Estimated time left: 6 hours, 41 minutes, 46 seconds. Time passed: 6 hours, 8 minutes, 58 seconds
[INFO 11:33:34] main Recent Stats | t_env:     241920 | Episode:     5376

[INFO 11:40:42] main t_env: 246960 / 500000
[INFO 11:40:42] main Estimated time left: 6 hours, 22 minutes, 15 seconds. Time passed: 6 hours, 16 minutes, 35 seconds
[INFO 11:48:18] main t_env: 252000 / 500000
[INFO 11:48:18] main Estimated time left: 6 hours, 14 minutes, 9 seconds. Time passed: 6 hours, 24 minutes, 11 seconds
[INFO 11:48:47] main Recent Stats | t_env:     252000 | Episode:     5600

[INFO 11:55:52] main t_env: 257040 / 500000
[INFO 11:55:52] main Estimated time left: 6 hours, 4 minutes, 34 seconds. Time passed: 6 hours, 31 minutes, 45 seconds
[INFO 12:03:30] main t_env: 262080 / 500000
[INFO 12:03:30] main Estimated time left: 6 hours, 17 seconds. Time passed: 6 hours, 39 minutes, 23 seconds
[INFO 12:03:58] main Recent Stats | t_env:     262080 | Episode:     5824

[INFO 12:11:04] main t_env: 267120 / 500000
[INFO 12:11:04] main Estimated time left: 5 hours, 49 minutes, 39 seconds. Time passed: 6 hours, 46 minutes, 57 seconds
[INFO 12:18:49] main t_env: 272160 / 500000
[INFO 12:18:49] main Estimated time left: 5 hours, 50 minutes, 35 seconds. Time passed: 6 hours, 54 minutes, 42 seconds
[INFO 12:19:21] main Recent Stats | t_env:     272160 | Episode:     6048

[INFO 12:26:40] main t_env: 277200 / 500000
[INFO 12:26:40] main Estimated time left: 5 hours, 46 minutes, 59 seconds. Time passed: 7 hours, 2 minutes, 33 seconds
[INFO 12:34:27] main t_env: 282240 / 500000
[INFO 12:34:27] main Estimated time left: 5 hours, 36 minutes, 19 seconds. Time passed: 7 hours, 10 minutes, 20 seconds
[INFO 12:34:58] main Recent Stats | t_env:     282240 | Episode:     6272

[INFO 12:42:07] main t_env: 287280 / 500000
[INFO 12:42:07] main Estimated time left: 5 hours, 23 minutes, 0 seconds. Time passed: 7 hours, 18 minutes, 0 seconds
[INFO 12:49:52] main t_env: 292320 / 500000
[INFO 12:49:52] main Estimated time left: 5 hours, 19 minutes, 46 seconds. Time passed: 7 hours, 25 minutes, 45 seconds
[INFO 12:50:23] main Recent Stats | t_env:     292320 | Episode:     6496

[INFO 12:57:36] main t_env: 297360 / 500000
[INFO 12:57:36] main Estimated time left: 5 hours, 10 minutes, 44 seconds. Time passed: 7 hours, 33 minutes, 29 seconds
[INFO 13:05:22] main t_env: 302400 / 500000
[INFO 13:05:22] main Estimated time left: 5 hours, 4 minutes, 21 seconds. Time passed: 7 hours, 41 minutes, 15 seconds
[INFO 13:05:51] main Recent Stats | t_env:     302400 | Episode:     6720

[INFO 13:13:05] main t_env: 307440 / 500000
[INFO 13:13:05] main Estimated time left: 4 hours, 55 minutes, 21 seconds. Time passed: 7 hours, 48 minutes, 58 seconds
[INFO 13:20:44] main t_env: 312480 / 500000
[INFO 13:20:44] main Estimated time left: 4 hours, 44 minutes, 26 seconds. Time passed: 7 hours, 56 minutes, 37 seconds
[INFO 13:21:13] main Recent Stats | t_env:     312480 | Episode:     6944

[INFO 13:28:20] main t_env: 317520 / 500000
[INFO 13:28:20] main Estimated time left: 4 hours, 35 minutes, 14 seconds. Time passed: 8 hours, 4 minutes, 13 seconds
[INFO 13:35:58] main t_env: 322560 / 500000
[INFO 13:35:58] main Estimated time left: 4 hours, 28 minutes, 28 seconds. Time passed: 8 hours, 11 minutes, 51 seconds
[INFO 13:36:27] main Recent Stats | t_env:     322560 | Episode:     7168

[INFO 13:43:34] main t_env: 327600 / 500000
[INFO 13:43:34] main Estimated time left: 4 hours, 19 minutes, 58 seconds. Time passed: 8 hours, 19 minutes, 27 seconds
[INFO 13:51:41] main t_env: 332640 / 500000
[INFO 13:51:41] main Estimated time left: 4 hours, 29 minutes, 27 seconds. Time passed: 8 hours, 27 minutes, 34 seconds
[INFO 13:52:11] main Recent Stats | t_env:     332640 | Episode:     7392

[INFO 13:59:24] main t_env: 337680 / 500000
[INFO 13:59:24] main Estimated time left: 4 hours, 8 minutes, 27 seconds. Time passed: 8 hours, 35 minutes, 17 seconds
[INFO 14:06:56] main t_env: 342720 / 500000
[INFO 14:06:56] main Estimated time left: 3 hours, 55 minutes, 5 seconds. Time passed: 8 hours, 42 minutes, 49 seconds
[INFO 14:07:27] main Recent Stats | t_env:     342720 | Episode:     7616

[INFO 14:14:27] main t_env: 347760 / 500000
[INFO 14:14:27] main Estimated time left: 3 hours, 47 minutes, 8 seconds. Time passed: 8 hours, 50 minutes, 20 seconds
[INFO 14:21:53] main t_env: 352800 / 500000
[INFO 14:21:53] main Estimated time left: 3 hours, 37 minutes, 3 seconds. Time passed: 8 hours, 57 minutes, 46 seconds
[INFO 14:22:23] main Recent Stats | t_env:     352800 | Episode:     7840

[INFO 14:29:24] main t_env: 357840 / 500000
[INFO 14:29:24] main Estimated time left: 3 hours, 32 minutes, 9 seconds. Time passed: 9 hours, 5 minutes, 17 seconds
[INFO 14:36:56] main t_env: 362880 / 500000
[INFO 14:36:56] main Estimated time left: 3 hours, 25 minutes, 6 seconds. Time passed: 9 hours, 12 minutes, 49 seconds
[INFO 14:37:26] main Recent Stats | t_env:     362880 | Episode:     8064

[INFO 14:44:30] main t_env: 367920 / 500000
[INFO 14:44:30] main Estimated time left: 3 hours, 18 minutes, 14 seconds. Time passed: 9 hours, 20 minutes, 23 seconds
[INFO 14:52:04] main t_env: 372960 / 500000
[INFO 14:52:04] main Estimated time left: 3 hours, 10 minutes, 34 seconds. Time passed: 9 hours, 27 minutes, 57 seconds
[INFO 14:52:34] main Recent Stats | t_env:     372960 | Episode:     8288

[INFO 14:59:35] main t_env: 378000 / 500000
[INFO 14:59:35] main Estimated time left: 3 hours, 1 minutes, 57 seconds. Time passed: 9 hours, 35 minutes, 28 seconds
[INFO 15:07:07] main t_env: 383040 / 500000
[INFO 15:07:07] main Estimated time left: 2 hours, 54 minutes, 50 seconds. Time passed: 9 hours, 43 minutes, 0 seconds
[INFO 15:07:38] main Recent Stats | t_env:     383040 | Episode:     8512

[INFO 15:14:40] main t_env: 388080 / 500000
[INFO 15:14:40] main Estimated time left: 2 hours, 47 minutes, 39 seconds. Time passed: 9 hours, 50 minutes, 33 seconds
[INFO 15:22:06] main t_env: 393120 / 500000
[INFO 15:22:06] main Estimated time left: 2 hours, 37 minutes, 40 seconds. Time passed: 9 hours, 57 minutes, 59 seconds
[INFO 15:22:37] main Recent Stats | t_env:     393120 | Episode:     8736

[INFO 15:29:33] main t_env: 398160 / 500000
[INFO 15:29:33] main Estimated time left: 2 hours, 30 minutes, 35 seconds. Time passed: 10 hours, 5 minutes, 26 seconds
[INFO 15:37:06] main t_env: 403200 / 500000
[INFO 15:37:06] main Estimated time left: 2 hours, 24 minutes, 57 seconds. Time passed: 10 hours, 12 minutes, 59 seconds
[INFO 15:37:36] main Recent Stats | t_env:     403200 | Episode:     8960

[INFO 15:44:31] main t_env: 408240 / 500000
[INFO 15:44:31] main Estimated time left: 2 hours, 14 minutes, 59 seconds. Time passed: 10 hours, 20 minutes, 24 seconds
[INFO 15:52:01] main t_env: 413280 / 500000
[INFO 15:52:01] main Estimated time left: 2 hours, 9 minutes, 5 seconds. Time passed: 10 hours, 27 minutes, 54 seconds
[INFO 15:52:30] main Recent Stats | t_env:     413280 | Episode:     9184

[INFO 15:59:28] main t_env: 418320 / 500000
[INFO 15:59:28] main Estimated time left: 2 hours, 47 seconds. Time passed: 10 hours, 35 minutes, 21 seconds
[INFO 16:06:56] main t_env: 423360 / 500000
[INFO 16:06:56] main Estimated time left: 1 hours, 53 minutes, 24 seconds. Time passed: 10 hours, 42 minutes, 49 seconds
[INFO 16:07:26] main Recent Stats | t_env:     423360 | Episode:     9408

[INFO 16:14:14] main t_env: 428400 / 500000
[INFO 16:14:14] main Estimated time left: 1 hours, 43 minutes, 52 seconds. Time passed: 10 hours, 50 minutes, 7 seconds
[INFO 16:21:32] main t_env: 433440 / 500000
[INFO 16:21:32] main Estimated time left: 1 hours, 36 minutes, 19 seconds. Time passed: 10 hours, 57 minutes, 25 seconds
[INFO 16:22:03] main Recent Stats | t_env:     433440 | Episode:     9632

slurmstepd: error: *** JOB 3319168 ON tron59 CANCELLED AT 2024-11-12T16:25:59 ***
