Identity added: /nfshomes/anirudhs/.ssh/id_ecdsa (anirudhs@nexuscml00.umiacs.umd.edu)
Identity added: /nfshomes/anirudhs/.ssh/id_ed25519 (anirudh.satheesh@gmail.com)
[DEBUG 17:37:43] git.cmd Popen(['git', 'diff', '--cached', '--abbrev=40', '--full-index', '--raw'], cwd=/nfshomes/anirudhs/CMARL-Traffic, stdin=None, shell=False, universal_newlines=False)
[DEBUG 17:37:43] git.cmd Popen(['git', 'diff', '--abbrev=40', '--full-index', '--raw'], cwd=/nfshomes/anirudhs/CMARL-Traffic, stdin=None, shell=False, universal_newlines=False)
[DEBUG 17:37:45] git.cmd Popen(['git', 'cat-file', '--batch-check'], cwd=/nfshomes/anirudhs/CMARL-Traffic, stdin=<valid stream>, shell=False, universal_newlines=False)
[DEBUG 17:37:45] git.cmd Popen(['git', 'diff', '--cached', '--abbrev=40', '--full-index', '--raw'], cwd=/nfshomes/anirudhs/CMARL-Traffic, stdin=None, shell=False, universal_newlines=False)
[DEBUG 17:37:45] git.cmd Popen(['git', 'diff', '--abbrev=40', '--full-index', '--raw'], cwd=/nfshomes/anirudhs/CMARL-Traffic, stdin=None, shell=False, universal_newlines=False)
[DEBUG 17:37:45] git.cmd Popen(['git', 'cat-file', '--batch-check'], cwd=/nfshomes/anirudhs/CMARL-Traffic, stdin=<valid stream>, shell=False, universal_newlines=False)
[DEBUG 17:37:45] git.cmd Popen(['git', 'diff', '--cached', '--abbrev=40', '--full-index', '--raw'], cwd=/nfshomes/anirudhs/CMARL-Traffic, stdin=None, shell=False, universal_newlines=False)
[DEBUG 17:37:45] git.cmd Popen(['git', 'diff', '--abbrev=40', '--full-index', '--raw'], cwd=/nfshomes/anirudhs/CMARL-Traffic, stdin=None, shell=False, universal_newlines=False)
[DEBUG 17:37:45] git.cmd Popen(['git', 'cat-file', '--batch-check'], cwd=/nfshomes/anirudhs/CMARL-Traffic, stdin=<valid stream>, shell=False, universal_newlines=False)
[DEBUG 17:37:45] git.cmd Popen(['git', 'diff', '--cached', '--abbrev=40', '--full-index', '--raw'], cwd=/nfshomes/anirudhs/CMARL-Traffic, stdin=None, shell=False, universal_newlines=False)
[DEBUG 17:37:45] git.cmd Popen(['git', 'diff', '--abbrev=40', '--full-index', '--raw'], cwd=/nfshomes/anirudhs/CMARL-Traffic, stdin=None, shell=False, universal_newlines=False)
[DEBUG 17:37:45] git.cmd Popen(['git', 'cat-file', '--batch-check'], cwd=/nfshomes/anirudhs/CMARL-Traffic, stdin=<valid stream>, shell=False, universal_newlines=False)
[DEBUG 17:37:45] git.cmd Popen(['git', 'diff', '--cached', '--abbrev=40', '--full-index', '--raw'], cwd=/nfshomes/anirudhs/CMARL-Traffic, stdin=None, shell=False, universal_newlines=False)
[DEBUG 17:37:45] git.cmd Popen(['git', 'diff', '--abbrev=40', '--full-index', '--raw'], cwd=/nfshomes/anirudhs/CMARL-Traffic, stdin=None, shell=False, universal_newlines=False)
[DEBUG 17:37:45] git.cmd Popen(['git', 'cat-file', '--batch-check'], cwd=/nfshomes/anirudhs/CMARL-Traffic, stdin=<valid stream>, shell=False, universal_newlines=False)
[INFO 17:37:47] root Saving to FileStorageObserver in /cmlscratch/anirudhs/ctraffic/results/sacred.
[DEBUG 17:37:49] ctraffic Using capture mode "fd"
threads unset, auto use 128 threads
[INFO 17:37:49] ctraffic Running command 'main'
[INFO 17:37:51] ctraffic Started run with ID "428"
[DEBUG 17:37:51] ctraffic Starting Heartbeat
[DEBUG 17:37:51] main Started
[INFO 17:37:52] main Experiment Parameters:
[INFO 17:37:53] main MDP Components:
[INFO 17:38:00] main Beginning training for 500000 timesteps
[INFO 17:40:56] main t_env: 5040 / 500000
[INFO 17:40:56] main Estimated time left: 4 hours, 49 minutes, 18 seconds. Time passed: 2 minutes, 56 seconds
[INFO 17:44:28] main t_env: 10080 / 500000
[INFO 17:44:28] main Estimated time left: 5 hours, 42 minutes, 39 seconds. Time passed: 6 minutes, 28 seconds
[INFO 17:44:43] main Recent Stats | t_env:      10080 | Episode:      224

[INFO 17:47:44] main t_env: 15120 / 500000
[INFO 17:47:44] main Estimated time left: 5 hours, 13 minutes, 41 seconds. Time passed: 9 minutes, 43 seconds
[INFO 17:50:54] main t_env: 20160 / 500000
[INFO 17:50:54] main Estimated time left: 5 hours, 2 minutes, 4 seconds. Time passed: 12 minutes, 54 seconds
[INFO 17:51:07] main Recent Stats | t_env:      20160 | Episode:      448

free(): invalid pointer
/var/spool/slurm/slurmd.spool/job3328170/slurm_script: line 13: 703096 Aborted                 (core dumped) python main.py --config="MARL/configs/algs/$1.yaml" --cityflow-config="configs/cityflow/$2.yml" --constraint=$3 --seed=$4
