Identity added: /nfshomes/anirudhs/.ssh/id_ecdsa (anirudhs@nexuscml00.umiacs.umd.edu)
Identity added: /nfshomes/anirudhs/.ssh/id_ed25519 (anirudh.satheesh@gmail.com)
[DEBUG 13:51:29] git.cmd Popen(['git', 'diff', '--cached', '--abbrev=40', '--full-index', '--raw'], cwd=/nfshomes/anirudhs/CMARL-Traffic, stdin=None, shell=False, universal_newlines=False)
[DEBUG 13:51:29] git.cmd Popen(['git', 'diff', '--abbrev=40', '--full-index', '--raw'], cwd=/nfshomes/anirudhs/CMARL-Traffic, stdin=None, shell=False, universal_newlines=False)
[DEBUG 13:51:29] git.cmd Popen(['git', 'cat-file', '--batch-check'], cwd=/nfshomes/anirudhs/CMARL-Traffic, stdin=<valid stream>, shell=False, universal_newlines=False)
[DEBUG 13:51:29] git.cmd Popen(['git', 'diff', '--cached', '--abbrev=40', '--full-index', '--raw'], cwd=/nfshomes/anirudhs/CMARL-Traffic, stdin=None, shell=False, universal_newlines=False)
[DEBUG 13:51:29] git.cmd Popen(['git', 'diff', '--abbrev=40', '--full-index', '--raw'], cwd=/nfshomes/anirudhs/CMARL-Traffic, stdin=None, shell=False, universal_newlines=False)
[DEBUG 13:51:29] git.cmd Popen(['git', 'cat-file', '--batch-check'], cwd=/nfshomes/anirudhs/CMARL-Traffic, stdin=<valid stream>, shell=False, universal_newlines=False)
[DEBUG 13:51:29] git.cmd Popen(['git', 'diff', '--cached', '--abbrev=40', '--full-index', '--raw'], cwd=/nfshomes/anirudhs/CMARL-Traffic, stdin=None, shell=False, universal_newlines=False)
[DEBUG 13:51:29] git.cmd Popen(['git', 'diff', '--abbrev=40', '--full-index', '--raw'], cwd=/nfshomes/anirudhs/CMARL-Traffic, stdin=None, shell=False, universal_newlines=False)
[DEBUG 13:51:29] git.cmd Popen(['git', 'cat-file', '--batch-check'], cwd=/nfshomes/anirudhs/CMARL-Traffic, stdin=<valid stream>, shell=False, universal_newlines=False)
[DEBUG 13:51:29] git.cmd Popen(['git', 'diff', '--cached', '--abbrev=40', '--full-index', '--raw'], cwd=/nfshomes/anirudhs/CMARL-Traffic, stdin=None, shell=False, universal_newlines=False)
[DEBUG 13:51:29] git.cmd Popen(['git', 'diff', '--abbrev=40', '--full-index', '--raw'], cwd=/nfshomes/anirudhs/CMARL-Traffic, stdin=None, shell=False, universal_newlines=False)
[DEBUG 13:51:29] git.cmd Popen(['git', 'cat-file', '--batch-check'], cwd=/nfshomes/anirudhs/CMARL-Traffic, stdin=<valid stream>, shell=False, universal_newlines=False)
[DEBUG 13:51:29] git.cmd Popen(['git', 'diff', '--cached', '--abbrev=40', '--full-index', '--raw'], cwd=/nfshomes/anirudhs/CMARL-Traffic, stdin=None, shell=False, universal_newlines=False)
[DEBUG 13:51:30] git.cmd Popen(['git', 'diff', '--abbrev=40', '--full-index', '--raw'], cwd=/nfshomes/anirudhs/CMARL-Traffic, stdin=None, shell=False, universal_newlines=False)
[DEBUG 13:51:30] git.cmd Popen(['git', 'cat-file', '--batch-check'], cwd=/nfshomes/anirudhs/CMARL-Traffic, stdin=<valid stream>, shell=False, universal_newlines=False)
[INFO 13:51:30] root Saving to FileStorageObserver in /cmlscratch/anirudhs/ctraffic/results/sacred.
[DEBUG 13:51:31] ctraffic Using capture mode "fd"
threads unset, auto use 16 threads
[INFO 13:51:31] ctraffic Running command 'main'
[INFO 13:51:31] ctraffic Started run with ID "272"
[DEBUG 13:51:31] ctraffic Starting Heartbeat
[DEBUG 13:51:31] main Started
[INFO 13:51:31] main Experiment Parameters:
[INFO 13:51:32] main MDP Components:
[INFO 13:51:37] main Beginning training for 500000 timesteps
[INFO 13:54:27] main t_env: 5040 / 500000
[INFO 13:54:27] main Estimated time left: 4 hours, 38 minutes, 49 seconds. Time passed: 2 minutes, 50 seconds
[INFO 13:57:43] main t_env: 10080 / 500000
[INFO 13:57:43] main Estimated time left: 5 hours, 17 minutes, 33 seconds. Time passed: 6 minutes, 6 seconds
[INFO 13:57:57] main Recent Stats | t_env:      10080 | Episode:      224

[INFO 14:00:56] main t_env: 15120 / 500000
[INFO 14:00:56] main Estimated time left: 5 hours, 9 minutes, 40 seconds. Time passed: 9 minutes, 19 seconds
[INFO 14:04:07] main t_env: 20160 / 500000
[INFO 14:04:07] main Estimated time left: 5 hours, 3 minutes, 51 seconds. Time passed: 12 minutes, 30 seconds
[INFO 14:04:21] main Recent Stats | t_env:      20160 | Episode:      448

[INFO 14:07:19] main t_env: 25200 / 500000
[INFO 14:07:19] main Estimated time left: 5 hours, 18 seconds. Time passed: 15 minutes, 42 seconds
[INFO 14:10:31] main t_env: 30240 / 500000
[INFO 14:10:31] main Estimated time left: 4 hours, 58 minutes, 14 seconds. Time passed: 18 minutes, 54 seconds
[INFO 14:10:45] main Recent Stats | t_env:      30240 | Episode:      672

[INFO 14:13:41] main t_env: 35280 / 500000
[INFO 14:13:41] main Estimated time left: 4 hours, 52 minutes, 57 seconds. Time passed: 22 minutes, 4 seconds
[INFO 14:16:55] main t_env: 40320 / 500000
[INFO 14:16:55] main Estimated time left: 4 hours, 54 minutes, 36 seconds. Time passed: 25 minutes, 18 seconds
[INFO 14:17:08] main Recent Stats | t_env:      40320 | Episode:      896

[INFO 14:20:08] main t_env: 45360 / 500000
[INFO 14:20:08] main Estimated time left: 4 hours, 49 minutes, 30 seconds. Time passed: 28 minutes, 31 seconds
[INFO 14:23:20] main t_env: 50400 / 500000
[INFO 14:23:20] main Estimated time left: 4 hours, 46 minutes, 18 seconds. Time passed: 31 minutes, 43 seconds
[INFO 14:23:32] main Recent Stats | t_env:      50400 | Episode:     1120

[INFO 14:26:31] main t_env: 55440 / 500000
[INFO 14:26:31] main Estimated time left: 4 hours, 40 minutes, 58 seconds. Time passed: 34 minutes, 54 seconds
[INFO 14:29:46] main t_env: 60480 / 500000
[INFO 14:29:46] main Estimated time left: 4 hours, 42 minutes, 28 seconds. Time passed: 38 minutes, 9 seconds
[INFO 14:30:00] main Recent Stats | t_env:      60480 | Episode:     1344

[INFO 14:33:00] main t_env: 65520 / 500000
[INFO 14:33:00] main Estimated time left: 4 hours, 39 minutes, 22 seconds. Time passed: 41 minutes, 23 seconds
[INFO 14:36:14] main t_env: 70560 / 500000
[INFO 14:36:14] main Estimated time left: 4 hours, 34 minutes, 46 seconds. Time passed: 44 minutes, 37 seconds
[INFO 14:36:27] main Recent Stats | t_env:      70560 | Episode:     1568

[INFO 14:39:26] main t_env: 75600 / 500000
[INFO 14:39:26] main Estimated time left: 4 hours, 29 minutes, 9 seconds. Time passed: 47 minutes, 49 seconds
[INFO 14:42:38] main t_env: 80640 / 500000
[INFO 14:42:38] main Estimated time left: 4 hours, 27 minutes, 16 seconds. Time passed: 51 minutes, 1 seconds
[INFO 14:42:51] main Recent Stats | t_env:      80640 | Episode:     1792

[INFO 14:45:51] main t_env: 85680 / 500000
[INFO 14:45:51] main Estimated time left: 4 hours, 23 minutes, 34 seconds. Time passed: 54 minutes, 14 seconds
