Identity added: /nfshomes/anirudhs/.ssh/id_ecdsa (anirudhs@nexuscml00.umiacs.umd.edu)
Identity added: /nfshomes/anirudhs/.ssh/id_ed25519 (anirudh.satheesh@gmail.com)
[DEBUG 15:31:55] git.cmd Popen(['git', 'diff', '--cached', '--abbrev=40', '--full-index', '--raw'], cwd=/nfshomes/anirudhs/CMARL-Traffic, stdin=None, shell=False, universal_newlines=False)
[DEBUG 15:31:55] git.cmd Popen(['git', 'diff', '--abbrev=40', '--full-index', '--raw'], cwd=/nfshomes/anirudhs/CMARL-Traffic, stdin=None, shell=False, universal_newlines=False)
[DEBUG 15:31:55] git.cmd Popen(['git', 'cat-file', '--batch-check'], cwd=/nfshomes/anirudhs/CMARL-Traffic, stdin=<valid stream>, shell=False, universal_newlines=False)
[DEBUG 15:31:55] git.cmd Popen(['git', 'diff', '--cached', '--abbrev=40', '--full-index', '--raw'], cwd=/nfshomes/anirudhs/CMARL-Traffic, stdin=None, shell=False, universal_newlines=False)
[DEBUG 15:31:55] git.cmd Popen(['git', 'diff', '--abbrev=40', '--full-index', '--raw'], cwd=/nfshomes/anirudhs/CMARL-Traffic, stdin=None, shell=False, universal_newlines=False)
[DEBUG 15:31:55] git.cmd Popen(['git', 'cat-file', '--batch-check'], cwd=/nfshomes/anirudhs/CMARL-Traffic, stdin=<valid stream>, shell=False, universal_newlines=False)
[DEBUG 15:31:55] git.cmd Popen(['git', 'diff', '--cached', '--abbrev=40', '--full-index', '--raw'], cwd=/nfshomes/anirudhs/CMARL-Traffic, stdin=None, shell=False, universal_newlines=False)
[DEBUG 15:31:55] git.cmd Popen(['git', 'diff', '--abbrev=40', '--full-index', '--raw'], cwd=/nfshomes/anirudhs/CMARL-Traffic, stdin=None, shell=False, universal_newlines=False)
[DEBUG 15:31:56] git.cmd Popen(['git', 'cat-file', '--batch-check'], cwd=/nfshomes/anirudhs/CMARL-Traffic, stdin=<valid stream>, shell=False, universal_newlines=False)
[DEBUG 15:31:56] git.cmd Popen(['git', 'diff', '--cached', '--abbrev=40', '--full-index', '--raw'], cwd=/nfshomes/anirudhs/CMARL-Traffic, stdin=None, shell=False, universal_newlines=False)
[DEBUG 15:31:56] git.cmd Popen(['git', 'diff', '--abbrev=40', '--full-index', '--raw'], cwd=/nfshomes/anirudhs/CMARL-Traffic, stdin=None, shell=False, universal_newlines=False)
[DEBUG 15:31:56] git.cmd Popen(['git', 'cat-file', '--batch-check'], cwd=/nfshomes/anirudhs/CMARL-Traffic, stdin=<valid stream>, shell=False, universal_newlines=False)
[DEBUG 15:31:56] git.cmd Popen(['git', 'diff', '--cached', '--abbrev=40', '--full-index', '--raw'], cwd=/nfshomes/anirudhs/CMARL-Traffic, stdin=None, shell=False, universal_newlines=False)
[DEBUG 15:31:56] git.cmd Popen(['git', 'diff', '--abbrev=40', '--full-index', '--raw'], cwd=/nfshomes/anirudhs/CMARL-Traffic, stdin=None, shell=False, universal_newlines=False)
[DEBUG 15:31:56] git.cmd Popen(['git', 'cat-file', '--batch-check'], cwd=/nfshomes/anirudhs/CMARL-Traffic, stdin=<valid stream>, shell=False, universal_newlines=False)
[INFO 15:31:56] root Saving to FileStorageObserver in /cmlscratch/anirudhs/ctraffic/results/sacred.
[DEBUG 15:31:57] ctraffic Using capture mode "fd"
threads unset, auto use 16 threads
[INFO 15:31:57] ctraffic Running command 'main'
[INFO 15:31:57] ctraffic Started run with ID "285"
[DEBUG 15:31:57] ctraffic Starting Heartbeat
[DEBUG 15:31:57] main Started
[INFO 15:31:57] main Experiment Parameters:
[INFO 15:31:58] main MDP Components:
[INFO 15:32:03] main Beginning training for 500000 timesteps
[INFO 15:34:44] main t_env: 5040 / 500000
[INFO 15:34:44] main Estimated time left: 4 hours, 23 minutes, 3 seconds. Time passed: 2 minutes, 40 seconds
[INFO 15:37:50] main t_env: 10080 / 500000
[INFO 15:37:50] main Estimated time left: 5 hours, 1 minutes, 45 seconds. Time passed: 5 minutes, 46 seconds
[INFO 15:38:04] main Recent Stats | t_env:      10080 | Episode:      224

[INFO 15:40:58] main t_env: 15120 / 500000
[INFO 15:40:58] main Estimated time left: 5 hours, 1 minutes, 1 seconds. Time passed: 8 minutes, 54 seconds
[INFO 15:44:04] main t_env: 20160 / 500000
[INFO 15:44:04] main Estimated time left: 4 hours, 55 minutes, 18 seconds. Time passed: 12 minutes, 0 seconds
[INFO 15:44:19] main Recent Stats | t_env:      20160 | Episode:      448

[INFO 15:47:12] main t_env: 25200 / 500000
[INFO 15:47:12] main Estimated time left: 4 hours, 55 minutes, 23 seconds. Time passed: 15 minutes, 8 seconds
[INFO 15:50:21] main t_env: 30240 / 500000
[INFO 15:50:21] main Estimated time left: 4 hours, 53 minutes, 42 seconds. Time passed: 18 minutes, 18 seconds
[INFO 15:50:37] main Recent Stats | t_env:      30240 | Episode:      672

[INFO 15:53:29] main t_env: 35280 / 500000
[INFO 15:53:29] main Estimated time left: 4 hours, 48 minutes, 48 seconds. Time passed: 21 minutes, 25 seconds
[INFO 15:56:32] main t_env: 40320 / 500000
[INFO 15:56:32] main Estimated time left: 4 hours, 38 minutes, 23 seconds. Time passed: 24 minutes, 29 seconds
[INFO 15:56:47] main Recent Stats | t_env:      40320 | Episode:      896

[INFO 15:59:33] main t_env: 45360 / 500000
[INFO 15:59:33] main Estimated time left: 4 hours, 32 minutes, 9 seconds. Time passed: 27 minutes, 30 seconds
[INFO 16:02:33] main t_env: 50400 / 500000
[INFO 16:02:33] main Estimated time left: 4 hours, 27 minutes, 9 seconds. Time passed: 30 minutes, 29 seconds
[INFO 16:02:46] main Recent Stats | t_env:      50400 | Episode:     1120

[INFO 16:05:27] main t_env: 55440 / 500000
[INFO 16:05:27] main Estimated time left: 4 hours, 16 minutes, 23 seconds. Time passed: 33 minutes, 24 seconds
[INFO 16:08:22] main t_env: 60480 / 500000
[INFO 16:08:22] main Estimated time left: 4 hours, 14 minutes, 4 seconds. Time passed: 36 minutes, 19 seconds
[INFO 16:08:34] main Recent Stats | t_env:      60480 | Episode:     1344

[INFO 16:11:20] main t_env: 65520 / 500000
[INFO 16:11:20] main Estimated time left: 4 hours, 16 minutes, 14 seconds. Time passed: 39 minutes, 17 seconds
[INFO 16:14:22] main t_env: 70560 / 500000
[INFO 16:14:22] main Estimated time left: 4 hours, 17 minutes, 30 seconds. Time passed: 42 minutes, 18 seconds
[INFO 16:14:35] main Recent Stats | t_env:      70560 | Episode:     1568

[INFO 16:17:22] main t_env: 75600 / 500000
[INFO 16:17:22] main Estimated time left: 4 hours, 12 minutes, 45 seconds. Time passed: 45 minutes, 18 seconds
[INFO 16:20:20] main t_env: 80640 / 500000
[INFO 16:20:20] main Estimated time left: 4 hours, 7 minutes, 44 seconds. Time passed: 48 minutes, 17 seconds
[INFO 16:20:32] main Recent Stats | t_env:      80640 | Episode:     1792

[INFO 16:23:17] main t_env: 85680 / 500000
[INFO 16:23:17] main Estimated time left: 4 hours, 1 minutes, 42 seconds. Time passed: 51 minutes, 13 seconds
slurmstepd: error: *** JOB 3324576 ON gammagpu07 CANCELLED AT 2024-11-12T16:26:00 ***
