Identity added: /nfshomes/anirudhs/.ssh/id_ecdsa (anirudhs@nexuscml00.umiacs.umd.edu)
Identity added: /nfshomes/anirudhs/.ssh/id_ed25519 (anirudh.satheesh@gmail.com)
[DEBUG 16:50:30] git.cmd Popen(['git', 'diff', '--cached', '--abbrev=40', '--full-index', '--raw'], cwd=/nfshomes/anirudhs/CMARL-Traffic, stdin=None, shell=False, universal_newlines=False)
[DEBUG 16:50:30] git.cmd Popen(['git', 'diff', '--abbrev=40', '--full-index', '--raw'], cwd=/nfshomes/anirudhs/CMARL-Traffic, stdin=None, shell=False, universal_newlines=False)
[DEBUG 16:50:31] git.cmd Popen(['git', 'cat-file', '--batch-check'], cwd=/nfshomes/anirudhs/CMARL-Traffic, stdin=<valid stream>, shell=False, universal_newlines=False)
[DEBUG 16:50:31] git.cmd Popen(['git', 'diff', '--cached', '--abbrev=40', '--full-index', '--raw'], cwd=/nfshomes/anirudhs/CMARL-Traffic, stdin=None, shell=False, universal_newlines=False)
[DEBUG 16:50:31] git.cmd Popen(['git', 'diff', '--abbrev=40', '--full-index', '--raw'], cwd=/nfshomes/anirudhs/CMARL-Traffic, stdin=None, shell=False, universal_newlines=False)
[DEBUG 16:50:31] git.cmd Popen(['git', 'cat-file', '--batch-check'], cwd=/nfshomes/anirudhs/CMARL-Traffic, stdin=<valid stream>, shell=False, universal_newlines=False)
[DEBUG 16:50:31] git.cmd Popen(['git', 'diff', '--cached', '--abbrev=40', '--full-index', '--raw'], cwd=/nfshomes/anirudhs/CMARL-Traffic, stdin=None, shell=False, universal_newlines=False)
[DEBUG 16:50:31] git.cmd Popen(['git', 'diff', '--abbrev=40', '--full-index', '--raw'], cwd=/nfshomes/anirudhs/CMARL-Traffic, stdin=None, shell=False, universal_newlines=False)
[DEBUG 16:50:31] git.cmd Popen(['git', 'cat-file', '--batch-check'], cwd=/nfshomes/anirudhs/CMARL-Traffic, stdin=<valid stream>, shell=False, universal_newlines=False)
[DEBUG 16:50:31] git.cmd Popen(['git', 'diff', '--cached', '--abbrev=40', '--full-index', '--raw'], cwd=/nfshomes/anirudhs/CMARL-Traffic, stdin=None, shell=False, universal_newlines=False)
[DEBUG 16:50:31] git.cmd Popen(['git', 'diff', '--abbrev=40', '--full-index', '--raw'], cwd=/nfshomes/anirudhs/CMARL-Traffic, stdin=None, shell=False, universal_newlines=False)
[DEBUG 16:50:31] git.cmd Popen(['git', 'cat-file', '--batch-check'], cwd=/nfshomes/anirudhs/CMARL-Traffic, stdin=<valid stream>, shell=False, universal_newlines=False)
[DEBUG 16:50:31] git.cmd Popen(['git', 'diff', '--cached', '--abbrev=40', '--full-index', '--raw'], cwd=/nfshomes/anirudhs/CMARL-Traffic, stdin=None, shell=False, universal_newlines=False)
[DEBUG 16:50:31] git.cmd Popen(['git', 'diff', '--abbrev=40', '--full-index', '--raw'], cwd=/nfshomes/anirudhs/CMARL-Traffic, stdin=None, shell=False, universal_newlines=False)
[DEBUG 16:50:32] git.cmd Popen(['git', 'cat-file', '--batch-check'], cwd=/nfshomes/anirudhs/CMARL-Traffic, stdin=<valid stream>, shell=False, universal_newlines=False)
[INFO 16:50:32] root Saving to FileStorageObserver in /cmlscratch/anirudhs/ctraffic/results/sacred.
[DEBUG 16:50:32] ctraffic Using capture mode "fd"
threads unset, auto use 16 threads
[INFO 16:50:32] ctraffic Running command 'main'
[INFO 16:50:33] ctraffic Started run with ID "425"
[DEBUG 16:50:33] ctraffic Starting Heartbeat
[DEBUG 16:50:33] main Started
[INFO 16:50:33] main Experiment Parameters:
[INFO 16:50:35] main MDP Components:
[INFO 16:50:40] main Beginning training for 500000 timesteps
[INFO 16:53:28] main t_env: 5040 / 500000
[INFO 16:53:28] main Estimated time left: 4 hours, 34 minutes, 51 seconds. Time passed: 2 minutes, 47 seconds
[INFO 16:56:52] main t_env: 10080 / 500000
[INFO 16:56:52] main Estimated time left: 5 hours, 30 minutes, 14 seconds. Time passed: 6 minutes, 11 seconds
[INFO 16:57:10] main Recent Stats | t_env:      10080 | Episode:      224

[INFO 17:00:17] main t_env: 15120 / 500000
[INFO 17:00:17] main Estimated time left: 5 hours, 28 minutes, 44 seconds. Time passed: 9 minutes, 36 seconds
[INFO 17:03:47] main t_env: 20160 / 500000
[INFO 17:03:47] main Estimated time left: 5 hours, 32 minutes, 50 seconds. Time passed: 13 minutes, 6 seconds
[INFO 17:04:05] main Recent Stats | t_env:      20160 | Episode:      448

[INFO 17:07:15] main t_env: 25200 / 500000
[INFO 17:07:15] main Estimated time left: 5 hours, 27 minutes, 57 seconds. Time passed: 16 minutes, 35 seconds
[INFO 17:10:40] main t_env: 30240 / 500000
[INFO 17:10:40] main Estimated time left: 5 hours, 18 minutes, 23 seconds. Time passed: 20 minutes, 0 seconds
[INFO 17:10:58] main Recent Stats | t_env:      30240 | Episode:      672

[INFO 17:14:04] main t_env: 35280 / 500000
[INFO 17:14:04] main Estimated time left: 5 hours, 12 minutes, 33 seconds. Time passed: 23 minutes, 23 seconds
[INFO 17:17:29] main t_env: 40320 / 500000
[INFO 17:17:29] main Estimated time left: 5 hours, 12 minutes, 18 seconds. Time passed: 26 minutes, 49 seconds
[INFO 17:17:44] main Recent Stats | t_env:      40320 | Episode:      896

[INFO 17:20:52] main t_env: 45360 / 500000
[INFO 17:20:52] main Estimated time left: 5 hours, 4 minutes, 40 seconds. Time passed: 30 minutes, 11 seconds
[INFO 17:24:09] main t_env: 50400 / 500000
[INFO 17:24:09] main Estimated time left: 4 hours, 53 minutes, 34 seconds. Time passed: 33 minutes, 29 seconds
[INFO 17:24:26] main Recent Stats | t_env:      50400 | Episode:     1120

[INFO 17:27:32] main t_env: 55440 / 500000
[INFO 17:27:32] main Estimated time left: 4 hours, 57 minutes, 48 seconds. Time passed: 36 minutes, 51 seconds
[INFO 17:30:51] main t_env: 60480 / 500000
[INFO 17:30:51] main Estimated time left: 4 hours, 48 minutes, 36 seconds. Time passed: 40 minutes, 10 seconds
[INFO 17:31:03] main Recent Stats | t_env:      60480 | Episode:     1344

[INFO 17:34:06] main t_env: 65520 / 500000
[INFO 17:34:06] main Estimated time left: 4 hours, 40 minutes, 15 seconds. Time passed: 43 minutes, 25 seconds
[INFO 17:37:21] main t_env: 70560 / 500000
[INFO 17:37:21] main Estimated time left: 4 hours, 37 minutes, 13 seconds. Time passed: 46 minutes, 40 seconds
[INFO 17:37:37] main Recent Stats | t_env:      70560 | Episode:     1568

[INFO 17:40:29] main t_env: 75600 / 500000
[INFO 17:40:29] main Estimated time left: 4 hours, 23 minutes, 30 seconds. Time passed: 49 minutes, 48 seconds
[INFO 17:43:38] main t_env: 80640 / 500000
[INFO 17:43:38] main Estimated time left: 4 hours, 23 minutes, 21 seconds. Time passed: 52 minutes, 58 seconds
[INFO 17:43:55] main Recent Stats | t_env:      80640 | Episode:     1792

[INFO 17:46:48] main t_env: 85680 / 500000
[INFO 17:46:48] main Estimated time left: 4 hours, 19 minutes, 42 seconds. Time passed: 56 minutes, 7 seconds
[INFO 17:49:51] main t_env: 90720 / 500000
[INFO 17:49:51] main Estimated time left: 4 hours, 7 minutes, 20 seconds. Time passed: 59 minutes, 10 seconds
[INFO 17:50:02] main Recent Stats | t_env:      90720 | Episode:     2016

[INFO 17:52:52] main t_env: 95760 / 500000
[INFO 17:52:52] main Estimated time left: 4 hours, 2 minutes, 12 seconds. Time passed: 1 hours, 2 minutes, 11 seconds
[INFO 17:55:58] main t_env: 100800 / 500000
[INFO 17:55:58] main Estimated time left: 4 hours, 5 minutes, 49 seconds. Time passed: 1 hours, 5 minutes, 18 seconds
[INFO 17:56:12] main Recent Stats | t_env:     100800 | Episode:     2240

[INFO 17:59:03] main t_env: 105840 / 500000
[INFO 17:59:03] main Estimated time left: 4 hours, 1 minutes, 15 seconds. Time passed: 1 hours, 8 minutes, 23 seconds
slurmstepd: error: *** JOB 3330385 ON gammagpu07 CANCELLED AT 2024-11-13T18:00:06 ***
