[DEBUG 14:06:19] git.cmd Popen(['git', 'diff', '--cached', '--abbrev=40', '--full-index', '--raw'], cwd=/nfshomes/anirudhs/CMARL-Traffic, stdin=None, shell=False, universal_newlines=False)
[DEBUG 14:06:20] git.cmd Popen(['git', 'diff', '--abbrev=40', '--full-index', '--raw'], cwd=/nfshomes/anirudhs/CMARL-Traffic, stdin=None, shell=False, universal_newlines=False)
[DEBUG 14:06:26] git.cmd Popen(['git', 'cat-file', '--batch-check'], cwd=/nfshomes/anirudhs/CMARL-Traffic, stdin=<valid stream>, shell=False, universal_newlines=False)
[DEBUG 14:06:26] git.cmd Popen(['git', 'diff', '--cached', '--abbrev=40', '--full-index', '--raw'], cwd=/nfshomes/anirudhs/CMARL-Traffic, stdin=None, shell=False, universal_newlines=False)
[DEBUG 14:06:26] git.cmd Popen(['git', 'diff', '--abbrev=40', '--full-index', '--raw'], cwd=/nfshomes/anirudhs/CMARL-Traffic, stdin=None, shell=False, universal_newlines=False)
[DEBUG 14:06:26] git.cmd Popen(['git', 'cat-file', '--batch-check'], cwd=/nfshomes/anirudhs/CMARL-Traffic, stdin=<valid stream>, shell=False, universal_newlines=False)
[DEBUG 14:06:26] git.cmd Popen(['git', 'diff', '--cached', '--abbrev=40', '--full-index', '--raw'], cwd=/nfshomes/anirudhs/CMARL-Traffic, stdin=None, shell=False, universal_newlines=False)
[DEBUG 14:06:26] git.cmd Popen(['git', 'diff', '--abbrev=40', '--full-index', '--raw'], cwd=/nfshomes/anirudhs/CMARL-Traffic, stdin=None, shell=False, universal_newlines=False)
[DEBUG 14:06:26] git.cmd Popen(['git', 'cat-file', '--batch-check'], cwd=/nfshomes/anirudhs/CMARL-Traffic, stdin=<valid stream>, shell=False, universal_newlines=False)
[DEBUG 14:06:26] git.cmd Popen(['git', 'diff', '--cached', '--abbrev=40', '--full-index', '--raw'], cwd=/nfshomes/anirudhs/CMARL-Traffic, stdin=None, shell=False, universal_newlines=False)
[DEBUG 14:06:26] git.cmd Popen(['git', 'diff', '--abbrev=40', '--full-index', '--raw'], cwd=/nfshomes/anirudhs/CMARL-Traffic, stdin=None, shell=False, universal_newlines=False)
[DEBUG 14:06:26] git.cmd Popen(['git', 'cat-file', '--batch-check'], cwd=/nfshomes/anirudhs/CMARL-Traffic, stdin=<valid stream>, shell=False, universal_newlines=False)
[DEBUG 14:06:26] git.cmd Popen(['git', 'diff', '--cached', '--abbrev=40', '--full-index', '--raw'], cwd=/nfshomes/anirudhs/CMARL-Traffic, stdin=None, shell=False, universal_newlines=False)
[DEBUG 14:06:26] git.cmd Popen(['git', 'diff', '--abbrev=40', '--full-index', '--raw'], cwd=/nfshomes/anirudhs/CMARL-Traffic, stdin=None, shell=False, universal_newlines=False)
[DEBUG 14:06:26] git.cmd Popen(['git', 'cat-file', '--batch-check'], cwd=/nfshomes/anirudhs/CMARL-Traffic, stdin=<valid stream>, shell=False, universal_newlines=False)
[INFO 14:06:27] root Saving to FileStorageObserver in /cmlscratch/anirudhs/ctraffic/results/sacred.
[DEBUG 14:06:28] ctraffic Using capture mode "fd"
threads unset, auto use 24 threads
[INFO 14:06:28] ctraffic Running command 'main'
[INFO 14:06:28] ctraffic Started run with ID "276"
[DEBUG 14:06:28] ctraffic Starting Heartbeat
[DEBUG 14:06:28] main Started
[INFO 14:06:28] main Experiment Parameters:
[INFO 14:06:30] main MDP Components:
[INFO 14:06:34] main Beginning training for 500000 timesteps
[INFO 14:09:58] main t_env: 5040 / 500000
[INFO 14:09:58] main Estimated time left: 5 hours, 33 minutes, 57 seconds. Time passed: 3 minutes, 24 seconds
[INFO 14:13:50] main t_env: 10080 / 500000
[INFO 14:13:50] main Estimated time left: 6 hours, 16 minutes, 21 seconds. Time passed: 7 minutes, 16 seconds
[INFO 14:14:04] main Recent Stats | t_env:      10080 | Episode:      216
agent_grad_norm:           0.0015	critic_grad_norm:         48.1190	critic_loss:               1.0008	pg_loss:                  -2.4364
q_taken_mean:             -1.5402	target_mean:              -1.5062	td_error_abs:              0.8580	
[INFO 14:17:40] main t_env: 15120 / 500000
[INFO 14:17:40] main Estimated time left: 6 hours, 8 minutes, 51 seconds. Time passed: 11 minutes, 6 seconds
[INFO 14:21:34] main t_env: 20160 / 500000
[INFO 14:21:34] main Estimated time left: 6 hours, 10 minutes, 5 seconds. Time passed: 14 minutes, 59 seconds
[INFO 14:21:50] main Recent Stats | t_env:      20160 | Episode:      440
agent_grad_norm:           0.0008	critic_grad_norm:         59.5930	critic_loss:               0.8036	pg_loss:                  -2.2541
q_taken_mean:             -1.8025	target_mean:              -1.5766	td_error_abs:              0.7459	
[INFO 14:25:23] main t_env: 25200 / 500000
[INFO 14:25:23] main Estimated time left: 6 hours, 1 minutes, 0 seconds. Time passed: 18 minutes, 49 seconds
[INFO 14:29:11] main t_env: 30240 / 500000
[INFO 14:29:11] main Estimated time left: 5 hours, 53 minutes, 45 seconds. Time passed: 22 minutes, 37 seconds
[INFO 14:29:26] main Recent Stats | t_env:      30240 | Episode:      664
agent_grad_norm:           0.0003	critic_grad_norm:         44.3935	critic_loss:               0.5862	pg_loss:                  -2.1743
q_taken_mean:             -1.7673	target_mean:              -1.6298	td_error_abs:              0.5919	
[INFO 14:33:16] main t_env: 35280 / 500000
[INFO 14:33:16] main Estimated time left: 6 hours, 16 minutes, 30 seconds. Time passed: 26 minutes, 42 seconds
[INFO 14:37:06] main t_env: 40320 / 500000
[INFO 14:37:06] main Estimated time left: 5 hours, 49 minutes, 37 seconds. Time passed: 30 minutes, 32 seconds
[INFO 14:37:20] main Recent Stats | t_env:      40320 | Episode:      888
agent_grad_norm:           0.0000	critic_grad_norm:         40.1573	critic_loss:               0.4801	pg_loss:                  -2.1200
q_taken_mean:             -1.8090	target_mean:              -1.6311	td_error_abs:              0.5223	
[INFO 14:41:08] main t_env: 45360 / 500000
[INFO 14:41:08] main Estimated time left: 6 hours, 2 minutes, 55 seconds. Time passed: 34 minutes, 33 seconds
[INFO 14:45:02] main t_env: 50400 / 500000
[INFO 14:45:02] main Estimated time left: 5 hours, 47 minutes, 48 seconds. Time passed: 38 minutes, 27 seconds
[INFO 14:45:17] main Recent Stats | t_env:      50400 | Episode:     1112
agent_grad_norm:           0.0000	critic_grad_norm:         33.1036	critic_loss:               0.4015	pg_loss:                  -2.1713
q_taken_mean:             -1.9348	target_mean:              -1.7762	td_error_abs:              0.4587	
