Identity added: /nfshomes/anirudhs/.ssh/id_ecdsa (anirudhs@nexuscml00.umiacs.umd.edu)
Identity added: /nfshomes/anirudhs/.ssh/id_ed25519 (anirudh.satheesh@gmail.com)
[DEBUG 09:23:35] git.cmd Popen(['git', 'diff', '--cached', '--abbrev=40', '--full-index', '--raw'], cwd=/nfshomes/anirudhs/CMARL-Traffic, stdin=None, shell=False, universal_newlines=False)
[DEBUG 09:23:35] git.cmd Popen(['git', 'diff', '--abbrev=40', '--full-index', '--raw'], cwd=/nfshomes/anirudhs/CMARL-Traffic, stdin=None, shell=False, universal_newlines=False)
[DEBUG 09:23:35] git.cmd Popen(['git', 'cat-file', '--batch-check'], cwd=/nfshomes/anirudhs/CMARL-Traffic, stdin=<valid stream>, shell=False, universal_newlines=False)
[DEBUG 09:23:36] git.cmd Popen(['git', 'diff', '--cached', '--abbrev=40', '--full-index', '--raw'], cwd=/nfshomes/anirudhs/CMARL-Traffic, stdin=None, shell=False, universal_newlines=False)
[DEBUG 09:23:36] git.cmd Popen(['git', 'diff', '--abbrev=40', '--full-index', '--raw'], cwd=/nfshomes/anirudhs/CMARL-Traffic, stdin=None, shell=False, universal_newlines=False)
[DEBUG 09:23:36] git.cmd Popen(['git', 'cat-file', '--batch-check'], cwd=/nfshomes/anirudhs/CMARL-Traffic, stdin=<valid stream>, shell=False, universal_newlines=False)
[DEBUG 09:23:36] git.cmd Popen(['git', 'diff', '--cached', '--abbrev=40', '--full-index', '--raw'], cwd=/nfshomes/anirudhs/CMARL-Traffic, stdin=None, shell=False, universal_newlines=False)
[DEBUG 09:23:36] git.cmd Popen(['git', 'diff', '--abbrev=40', '--full-index', '--raw'], cwd=/nfshomes/anirudhs/CMARL-Traffic, stdin=None, shell=False, universal_newlines=False)
[DEBUG 09:23:36] git.cmd Popen(['git', 'cat-file', '--batch-check'], cwd=/nfshomes/anirudhs/CMARL-Traffic, stdin=<valid stream>, shell=False, universal_newlines=False)
[DEBUG 09:23:36] git.cmd Popen(['git', 'diff', '--cached', '--abbrev=40', '--full-index', '--raw'], cwd=/nfshomes/anirudhs/CMARL-Traffic, stdin=None, shell=False, universal_newlines=False)
[DEBUG 09:23:36] git.cmd Popen(['git', 'diff', '--abbrev=40', '--full-index', '--raw'], cwd=/nfshomes/anirudhs/CMARL-Traffic, stdin=None, shell=False, universal_newlines=False)
[DEBUG 09:23:36] git.cmd Popen(['git', 'cat-file', '--batch-check'], cwd=/nfshomes/anirudhs/CMARL-Traffic, stdin=<valid stream>, shell=False, universal_newlines=False)
[DEBUG 09:23:36] git.cmd Popen(['git', 'diff', '--cached', '--abbrev=40', '--full-index', '--raw'], cwd=/nfshomes/anirudhs/CMARL-Traffic, stdin=None, shell=False, universal_newlines=False)
[DEBUG 09:23:36] git.cmd Popen(['git', 'diff', '--abbrev=40', '--full-index', '--raw'], cwd=/nfshomes/anirudhs/CMARL-Traffic, stdin=None, shell=False, universal_newlines=False)
[DEBUG 09:23:36] git.cmd Popen(['git', 'cat-file', '--batch-check'], cwd=/nfshomes/anirudhs/CMARL-Traffic, stdin=<valid stream>, shell=False, universal_newlines=False)
[INFO 09:23:38] root Saving to FileStorageObserver in /cmlscratch/anirudhs/ctraffic/results/sacred.
[DEBUG 09:23:40] ctraffic Using capture mode "fd"
threads unset, auto use 24 threads
[INFO 09:23:40] ctraffic Running command 'main'
[INFO 09:23:41] ctraffic Started run with ID "225"
[DEBUG 09:23:41] ctraffic Starting Heartbeat
[DEBUG 09:23:41] main Started
[INFO 09:23:42] main Experiment Parameters:
[INFO 09:23:44] main MDP Components:
[INFO 09:23:51] main Beginning training for 500000 timesteps
[INFO 09:30:59] main t_env: 5040 / 500000
[INFO 09:30:59] main Estimated time left: 11 hours, 40 minutes, 3 seconds. Time passed: 7 minutes, 7 seconds
[INFO 09:38:52] main t_env: 10080 / 500000
[INFO 09:38:52] main Estimated time left: 12 hours, 45 minutes, 59 seconds. Time passed: 15 minutes, 0 seconds
[INFO 09:39:21] main Recent Stats | t_env:      10080 | Episode:      216
agent_grad_norm:           0.0012	critic_grad_norm:         35.4992	critic_loss:               1.0088	pg_loss:                  -0.7137
q_taken_mean:             -0.1297	target_mean:              -0.1125	td_error_abs:              0.8692	
[INFO 09:46:47] main t_env: 15120 / 500000
[INFO 09:46:47] main Estimated time left: 12 hours, 42 minutes, 14 seconds. Time passed: 22 minutes, 55 seconds
[INFO 09:54:42] main t_env: 20160 / 500000
[INFO 09:54:42] main Estimated time left: 12 hours, 33 minutes, 8 seconds. Time passed: 30 minutes, 50 seconds
[INFO 09:55:12] main Recent Stats | t_env:      20160 | Episode:      440
agent_grad_norm:           0.0006	critic_grad_norm:         36.7714	critic_loss:               0.6350	pg_loss:                  -0.6583
q_taken_mean:             -0.3759	target_mean:              -0.2386	td_error_abs:              0.6357	
[INFO 10:02:28] main t_env: 25200 / 500000
[INFO 10:02:28] main Estimated time left: 12 hours, 12 minutes, 56 seconds. Time passed: 38 minutes, 37 seconds
[INFO 10:09:50] main t_env: 30240 / 500000
[INFO 10:09:50] main Estimated time left: 11 hours, 25 minutes, 39 seconds. Time passed: 45 minutes, 58 seconds
[INFO 10:10:18] main Recent Stats | t_env:      30240 | Episode:      664
agent_grad_norm:           0.0003	critic_grad_norm:         39.3086	critic_loss:               0.5046	pg_loss:                  -0.8413
q_taken_mean:             -0.6327	target_mean:              -0.4594	td_error_abs:              0.5629	
[INFO 10:17:10] main t_env: 35280 / 500000
[INFO 10:17:10] main Estimated time left: 11 hours, 16 minutes, 35 seconds. Time passed: 53 minutes, 18 seconds
[INFO 10:24:35] main t_env: 40320 / 500000
[INFO 10:24:35] main Estimated time left: 11 hours, 15 minutes, 54 seconds. Time passed: 1 hours, 43 seconds
[INFO 10:25:04] main Recent Stats | t_env:      40320 | Episode:      888
agent_grad_norm:           0.0000	critic_grad_norm:         39.0346	critic_loss:               0.4251	pg_loss:                  -0.9780
q_taken_mean:             -0.8563	target_mean:              -0.6544	td_error_abs:              0.5059	
[INFO 10:32:03] main t_env: 45360 / 500000
[INFO 10:32:03] main Estimated time left: 11 hours, 13 minutes, 45 seconds. Time passed: 1 hours, 8 minutes, 11 seconds
[INFO 10:39:33] main t_env: 50400 / 500000
[INFO 10:39:33] main Estimated time left: 11 hours, 9 minutes, 55 seconds. Time passed: 1 hours, 15 minutes, 42 seconds
[INFO 10:40:01] main Recent Stats | t_env:      50400 | Episode:     1112
agent_grad_norm:           0.0000	critic_grad_norm:         51.9642	critic_loss:               0.4476	pg_loss:                  -1.0880
q_taken_mean:             -1.0372	target_mean:              -0.7427	td_error_abs:              0.5335	
[INFO 10:46:49] main t_env: 55440 / 500000
[INFO 10:46:49] main Estimated time left: 10 hours, 40 minutes, 47 seconds. Time passed: 1 hours, 22 minutes, 58 seconds
[INFO 10:54:06] main t_env: 60480 / 500000
[INFO 10:54:06] main Estimated time left: 10 hours, 34 minutes, 21 seconds. Time passed: 1 hours, 30 minutes, 14 seconds
[INFO 10:54:35] main Recent Stats | t_env:      60480 | Episode:     1336
agent_grad_norm:           0.0000	critic_grad_norm:         58.9777	critic_loss:               0.2979	pg_loss:                  -1.5468
q_taken_mean:             -1.5352	target_mean:              -1.1514	td_error_abs:              0.4467	
[INFO 11:01:28] main t_env: 65520 / 500000
[INFO 11:01:28] main Estimated time left: 10 hours, 35 minutes, 3 seconds. Time passed: 1 hours, 37 minutes, 36 seconds
[INFO 11:08:48] main t_env: 70560 / 500000
[INFO 11:08:48] main Estimated time left: 10 hours, 24 minutes, 32 seconds. Time passed: 1 hours, 44 minutes, 56 seconds
[INFO 11:09:15] main Recent Stats | t_env:      70560 | Episode:     1560
agent_grad_norm:           0.0000	critic_grad_norm:         61.1198	critic_loss:               0.3085	pg_loss:                  -1.8707
q_taken_mean:             -1.8584	target_mean:              -1.4854	td_error_abs:              0.4583	
[INFO 11:16:08] main t_env: 75600 / 500000
[INFO 11:16:08] main Estimated time left: 10 hours, 17 minutes, 46 seconds. Time passed: 1 hours, 52 minutes, 16 seconds
[INFO 11:23:41] main t_env: 80640 / 500000
[INFO 11:23:41] main Estimated time left: 10 hours, 28 minutes, 55 seconds. Time passed: 1 hours, 59 minutes, 50 seconds
[INFO 11:24:10] main Recent Stats | t_env:      80640 | Episode:     1784
agent_grad_norm:           0.0000	critic_grad_norm:         86.1535	critic_loss:               0.4830	pg_loss:                  -2.2876
q_taken_mean:             -2.0355	target_mean:              -1.8535	td_error_abs:              0.5501	
[INFO 11:31:03] main t_env: 85680 / 500000
[INFO 11:31:03] main Estimated time left: 10 hours, 5 minutes, 37 seconds. Time passed: 2 hours, 7 minutes, 12 seconds
[INFO 11:38:17] main t_env: 90720 / 500000
[INFO 11:38:17] main Estimated time left: 9 hours, 47 minutes, 21 seconds. Time passed: 2 hours, 14 minutes, 26 seconds
[INFO 11:38:46] main Recent Stats | t_env:      90720 | Episode:     2008
agent_grad_norm:           0.0000	critic_grad_norm:         86.8858	critic_loss:               0.5076	pg_loss:                  -2.6988
q_taken_mean:             -2.4020	target_mean:              -2.2314	td_error_abs:              0.5731	
[INFO 11:45:40] main t_env: 95760 / 500000
[INFO 11:45:40] main Estimated time left: 9 hours, 52 minutes, 22 seconds. Time passed: 2 hours, 21 minutes, 49 seconds
[INFO 11:53:10] main t_env: 100800 / 500000
[INFO 11:53:10] main Estimated time left: 9 hours, 53 minutes, 11 seconds. Time passed: 2 hours, 29 minutes, 18 seconds
[INFO 11:53:38] main Recent Stats | t_env:     100800 | Episode:     2232
agent_grad_norm:           0.0000	critic_grad_norm:         76.1068	critic_loss:               0.4558	pg_loss:                  -3.5367
q_taken_mean:             -2.8930	target_mean:              -2.8890	td_error_abs:              0.5302	
[INFO 12:00:42] main t_env: 105840 / 500000
[INFO 12:00:42] main Estimated time left: 9 hours, 50 minutes, 5 seconds. Time passed: 2 hours, 36 minutes, 51 seconds
[INFO 12:08:08] main t_env: 110880 / 500000
[INFO 12:08:08] main Estimated time left: 9 hours, 33 minutes, 23 seconds. Time passed: 2 hours, 44 minutes, 17 seconds
[INFO 12:08:38] main Recent Stats | t_env:     110880 | Episode:     2456
agent_grad_norm:           0.0000	critic_grad_norm:        118.4207	critic_loss:               0.7493	pg_loss:                  -4.3514
q_taken_mean:             -3.7240	target_mean:              -3.5524	td_error_abs:              0.6907	
[INFO 12:15:36] main t_env: 115920 / 500000
[INFO 12:15:36] main Estimated time left: 9 hours, 28 minutes, 46 seconds. Time passed: 2 hours, 51 minutes, 44 seconds
[INFO 12:22:58] main t_env: 120960 / 500000
[INFO 12:22:58] main Estimated time left: 9 hours, 13 minutes, 55 seconds. Time passed: 2 hours, 59 minutes, 6 seconds
[INFO 12:23:26] main Recent Stats | t_env:     120960 | Episode:     2680
agent_grad_norm:           0.0000	critic_grad_norm:        115.7445	critic_loss:               0.7070	pg_loss:                  -5.4326
q_taken_mean:             -4.4919	target_mean:              -4.3776	td_error_abs:              0.6484	
[INFO 12:30:19] main t_env: 126000 / 500000
[INFO 12:30:19] main Estimated time left: 9 hours, 6 minutes, 3 seconds. Time passed: 3 hours, 6 minutes, 28 seconds
[INFO 12:37:37] main t_env: 131040 / 500000
[INFO 12:37:37] main Estimated time left: 8 hours, 54 minutes, 3 seconds. Time passed: 3 hours, 13 minutes, 45 seconds
[INFO 12:38:05] main Recent Stats | t_env:     131040 | Episode:     2904
agent_grad_norm:           0.0000	critic_grad_norm:        100.6439	critic_loss:               0.5851	pg_loss:                  -6.2516
q_taken_mean:             -5.5833	target_mean:              -5.2204	td_error_abs:              0.5979	
[INFO 12:45:00] main t_env: 136080 / 500000
[INFO 12:45:00] main Estimated time left: 8 hours, 52 minutes, 50 seconds. Time passed: 3 hours, 21 minutes, 8 seconds
[INFO 12:52:26] main t_env: 141120 / 500000
[INFO 12:52:26] main Estimated time left: 8 hours, 49 minutes, 55 seconds. Time passed: 3 hours, 28 minutes, 35 seconds
[INFO 12:52:55] main Recent Stats | t_env:     141120 | Episode:     3128
agent_grad_norm:           0.0000	critic_grad_norm:        108.9937	critic_loss:               0.5725	pg_loss:                  -7.2556
q_taken_mean:             -6.3436	target_mean:              -6.0868	td_error_abs:              0.5926	
[INFO 12:59:57] main t_env: 146160 / 500000
[INFO 12:59:57] main Estimated time left: 8 hours, 46 minutes, 46 seconds. Time passed: 3 hours, 36 minutes, 5 seconds
[INFO 13:07:24] main t_env: 151200 / 500000
[INFO 13:07:24] main Estimated time left: 8 hours, 36 minutes, 8 seconds. Time passed: 3 hours, 43 minutes, 32 seconds
[INFO 13:07:53] main Recent Stats | t_env:     151200 | Episode:     3352
agent_grad_norm:           0.0000	critic_grad_norm:        114.0323	critic_loss:               0.5573	pg_loss:                  -7.9803
q_taken_mean:             -7.2282	target_mean:              -6.8550	td_error_abs:              0.5824	
[INFO 13:14:50] main t_env: 156240 / 500000
[INFO 13:14:50] main Estimated time left: 8 hours, 27 minutes, 11 seconds. Time passed: 3 hours, 50 minutes, 59 seconds
[INFO 13:22:15] main t_env: 161280 / 500000
[INFO 13:22:15] main Estimated time left: 8 hours, 18 minutes, 39 seconds. Time passed: 3 hours, 58 minutes, 24 seconds
[INFO 13:22:45] main Recent Stats | t_env:     161280 | Episode:     3576
agent_grad_norm:           0.0000	critic_grad_norm:         79.5126	critic_loss:               0.2933	pg_loss:                  -8.9359
q_taken_mean:             -7.9692	target_mean:              -7.9060	td_error_abs:              0.4374	
[INFO 13:29:49] main t_env: 166320 / 500000
[INFO 13:29:49] main Estimated time left: 8 hours, 20 minutes, 43 seconds. Time passed: 4 hours, 5 minutes, 58 seconds
[INFO 13:37:03] main t_env: 171360 / 500000
[INFO 13:37:03] main Estimated time left: 7 hours, 52 minutes, 3 seconds. Time passed: 4 hours, 13 minutes, 12 seconds
[INFO 13:37:32] main Recent Stats | t_env:     171360 | Episode:     3800
agent_grad_norm:           0.0000	critic_grad_norm:         78.6547	critic_loss:               0.3077	pg_loss:                  -9.9055
q_taken_mean:             -9.0095	target_mean:              -8.9039	td_error_abs:              0.4517	
[INFO 13:44:22] main t_env: 176400 / 500000
[INFO 13:44:22] main Estimated time left: 7 hours, 49 minutes, 1 seconds. Time passed: 4 hours, 20 minutes, 30 seconds
[INFO 13:51:50] main t_env: 181440 / 500000
[INFO 13:51:50] main Estimated time left: 7 hours, 52 minutes, 20 seconds. Time passed: 4 hours, 27 minutes, 59 seconds
[INFO 13:52:19] main Recent Stats | t_env:     181440 | Episode:     4024
agent_grad_norm:           0.0000	critic_grad_norm:         92.4317	critic_loss:               0.3056	pg_loss:                 -11.0188
q_taken_mean:             -9.9449	target_mean:              -9.8178	td_error_abs:              0.4442	
[INFO 13:59:13] main t_env: 186480 / 500000
[INFO 13:59:13] main Estimated time left: 7 hours, 38 minutes, 54 seconds. Time passed: 4 hours, 35 minutes, 21 seconds
[INFO 14:06:28] main t_env: 191520 / 500000
[INFO 14:06:28] main Estimated time left: 7 hours, 24 minutes, 25 seconds. Time passed: 4 hours, 42 minutes, 37 seconds
[INFO 14:06:58] main Recent Stats | t_env:     191520 | Episode:     4248
agent_grad_norm:           0.0000	critic_grad_norm:         97.8061	critic_loss:               0.3075	pg_loss:                 -11.9581
q_taken_mean:            -10.9514	target_mean:             -10.8224	td_error_abs:              0.4459	
[INFO 14:13:46] main t_env: 196560 / 500000
[INFO 14:13:46] main Estimated time left: 7 hours, 19 minutes, 0 seconds. Time passed: 4 hours, 49 minutes, 54 seconds
[INFO 14:21:14] main t_env: 201600 / 500000
[INFO 14:21:14] main Estimated time left: 7 hours, 21 minutes, 42 seconds. Time passed: 4 hours, 57 minutes, 22 seconds
[INFO 14:21:42] main Recent Stats | t_env:     201600 | Episode:     4472
agent_grad_norm:           0.0000	critic_grad_norm:         97.2698	critic_loss:               0.3914	pg_loss:                 -12.6825
q_taken_mean:            -11.8806	target_mean:             -11.7770	td_error_abs:              0.5021	
[INFO 14:28:35] main t_env: 206640 / 500000
[INFO 14:28:35] main Estimated time left: 7 hours, 8 minutes, 19 seconds. Time passed: 5 hours, 4 minutes, 44 seconds
[INFO 14:35:54] main t_env: 211680 / 500000
[INFO 14:35:54] main Estimated time left: 6 hours, 58 minutes, 41 seconds. Time passed: 5 hours, 12 minutes, 3 seconds
[INFO 14:36:23] main Recent Stats | t_env:     211680 | Episode:     4696
agent_grad_norm:           0.0000	critic_grad_norm:         93.1953	critic_loss:               0.3486	pg_loss:                 -13.0159
q_taken_mean:            -12.3950	target_mean:             -12.2736	td_error_abs:              0.4722	
[INFO 14:43:13] main t_env: 216720 / 500000
[INFO 14:43:13] main Estimated time left: 6 hours, 50 minutes, 38 seconds. Time passed: 5 hours, 19 minutes, 21 seconds
[INFO 14:50:30] main t_env: 221760 / 500000
[INFO 14:50:30] main Estimated time left: 6 hours, 42 minutes, 13 seconds. Time passed: 5 hours, 26 minutes, 38 seconds
[INFO 14:50:58] main Recent Stats | t_env:     221760 | Episode:     4920
agent_grad_norm:           0.0000	critic_grad_norm:        114.7487	critic_loss:               0.3838	pg_loss:                 -13.2866
q_taken_mean:            -12.9738	target_mean:             -12.7492	td_error_abs:              0.5160	
[INFO 14:57:50] main t_env: 226800 / 500000
[INFO 14:57:50] main Estimated time left: 6 hours, 37 minutes, 32 seconds. Time passed: 5 hours, 33 minutes, 58 seconds
[INFO 15:05:09] main t_env: 231840 / 500000
[INFO 15:05:09] main Estimated time left: 6 hours, 29 minutes, 10 seconds. Time passed: 5 hours, 41 minutes, 17 seconds
[INFO 15:05:37] main Recent Stats | t_env:     231840 | Episode:     5144
agent_grad_norm:           0.0000	critic_grad_norm:         95.1950	critic_loss:               0.3093	pg_loss:                 -13.6438
q_taken_mean:            -13.5422	target_mean:             -13.3732	td_error_abs:              0.4558	
[INFO 15:12:27] main t_env: 236880 / 500000
[INFO 15:12:27] main Estimated time left: 6 hours, 21 minutes, 12 seconds. Time passed: 5 hours, 48 minutes, 35 seconds
[INFO 15:19:42] main t_env: 241920 / 500000
[INFO 15:19:42] main Estimated time left: 6 hours, 11 minutes, 36 seconds. Time passed: 5 hours, 55 minutes, 51 seconds
[INFO 15:20:11] main Recent Stats | t_env:     241920 | Episode:     5368
agent_grad_norm:           0.0000	critic_grad_norm:        111.1609	critic_loss:               0.3753	pg_loss:                 -13.7989
q_taken_mean:            -13.9568	target_mean:             -13.8141	td_error_abs:              0.4979	
[INFO 15:27:03] main t_env: 246960 / 500000
[INFO 15:27:03] main Estimated time left: 6 hours, 8 minutes, 53 seconds. Time passed: 6 hours, 3 minutes, 12 seconds
[INFO 15:34:24] main t_env: 252000 / 500000
[INFO 15:34:24] main Estimated time left: 6 hours, 1 minutes, 54 seconds. Time passed: 6 hours, 10 minutes, 33 seconds
[INFO 15:34:53] main Recent Stats | t_env:     252000 | Episode:     5592
agent_grad_norm:           0.0000	critic_grad_norm:        104.2329	critic_loss:               0.2779	pg_loss:                 -14.1113
q_taken_mean:            -14.0651	target_mean:             -13.9859	td_error_abs:              0.4209	
[INFO 15:41:40] main t_env: 257040 / 500000
[INFO 15:41:40] main Estimated time left: 5 hours, 50 minutes, 14 seconds. Time passed: 6 hours, 17 minutes, 49 seconds
[INFO 15:48:56] main t_env: 262080 / 500000
[INFO 15:48:56] main Estimated time left: 5 hours, 42 minutes, 54 seconds. Time passed: 6 hours, 25 minutes, 5 seconds
[INFO 15:49:25] main Recent Stats | t_env:     262080 | Episode:     5816
agent_grad_norm:           0.0000	critic_grad_norm:        146.2768	critic_loss:               0.4836	pg_loss:                 -14.3704
q_taken_mean:            -14.3098	target_mean:             -14.3869	td_error_abs:              0.5612	
[INFO 15:56:14] main t_env: 267120 / 500000
[INFO 15:56:14] main Estimated time left: 5 hours, 37 minutes, 17 seconds. Time passed: 6 hours, 32 minutes, 23 seconds
[INFO 16:03:32] main t_env: 272160 / 500000
[INFO 16:03:32] main Estimated time left: 5 hours, 30 minutes, 10 seconds. Time passed: 6 hours, 39 minutes, 41 seconds
[INFO 16:04:01] main Recent Stats | t_env:     272160 | Episode:     6040
agent_grad_norm:           0.0000	critic_grad_norm:        143.5125	critic_loss:               0.5021	pg_loss:                 -14.9534
q_taken_mean:            -14.8683	target_mean:             -15.0065	td_error_abs:              0.5596	
[INFO 16:10:52] main t_env: 277200 / 500000
[INFO 16:10:52] main Estimated time left: 5 hours, 23 minutes, 50 seconds. Time passed: 6 hours, 47 minutes, 0 seconds
[INFO 16:18:11] main t_env: 282240 / 500000
[INFO 16:18:11] main Estimated time left: 5 hours, 16 minutes, 13 seconds. Time passed: 6 hours, 54 minutes, 20 seconds
[INFO 16:18:40] main Recent Stats | t_env:     282240 | Episode:     6264
agent_grad_norm:           0.0000	critic_grad_norm:        184.0967	critic_loss:               0.6637	pg_loss:                 -15.3029
q_taken_mean:            -15.0061	target_mean:             -15.3734	td_error_abs:              0.6853	
[INFO 16:25:31] main t_env: 287280 / 500000
[INFO 16:25:31] main Estimated time left: 5 hours, 9 minutes, 30 seconds. Time passed: 7 hours, 1 minutes, 40 seconds
slurmstepd: error: *** JOB 3319938 ON tron53 CANCELLED AT 2024-11-12T16:26:00 ***
