Identity added: /nfshomes/anirudhs/.ssh/id_ecdsa (anirudhs@nexuscml00.umiacs.umd.edu)
Identity added: /nfshomes/anirudhs/.ssh/id_ed25519 (anirudh.satheesh@gmail.com)
[DEBUG 09:58:06] git.cmd Popen(['git', 'diff', '--cached', '--abbrev=40', '--full-index', '--raw'], cwd=/nfshomes/anirudhs/CMARL-Traffic, stdin=None, shell=False, universal_newlines=False)
[DEBUG 09:58:06] git.cmd Popen(['git', 'diff', '--abbrev=40', '--full-index', '--raw'], cwd=/nfshomes/anirudhs/CMARL-Traffic, stdin=None, shell=False, universal_newlines=False)
[DEBUG 09:58:06] git.cmd Popen(['git', 'cat-file', '--batch-check'], cwd=/nfshomes/anirudhs/CMARL-Traffic, stdin=<valid stream>, shell=False, universal_newlines=False)
[DEBUG 09:58:06] git.cmd Popen(['git', 'diff', '--cached', '--abbrev=40', '--full-index', '--raw'], cwd=/nfshomes/anirudhs/CMARL-Traffic, stdin=None, shell=False, universal_newlines=False)
[DEBUG 09:58:06] git.cmd Popen(['git', 'diff', '--abbrev=40', '--full-index', '--raw'], cwd=/nfshomes/anirudhs/CMARL-Traffic, stdin=None, shell=False, universal_newlines=False)
[DEBUG 09:58:06] git.cmd Popen(['git', 'cat-file', '--batch-check'], cwd=/nfshomes/anirudhs/CMARL-Traffic, stdin=<valid stream>, shell=False, universal_newlines=False)
[DEBUG 09:58:06] git.cmd Popen(['git', 'diff', '--cached', '--abbrev=40', '--full-index', '--raw'], cwd=/nfshomes/anirudhs/CMARL-Traffic, stdin=None, shell=False, universal_newlines=False)
[DEBUG 09:58:06] git.cmd Popen(['git', 'diff', '--abbrev=40', '--full-index', '--raw'], cwd=/nfshomes/anirudhs/CMARL-Traffic, stdin=None, shell=False, universal_newlines=False)
[DEBUG 09:58:06] git.cmd Popen(['git', 'cat-file', '--batch-check'], cwd=/nfshomes/anirudhs/CMARL-Traffic, stdin=<valid stream>, shell=False, universal_newlines=False)
[DEBUG 09:58:06] git.cmd Popen(['git', 'diff', '--cached', '--abbrev=40', '--full-index', '--raw'], cwd=/nfshomes/anirudhs/CMARL-Traffic, stdin=None, shell=False, universal_newlines=False)
[DEBUG 09:58:06] git.cmd Popen(['git', 'diff', '--abbrev=40', '--full-index', '--raw'], cwd=/nfshomes/anirudhs/CMARL-Traffic, stdin=None, shell=False, universal_newlines=False)
[DEBUG 09:58:06] git.cmd Popen(['git', 'cat-file', '--batch-check'], cwd=/nfshomes/anirudhs/CMARL-Traffic, stdin=<valid stream>, shell=False, universal_newlines=False)
[DEBUG 09:58:07] git.cmd Popen(['git', 'diff', '--cached', '--abbrev=40', '--full-index', '--raw'], cwd=/nfshomes/anirudhs/CMARL-Traffic, stdin=None, shell=False, universal_newlines=False)
[DEBUG 09:58:07] git.cmd Popen(['git', 'diff', '--abbrev=40', '--full-index', '--raw'], cwd=/nfshomes/anirudhs/CMARL-Traffic, stdin=None, shell=False, universal_newlines=False)
[DEBUG 09:58:07] git.cmd Popen(['git', 'cat-file', '--batch-check'], cwd=/nfshomes/anirudhs/CMARL-Traffic, stdin=<valid stream>, shell=False, universal_newlines=False)
[INFO 09:58:07] root Saving to FileStorageObserver in /cmlscratch/anirudhs/ctraffic/results/sacred.
[DEBUG 09:58:08] ctraffic Using capture mode "fd"
threads unset, auto use 16 threads
[INFO 09:58:08] ctraffic Running command 'main'
[INFO 09:58:08] ctraffic Started run with ID "230"
[DEBUG 09:58:08] ctraffic Starting Heartbeat
[DEBUG 09:58:08] main Started
[INFO 09:58:08] main Experiment Parameters:
[INFO 09:58:10] main MDP Components:
[INFO 09:58:16] main Beginning training for 500000 timesteps
[INFO 10:00:57] main t_env: 5040 / 500000
[INFO 10:00:57] main Estimated time left: 4 hours, 24 minutes, 34 seconds. Time passed: 2 minutes, 41 seconds
[INFO 10:03:41] main t_env: 10080 / 500000
[INFO 10:03:41] main Estimated time left: 4 hours, 24 minutes, 55 seconds. Time passed: 5 minutes, 25 seconds
[INFO 10:03:51] main Recent Stats | t_env:      10080 | Episode:      216
agent_grad_norm:           0.0019	critic_grad_norm:         46.8044	critic_loss:               1.0100	pg_loss:                  -0.9620
q_taken_mean:             -0.2584	target_mean:              -0.2536	td_error_abs:              0.8289	
[INFO 10:06:21] main t_env: 15120 / 500000
[INFO 10:06:21] main Estimated time left: 4 hours, 16 minutes, 18 seconds. Time passed: 8 minutes, 5 seconds
[INFO 10:09:04] main t_env: 20160 / 500000
[INFO 10:09:04] main Estimated time left: 4 hours, 19 minutes, 37 seconds. Time passed: 10 minutes, 48 seconds
[INFO 10:09:15] main Recent Stats | t_env:      20160 | Episode:      440
agent_grad_norm:           0.0010	critic_grad_norm:         59.5301	critic_loss:               0.8371	pg_loss:                  -0.9157
q_taken_mean:             -0.5180	target_mean:              -0.1874	td_error_abs:              0.7806	
[INFO 10:11:45] main t_env: 25200 / 500000
[INFO 10:11:45] main Estimated time left: 4 hours, 12 minutes, 7 seconds. Time passed: 13 minutes, 29 seconds
[INFO 10:14:27] main t_env: 30240 / 500000
[INFO 10:14:27] main Estimated time left: 4 hours, 12 minutes, 24 seconds. Time passed: 16 minutes, 11 seconds
[INFO 10:14:38] main Recent Stats | t_env:      30240 | Episode:      664
agent_grad_norm:           0.0004	critic_grad_norm:         49.0430	critic_loss:               0.6205	pg_loss:                  -1.0281
q_taken_mean:             -0.6851	target_mean:              -0.3759	td_error_abs:              0.6352	
[INFO 10:17:13] main t_env: 35280 / 500000
[INFO 10:17:13] main Estimated time left: 4 hours, 15 minutes, 6 seconds. Time passed: 18 minutes, 57 seconds
[INFO 10:19:56] main t_env: 40320 / 500000
[INFO 10:19:56] main Estimated time left: 4 hours, 6 minutes, 33 seconds. Time passed: 21 minutes, 39 seconds
[INFO 10:20:06] main Recent Stats | t_env:      40320 | Episode:      888
agent_grad_norm:           0.0000	critic_grad_norm:         48.6370	critic_loss:               0.5417	pg_loss:                  -1.0702
q_taken_mean:             -0.6686	target_mean:              -0.3310	td_error_abs:              0.5894	
[INFO 10:22:37] main t_env: 45360 / 500000
[INFO 10:22:37] main Estimated time left: 4 hours, 2 minutes, 54 seconds. Time passed: 24 minutes, 21 seconds
[INFO 10:25:17] main t_env: 50400 / 500000
[INFO 10:25:17] main Estimated time left: 3 hours, 57 minutes, 41 seconds. Time passed: 27 minutes, 1 seconds
[INFO 10:25:27] main Recent Stats | t_env:      50400 | Episode:     1112
agent_grad_norm:           0.0000	critic_grad_norm:         41.5000	critic_loss:               0.4566	pg_loss:                  -1.1975
q_taken_mean:             -0.7157	target_mean:              -0.4538	td_error_abs:              0.5190	
[INFO 10:28:01] main t_env: 55440 / 500000
[INFO 10:28:01] main Estimated time left: 4 hours, 23 seconds. Time passed: 29 minutes, 44 seconds
[INFO 10:30:46] main t_env: 60480 / 500000
[INFO 10:30:46] main Estimated time left: 4 hours, 1 minutes, 3 seconds. Time passed: 32 minutes, 30 seconds
[INFO 10:30:57] main Recent Stats | t_env:      60480 | Episode:     1336
agent_grad_norm:           0.0000	critic_grad_norm:         39.6315	critic_loss:               0.3169	pg_loss:                  -1.3964
q_taken_mean:             -0.9547	target_mean:              -0.6233	td_error_abs:              0.4298	
[INFO 10:33:29] main t_env: 65520 / 500000
[INFO 10:33:29] main Estimated time left: 3 hours, 53 minutes, 14 seconds. Time passed: 35 minutes, 13 seconds
[INFO 10:36:13] main t_env: 70560 / 500000
[INFO 10:36:13] main Estimated time left: 3 hours, 53 minutes, 51 seconds. Time passed: 37 minutes, 57 seconds
[INFO 10:36:24] main Recent Stats | t_env:      70560 | Episode:     1560
agent_grad_norm:           0.0000	critic_grad_norm:         35.3164	critic_loss:               0.2195	pg_loss:                  -1.8303
q_taken_mean:             -1.2357	target_mean:              -0.9709	td_error_abs:              0.3537	
[INFO 10:38:56] main t_env: 75600 / 500000
[INFO 10:38:56] main Estimated time left: 3 hours, 48 minutes, 16 seconds. Time passed: 40 minutes, 40 seconds
[INFO 10:41:37] main t_env: 80640 / 500000
[INFO 10:41:37] main Estimated time left: 3 hours, 43 minutes, 42 seconds. Time passed: 43 minutes, 21 seconds
[INFO 10:41:48] main Recent Stats | t_env:      80640 | Episode:     1784
agent_grad_norm:           0.0000	critic_grad_norm:         50.7367	critic_loss:               0.3230	pg_loss:                  -2.2557
q_taken_mean:             -1.4639	target_mean:              -1.3406	td_error_abs:              0.4337	
[INFO 10:44:18] main t_env: 85680 / 500000
[INFO 10:44:18] main Estimated time left: 3 hours, 40 minutes, 16 seconds. Time passed: 46 minutes, 2 seconds
[INFO 10:46:57] main t_env: 90720 / 500000
[INFO 10:46:57] main Estimated time left: 3 hours, 34 minutes, 51 seconds. Time passed: 48 minutes, 41 seconds
[INFO 10:47:07] main Recent Stats | t_env:      90720 | Episode:     2008
agent_grad_norm:           0.0000	critic_grad_norm:         69.4498	critic_loss:               0.4298	pg_loss:                  -2.6243
q_taken_mean:             -1.8677	target_mean:              -1.9903	td_error_abs:              0.5116	
[INFO 10:49:39] main t_env: 95760 / 500000
[INFO 10:49:39] main Estimated time left: 3 hours, 36 minutes, 13 seconds. Time passed: 51 minutes, 22 seconds
[INFO 10:52:21] main t_env: 100800 / 500000
[INFO 10:52:21] main Estimated time left: 3 hours, 34 minutes, 14 seconds. Time passed: 54 minutes, 5 seconds
[INFO 10:52:31] main Recent Stats | t_env:     100800 | Episode:     2232
agent_grad_norm:           0.0000	critic_grad_norm:         74.0047	critic_loss:               0.4462	pg_loss:                  -3.1923
q_taken_mean:             -2.5643	target_mean:              -2.6489	td_error_abs:              0.5348	
[INFO 10:55:10] main t_env: 105840 / 500000
[INFO 10:55:10] main Estimated time left: 3 hours, 40 minutes, 32 seconds. Time passed: 56 minutes, 54 seconds
[INFO 10:58:03] main t_env: 110880 / 500000
[INFO 10:58:03] main Estimated time left: 3 hours, 41 minutes, 58 seconds. Time passed: 59 minutes, 46 seconds
[INFO 10:58:13] main Recent Stats | t_env:     110880 | Episode:     2456
agent_grad_norm:           0.0000	critic_grad_norm:         78.6176	critic_loss:               0.4723	pg_loss:                  -3.7604
q_taken_mean:             -3.2497	target_mean:              -3.3646	td_error_abs:              0.5699	
[INFO 11:00:51] main t_env: 115920 / 500000
[INFO 11:00:51] main Estimated time left: 3 hours, 33 minutes, 43 seconds. Time passed: 1 hours, 2 minutes, 35 seconds
[INFO 11:03:40] main t_env: 120960 / 500000
[INFO 11:03:40] main Estimated time left: 3 hours, 31 minutes, 19 seconds. Time passed: 1 hours, 5 minutes, 23 seconds
[INFO 11:03:50] main Recent Stats | t_env:     120960 | Episode:     2680
agent_grad_norm:           0.0000	critic_grad_norm:         82.3873	critic_loss:               0.5041	pg_loss:                  -4.2596
q_taken_mean:             -3.8291	target_mean:              -3.9134	td_error_abs:              0.5924	
[INFO 11:06:20] main t_env: 126000 / 500000
[INFO 11:06:20] main Estimated time left: 3 hours, 18 minutes, 44 seconds. Time passed: 1 hours, 8 minutes, 4 seconds
[INFO 11:09:07] main t_env: 131040 / 500000
[INFO 11:09:07] main Estimated time left: 3 hours, 23 minutes, 57 seconds. Time passed: 1 hours, 10 minutes, 51 seconds
[INFO 11:09:18] main Recent Stats | t_env:     131040 | Episode:     2904
agent_grad_norm:           0.0000	critic_grad_norm:         69.1999	critic_loss:               0.3921	pg_loss:                  -4.7091
q_taken_mean:             -4.4102	target_mean:              -4.4448	td_error_abs:              0.5042	
[INFO 11:11:52] main t_env: 136080 / 500000
[INFO 11:11:52] main Estimated time left: 3 hours, 18 minutes, 24 seconds. Time passed: 1 hours, 13 minutes, 36 seconds
[INFO 11:14:38] main t_env: 141120 / 500000
[INFO 11:14:38] main Estimated time left: 3 hours, 16 minutes, 45 seconds. Time passed: 1 hours, 16 minutes, 22 seconds
[INFO 11:14:49] main Recent Stats | t_env:     141120 | Episode:     3128
agent_grad_norm:           0.0000	critic_grad_norm:         61.2062	critic_loss:               0.3286	pg_loss:                  -5.4407
q_taken_mean:             -5.1954	target_mean:              -4.9380	td_error_abs:              0.4626	
[INFO 11:17:21] main t_env: 146160 / 500000
[INFO 11:17:21] main Estimated time left: 3 hours, 11 minutes, 9 seconds. Time passed: 1 hours, 19 minutes, 5 seconds
[INFO 11:20:07] main t_env: 151200 / 500000
[INFO 11:20:07] main Estimated time left: 3 hours, 10 minutes, 35 seconds. Time passed: 1 hours, 21 minutes, 50 seconds
[INFO 11:20:18] main Recent Stats | t_env:     151200 | Episode:     3352
agent_grad_norm:           0.0000	critic_grad_norm:         70.8214	critic_loss:               0.3558	pg_loss:                  -5.9062
q_taken_mean:             -5.7646	target_mean:              -5.4333	td_error_abs:              0.4911	
[INFO 11:22:53] main t_env: 156240 / 500000
[INFO 11:22:53] main Estimated time left: 3 hours, 8 minutes, 38 seconds. Time passed: 1 hours, 24 minutes, 36 seconds
[INFO 11:25:44] main t_env: 161280 / 500000
[INFO 11:25:44] main Estimated time left: 3 hours, 11 minutes, 39 seconds. Time passed: 1 hours, 27 minutes, 28 seconds
[INFO 11:25:55] main Recent Stats | t_env:     161280 | Episode:     3576
agent_grad_norm:           0.0000	critic_grad_norm:         66.3919	critic_loss:               0.3456	pg_loss:                  -6.4403
q_taken_mean:             -6.2356	target_mean:              -5.8950	td_error_abs:              0.4686	
[INFO 11:28:27] main t_env: 166320 / 500000
[INFO 11:28:27] main Estimated time left: 3 hours, 32 seconds. Time passed: 1 hours, 30 minutes, 11 seconds
[INFO 11:31:19] main t_env: 171360 / 500000
[INFO 11:31:19] main Estimated time left: 3 hours, 6 minutes, 35 seconds. Time passed: 1 hours, 33 minutes, 3 seconds
[INFO 11:31:30] main Recent Stats | t_env:     171360 | Episode:     3800
agent_grad_norm:           0.0000	critic_grad_norm:         64.7795	critic_loss:               0.3159	pg_loss:                  -6.7719
q_taken_mean:             -6.5618	target_mean:              -6.3594	td_error_abs:              0.4497	
[INFO 11:34:12] main t_env: 176400 / 500000
[INFO 11:34:12] main Estimated time left: 3 hours, 5 minutes, 3 seconds. Time passed: 1 hours, 35 minutes, 56 seconds
[INFO 11:37:02] main t_env: 181440 / 500000
[INFO 11:37:02] main Estimated time left: 2 hours, 58 minutes, 37 seconds. Time passed: 1 hours, 38 minutes, 45 seconds
[INFO 11:37:12] main Recent Stats | t_env:     181440 | Episode:     4024
agent_grad_norm:           0.0000	critic_grad_norm:         69.3814	critic_loss:               0.3558	pg_loss:                  -7.2299
q_taken_mean:             -7.0636	target_mean:              -6.8801	td_error_abs:              0.4752	
[INFO 11:39:44] main t_env: 186480 / 500000
[INFO 11:39:44] main Estimated time left: 2 hours, 48 minutes, 53 seconds. Time passed: 1 hours, 41 minutes, 28 seconds
[INFO 11:42:21] main t_env: 191520 / 500000
[INFO 11:42:21] main Estimated time left: 2 hours, 39 minutes, 24 seconds. Time passed: 1 hours, 44 minutes, 4 seconds
[INFO 11:42:32] main Recent Stats | t_env:     191520 | Episode:     4248
agent_grad_norm:           0.0000	critic_grad_norm:         57.0753	critic_loss:               0.2759	pg_loss:                  -7.6844
q_taken_mean:             -7.4239	target_mean:              -7.3921	td_error_abs:              0.4048	
[INFO 11:45:12] main t_env: 196560 / 500000
[INFO 11:45:12] main Estimated time left: 2 hours, 52 minutes, 18 seconds. Time passed: 1 hours, 46 minutes, 56 seconds
[INFO 11:47:59] main t_env: 201600 / 500000
[INFO 11:47:59] main Estimated time left: 2 hours, 44 minutes, 21 seconds. Time passed: 1 hours, 49 minutes, 43 seconds
[INFO 11:48:10] main Recent Stats | t_env:     201600 | Episode:     4472
agent_grad_norm:           0.0000	critic_grad_norm:         43.7889	critic_loss:               0.2277	pg_loss:                  -8.3117
q_taken_mean:             -7.7335	target_mean:              -7.8139	td_error_abs:              0.3523	
[INFO 11:50:42] main t_env: 206640 / 500000
[INFO 11:50:42] main Estimated time left: 2 hours, 38 minutes, 22 seconds. Time passed: 1 hours, 52 minutes, 26 seconds
[INFO 11:53:24] main t_env: 211680 / 500000
[INFO 11:53:24] main Estimated time left: 2 hours, 34 minutes, 27 seconds. Time passed: 1 hours, 55 minutes, 8 seconds
[INFO 11:53:35] main Recent Stats | t_env:     211680 | Episode:     4696
agent_grad_norm:           0.0000	critic_grad_norm:         66.7950	critic_loss:               0.2809	pg_loss:                  -8.6607
q_taken_mean:             -8.1828	target_mean:              -8.4501	td_error_abs:              0.4140	
[INFO 11:56:17] main t_env: 216720 / 500000
[INFO 11:56:17] main Estimated time left: 2 hours, 41 minutes, 39 seconds. Time passed: 1 hours, 58 minutes, 1 seconds
[INFO 11:59:12] main t_env: 221760 / 500000
[INFO 11:59:12] main Estimated time left: 2 hours, 40 minutes, 52 seconds. Time passed: 2 hours, 55 seconds
[INFO 11:59:22] main Recent Stats | t_env:     221760 | Episode:     4920
agent_grad_norm:           0.0000	critic_grad_norm:         68.1335	critic_loss:               0.2791	pg_loss:                  -9.3623
q_taken_mean:             -9.0246	target_mean:              -9.1719	td_error_abs:              0.4112	
[INFO 12:02:04] main t_env: 226800 / 500000
[INFO 12:02:04] main Estimated time left: 2 hours, 35 minutes, 59 seconds. Time passed: 2 hours, 3 minutes, 48 seconds
[INFO 12:04:45] main t_env: 231840 / 500000
[INFO 12:04:45] main Estimated time left: 2 hours, 22 minutes, 44 seconds. Time passed: 2 hours, 6 minutes, 29 seconds
[INFO 12:04:56] main Recent Stats | t_env:     231840 | Episode:     5144
agent_grad_norm:           0.0000	critic_grad_norm:         90.4548	critic_loss:               0.3449	pg_loss:                 -10.2199
q_taken_mean:            -10.0279	target_mean:              -9.9491	td_error_abs:              0.4803	
[INFO 12:07:27] main t_env: 236880 / 500000
[INFO 12:07:27] main Estimated time left: 2 hours, 20 minutes, 58 seconds. Time passed: 2 hours, 9 minutes, 11 seconds
[INFO 12:10:06] main t_env: 241920 / 500000
[INFO 12:10:06] main Estimated time left: 2 hours, 15 minutes, 27 seconds. Time passed: 2 hours, 11 minutes, 50 seconds
[INFO 12:10:17] main Recent Stats | t_env:     241920 | Episode:     5368
agent_grad_norm:           0.0000	critic_grad_norm:         91.9277	critic_loss:               0.3583	pg_loss:                 -10.3785
q_taken_mean:            -10.3928	target_mean:             -10.3003	td_error_abs:              0.4934	
[INFO 12:12:50] main t_env: 246960 / 500000
[INFO 12:12:50] main Estimated time left: 2 hours, 17 minutes, 11 seconds. Time passed: 2 hours, 14 minutes, 34 seconds
[INFO 12:15:30] main t_env: 252000 / 500000
[INFO 12:15:30] main Estimated time left: 2 hours, 11 minutes, 9 seconds. Time passed: 2 hours, 17 minutes, 14 seconds
[INFO 12:15:40] main Recent Stats | t_env:     252000 | Episode:     5592
agent_grad_norm:           0.0000	critic_grad_norm:        101.2143	critic_loss:               0.3730	pg_loss:                 -10.6041
q_taken_mean:            -10.8486	target_mean:             -10.6791	td_error_abs:              0.5150	
[INFO 12:18:20] main t_env: 257040 / 500000
[INFO 12:18:20] main Estimated time left: 2 hours, 17 minutes, 2 seconds. Time passed: 2 hours, 20 minutes, 4 seconds
[INFO 12:21:14] main t_env: 262080 / 500000
[INFO 12:21:14] main Estimated time left: 2 hours, 16 minutes, 29 seconds. Time passed: 2 hours, 22 minutes, 58 seconds
[INFO 12:21:23] main Recent Stats | t_env:     262080 | Episode:     5816
agent_grad_norm:           0.0000	critic_grad_norm:         97.3184	critic_loss:               0.3712	pg_loss:                 -10.8656
q_taken_mean:            -10.9309	target_mean:             -10.7375	td_error_abs:              0.4921	
[INFO 12:24:04] main t_env: 267120 / 500000
[INFO 12:24:04] main Estimated time left: 2 hours, 10 minutes, 41 seconds. Time passed: 2 hours, 25 minutes, 47 seconds
[INFO 12:26:45] main t_env: 272160 / 500000
[INFO 12:26:45] main Estimated time left: 2 hours, 1 minutes, 41 seconds. Time passed: 2 hours, 28 minutes, 29 seconds
[INFO 12:26:55] main Recent Stats | t_env:     272160 | Episode:     6040
agent_grad_norm:           0.0000	critic_grad_norm:        106.4141	critic_loss:               0.4033	pg_loss:                 -11.2050
q_taken_mean:            -11.0015	target_mean:             -10.9699	td_error_abs:              0.5242	
[INFO 12:29:25] main t_env: 277200 / 500000
[INFO 12:29:25] main Estimated time left: 1 hours, 57 minutes, 51 seconds. Time passed: 2 hours, 31 minutes, 9 seconds
[INFO 12:32:05] main t_env: 282240 / 500000
[INFO 12:32:05] main Estimated time left: 1 hours, 55 minutes, 13 seconds. Time passed: 2 hours, 33 minutes, 49 seconds
[INFO 12:32:15] main Recent Stats | t_env:     282240 | Episode:     6264
agent_grad_norm:           0.0000	critic_grad_norm:         77.9962	critic_loss:               0.3063	pg_loss:                 -11.4689
q_taken_mean:            -11.0354	target_mean:             -11.1540	td_error_abs:              0.4347	
[INFO 12:34:58] main t_env: 287280 / 500000
[INFO 12:34:58] main Estimated time left: 2 hours, 1 minutes, 19 seconds. Time passed: 2 hours, 36 minutes, 41 seconds
[INFO 12:37:47] main t_env: 292320 / 500000
[INFO 12:37:47] main Estimated time left: 1 hours, 56 minutes, 5 seconds. Time passed: 2 hours, 39 minutes, 30 seconds
[INFO 12:37:57] main Recent Stats | t_env:     292320 | Episode:     6488
agent_grad_norm:           0.0000	critic_grad_norm:         80.0126	critic_loss:               0.3086	pg_loss:                 -11.8903
q_taken_mean:            -11.5725	target_mean:             -11.6132	td_error_abs:              0.4350	
[INFO 12:40:27] main t_env: 297360 / 500000
[INFO 12:40:27] main Estimated time left: 1 hours, 47 minutes, 36 seconds. Time passed: 2 hours, 42 minutes, 11 seconds
[INFO 12:43:01] main t_env: 302400 / 500000
[INFO 12:43:01] main Estimated time left: 1 hours, 40 minutes, 21 seconds. Time passed: 2 hours, 44 minutes, 45 seconds
[INFO 12:43:09] main Recent Stats | t_env:     302400 | Episode:     6712
agent_grad_norm:           0.0000	critic_grad_norm:        107.7426	critic_loss:               0.4691	pg_loss:                 -12.2642
q_taken_mean:            -11.9163	target_mean:             -11.8267	td_error_abs:              0.5512	
[INFO 12:45:43] main t_env: 307440 / 500000
[INFO 12:45:43] main Estimated time left: 1 hours, 43 minutes, 15 seconds. Time passed: 2 hours, 47 minutes, 27 seconds
[INFO 12:48:19] main t_env: 312480 / 500000
[INFO 12:48:19] main Estimated time left: 1 hours, 36 minutes, 52 seconds. Time passed: 2 hours, 50 minutes, 3 seconds
[INFO 12:48:29] main Recent Stats | t_env:     312480 | Episode:     6936
agent_grad_norm:           0.0000	critic_grad_norm:        120.1485	critic_loss:               0.5510	pg_loss:                 -11.9965
q_taken_mean:            -11.8239	target_mean:             -11.7894	td_error_abs:              0.6060	
[INFO 12:50:51] main t_env: 317520 / 500000
[INFO 12:50:51] main Estimated time left: 1 hours, 31 minutes, 42 seconds. Time passed: 2 hours, 52 minutes, 35 seconds
[INFO 12:53:34] main t_env: 322560 / 500000
[INFO 12:53:34] main Estimated time left: 1 hours, 35 minutes, 37 seconds. Time passed: 2 hours, 55 minutes, 18 seconds
[INFO 12:53:44] main Recent Stats | t_env:     322560 | Episode:     7160
agent_grad_norm:           0.0000	critic_grad_norm:        102.2098	critic_loss:               0.5058	pg_loss:                 -11.6322
q_taken_mean:            -11.8438	target_mean:             -11.6877	td_error_abs:              0.5541	
[INFO 12:56:19] main t_env: 327600 / 500000
[INFO 12:56:19] main Estimated time left: 1 hours, 33 minutes, 57 seconds. Time passed: 2 hours, 58 minutes, 3 seconds
[INFO 12:58:52] main t_env: 332640 / 500000
[INFO 12:58:52] main Estimated time left: 1 hours, 24 minutes, 38 seconds. Time passed: 3 hours, 36 seconds
[INFO 12:59:02] main Recent Stats | t_env:     332640 | Episode:     7384
agent_grad_norm:           0.0000	critic_grad_norm:         98.7336	critic_loss:               0.4973	pg_loss:                 -11.2453
q_taken_mean:            -11.7711	target_mean:             -11.6059	td_error_abs:              0.5470	
[INFO 13:01:20] main t_env: 337680 / 500000
[INFO 13:01:20] main Estimated time left: 1 hours, 19 minutes, 14 seconds. Time passed: 3 hours, 3 minutes, 3 seconds
[INFO 13:03:49] main t_env: 342720 / 500000
[INFO 13:03:49] main Estimated time left: 1 hours, 17 minutes, 39 seconds. Time passed: 3 hours, 5 minutes, 33 seconds
[INFO 13:03:57] main Recent Stats | t_env:     342720 | Episode:     7608
agent_grad_norm:           0.0000	critic_grad_norm:         90.1110	critic_loss:               0.4805	pg_loss:                 -11.5883
q_taken_mean:            -11.8285	target_mean:             -11.7329	td_error_abs:              0.5290	
[INFO 13:06:19] main t_env: 347760 / 500000
[INFO 13:06:19] main Estimated time left: 1 hours, 15 minutes, 34 seconds. Time passed: 3 hours, 8 minutes, 3 seconds
[INFO 13:08:51] main t_env: 352800 / 500000
[INFO 13:08:51] main Estimated time left: 1 hours, 13 minutes, 46 seconds. Time passed: 3 hours, 10 minutes, 34 seconds
[INFO 13:09:00] main Recent Stats | t_env:     352800 | Episode:     7832
agent_grad_norm:           0.0000	critic_grad_norm:        123.0499	critic_loss:               0.7937	pg_loss:                 -11.7980
q_taken_mean:            -12.2750	target_mean:             -12.0494	td_error_abs:              0.6572	
[INFO 13:11:22] main t_env: 357840 / 500000
[INFO 13:11:22] main Estimated time left: 1 hours, 11 minutes, 16 seconds. Time passed: 3 hours, 13 minutes, 6 seconds
[INFO 13:13:54] main t_env: 362880 / 500000
[INFO 13:13:54] main Estimated time left: 1 hours, 8 minutes, 54 seconds. Time passed: 3 hours, 15 minutes, 38 seconds
[INFO 13:14:04] main Recent Stats | t_env:     362880 | Episode:     8056
agent_grad_norm:           0.0000	critic_grad_norm:         89.1042	critic_loss:               0.6049	pg_loss:                 -12.3794
q_taken_mean:            -12.9697	target_mean:             -12.5694	td_error_abs:              0.5265	
[INFO 13:16:23] main t_env: 367920 / 500000
[INFO 13:16:23] main Estimated time left: 1 hours, 5 minutes, 3 seconds. Time passed: 3 hours, 18 minutes, 7 seconds
[INFO 13:18:56] main t_env: 372960 / 500000
[INFO 13:18:56] main Estimated time left: 1 hours, 4 minutes, 13 seconds. Time passed: 3 hours, 20 minutes, 40 seconds
[INFO 13:19:07] main Recent Stats | t_env:     372960 | Episode:     8280
agent_grad_norm:           0.0000	critic_grad_norm:        111.6308	critic_loss:               0.7095	pg_loss:                 -13.0097
q_taken_mean:            -13.3751	target_mean:             -12.8672	td_error_abs:              0.6077	
[INFO 13:21:29] main t_env: 378000 / 500000
[INFO 13:21:29] main Estimated time left: 1 hours, 1 minutes, 33 seconds. Time passed: 3 hours, 23 minutes, 12 seconds
[INFO 13:24:09] main t_env: 383040 / 500000
[INFO 13:24:09] main Estimated time left: 1 hours, 2 minutes, 5 seconds. Time passed: 3 hours, 25 minutes, 53 seconds
[INFO 13:24:20] main Recent Stats | t_env:     383040 | Episode:     8504
agent_grad_norm:           0.0000	critic_grad_norm:        139.0832	critic_loss:               0.7800	pg_loss:                 -13.1539
q_taken_mean:            -13.5702	target_mean:             -12.9474	td_error_abs:              0.6780	
[INFO 13:26:54] main t_env: 388080 / 500000
[INFO 13:26:54] main Estimated time left: 1 hours, 57 seconds. Time passed: 3 hours, 28 minutes, 38 seconds
[INFO 13:29:40] main t_env: 393120 / 500000
[INFO 13:29:40] main Estimated time left: 58 minutes, 41 seconds. Time passed: 3 hours, 31 minutes, 24 seconds
[INFO 13:29:50] main Recent Stats | t_env:     393120 | Episode:     8728
agent_grad_norm:           0.0000	critic_grad_norm:        147.2581	critic_loss:               0.7840	pg_loss:                 -12.9489
q_taken_mean:            -13.3648	target_mean:             -12.7655	td_error_abs:              0.6861	
[INFO 13:32:18] main t_env: 398160 / 500000
[INFO 13:32:18] main Estimated time left: 53 minutes, 20 seconds. Time passed: 3 hours, 34 minutes, 2 seconds
[INFO 13:35:05] main t_env: 403200 / 500000
[INFO 13:35:05] main Estimated time left: 53 minutes, 31 seconds. Time passed: 3 hours, 36 minutes, 49 seconds
[INFO 13:35:16] main Recent Stats | t_env:     403200 | Episode:     8952
agent_grad_norm:           0.0000	critic_grad_norm:         95.4061	critic_loss:               0.3385	pg_loss:                 -12.5959
q_taken_mean:            -12.8387	target_mean:             -12.4585	td_error_abs:              0.4693	
[INFO 13:37:45] main t_env: 408240 / 500000
[INFO 13:37:45] main Estimated time left: 48 minutes, 20 seconds. Time passed: 3 hours, 39 minutes, 28 seconds
[INFO 13:40:16] main t_env: 413280 / 500000
[INFO 13:40:16] main Estimated time left: 43 minutes, 21 seconds. Time passed: 3 hours, 42 minutes, 0 seconds
[INFO 13:40:26] main Recent Stats | t_env:     413280 | Episode:     9176
agent_grad_norm:           0.0000	critic_grad_norm:        112.1101	critic_loss:               0.3690	pg_loss:                 -12.7734
q_taken_mean:            -12.8766	target_mean:             -12.4034	td_error_abs:              0.5071	
[INFO 13:42:48] main t_env: 418320 / 500000
[INFO 13:42:48] main Estimated time left: 41 minutes, 2 seconds. Time passed: 3 hours, 44 minutes, 32 seconds
[INFO 13:45:21] main t_env: 423360 / 500000
[INFO 13:45:21] main Estimated time left: 38 minutes, 41 seconds. Time passed: 3 hours, 47 minutes, 4 seconds
[INFO 13:45:31] main Recent Stats | t_env:     423360 | Episode:     9400
agent_grad_norm:           0.0000	critic_grad_norm:        111.9463	critic_loss:               0.3491	pg_loss:                 -12.6550
q_taken_mean:            -12.8490	target_mean:             -12.3850	td_error_abs:              0.4951	
[INFO 13:47:54] main t_env: 428400 / 500000
[INFO 13:47:54] main Estimated time left: 36 minutes, 24 seconds. Time passed: 3 hours, 49 minutes, 38 seconds
[INFO 13:50:27] main t_env: 433440 / 500000
[INFO 13:50:27] main Estimated time left: 33 minutes, 42 seconds. Time passed: 3 hours, 52 minutes, 11 seconds
[INFO 13:50:38] main Recent Stats | t_env:     433440 | Episode:     9624
agent_grad_norm:           0.0000	critic_grad_norm:        107.9880	critic_loss:               0.3248	pg_loss:                 -12.7694
q_taken_mean:            -12.8434	target_mean:             -12.4251	td_error_abs:              0.4750	
[INFO 13:53:00] main t_env: 438480 / 500000
[INFO 13:53:00] main Estimated time left: 30 minutes, 57 seconds. Time passed: 3 hours, 54 minutes, 43 seconds
[INFO 13:55:32] main t_env: 443520 / 500000
[INFO 13:55:32] main Estimated time left: 28 minutes, 30 seconds. Time passed: 3 hours, 57 minutes, 16 seconds
[INFO 13:55:43] main Recent Stats | t_env:     443520 | Episode:     9848
agent_grad_norm:           0.0000	critic_grad_norm:        136.9821	critic_loss:               0.4274	pg_loss:                 -12.4836
q_taken_mean:            -12.5201	target_mean:             -12.1994	td_error_abs:              0.5628	
[INFO 13:58:03] main t_env: 448560 / 500000
[INFO 13:58:03] main Estimated time left: 25 minutes, 40 seconds. Time passed: 3 hours, 59 minutes, 47 seconds
[INFO 14:00:36] main t_env: 453600 / 500000
[INFO 14:00:36] main Estimated time left: 23 minutes, 29 seconds. Time passed: 4 hours, 2 minutes, 20 seconds
[INFO 14:00:47] main Recent Stats | t_env:     453600 | Episode:    10072
agent_grad_norm:           0.0000	critic_grad_norm:        117.6020	critic_loss:               0.3871	pg_loss:                 -12.2437
q_taken_mean:            -12.1874	target_mean:             -11.9660	td_error_abs:              0.5173	
[INFO 14:03:19] main t_env: 458640 / 500000
[INFO 14:03:19] main Estimated time left: 22 minutes, 11 seconds. Time passed: 4 hours, 5 minutes, 2 seconds
[INFO 14:06:04] main t_env: 463680 / 500000
[INFO 14:06:04] main Estimated time left: 19 minutes, 50 seconds. Time passed: 4 hours, 7 minutes, 47 seconds
[INFO 14:06:14] main Recent Stats | t_env:     463680 | Episode:    10296
agent_grad_norm:           0.0000	critic_grad_norm:         98.3730	critic_loss:               0.3514	pg_loss:                 -11.9358
q_taken_mean:            -11.8724	target_mean:             -11.7381	td_error_abs:              0.4739	
[INFO 14:08:48] main t_env: 468720 / 500000
[INFO 14:08:48] main Estimated time left: 16 minutes, 56 seconds. Time passed: 4 hours, 10 minutes, 31 seconds
[INFO 14:11:22] main t_env: 473760 / 500000
[INFO 14:11:22] main Estimated time left: 13 minutes, 24 seconds. Time passed: 4 hours, 13 minutes, 6 seconds
[INFO 14:11:32] main Recent Stats | t_env:     473760 | Episode:    10520
agent_grad_norm:           0.0000	critic_grad_norm:        125.2073	critic_loss:               0.4590	pg_loss:                 -11.6141
q_taken_mean:            -11.4733	target_mean:             -11.6564	td_error_abs:              0.5525	
[INFO 14:13:56] main t_env: 478800 / 500000
[INFO 14:13:56] main Estimated time left: 10 minutes, 49 seconds. Time passed: 4 hours, 15 minutes, 40 seconds
[INFO 14:16:26] main t_env: 483840 / 500000
[INFO 14:16:26] main Estimated time left: 7 minutes, 59 seconds. Time passed: 4 hours, 18 minutes, 10 seconds
[INFO 14:16:37] main Recent Stats | t_env:     483840 | Episode:    10744
agent_grad_norm:           0.0000	critic_grad_norm:        106.7746	critic_loss:               0.4064	pg_loss:                 -11.3381
q_taken_mean:            -11.0264	target_mean:             -11.3121	td_error_abs:              0.4970	
[INFO 14:18:57] main t_env: 488880 / 500000
[INFO 14:18:57] main Estimated time left: 5 minutes, 34 seconds. Time passed: 4 hours, 20 minutes, 41 seconds
[INFO 14:21:30] main t_env: 493920 / 500000
[INFO 14:21:30] main Estimated time left: 3 minutes, 4 seconds. Time passed: 4 hours, 23 minutes, 14 seconds
[INFO 14:21:39] main Recent Stats | t_env:     493920 | Episode:    10968
agent_grad_norm:           0.0000	critic_grad_norm:         74.2766	critic_loss:               0.3012	pg_loss:                 -11.3973
q_taken_mean:            -11.1207	target_mean:             -11.2877	td_error_abs:              0.4052	
[INFO 14:23:58] main t_env: 498960 / 500000
[INFO 14:23:58] main Estimated time left: 30 seconds. Time passed: 4 hours, 25 minutes, 41 seconds
[INFO 14:24:36] main Finished Training
