Identity added: /nfshomes/anirudhs/.ssh/id_ecdsa (anirudhs@nexuscml00.umiacs.umd.edu)
Identity added: /nfshomes/anirudhs/.ssh/id_ed25519 (anirudh.satheesh@gmail.com)
[DEBUG 16:33:24] git.cmd Popen(['git', 'diff', '--cached', '--abbrev=40', '--full-index', '--raw'], cwd=/nfshomes/anirudhs/CMARL-Traffic, stdin=None, shell=False, universal_newlines=False)
[DEBUG 16:33:24] git.cmd Popen(['git', 'diff', '--abbrev=40', '--full-index', '--raw'], cwd=/nfshomes/anirudhs/CMARL-Traffic, stdin=None, shell=False, universal_newlines=False)
[DEBUG 16:33:25] git.cmd Popen(['git', 'cat-file', '--batch-check'], cwd=/nfshomes/anirudhs/CMARL-Traffic, stdin=<valid stream>, shell=False, universal_newlines=False)
[DEBUG 16:33:25] git.cmd Popen(['git', 'diff', '--cached', '--abbrev=40', '--full-index', '--raw'], cwd=/nfshomes/anirudhs/CMARL-Traffic, stdin=None, shell=False, universal_newlines=False)
[DEBUG 16:33:25] git.cmd Popen(['git', 'diff', '--abbrev=40', '--full-index', '--raw'], cwd=/nfshomes/anirudhs/CMARL-Traffic, stdin=None, shell=False, universal_newlines=False)
[DEBUG 16:33:25] git.cmd Popen(['git', 'cat-file', '--batch-check'], cwd=/nfshomes/anirudhs/CMARL-Traffic, stdin=<valid stream>, shell=False, universal_newlines=False)
[DEBUG 16:33:26] git.cmd Popen(['git', 'diff', '--cached', '--abbrev=40', '--full-index', '--raw'], cwd=/nfshomes/anirudhs/CMARL-Traffic, stdin=None, shell=False, universal_newlines=False)
[DEBUG 16:33:26] git.cmd Popen(['git', 'diff', '--abbrev=40', '--full-index', '--raw'], cwd=/nfshomes/anirudhs/CMARL-Traffic, stdin=None, shell=False, universal_newlines=False)
[DEBUG 16:33:26] git.cmd Popen(['git', 'cat-file', '--batch-check'], cwd=/nfshomes/anirudhs/CMARL-Traffic, stdin=<valid stream>, shell=False, universal_newlines=False)
[DEBUG 16:33:26] git.cmd Popen(['git', 'diff', '--cached', '--abbrev=40', '--full-index', '--raw'], cwd=/nfshomes/anirudhs/CMARL-Traffic, stdin=None, shell=False, universal_newlines=False)
[DEBUG 16:33:26] git.cmd Popen(['git', 'diff', '--abbrev=40', '--full-index', '--raw'], cwd=/nfshomes/anirudhs/CMARL-Traffic, stdin=None, shell=False, universal_newlines=False)
[DEBUG 16:33:26] git.cmd Popen(['git', 'cat-file', '--batch-check'], cwd=/nfshomes/anirudhs/CMARL-Traffic, stdin=<valid stream>, shell=False, universal_newlines=False)
[DEBUG 16:33:26] git.cmd Popen(['git', 'diff', '--cached', '--abbrev=40', '--full-index', '--raw'], cwd=/nfshomes/anirudhs/CMARL-Traffic, stdin=None, shell=False, universal_newlines=False)
[DEBUG 16:33:26] git.cmd Popen(['git', 'diff', '--abbrev=40', '--full-index', '--raw'], cwd=/nfshomes/anirudhs/CMARL-Traffic, stdin=None, shell=False, universal_newlines=False)
[DEBUG 16:33:26] git.cmd Popen(['git', 'cat-file', '--batch-check'], cwd=/nfshomes/anirudhs/CMARL-Traffic, stdin=<valid stream>, shell=False, universal_newlines=False)
[INFO 16:33:26] root Saving to FileStorageObserver in /cmlscratch/anirudhs/ctraffic/results/sacred.
[DEBUG 16:33:27] ctraffic Using capture mode "fd"
threads unset, auto use 16 threads
[INFO 16:33:27] ctraffic Running command 'main'
[INFO 16:33:27] ctraffic Started run with ID "424"
[DEBUG 16:33:27] ctraffic Starting Heartbeat
[DEBUG 16:33:27] main Started
[INFO 16:33:27] main Experiment Parameters:
[INFO 16:33:28] main MDP Components:
[INFO 16:33:32] main Beginning training for 500000 timesteps
[INFO 16:36:17] main t_env: 5040 / 500000
[INFO 16:36:17] main Estimated time left: 4 hours, 28 minutes, 50 seconds. Time passed: 2 minutes, 44 seconds
[INFO 16:39:18] main t_env: 10080 / 500000
[INFO 16:39:18] main Estimated time left: 4 hours, 54 minutes, 14 seconds. Time passed: 5 minutes, 45 seconds
[INFO 16:39:29] main Recent Stats | t_env:      10080 | Episode:      216
agent_grad_norm:           0.0024	critic_grad_norm:         53.5717	critic_loss:               1.0582	pg_loss:                  -0.2890
q_taken_mean:              1.0265	target_mean:               0.9954	td_error_abs:              0.8745	
[INFO 16:42:18] main t_env: 15120 / 500000
[INFO 16:42:18] main Estimated time left: 4 hours, 47 minutes, 29 seconds. Time passed: 8 minutes, 45 seconds
[INFO 16:45:15] main t_env: 20160 / 500000
[INFO 16:45:15] main Estimated time left: 4 hours, 41 minutes, 1 seconds. Time passed: 11 minutes, 42 seconds
[INFO 16:45:26] main Recent Stats | t_env:      20160 | Episode:      440
agent_grad_norm:           0.0013	critic_grad_norm:         31.2144	critic_loss:               0.6201	pg_loss:                   0.3186
q_taken_mean:              1.0207	target_mean:               0.9751	td_error_abs:              0.5997	
[INFO 16:48:22] main t_env: 25200 / 500000
[INFO 16:48:22] main Estimated time left: 4 hours, 54 minutes, 33 seconds. Time passed: 14 minutes, 49 seconds
[INFO 16:51:23] main t_env: 30240 / 500000
[INFO 16:51:23] main Estimated time left: 4 hours, 41 minutes, 30 seconds. Time passed: 17 minutes, 51 seconds
[INFO 16:51:35] main Recent Stats | t_env:      30240 | Episode:      664
agent_grad_norm:           0.0005	critic_grad_norm:         29.0038	critic_loss:               0.4965	pg_loss:                   0.4663
q_taken_mean:              1.0459	target_mean:               0.9290	td_error_abs:              0.5313	
[INFO 16:54:26] main t_env: 35280 / 500000
[INFO 16:54:26] main Estimated time left: 4 hours, 40 minutes, 2 seconds. Time passed: 20 minutes, 53 seconds
[INFO 16:57:32] main t_env: 40320 / 500000
[INFO 16:57:32] main Estimated time left: 4 hours, 43 minutes, 14 seconds. Time passed: 23 minutes, 59 seconds
[INFO 16:57:43] main Recent Stats | t_env:      40320 | Episode:      888
agent_grad_norm:           0.0000	critic_grad_norm:         31.5193	critic_loss:               0.4495	pg_loss:                   0.5427
q_taken_mean:              0.9851	target_mean:               0.9973	td_error_abs:              0.5022	
[INFO 17:00:36] main t_env: 45360 / 500000
[INFO 17:00:36] main Estimated time left: 4 hours, 36 minutes, 33 seconds. Time passed: 27 minutes, 3 seconds
[INFO 17:03:37] main t_env: 50400 / 500000
[INFO 17:03:37] main Estimated time left: 4 hours, 29 minutes, 5 seconds. Time passed: 30 minutes, 4 seconds
[INFO 17:03:48] main Recent Stats | t_env:      50400 | Episode:     1112
agent_grad_norm:           0.0000	critic_grad_norm:         28.1192	critic_loss:               0.3765	pg_loss:                   0.4014
q_taken_mean:              0.8839	target_mean:               0.8769	td_error_abs:              0.4471	
[INFO 17:06:48] main t_env: 55440 / 500000
[INFO 17:06:48] main Estimated time left: 4 hours, 40 minutes, 32 seconds. Time passed: 33 minutes, 15 seconds
[INFO 17:09:52] main t_env: 60480 / 500000
[INFO 17:09:52] main Estimated time left: 4 hours, 28 minutes, 19 seconds. Time passed: 36 minutes, 20 seconds
[INFO 17:10:04] main Recent Stats | t_env:      60480 | Episode:     1336
agent_grad_norm:           0.0000	critic_grad_norm:         19.1923	critic_loss:               0.1784	pg_loss:                   0.3470
q_taken_mean:              0.7046	target_mean:               0.6918	td_error_abs:              0.3129	
[INFO 17:12:58] main t_env: 65520 / 500000
[INFO 17:12:58] main Estimated time left: 4 hours, 26 minutes, 46 seconds. Time passed: 39 minutes, 25 seconds
[INFO 17:16:15] main t_env: 70560 / 500000
[INFO 17:16:15] main Estimated time left: 4 hours, 40 minutes, 16 seconds. Time passed: 42 minutes, 43 seconds
[INFO 17:16:27] main Recent Stats | t_env:      70560 | Episode:     1560
agent_grad_norm:           0.0000	critic_grad_norm:         20.3796	critic_loss:               0.1606	pg_loss:                   0.0079
q_taken_mean:              0.4591	target_mean:               0.4373	td_error_abs:              0.2940	
[INFO 17:19:17] main t_env: 75600 / 500000
[INFO 17:19:17] main Estimated time left: 4 hours, 14 minutes, 17 seconds. Time passed: 45 minutes, 44 seconds
[INFO 17:22:29] main t_env: 80640 / 500000
[INFO 17:22:29] main Estimated time left: 4 hours, 26 minutes, 40 seconds. Time passed: 48 minutes, 56 seconds
[INFO 17:22:42] main Recent Stats | t_env:      80640 | Episode:     1784
agent_grad_norm:           0.0000	critic_grad_norm:         28.6882	critic_loss:               0.2809	pg_loss:                  -0.6629
q_taken_mean:             -0.1861	target_mean:              -0.0401	td_error_abs:              0.3723	
[INFO 17:25:33] main t_env: 85680 / 500000
[INFO 17:25:33] main Estimated time left: 4 hours, 12 minutes, 26 seconds. Time passed: 52 minutes, 0 seconds
[INFO 17:28:44] main t_env: 90720 / 500000
[INFO 17:28:44] main Estimated time left: 4 hours, 18 minutes, 15 seconds. Time passed: 55 minutes, 11 seconds
[INFO 17:28:55] main Recent Stats | t_env:      90720 | Episode:     2008
agent_grad_norm:           0.0000	critic_grad_norm:         31.7554	critic_loss:               0.2737	pg_loss:                  -1.3401
q_taken_mean:             -0.7738	target_mean:              -0.7778	td_error_abs:              0.3755	
[INFO 17:31:53] main t_env: 95760 / 500000
[INFO 17:31:53] main Estimated time left: 4 hours, 12 minutes, 6 seconds. Time passed: 58 minutes, 20 seconds
[INFO 17:35:06] main t_env: 100800 / 500000
[INFO 17:35:06] main Estimated time left: 4 hours, 14 minutes, 58 seconds. Time passed: 1 hours, 1 minutes, 33 seconds
[INFO 17:35:17] main Recent Stats | t_env:     100800 | Episode:     2232
agent_grad_norm:           0.0000	critic_grad_norm:         32.2173	critic_loss:               0.2903	pg_loss:                  -2.0879
q_taken_mean:             -1.5661	target_mean:              -1.5509	td_error_abs:              0.3950	
[INFO 17:38:18] main t_env: 105840 / 500000
[INFO 17:38:18] main Estimated time left: 4 hours, 10 minutes, 2 seconds. Time passed: 1 hours, 4 minutes, 45 seconds
[INFO 17:41:19] main t_env: 110880 / 500000
[INFO 17:41:19] main Estimated time left: 3 hours, 52 minutes, 58 seconds. Time passed: 1 hours, 7 minutes, 46 seconds
[INFO 17:41:30] main Recent Stats | t_env:     110880 | Episode:     2456
agent_grad_norm:           0.0000	critic_grad_norm:         35.6432	critic_loss:               0.3064	pg_loss:                  -2.8391
q_taken_mean:             -2.4093	target_mean:              -2.4069	td_error_abs:              0.4166	
[INFO 17:44:28] main t_env: 115920 / 500000
[INFO 17:44:28] main Estimated time left: 3 hours, 59 minutes, 59 seconds. Time passed: 1 hours, 10 minutes, 55 seconds
[INFO 17:47:34] main t_env: 120960 / 500000
[INFO 17:47:34] main Estimated time left: 3 hours, 53 minutes, 53 seconds. Time passed: 1 hours, 14 minutes, 1 seconds
[INFO 17:47:46] main Recent Stats | t_env:     120960 | Episode:     2680
agent_grad_norm:           0.0000	critic_grad_norm:         54.6961	critic_loss:               0.3875	pg_loss:                  -3.5361
q_taken_mean:             -3.0927	target_mean:              -3.1788	td_error_abs:              0.4958	
[INFO 17:50:50] main t_env: 126000 / 500000
[INFO 17:50:50] main Estimated time left: 4 hours, 1 minutes, 42 seconds. Time passed: 1 hours, 17 minutes, 17 seconds
[INFO 17:54:02] main t_env: 131040 / 500000
[INFO 17:54:02] main Estimated time left: 3 hours, 54 minutes, 18 seconds. Time passed: 1 hours, 20 minutes, 29 seconds
[INFO 17:54:16] main Recent Stats | t_env:     131040 | Episode:     2904
agent_grad_norm:           0.0000	critic_grad_norm:         54.2305	critic_loss:               0.2843	pg_loss:                  -4.0761
q_taken_mean:             -3.6119	target_mean:              -3.8473	td_error_abs:              0.4351	
[INFO 17:57:15] main t_env: 136080 / 500000
[INFO 17:57:15] main Estimated time left: 3 hours, 52 minutes, 11 seconds. Time passed: 1 hours, 23 minutes, 42 seconds
slurmstepd: error: *** JOB 3330106 ON vulcan33 CANCELLED AT 2024-11-13T17:57:21 ***
