Identity added: /nfshomes/anirudhs/.ssh/id_ecdsa (anirudhs@nexuscml00.umiacs.umd.edu)
Identity added: /nfshomes/anirudhs/.ssh/id_ed25519 (anirudh.satheesh@gmail.com)
[DEBUG 11:03:59] git.cmd Popen(['git', 'diff', '--cached', '--abbrev=40', '--full-index', '--raw'], cwd=/nfshomes/anirudhs/CMARL-Traffic, stdin=None, shell=False, universal_newlines=False)
[DEBUG 11:03:59] git.cmd Popen(['git', 'diff', '--abbrev=40', '--full-index', '--raw'], cwd=/nfshomes/anirudhs/CMARL-Traffic, stdin=None, shell=False, universal_newlines=False)
[DEBUG 11:04:00] git.cmd Popen(['git', 'cat-file', '--batch-check'], cwd=/nfshomes/anirudhs/CMARL-Traffic, stdin=<valid stream>, shell=False, universal_newlines=False)
[DEBUG 11:04:00] git.cmd Popen(['git', 'diff', '--cached', '--abbrev=40', '--full-index', '--raw'], cwd=/nfshomes/anirudhs/CMARL-Traffic, stdin=None, shell=False, universal_newlines=False)
[DEBUG 11:04:00] git.cmd Popen(['git', 'diff', '--abbrev=40', '--full-index', '--raw'], cwd=/nfshomes/anirudhs/CMARL-Traffic, stdin=None, shell=False, universal_newlines=False)
[DEBUG 11:04:00] git.cmd Popen(['git', 'cat-file', '--batch-check'], cwd=/nfshomes/anirudhs/CMARL-Traffic, stdin=<valid stream>, shell=False, universal_newlines=False)
[DEBUG 11:04:00] git.cmd Popen(['git', 'diff', '--cached', '--abbrev=40', '--full-index', '--raw'], cwd=/nfshomes/anirudhs/CMARL-Traffic, stdin=None, shell=False, universal_newlines=False)
[DEBUG 11:04:00] git.cmd Popen(['git', 'diff', '--abbrev=40', '--full-index', '--raw'], cwd=/nfshomes/anirudhs/CMARL-Traffic, stdin=None, shell=False, universal_newlines=False)
[DEBUG 11:04:00] git.cmd Popen(['git', 'cat-file', '--batch-check'], cwd=/nfshomes/anirudhs/CMARL-Traffic, stdin=<valid stream>, shell=False, universal_newlines=False)
[DEBUG 11:04:00] git.cmd Popen(['git', 'diff', '--cached', '--abbrev=40', '--full-index', '--raw'], cwd=/nfshomes/anirudhs/CMARL-Traffic, stdin=None, shell=False, universal_newlines=False)
[DEBUG 11:04:00] git.cmd Popen(['git', 'diff', '--abbrev=40', '--full-index', '--raw'], cwd=/nfshomes/anirudhs/CMARL-Traffic, stdin=None, shell=False, universal_newlines=False)
[DEBUG 11:04:00] git.cmd Popen(['git', 'cat-file', '--batch-check'], cwd=/nfshomes/anirudhs/CMARL-Traffic, stdin=<valid stream>, shell=False, universal_newlines=False)
[DEBUG 11:04:00] git.cmd Popen(['git', 'diff', '--cached', '--abbrev=40', '--full-index', '--raw'], cwd=/nfshomes/anirudhs/CMARL-Traffic, stdin=None, shell=False, universal_newlines=False)
[DEBUG 11:04:00] git.cmd Popen(['git', 'diff', '--abbrev=40', '--full-index', '--raw'], cwd=/nfshomes/anirudhs/CMARL-Traffic, stdin=None, shell=False, universal_newlines=False)
[DEBUG 11:04:00] git.cmd Popen(['git', 'cat-file', '--batch-check'], cwd=/nfshomes/anirudhs/CMARL-Traffic, stdin=<valid stream>, shell=False, universal_newlines=False)
[INFO 11:04:01] root Saving to FileStorageObserver in /cmlscratch/anirudhs/ctraffic/results/sacred.
[DEBUG 11:04:02] ctraffic Using capture mode "fd"
threads unset, auto use 24 threads
[INFO 11:04:02] ctraffic Running command 'main'
[INFO 11:04:03] ctraffic Started run with ID "237"
[DEBUG 11:04:03] ctraffic Starting Heartbeat
[DEBUG 11:04:03] main Started
[INFO 11:04:03] main Experiment Parameters:
[INFO 11:04:04] main MDP Components:
[INFO 11:04:09] main Beginning training for 500000 timesteps
[INFO 11:07:05] main t_env: 5040 / 500000
[INFO 11:07:05] main Estimated time left: 4 hours, 48 minutes, 11 seconds. Time passed: 2 minutes, 56 seconds
[INFO 11:10:21] main t_env: 10080 / 500000
[INFO 11:10:21] main Estimated time left: 5 hours, 16 minutes, 55 seconds. Time passed: 6 minutes, 11 seconds
[INFO 11:10:34] main Recent Stats | t_env:      10080 | Episode:      216
agent_grad_norm:           0.0013	critic_grad_norm:         37.3840	critic_loss:               1.0105	pg_loss:                  -1.0356
q_taken_mean:             -0.2415	target_mean:              -0.2398	td_error_abs:              0.8115	
[INFO 11:13:42] main t_env: 15120 / 500000
[INFO 11:13:42] main Estimated time left: 5 hours, 22 minutes, 59 seconds. Time passed: 9 minutes, 33 seconds
[INFO 11:17:03] main t_env: 20160 / 500000
[INFO 11:17:03] main Estimated time left: 5 hours, 17 minutes, 50 seconds. Time passed: 12 minutes, 53 seconds
[INFO 11:17:16] main Recent Stats | t_env:      20160 | Episode:      440
agent_grad_norm:           0.0007	critic_grad_norm:         27.2784	critic_loss:               0.6933	pg_loss:                  -0.4844
q_taken_mean:              0.1031	target_mean:               0.0213	td_error_abs:              0.6364	
[INFO 11:20:18] main t_env: 25200 / 500000
[INFO 11:20:18] main Estimated time left: 5 hours, 6 minutes, 13 seconds. Time passed: 16 minutes, 8 seconds
[INFO 11:23:32] main t_env: 30240 / 500000
[INFO 11:23:32] main Estimated time left: 5 hours, 1 minutes, 46 seconds. Time passed: 19 minutes, 22 seconds
[INFO 11:23:43] main Recent Stats | t_env:      30240 | Episode:      664
agent_grad_norm:           0.0003	critic_grad_norm:         22.4294	critic_loss:               0.5012	pg_loss:                  -0.2992
q_taken_mean:              0.1743	target_mean:               0.1411	td_error_abs:              0.5118	
[INFO 11:26:48] main t_env: 35280 / 500000
[INFO 11:26:48] main Estimated time left: 5 hours, 1 minutes, 8 seconds. Time passed: 22 minutes, 38 seconds
[INFO 11:30:05] main t_env: 40320 / 500000
[INFO 11:30:05] main Estimated time left: 4 hours, 58 minutes, 47 seconds. Time passed: 25 minutes, 55 seconds
[INFO 11:30:18] main Recent Stats | t_env:      40320 | Episode:      888
agent_grad_norm:           0.0000	critic_grad_norm:         25.4551	critic_loss:               0.4097	pg_loss:                  -0.4388
q_taken_mean:             -0.0325	target_mean:               0.0002	td_error_abs:              0.4575	
[INFO 11:33:19] main t_env: 45360 / 500000
[INFO 11:33:19] main Estimated time left: 4 hours, 53 minutes, 1 seconds. Time passed: 29 minutes, 10 seconds
[INFO 11:36:28] main t_env: 50400 / 500000
[INFO 11:36:28] main Estimated time left: 4 hours, 40 minutes, 13 seconds. Time passed: 32 minutes, 18 seconds
[INFO 11:36:40] main Recent Stats | t_env:      50400 | Episode:     1112
agent_grad_norm:           0.0000	critic_grad_norm:         59.7368	critic_loss:               0.5972	pg_loss:                  -0.5343
q_taken_mean:              0.0201	target_mean:              -0.1618	td_error_abs:              0.5824	
[INFO 11:39:46] main t_env: 55440 / 500000
[INFO 11:39:46] main Estimated time left: 4 hours, 50 minutes, 45 seconds. Time passed: 35 minutes, 36 seconds
[INFO 11:43:07] main t_env: 60480 / 500000
[INFO 11:43:07] main Estimated time left: 4 hours, 52 minutes, 7 seconds. Time passed: 38 minutes, 57 seconds
[INFO 11:43:19] main Recent Stats | t_env:      60480 | Episode:     1336
agent_grad_norm:           0.0000	critic_grad_norm:         70.5309	critic_loss:               0.4748	pg_loss:                  -0.4790
q_taken_mean:              0.1505	target_mean:              -0.1325	td_error_abs:              0.5297	
[INFO 11:46:23] main t_env: 65520 / 500000
[INFO 11:46:23] main Estimated time left: 4 hours, 41 minutes, 48 seconds. Time passed: 42 minutes, 13 seconds
[INFO 11:49:38] main t_env: 70560 / 500000
[INFO 11:49:38] main Estimated time left: 4 hours, 36 minutes, 27 seconds. Time passed: 45 minutes, 28 seconds
[INFO 11:49:50] main Recent Stats | t_env:      70560 | Episode:     1560
agent_grad_norm:           0.0000	critic_grad_norm:        109.2742	critic_loss:               0.7353	pg_loss:                  -1.1640
q_taken_mean:             -0.4721	target_mean:              -0.4738	td_error_abs:              0.6826	
[INFO 11:52:52] main t_env: 75600 / 500000
[INFO 11:52:52] main Estimated time left: 4 hours, 32 minutes, 10 seconds. Time passed: 48 minutes, 42 seconds
[INFO 11:56:10] main t_env: 80640 / 500000
[INFO 11:56:10] main Estimated time left: 4 hours, 35 minutes, 17 seconds. Time passed: 52 minutes, 0 seconds
[INFO 11:56:23] main Recent Stats | t_env:      80640 | Episode:     1784
agent_grad_norm:           0.0000	critic_grad_norm:        114.2724	critic_loss:               0.8020	pg_loss:                  -2.1803
q_taken_mean:             -1.4402	target_mean:              -1.4016	td_error_abs:              0.7217	
[INFO 11:59:26] main t_env: 85680 / 500000
[INFO 11:59:26] main Estimated time left: 4 hours, 28 minutes, 56 seconds. Time passed: 55 minutes, 16 seconds
[INFO 12:02:41] main t_env: 90720 / 500000
[INFO 12:02:41] main Estimated time left: 4 hours, 23 minutes, 16 seconds. Time passed: 58 minutes, 31 seconds
[INFO 12:02:53] main Recent Stats | t_env:      90720 | Episode:     2008
agent_grad_norm:           0.0000	critic_grad_norm:        110.6174	critic_loss:               0.8035	pg_loss:                  -3.2458
q_taken_mean:             -2.3951	target_mean:              -2.3914	td_error_abs:              0.7220	
[INFO 12:05:56] main t_env: 95760 / 500000
[INFO 12:05:56] main Estimated time left: 4 hours, 21 minutes, 29 seconds. Time passed: 1 hours, 1 minutes, 47 seconds
[INFO 12:09:15] main t_env: 100800 / 500000
[INFO 12:09:15] main Estimated time left: 4 hours, 22 minutes, 46 seconds. Time passed: 1 hours, 5 minutes, 6 seconds
[INFO 12:09:28] main Recent Stats | t_env:     100800 | Episode:     2232
agent_grad_norm:           0.0000	critic_grad_norm:         94.1532	critic_loss:               0.6232	pg_loss:                  -4.3044
q_taken_mean:             -3.6468	target_mean:              -3.3141	td_error_abs:              0.6269	
[INFO 12:12:30] main t_env: 105840 / 500000
[INFO 12:12:30] main Estimated time left: 4 hours, 13 minutes, 11 seconds. Time passed: 1 hours, 8 minutes, 20 seconds
[INFO 12:15:45] main t_env: 110880 / 500000
[INFO 12:15:45] main Estimated time left: 4 hours, 11 minutes, 51 seconds. Time passed: 1 hours, 11 minutes, 36 seconds
[INFO 12:15:58] main Recent Stats | t_env:     110880 | Episode:     2456
agent_grad_norm:           0.0000	critic_grad_norm:         88.5095	critic_loss:               0.6153	pg_loss:                  -5.1787
q_taken_mean:             -4.5958	target_mean:              -4.2254	td_error_abs:              0.5997	
[INFO 12:18:55] main t_env: 115920 / 500000
[INFO 12:18:55] main Estimated time left: 4 hours, 1 minutes, 16 seconds. Time passed: 1 hours, 14 minutes, 46 seconds
[INFO 12:22:10] main t_env: 120960 / 500000
[INFO 12:22:10] main Estimated time left: 4 hours, 3 minutes, 44 seconds. Time passed: 1 hours, 18 minutes, 0 seconds
[INFO 12:22:21] main Recent Stats | t_env:     120960 | Episode:     2680
agent_grad_norm:           0.0000	critic_grad_norm:         50.9452	critic_loss:               0.3066	pg_loss:                  -5.7063
q_taken_mean:             -5.1088	target_mean:              -5.0027	td_error_abs:              0.4094	
[INFO 12:25:24] main t_env: 126000 / 500000
[INFO 12:25:24] main Estimated time left: 3 hours, 59 minutes, 55 seconds. Time passed: 1 hours, 21 minutes, 14 seconds
[INFO 12:28:39] main t_env: 131040 / 500000
[INFO 12:28:39] main Estimated time left: 3 hours, 57 minutes, 53 seconds. Time passed: 1 hours, 24 minutes, 29 seconds
[INFO 12:28:52] main Recent Stats | t_env:     131040 | Episode:     2904
agent_grad_norm:           0.0000	critic_grad_norm:         47.5605	critic_loss:               0.2347	pg_loss:                  -5.7658
q_taken_mean:             -5.2695	target_mean:              -5.1855	td_error_abs:              0.3631	
[INFO 12:31:56] main t_env: 136080 / 500000
[INFO 12:31:56] main Estimated time left: 3 hours, 56 minutes, 46 seconds. Time passed: 1 hours, 27 minutes, 46 seconds
[INFO 12:35:13] main t_env: 141120 / 500000
[INFO 12:35:13] main Estimated time left: 3 hours, 54 minutes, 38 seconds. Time passed: 1 hours, 31 minutes, 4 seconds
[INFO 12:35:26] main Recent Stats | t_env:     141120 | Episode:     3128
agent_grad_norm:           0.0000	critic_grad_norm:        116.7462	critic_loss:               0.8733	pg_loss:                  -5.4861
q_taken_mean:             -5.0930	target_mean:              -5.3708	td_error_abs:              0.6623	
[INFO 12:38:30] main t_env: 146160 / 500000
[INFO 12:38:30] main Estimated time left: 3 hours, 50 minutes, 9 seconds. Time passed: 1 hours, 34 minutes, 20 seconds
[INFO 12:41:47] main t_env: 151200 / 500000
[INFO 12:41:47] main Estimated time left: 3 hours, 46 minutes, 54 seconds. Time passed: 1 hours, 37 minutes, 37 seconds
[INFO 12:41:59] main Recent Stats | t_env:     151200 | Episode:     3352
agent_grad_norm:           0.0000	critic_grad_norm:        109.5821	critic_loss:               0.8334	pg_loss:                  -5.7287
q_taken_mean:             -5.4512	target_mean:              -5.7615	td_error_abs:              0.6268	
[INFO 12:45:04] main t_env: 156240 / 500000
[INFO 12:45:04] main Estimated time left: 3 hours, 43 minutes, 41 seconds. Time passed: 1 hours, 40 minutes, 54 seconds
[INFO 12:48:22] main t_env: 161280 / 500000
[INFO 12:48:22] main Estimated time left: 3 hours, 42 minutes, 7 seconds. Time passed: 1 hours, 44 minutes, 12 seconds
[INFO 12:48:34] main Recent Stats | t_env:     161280 | Episode:     3576
agent_grad_norm:           0.0000	critic_grad_norm:        108.9184	critic_loss:               0.8157	pg_loss:                  -6.4594
q_taken_mean:             -6.3553	target_mean:              -6.5272	td_error_abs:              0.6247	
[INFO 12:51:40] main t_env: 166320 / 500000
[INFO 12:51:40] main Estimated time left: 3 hours, 38 minutes, 21 seconds. Time passed: 1 hours, 47 minutes, 30 seconds
[INFO 12:54:58] main t_env: 171360 / 500000
[INFO 12:54:58] main Estimated time left: 3 hours, 35 minutes, 36 seconds. Time passed: 1 hours, 50 minutes, 48 seconds
[INFO 12:55:11] main Recent Stats | t_env:     171360 | Episode:     3800
agent_grad_norm:           0.0000	critic_grad_norm:        112.6630	critic_loss:               0.8233	pg_loss:                  -7.0187
q_taken_mean:             -7.0843	target_mean:              -7.2060	td_error_abs:              0.6386	
[INFO 12:58:15] main t_env: 176400 / 500000
[INFO 12:58:15] main Estimated time left: 3 hours, 30 minutes, 32 seconds. Time passed: 1 hours, 54 minutes, 5 seconds
[INFO 13:01:32] main t_env: 181440 / 500000
[INFO 13:01:32] main Estimated time left: 3 hours, 27 minutes, 32 seconds. Time passed: 1 hours, 57 minutes, 22 seconds
[INFO 13:01:44] main Recent Stats | t_env:     181440 | Episode:     4024
agent_grad_norm:           0.0000	critic_grad_norm:        115.8536	critic_loss:               0.8262	pg_loss:                  -7.7975
q_taken_mean:             -7.8284	target_mean:              -8.0017	td_error_abs:              0.6432	
[INFO 13:04:51] main t_env: 186480 / 500000
[INFO 13:04:51] main Estimated time left: 3 hours, 26 minutes, 37 seconds. Time passed: 2 hours, 41 seconds
[INFO 13:08:09] main t_env: 191520 / 500000
[INFO 13:08:09] main Estimated time left: 3 hours, 22 minutes, 9 seconds. Time passed: 2 hours, 3 minutes, 59 seconds
[INFO 13:08:22] main Recent Stats | t_env:     191520 | Episode:     4248
agent_grad_norm:           0.0000	critic_grad_norm:         74.2977	critic_loss:               0.2904	pg_loss:                  -8.5580
q_taken_mean:             -8.6501	target_mean:              -8.6046	td_error_abs:              0.4278	
[INFO 13:11:22] main t_env: 196560 / 500000
[INFO 13:11:22] main Estimated time left: 3 hours, 13 minutes, 13 seconds. Time passed: 2 hours, 7 minutes, 12 seconds
[INFO 13:14:29] main t_env: 201600 / 500000
[INFO 13:14:29] main Estimated time left: 3 hours, 4 minutes, 52 seconds. Time passed: 2 hours, 10 minutes, 19 seconds
[INFO 13:14:42] main Recent Stats | t_env:     201600 | Episode:     4472
agent_grad_norm:           0.0000	critic_grad_norm:         75.4253	critic_loss:               0.2855	pg_loss:                  -8.7594
q_taken_mean:             -8.8280	target_mean:              -8.7958	td_error_abs:              0.4244	
[INFO 13:17:49] main t_env: 206640 / 500000
[INFO 13:17:49] main Estimated time left: 3 hours, 13 minutes, 18 seconds. Time passed: 2 hours, 13 minutes, 39 seconds
[INFO 13:21:06] main t_env: 211680 / 500000
[INFO 13:21:06] main Estimated time left: 3 hours, 8 minutes, 0 seconds. Time passed: 2 hours, 16 minutes, 56 seconds
[INFO 13:21:17] main Recent Stats | t_env:     211680 | Episode:     4696
agent_grad_norm:           0.0000	critic_grad_norm:         85.2465	critic_loss:               0.3107	pg_loss:                  -8.9949
q_taken_mean:             -9.0526	target_mean:              -8.9842	td_error_abs:              0.4471	
[INFO 13:24:20] main t_env: 216720 / 500000
[INFO 13:24:20] main Estimated time left: 3 hours, 2 minutes, 10 seconds. Time passed: 2 hours, 20 minutes, 10 seconds
[INFO 13:27:35] main t_env: 221760 / 500000
[INFO 13:27:35] main Estimated time left: 2 hours, 58 minutes, 50 seconds. Time passed: 2 hours, 23 minutes, 25 seconds
[INFO 13:27:47] main Recent Stats | t_env:     221760 | Episode:     4920
agent_grad_norm:           0.0000	critic_grad_norm:        126.1336	critic_loss:               0.4967	pg_loss:                  -9.1077
q_taken_mean:             -9.3143	target_mean:              -9.0714	td_error_abs:              0.5769	
[INFO 13:30:50] main t_env: 226800 / 500000
[INFO 13:30:50] main Estimated time left: 2 hours, 56 minutes, 31 seconds. Time passed: 2 hours, 26 minutes, 40 seconds
[INFO 13:34:07] main t_env: 231840 / 500000
[INFO 13:34:07] main Estimated time left: 2 hours, 55 minutes, 8 seconds. Time passed: 2 hours, 29 minutes, 58 seconds
[INFO 13:34:20] main Recent Stats | t_env:     231840 | Episode:     5144
agent_grad_norm:           0.0000	critic_grad_norm:        124.1825	critic_loss:               0.4928	pg_loss:                  -8.8186
q_taken_mean:             -9.2790	target_mean:              -8.9831	td_error_abs:              0.5730	
[INFO 13:37:20] main t_env: 236880 / 500000
[INFO 13:37:20] main Estimated time left: 2 hours, 47 minutes, 58 seconds. Time passed: 2 hours, 33 minutes, 11 seconds
[INFO 13:40:39] main t_env: 241920 / 500000
[INFO 13:40:39] main Estimated time left: 2 hours, 49 minutes, 4 seconds. Time passed: 2 hours, 36 minutes, 29 seconds
[INFO 13:40:51] main Recent Stats | t_env:     241920 | Episode:     5368
agent_grad_norm:           0.0000	critic_grad_norm:        116.3771	critic_loss:               0.4268	pg_loss:                  -8.3041
q_taken_mean:             -8.7810	target_mean:              -8.4242	td_error_abs:              0.5305	
[INFO 13:43:54] main t_env: 246960 / 500000
[INFO 13:43:54] main Estimated time left: 2 hours, 43 minutes, 5 seconds. Time passed: 2 hours, 39 minutes, 44 seconds
[INFO 13:47:10] main t_env: 252000 / 500000
[INFO 13:47:10] main Estimated time left: 2 hours, 41 minutes, 1 seconds. Time passed: 2 hours, 43 minutes, 0 seconds
[INFO 13:47:22] main Recent Stats | t_env:     252000 | Episode:     5592
agent_grad_norm:           0.0000	critic_grad_norm:        101.3511	critic_loss:               0.3995	pg_loss:                  -8.1784
q_taken_mean:             -8.5304	target_mean:              -8.2392	td_error_abs:              0.4922	
[INFO 13:50:27] main t_env: 257040 / 500000
[INFO 13:50:27] main Estimated time left: 2 hours, 38 minutes, 8 seconds. Time passed: 2 hours, 46 minutes, 17 seconds
[INFO 13:53:42] main t_env: 262080 / 500000
[INFO 13:53:42] main Estimated time left: 2 hours, 33 minutes, 26 seconds. Time passed: 2 hours, 49 minutes, 32 seconds
[INFO 13:53:54] main Recent Stats | t_env:     262080 | Episode:     5816
agent_grad_norm:           0.0000	critic_grad_norm:        131.5768	critic_loss:               0.5615	pg_loss:                  -8.1631
q_taken_mean:             -8.4988	target_mean:              -8.5159	td_error_abs:              0.5995	
[INFO 13:56:58] main t_env: 267120 / 500000
[INFO 13:56:58] main Estimated time left: 2 hours, 31 minutes, 30 seconds. Time passed: 2 hours, 52 minutes, 49 seconds
[INFO 14:00:14] main t_env: 272160 / 500000
[INFO 14:00:14] main Estimated time left: 2 hours, 27 minutes, 36 seconds. Time passed: 2 hours, 56 minutes, 5 seconds
[INFO 14:00:27] main Recent Stats | t_env:     272160 | Episode:     6040
agent_grad_norm:           0.0000	critic_grad_norm:        114.7504	critic_loss:               0.4551	pg_loss:                  -8.2626
q_taken_mean:             -8.4761	target_mean:              -8.5505	td_error_abs:              0.5409	
[INFO 14:03:29] main t_env: 277200 / 500000
[INFO 14:03:29] main Estimated time left: 2 hours, 23 minutes, 3 seconds. Time passed: 2 hours, 59 minutes, 19 seconds
[INFO 14:06:44] main t_env: 282240 / 500000
[INFO 14:06:44] main Estimated time left: 2 hours, 20 minutes, 41 seconds. Time passed: 3 hours, 2 minutes, 34 seconds
[INFO 14:06:56] main Recent Stats | t_env:     282240 | Episode:     6264
agent_grad_norm:           0.0000	critic_grad_norm:        145.0791	critic_loss:               0.5582	pg_loss:                  -8.6832
q_taken_mean:             -8.7243	target_mean:              -8.9610	td_error_abs:              0.6397	
[INFO 14:09:59] main t_env: 287280 / 500000
[INFO 14:09:59] main Estimated time left: 2 hours, 16 minutes, 53 seconds. Time passed: 3 hours, 5 minutes, 49 seconds
[INFO 14:13:16] main t_env: 292320 / 500000
[INFO 14:13:16] main Estimated time left: 2 hours, 15 minutes, 49 seconds. Time passed: 3 hours, 9 minutes, 6 seconds
[INFO 14:13:29] main Recent Stats | t_env:     292320 | Episode:     6488
agent_grad_norm:           0.0000	critic_grad_norm:        152.0258	critic_loss:               0.6391	pg_loss:                  -9.6502
q_taken_mean:             -9.5404	target_mean:              -9.8211	td_error_abs:              0.6715	
[INFO 14:16:35] main t_env: 297360 / 500000
[INFO 14:16:35] main Estimated time left: 2 hours, 12 minutes, 58 seconds. Time passed: 3 hours, 12 minutes, 25 seconds
[INFO 14:19:50] main t_env: 302400 / 500000
[INFO 14:19:50] main Estimated time left: 2 hours, 7 minutes, 42 seconds. Time passed: 3 hours, 15 minutes, 40 seconds
[INFO 14:20:03] main Recent Stats | t_env:     302400 | Episode:     6712
agent_grad_norm:           0.0000	critic_grad_norm:        183.5626	critic_loss:               0.7431	pg_loss:                 -10.4384
q_taken_mean:            -10.3892	target_mean:             -10.5274	td_error_abs:              0.7666	
[INFO 14:23:08] main t_env: 307440 / 500000
[INFO 14:23:08] main Estimated time left: 2 hours, 5 minutes, 40 seconds. Time passed: 3 hours, 18 minutes, 58 seconds
[INFO 14:26:25] main t_env: 312480 / 500000
[INFO 14:26:25] main Estimated time left: 2 hours, 2 minutes, 39 seconds. Time passed: 3 hours, 22 minutes, 16 seconds
[INFO 14:26:38] main Recent Stats | t_env:     312480 | Episode:     6936
agent_grad_norm:           0.0000	critic_grad_norm:        153.1750	critic_loss:               0.5595	pg_loss:                 -10.5033
q_taken_mean:            -10.3587	target_mean:             -10.3750	td_error_abs:              0.6471	
[INFO 14:29:38] main t_env: 317520 / 500000
[INFO 14:29:38] main Estimated time left: 1 hours, 56 minutes, 14 seconds. Time passed: 3 hours, 25 minutes, 28 seconds
[INFO 14:32:54] main t_env: 322560 / 500000
[INFO 14:32:54] main Estimated time left: 1 hours, 54 minutes, 49 seconds. Time passed: 3 hours, 28 minutes, 44 seconds
[INFO 14:33:06] main Recent Stats | t_env:     322560 | Episode:     7160
agent_grad_norm:           0.0000	critic_grad_norm:        126.4686	critic_loss:               0.4778	pg_loss:                 -10.8455
q_taken_mean:            -10.5498	target_mean:             -10.6995	td_error_abs:              0.5681	
[INFO 14:36:08] main t_env: 327600 / 500000
[INFO 14:36:08] main Estimated time left: 1 hours, 50 minutes, 48 seconds. Time passed: 3 hours, 31 minutes, 58 seconds
[INFO 14:39:27] main t_env: 332640 / 500000
[INFO 14:39:27] main Estimated time left: 1 hours, 50 minutes, 6 seconds. Time passed: 3 hours, 35 minutes, 17 seconds
[INFO 14:39:39] main Recent Stats | t_env:     332640 | Episode:     7384
agent_grad_norm:           0.0000	critic_grad_norm:        127.1657	critic_loss:               0.5176	pg_loss:                 -11.2171
q_taken_mean:            -10.9100	target_mean:             -11.0647	td_error_abs:              0.5772	
[INFO 14:42:46] main t_env: 337680 / 500000
[INFO 14:42:46] main Estimated time left: 1 hours, 46 minutes, 56 seconds. Time passed: 3 hours, 38 minutes, 36 seconds
[INFO 14:46:02] main t_env: 342720 / 500000
[INFO 14:46:02] main Estimated time left: 1 hours, 41 minutes, 56 seconds. Time passed: 3 hours, 41 minutes, 52 seconds
[INFO 14:46:15] main Recent Stats | t_env:     342720 | Episode:     7608
agent_grad_norm:           0.0000	critic_grad_norm:        135.5642	critic_loss:               0.4921	pg_loss:                 -11.5160
q_taken_mean:            -11.3922	target_mean:             -11.2764	td_error_abs:              0.5888	
[INFO 14:49:17] main t_env: 347760 / 500000
[INFO 14:49:17] main Estimated time left: 1 hours, 37 minutes, 48 seconds. Time passed: 3 hours, 45 minutes, 7 seconds
[INFO 14:52:32] main t_env: 352800 / 500000
[INFO 14:52:32] main Estimated time left: 1 hours, 35 minutes, 7 seconds. Time passed: 3 hours, 48 minutes, 22 seconds
[INFO 14:52:44] main Recent Stats | t_env:     352800 | Episode:     7832
agent_grad_norm:           0.0000	critic_grad_norm:        182.4441	critic_loss:               0.8367	pg_loss:                 -11.6918
q_taken_mean:            -11.7929	target_mean:             -11.5162	td_error_abs:              0.7468	
[INFO 14:55:49] main t_env: 357840 / 500000
[INFO 14:55:49] main Estimated time left: 1 hours, 32 minutes, 46 seconds. Time passed: 3 hours, 51 minutes, 39 seconds
[INFO 14:59:07] main t_env: 362880 / 500000
[INFO 14:59:07] main Estimated time left: 1 hours, 29 minutes, 39 seconds. Time passed: 3 hours, 54 minutes, 57 seconds
[INFO 14:59:20] main Recent Stats | t_env:     362880 | Episode:     8056
agent_grad_norm:           0.0000	critic_grad_norm:        172.7156	critic_loss:               0.8069	pg_loss:                 -11.9795
q_taken_mean:            -12.3490	target_mean:             -12.0303	td_error_abs:              0.7150	
[INFO 15:02:24] main t_env: 367920 / 500000
[INFO 15:02:24] main Estimated time left: 1 hours, 26 minutes, 0 seconds. Time passed: 3 hours, 58 minutes, 14 seconds
[INFO 15:05:41] main t_env: 372960 / 500000
[INFO 15:05:41] main Estimated time left: 1 hours, 22 minutes, 54 seconds. Time passed: 4 hours, 1 minutes, 31 seconds
[INFO 15:05:54] main Recent Stats | t_env:     372960 | Episode:     8280
agent_grad_norm:           0.0000	critic_grad_norm:        211.0844	critic_loss:               0.9233	pg_loss:                 -11.8516
q_taken_mean:            -12.4456	target_mean:             -12.2907	td_error_abs:              0.8170	
[INFO 15:08:59] main t_env: 378000 / 500000
[INFO 15:08:59] main Estimated time left: 1 hours, 19 minutes, 46 seconds. Time passed: 4 hours, 4 minutes, 49 seconds
[INFO 15:12:16] main t_env: 383040 / 500000
[INFO 15:12:16] main Estimated time left: 1 hours, 16 minutes, 22 seconds. Time passed: 4 hours, 8 minutes, 7 seconds
[INFO 15:12:28] main Recent Stats | t_env:     383040 | Episode:     8504
agent_grad_norm:           0.0000	critic_grad_norm:        212.5297	critic_loss:               0.9014	pg_loss:                 -11.9535
q_taken_mean:            -12.5845	target_mean:             -12.4274	td_error_abs:              0.8124	
[INFO 15:15:35] main t_env: 388080 / 500000
[INFO 15:15:35] main Estimated time left: 1 hours, 13 minutes, 20 seconds. Time passed: 4 hours, 11 minutes, 25 seconds
[INFO 15:18:53] main t_env: 393120 / 500000
[INFO 15:18:53] main Estimated time left: 1 hours, 10 minutes, 5 seconds. Time passed: 4 hours, 14 minutes, 43 seconds
[INFO 15:19:05] main Recent Stats | t_env:     393120 | Episode:     8728
agent_grad_norm:           0.0000	critic_grad_norm:        217.6737	critic_loss:               0.9586	pg_loss:                 -12.0173
q_taken_mean:            -12.4975	target_mean:             -12.6203	td_error_abs:              0.8419	
[INFO 15:22:09] main t_env: 398160 / 500000
[INFO 15:22:09] main Estimated time left: 1 hours, 5 minutes, 53 seconds. Time passed: 4 hours, 17 minutes, 59 seconds
[INFO 15:25:27] main t_env: 403200 / 500000
[INFO 15:25:27] main Estimated time left: 1 hours, 3 minutes, 34 seconds. Time passed: 4 hours, 21 minutes, 17 seconds
[INFO 15:25:40] main Recent Stats | t_env:     403200 | Episode:     8952
agent_grad_norm:           0.0000	critic_grad_norm:        177.5425	critic_loss:               0.6519	pg_loss:                 -11.8133
q_taken_mean:            -12.3322	target_mean:             -12.5950	td_error_abs:              0.7030	
[INFO 15:28:45] main t_env: 408240 / 500000
[INFO 15:28:45] main Estimated time left: 59 minutes, 56 seconds. Time passed: 4 hours, 24 minutes, 35 seconds
[INFO 15:32:01] main t_env: 413280 / 500000
[INFO 15:32:01] main Estimated time left: 56 minutes, 12 seconds. Time passed: 4 hours, 27 minutes, 51 seconds
[INFO 15:32:13] main Recent Stats | t_env:     413280 | Episode:     9176
agent_grad_norm:           0.0000	critic_grad_norm:        171.2688	critic_loss:               0.6455	pg_loss:                 -11.6241
q_taken_mean:            -12.0484	target_mean:             -12.2395	td_error_abs:              0.6942	
[INFO 15:35:17] main t_env: 418320 / 500000
[INFO 15:35:17] main Estimated time left: 52 minutes, 52 seconds. Time passed: 4 hours, 31 minutes, 7 seconds
[INFO 15:38:32] main t_env: 423360 / 500000
[INFO 15:38:32] main Estimated time left: 49 minutes, 25 seconds. Time passed: 4 hours, 34 minutes, 22 seconds
[INFO 15:38:44] main Recent Stats | t_env:     423360 | Episode:     9400
agent_grad_norm:           0.0000	critic_grad_norm:        134.2497	critic_loss:               0.5176	pg_loss:                 -11.7103
q_taken_mean:            -11.8631	target_mean:             -11.9173	td_error_abs:              0.5825	
[INFO 15:41:48] main t_env: 428400 / 500000
[INFO 15:41:48] main Estimated time left: 46 minutes, 28 seconds. Time passed: 4 hours, 37 minutes, 38 seconds
[INFO 15:45:04] main t_env: 433440 / 500000
[INFO 15:45:04] main Estimated time left: 43 minutes, 12 seconds. Time passed: 4 hours, 40 minutes, 54 seconds
[INFO 15:45:17] main Recent Stats | t_env:     433440 | Episode:     9624
agent_grad_norm:           0.0000	critic_grad_norm:        137.1150	critic_loss:               0.5144	pg_loss:                 -11.5802
q_taken_mean:            -11.7586	target_mean:             -11.5108	td_error_abs:              0.5858	
[INFO 15:48:22] main t_env: 438480 / 500000
[INFO 15:48:22] main Estimated time left: 40 minutes, 19 seconds. Time passed: 4 hours, 44 minutes, 13 seconds
[INFO 15:51:40] main t_env: 443520 / 500000
[INFO 15:51:40] main Estimated time left: 36 minutes, 52 seconds. Time passed: 4 hours, 47 minutes, 30 seconds
[INFO 15:51:52] main Recent Stats | t_env:     443520 | Episode:     9848
agent_grad_norm:           0.0000	critic_grad_norm:        103.6475	critic_loss:               0.3590	pg_loss:                 -11.5864
q_taken_mean:            -11.7531	target_mean:             -11.4006	td_error_abs:              0.4658	
[INFO 15:54:57] main t_env: 448560 / 500000
[INFO 15:54:57] main Estimated time left: 33 minutes, 37 seconds. Time passed: 4 hours, 50 minutes, 48 seconds
[INFO 15:58:13] main t_env: 453600 / 500000
[INFO 15:58:13] main Estimated time left: 30 minutes, 4 seconds. Time passed: 4 hours, 54 minutes, 4 seconds
[INFO 15:58:26] main Recent Stats | t_env:     453600 | Episode:    10072
agent_grad_norm:           0.0000	critic_grad_norm:         82.9640	critic_loss:               0.2787	pg_loss:                 -11.5823
q_taken_mean:            -11.6832	target_mean:             -11.4081	td_error_abs:              0.3999	
[INFO 16:01:23] main t_env: 458640 / 500000
[INFO 16:01:23] main Estimated time left: 25 minutes, 53 seconds. Time passed: 4 hours, 57 minutes, 13 seconds
[INFO 16:04:41] main t_env: 463680 / 500000
[INFO 16:04:41] main Estimated time left: 23 minutes, 49 seconds. Time passed: 5 hours, 31 seconds
[INFO 16:04:54] main Recent Stats | t_env:     463680 | Episode:    10296
agent_grad_norm:           0.0000	critic_grad_norm:         85.0205	critic_loss:               0.2789	pg_loss:                 -11.6427
q_taken_mean:            -11.9029	target_mean:             -11.6259	td_error_abs:              0.4024	
[INFO 16:07:57] main t_env: 468720 / 500000
[INFO 16:07:57] main Estimated time left: 20 minutes, 18 seconds. Time passed: 5 hours, 3 minutes, 48 seconds
[INFO 16:11:13] main t_env: 473760 / 500000
[INFO 16:11:13] main Estimated time left: 16 minutes, 59 seconds. Time passed: 5 hours, 7 minutes, 3 seconds
[INFO 16:11:25] main Recent Stats | t_env:     473760 | Episode:    10520
agent_grad_norm:           0.0000	critic_grad_norm:         85.4359	critic_loss:               0.2856	pg_loss:                 -11.5643
q_taken_mean:            -12.0344	target_mean:             -11.7453	td_error_abs:              0.4105	
[INFO 16:14:26] main t_env: 478800 / 500000
[INFO 16:14:26] main Estimated time left: 13 minutes, 30 seconds. Time passed: 5 hours, 10 minutes, 16 seconds
[INFO 16:17:44] main t_env: 483840 / 500000
[INFO 16:17:44] main Estimated time left: 10 minutes, 34 seconds. Time passed: 5 hours, 13 minutes, 34 seconds
[INFO 16:17:56] main Recent Stats | t_env:     483840 | Episode:    10744
agent_grad_norm:           0.0000	critic_grad_norm:         72.5707	critic_loss:               0.2339	pg_loss:                 -11.9496
q_taken_mean:            -12.3906	target_mean:             -12.1466	td_error_abs:              0.3668	
[INFO 16:21:02] main t_env: 488880 / 500000
[INFO 16:21:02] main Estimated time left: 7 minutes, 17 seconds. Time passed: 5 hours, 16 minutes, 52 seconds
[INFO 16:24:20] main t_env: 493920 / 500000
[INFO 16:24:20] main Estimated time left: 3 minutes, 58 seconds. Time passed: 5 hours, 20 minutes, 10 seconds
[INFO 16:24:32] main Recent Stats | t_env:     493920 | Episode:    10968
agent_grad_norm:           0.0000	critic_grad_norm:         66.3358	critic_loss:               0.2347	pg_loss:                 -11.8728
q_taken_mean:            -12.5228	target_mean:             -12.2342	td_error_abs:              0.3658	
slurmstepd: error: *** JOB 3321186 ON tron46 CANCELLED AT 2024-11-12T16:25:59 ***
