[DEBUG 12:33:54] git.cmd Popen(['git', 'diff', '--cached', '--abbrev=40', '--full-index', '--raw'], cwd=/nfshomes/anirudhs/CMARL-Traffic, stdin=None, shell=False, universal_newlines=False)
[DEBUG 12:33:54] git.cmd Popen(['git', 'diff', '--abbrev=40', '--full-index', '--raw'], cwd=/nfshomes/anirudhs/CMARL-Traffic, stdin=None, shell=False, universal_newlines=False)
[DEBUG 12:33:54] git.cmd Popen(['git', 'cat-file', '--batch-check'], cwd=/nfshomes/anirudhs/CMARL-Traffic, stdin=<valid stream>, shell=False, universal_newlines=False)
[DEBUG 12:33:54] git.cmd Popen(['git', 'diff', '--cached', '--abbrev=40', '--full-index', '--raw'], cwd=/nfshomes/anirudhs/CMARL-Traffic, stdin=None, shell=False, universal_newlines=False)
[DEBUG 12:33:54] git.cmd Popen(['git', 'diff', '--abbrev=40', '--full-index', '--raw'], cwd=/nfshomes/anirudhs/CMARL-Traffic, stdin=None, shell=False, universal_newlines=False)
[DEBUG 12:33:54] git.cmd Popen(['git', 'cat-file', '--batch-check'], cwd=/nfshomes/anirudhs/CMARL-Traffic, stdin=<valid stream>, shell=False, universal_newlines=False)
[DEBUG 12:33:54] git.cmd Popen(['git', 'diff', '--cached', '--abbrev=40', '--full-index', '--raw'], cwd=/nfshomes/anirudhs/CMARL-Traffic, stdin=None, shell=False, universal_newlines=False)
[DEBUG 12:33:54] git.cmd Popen(['git', 'diff', '--abbrev=40', '--full-index', '--raw'], cwd=/nfshomes/anirudhs/CMARL-Traffic, stdin=None, shell=False, universal_newlines=False)
[DEBUG 12:33:54] git.cmd Popen(['git', 'cat-file', '--batch-check'], cwd=/nfshomes/anirudhs/CMARL-Traffic, stdin=<valid stream>, shell=False, universal_newlines=False)
[DEBUG 12:33:54] git.cmd Popen(['git', 'diff', '--cached', '--abbrev=40', '--full-index', '--raw'], cwd=/nfshomes/anirudhs/CMARL-Traffic, stdin=None, shell=False, universal_newlines=False)
[DEBUG 12:33:54] git.cmd Popen(['git', 'diff', '--abbrev=40', '--full-index', '--raw'], cwd=/nfshomes/anirudhs/CMARL-Traffic, stdin=None, shell=False, universal_newlines=False)
[DEBUG 12:33:54] git.cmd Popen(['git', 'cat-file', '--batch-check'], cwd=/nfshomes/anirudhs/CMARL-Traffic, stdin=<valid stream>, shell=False, universal_newlines=False)
[DEBUG 12:33:54] git.cmd Popen(['git', 'diff', '--cached', '--abbrev=40', '--full-index', '--raw'], cwd=/nfshomes/anirudhs/CMARL-Traffic, stdin=None, shell=False, universal_newlines=False)
[DEBUG 12:33:55] git.cmd Popen(['git', 'diff', '--abbrev=40', '--full-index', '--raw'], cwd=/nfshomes/anirudhs/CMARL-Traffic, stdin=None, shell=False, universal_newlines=False)
[DEBUG 12:33:55] git.cmd Popen(['git', 'cat-file', '--batch-check'], cwd=/nfshomes/anirudhs/CMARL-Traffic, stdin=<valid stream>, shell=False, universal_newlines=False)
[INFO 12:33:56] root Saving to FileStorageObserver in /cmlscratch/anirudhs/ctraffic/results/sacred.
[DEBUG 12:33:58] ctraffic Using capture mode "fd"
threads unset, auto use 24 threads
[INFO 12:33:58] ctraffic Running command 'main'
[INFO 12:34:00] ctraffic Started run with ID "257"
[DEBUG 12:34:00] ctraffic Starting Heartbeat
[DEBUG 12:34:00] main Started
[INFO 12:34:00] main Experiment Parameters:
[INFO 12:34:02] main MDP Components:
[INFO 12:34:07] main Beginning training for 500000 timesteps
[INFO 12:41:33] main t_env: 5040 / 500000
[INFO 12:41:33] main Estimated time left: 12 hours, 8 minutes, 45 seconds. Time passed: 7 minutes, 25 seconds
[INFO 12:49:18] main t_env: 10080 / 500000
[INFO 12:49:18] main Estimated time left: 12 hours, 33 minutes, 16 seconds. Time passed: 15 minutes, 10 seconds
[INFO 12:49:46] main Recent Stats | t_env:      10080 | Episode:      216
agent_grad_norm:           0.0008	critic_grad_norm:         31.9527	critic_loss:               0.9934	pg_loss:                   0.9713
q_taken_mean:              0.1510	target_mean:               0.1402	td_error_abs:              0.8619	
[INFO 12:56:49] main t_env: 15120 / 500000
[INFO 12:56:49] main Estimated time left: 12 hours, 3 minutes, 3 seconds. Time passed: 22 minutes, 41 seconds
[INFO 13:04:37] main t_env: 20160 / 500000
[INFO 13:04:37] main Estimated time left: 12 hours, 22 minutes, 59 seconds. Time passed: 30 minutes, 29 seconds
[INFO 13:05:06] main Recent Stats | t_env:      20160 | Episode:      440
agent_grad_norm:           0.0004	critic_grad_norm:         22.3046	critic_loss:               0.5720	pg_loss:                   0.4204
q_taken_mean:              0.2547	target_mean:               0.2194	td_error_abs:              0.5936	
[INFO 13:12:18] main t_env: 25200 / 500000
[INFO 13:12:18] main Estimated time left: 12 hours, 4 minutes, 25 seconds. Time passed: 38 minutes, 10 seconds
[INFO 13:20:15] main t_env: 30240 / 500000
[INFO 13:20:15] main Estimated time left: 12 hours, 20 minutes, 58 seconds. Time passed: 46 minutes, 7 seconds
[INFO 13:20:45] main Recent Stats | t_env:      30240 | Episode:      664
agent_grad_norm:           0.0002	critic_grad_norm:         26.1600	critic_loss:               0.4216	pg_loss:                  -0.0181
q_taken_mean:             -0.0690	target_mean:              -0.0292	td_error_abs:              0.4890	
[INFO 13:28:19] main t_env: 35280 / 500000
[INFO 13:28:19] main Estimated time left: 12 hours, 22 minutes, 43 seconds. Time passed: 54 minutes, 11 seconds
[INFO 13:36:09] main t_env: 40320 / 500000
[INFO 13:36:09] main Estimated time left: 11 hours, 54 minutes, 23 seconds. Time passed: 1 hours, 2 minutes, 1 seconds
[INFO 13:36:39] main Recent Stats | t_env:      40320 | Episode:      888
agent_grad_norm:           0.0000	critic_grad_norm:         21.1020	critic_loss:               0.3318	pg_loss:                  -0.2127
q_taken_mean:             -0.1649	target_mean:              -0.1380	td_error_abs:              0.4160	
[INFO 13:43:57] main t_env: 45360 / 500000
[INFO 13:43:57] main Estimated time left: 11 hours, 44 minutes, 28 seconds. Time passed: 1 hours, 9 minutes, 49 seconds
[INFO 13:51:53] main t_env: 50400 / 500000
[INFO 13:51:53] main Estimated time left: 11 hours, 47 minutes, 6 seconds. Time passed: 1 hours, 17 minutes, 45 seconds
[INFO 13:52:23] main Recent Stats | t_env:      50400 | Episode:     1112
agent_grad_norm:           0.0000	critic_grad_norm:         31.1721	critic_loss:               0.3516	pg_loss:                  -0.4481
q_taken_mean:             -0.4149	target_mean:              -0.2964	td_error_abs:              0.4435	
[INFO 13:59:45] main t_env: 55440 / 500000
[INFO 13:59:45] main Estimated time left: 11 hours, 34 minutes, 52 seconds. Time passed: 1 hours, 25 minutes, 37 seconds
[INFO 14:07:26] main t_env: 60480 / 500000
[INFO 14:07:26] main Estimated time left: 11 hours, 8 minutes, 56 seconds. Time passed: 1 hours, 33 minutes, 18 seconds
[INFO 14:07:58] main Recent Stats | t_env:      60480 | Episode:     1336
agent_grad_norm:           0.0000	critic_grad_norm:         34.0664	critic_loss:               0.1759	pg_loss:                  -1.0266
q_taken_mean:             -0.7731	target_mean:              -0.5992	td_error_abs:              0.3284	
[INFO 14:15:35] main t_env: 65520 / 500000
[INFO 14:15:35] main Estimated time left: 11 hours, 42 minutes, 46 seconds. Time passed: 1 hours, 41 minutes, 27 seconds
[INFO 14:24:21] main t_env: 70560 / 500000
[INFO 14:24:21] main Estimated time left: 12 hours, 28 minutes, 2 seconds. Time passed: 1 hours, 50 minutes, 14 seconds
[INFO 14:24:51] main Recent Stats | t_env:      70560 | Episode:     1560
agent_grad_norm:           0.0000	critic_grad_norm:         70.8633	critic_loss:               0.3817	pg_loss:                  -1.2705
q_taken_mean:             -1.0742	target_mean:              -1.0959	td_error_abs:              0.4771	
[INFO 14:31:58] main t_env: 75600 / 500000
[INFO 14:31:58] main Estimated time left: 10 hours, 40 minutes, 28 seconds. Time passed: 1 hours, 57 minutes, 50 seconds
[INFO 14:40:36] main t_env: 80640 / 500000
[INFO 14:40:36] main Estimated time left: 11 hours, 58 minutes, 31 seconds. Time passed: 2 hours, 6 minutes, 28 seconds
[INFO 14:41:07] main Recent Stats | t_env:      80640 | Episode:     1784
agent_grad_norm:           0.0000	critic_grad_norm:         73.9831	critic_loss:               0.4260	pg_loss:                  -1.8797
q_taken_mean:             -1.4499	target_mean:              -1.5230	td_error_abs:              0.5192	
[INFO 14:48:32] main t_env: 85680 / 500000
[INFO 14:48:32] main Estimated time left: 10 hours, 52 minutes, 25 seconds. Time passed: 2 hours, 14 minutes, 24 seconds
[INFO 14:56:12] main t_env: 90720 / 500000
[INFO 14:56:12] main Estimated time left: 10 hours, 22 minutes, 9 seconds. Time passed: 2 hours, 22 minutes, 4 seconds
[INFO 14:56:44] main Recent Stats | t_env:      90720 | Episode:     2008
agent_grad_norm:           0.0000	critic_grad_norm:         77.3636	critic_loss:               0.4432	pg_loss:                  -2.8674
q_taken_mean:             -2.2610	target_mean:              -2.3378	td_error_abs:              0.5407	
[INFO 15:04:26] main t_env: 95760 / 500000
[INFO 15:04:26] main Estimated time left: 11 hours, 14 seconds. Time passed: 2 hours, 30 minutes, 18 seconds
[INFO 15:12:12] main t_env: 100800 / 500000
[INFO 15:12:12] main Estimated time left: 10 hours, 15 minutes, 3 seconds. Time passed: 2 hours, 38 minutes, 4 seconds
[INFO 15:12:41] main Recent Stats | t_env:     100800 | Episode:     2232
agent_grad_norm:           0.0000	critic_grad_norm:         97.5377	critic_loss:               0.5067	pg_loss:                  -3.9495
q_taken_mean:             -3.2464	target_mean:              -3.2636	td_error_abs:              0.5768	
[INFO 15:20:05] main t_env: 105840 / 500000
[INFO 15:20:05] main Estimated time left: 10 hours, 17 minutes, 34 seconds. Time passed: 2 hours, 45 minutes, 57 seconds
[INFO 15:27:44] main t_env: 110880 / 500000
[INFO 15:27:44] main Estimated time left: 9 hours, 50 minutes, 25 seconds. Time passed: 2 hours, 53 minutes, 36 seconds
[INFO 15:28:13] main Recent Stats | t_env:     110880 | Episode:     2456
agent_grad_norm:           0.0000	critic_grad_norm:        104.0164	critic_loss:               0.5251	pg_loss:                  -4.7994
q_taken_mean:             -4.1936	target_mean:              -4.1855	td_error_abs:              0.5942	
[INFO 15:35:01] main t_env: 115920 / 500000
[INFO 15:35:01] main Estimated time left: 9 hours, 15 minutes, 4 seconds. Time passed: 3 hours, 53 seconds
[INFO 15:42:19] main t_env: 120960 / 500000
[INFO 15:42:19] main Estimated time left: 9 hours, 8 minutes, 8 seconds. Time passed: 3 hours, 8 minutes, 11 seconds
[INFO 15:42:47] main Recent Stats | t_env:     120960 | Episode:     2680
agent_grad_norm:           0.0000	critic_grad_norm:         71.2566	critic_loss:               0.3248	pg_loss:                  -5.9436
q_taken_mean:             -5.4353	target_mean:              -5.1767	td_error_abs:              0.4509	
[INFO 15:49:40] main t_env: 126000 / 500000
[INFO 15:49:40] main Estimated time left: 9 hours, 5 minutes, 51 seconds. Time passed: 3 hours, 15 minutes, 32 seconds
[INFO 15:56:59] main t_env: 131040 / 500000
[INFO 15:56:59] main Estimated time left: 8 hours, 56 minutes, 10 seconds. Time passed: 3 hours, 22 minutes, 51 seconds
[INFO 15:57:28] main Recent Stats | t_env:     131040 | Episode:     2904
agent_grad_norm:           0.0000	critic_grad_norm:         76.4288	critic_loss:               0.2941	pg_loss:                  -6.7456
q_taken_mean:             -6.2139	target_mean:              -5.9916	td_error_abs:              0.4250	
[INFO 16:04:20] main t_env: 136080 / 500000
[INFO 16:04:20] main Estimated time left: 8 hours, 50 minutes, 15 seconds. Time passed: 3 hours, 30 minutes, 12 seconds
[INFO 16:11:38] main t_env: 141120 / 500000
[INFO 16:11:38] main Estimated time left: 8 hours, 39 minutes, 22 seconds. Time passed: 3 hours, 37 minutes, 30 seconds
[INFO 16:12:06] main Recent Stats | t_env:     141120 | Episode:     3128
agent_grad_norm:           0.0000	critic_grad_norm:         84.6523	critic_loss:               0.2953	pg_loss:                  -7.2527
q_taken_mean:             -6.7794	target_mean:              -6.5959	td_error_abs:              0.4297	
[INFO 16:18:57] main t_env: 146160 / 500000
[INFO 16:18:57] main Estimated time left: 8 hours, 34 minutes, 17 seconds. Time passed: 3 hours, 44 minutes, 49 seconds
slurmstepd: error: *** JOB 3323380 ON tron57 CANCELLED AT 2024-11-12T16:25:59 ***
