Identity added: /nfshomes/anirudhs/.ssh/id_ecdsa (anirudhs@nexuscml00.umiacs.umd.edu)
Identity added: /nfshomes/anirudhs/.ssh/id_ed25519 (anirudh.satheesh@gmail.com)
[DEBUG 13:07:28] git.cmd Popen(['git', 'diff', '--cached', '--abbrev=40', '--full-index', '--raw'], cwd=/nfshomes/anirudhs/CMARL-Traffic, stdin=None, shell=False, universal_newlines=False)
[DEBUG 13:07:28] git.cmd Popen(['git', 'diff', '--abbrev=40', '--full-index', '--raw'], cwd=/nfshomes/anirudhs/CMARL-Traffic, stdin=None, shell=False, universal_newlines=False)
[DEBUG 13:07:28] git.cmd Popen(['git', 'cat-file', '--batch-check'], cwd=/nfshomes/anirudhs/CMARL-Traffic, stdin=<valid stream>, shell=False, universal_newlines=False)
[DEBUG 13:07:28] git.cmd Popen(['git', 'diff', '--cached', '--abbrev=40', '--full-index', '--raw'], cwd=/nfshomes/anirudhs/CMARL-Traffic, stdin=None, shell=False, universal_newlines=False)
[DEBUG 13:07:28] git.cmd Popen(['git', 'diff', '--abbrev=40', '--full-index', '--raw'], cwd=/nfshomes/anirudhs/CMARL-Traffic, stdin=None, shell=False, universal_newlines=False)
[DEBUG 13:07:29] git.cmd Popen(['git', 'cat-file', '--batch-check'], cwd=/nfshomes/anirudhs/CMARL-Traffic, stdin=<valid stream>, shell=False, universal_newlines=False)
[DEBUG 13:07:29] git.cmd Popen(['git', 'diff', '--cached', '--abbrev=40', '--full-index', '--raw'], cwd=/nfshomes/anirudhs/CMARL-Traffic, stdin=None, shell=False, universal_newlines=False)
[DEBUG 13:07:29] git.cmd Popen(['git', 'diff', '--abbrev=40', '--full-index', '--raw'], cwd=/nfshomes/anirudhs/CMARL-Traffic, stdin=None, shell=False, universal_newlines=False)
[DEBUG 13:07:29] git.cmd Popen(['git', 'cat-file', '--batch-check'], cwd=/nfshomes/anirudhs/CMARL-Traffic, stdin=<valid stream>, shell=False, universal_newlines=False)
[DEBUG 13:07:29] git.cmd Popen(['git', 'diff', '--cached', '--abbrev=40', '--full-index', '--raw'], cwd=/nfshomes/anirudhs/CMARL-Traffic, stdin=None, shell=False, universal_newlines=False)
[DEBUG 13:07:29] git.cmd Popen(['git', 'diff', '--abbrev=40', '--full-index', '--raw'], cwd=/nfshomes/anirudhs/CMARL-Traffic, stdin=None, shell=False, universal_newlines=False)
[DEBUG 13:07:29] git.cmd Popen(['git', 'cat-file', '--batch-check'], cwd=/nfshomes/anirudhs/CMARL-Traffic, stdin=<valid stream>, shell=False, universal_newlines=False)
[DEBUG 13:07:29] git.cmd Popen(['git', 'diff', '--cached', '--abbrev=40', '--full-index', '--raw'], cwd=/nfshomes/anirudhs/CMARL-Traffic, stdin=None, shell=False, universal_newlines=False)
[DEBUG 13:07:29] git.cmd Popen(['git', 'diff', '--abbrev=40', '--full-index', '--raw'], cwd=/nfshomes/anirudhs/CMARL-Traffic, stdin=None, shell=False, universal_newlines=False)
[DEBUG 13:07:29] git.cmd Popen(['git', 'cat-file', '--batch-check'], cwd=/nfshomes/anirudhs/CMARL-Traffic, stdin=<valid stream>, shell=False, universal_newlines=False)
[INFO 13:07:31] root Saving to FileStorageObserver in /cmlscratch/anirudhs/ctraffic/results/sacred.
[DEBUG 13:07:32] ctraffic Using capture mode "fd"
threads unset, auto use 24 threads
[INFO 13:07:33] ctraffic Running command 'main'
[INFO 13:07:34] ctraffic Started run with ID "268"
[DEBUG 13:07:34] ctraffic Starting Heartbeat
[DEBUG 13:07:34] main Started
[INFO 13:07:35] main Experiment Parameters:
[INFO 13:07:37] main MDP Components:
[INFO 13:07:43] main Beginning training for 500000 timesteps
[INFO 13:14:52] main t_env: 5040 / 500000
[INFO 13:14:52] main Estimated time left: 11 hours, 42 minutes, 9 seconds. Time passed: 7 minutes, 8 seconds
[INFO 13:22:36] main t_env: 10080 / 500000
[INFO 13:22:36] main Estimated time left: 12 hours, 32 minutes, 55 seconds. Time passed: 14 minutes, 53 seconds
[INFO 13:23:05] main Recent Stats | t_env:      10080 | Episode:      216
agent_grad_norm:           0.0013	critic_grad_norm:         31.2785	critic_loss:               1.0100	pg_loss:                   0.9114
q_taken_mean:              0.1591	target_mean:               0.1687	td_error_abs:              0.8658	
[INFO 13:30:20] main t_env: 15120 / 500000
[INFO 13:30:20] main Estimated time left: 12 hours, 23 minutes, 39 seconds. Time passed: 22 minutes, 37 seconds
[INFO 13:38:07] main t_env: 20160 / 500000
[INFO 13:38:07] main Estimated time left: 12 hours, 20 minutes, 30 seconds. Time passed: 30 minutes, 24 seconds
[INFO 13:38:37] main Recent Stats | t_env:      20160 | Episode:      440
agent_grad_norm:           0.0007	critic_grad_norm:         24.3311	critic_loss:               0.5520	pg_loss:                   0.6416
q_taken_mean:              0.3130	target_mean:               0.2498	td_error_abs:              0.5462	
[INFO 13:45:58] main t_env: 25200 / 500000
[INFO 13:45:58] main Estimated time left: 12 hours, 20 minutes, 1 seconds. Time passed: 38 minutes, 15 seconds
[INFO 13:53:45] main t_env: 30240 / 500000
[INFO 13:53:45] main Estimated time left: 12 hours, 5 minutes, 53 seconds. Time passed: 46 minutes, 2 seconds
[INFO 13:54:15] main Recent Stats | t_env:      30240 | Episode:      664
agent_grad_norm:           0.0003	critic_grad_norm:         25.6338	critic_loss:               0.4096	pg_loss:                   0.5040
q_taken_mean:              0.4634	target_mean:               0.3607	td_error_abs:              0.4511	
[INFO 14:01:43] main t_env: 35280 / 500000
[INFO 14:01:43] main Estimated time left: 12 hours, 13 minutes, 23 seconds. Time passed: 54 minutes, 0 seconds
[INFO 14:09:25] main t_env: 40320 / 500000
[INFO 14:09:25] main Estimated time left: 11 hours, 42 minutes, 40 seconds. Time passed: 1 hours, 1 minutes, 42 seconds
[INFO 14:09:54] main Recent Stats | t_env:      40320 | Episode:      888
agent_grad_norm:           0.0000	critic_grad_norm:         24.5270	critic_loss:               0.3392	pg_loss:                   0.4790
q_taken_mean:              0.5000	target_mean:               0.4047	td_error_abs:              0.4064	
[INFO 14:17:05] main t_env: 45360 / 500000
[INFO 14:17:05] main Estimated time left: 11 hours, 31 minutes, 59 seconds. Time passed: 1 hours, 9 minutes, 22 seconds
[INFO 14:24:41] main t_env: 50400 / 500000
[INFO 14:24:41] main Estimated time left: 11 hours, 17 minutes, 49 seconds. Time passed: 1 hours, 16 minutes, 58 seconds
[INFO 14:25:10] main Recent Stats | t_env:      50400 | Episode:     1112
agent_grad_norm:           0.0000	critic_grad_norm:         27.8578	critic_loss:               0.2942	pg_loss:                   0.3894
q_taken_mean:              0.5039	target_mean:               0.3848	td_error_abs:              0.3810	
[INFO 14:32:23] main t_env: 55440 / 500000
[INFO 14:32:23] main Estimated time left: 11 hours, 18 minutes, 30 seconds. Time passed: 1 hours, 24 minutes, 39 seconds
[INFO 14:40:01] main t_env: 60480 / 500000
[INFO 14:40:01] main Estimated time left: 11 hours, 5 minutes, 50 seconds. Time passed: 1 hours, 32 minutes, 18 seconds
[INFO 14:40:29] main Recent Stats | t_env:      60480 | Episode:     1336
agent_grad_norm:           0.0000	critic_grad_norm:         26.4008	critic_loss:               0.1065	pg_loss:                   0.0019
q_taken_mean:              0.3600	target_mean:               0.2756	td_error_abs:              0.2488	
[INFO 14:47:31] main t_env: 65520 / 500000
[INFO 14:47:31] main Estimated time left: 10 hours, 47 minutes, 18 seconds. Time passed: 1 hours, 39 minutes, 48 seconds
[INFO 14:55:21] main t_env: 70560 / 500000
[INFO 14:55:21] main Estimated time left: 11 hours, 7 minutes, 53 seconds. Time passed: 1 hours, 47 minutes, 38 seconds
[INFO 14:55:50] main Recent Stats | t_env:      70560 | Episode:     1560
agent_grad_norm:           0.0000	critic_grad_norm:         43.2251	critic_loss:               0.1771	pg_loss:                  -0.4906
q_taken_mean:             -0.1060	target_mean:              -0.0310	td_error_abs:              0.3307	
[INFO 15:03:04] main t_env: 75600 / 500000
[INFO 15:03:04] main Estimated time left: 10 hours, 48 minutes, 44 seconds. Time passed: 1 hours, 55 minutes, 21 seconds
[INFO 15:10:47] main t_env: 80640 / 500000
[INFO 15:10:47] main Estimated time left: 10 hours, 42 minutes, 46 seconds. Time passed: 2 hours, 3 minutes, 4 seconds
[INFO 15:11:16] main Recent Stats | t_env:      80640 | Episode:     1784
agent_grad_norm:           0.0000	critic_grad_norm:         53.2243	critic_loss:               0.2790	pg_loss:                  -1.2728
q_taken_mean:             -0.7908	target_mean:              -0.7300	td_error_abs:              0.4117	
[INFO 15:18:16] main t_env: 85680 / 500000
[INFO 15:18:16] main Estimated time left: 10 hours, 14 minutes, 29 seconds. Time passed: 2 hours, 10 minutes, 33 seconds
[INFO 15:25:56] main t_env: 90720 / 500000
[INFO 15:25:56] main Estimated time left: 10 hours, 23 minutes, 7 seconds. Time passed: 2 hours, 18 minutes, 13 seconds
[INFO 15:26:24] main Recent Stats | t_env:      90720 | Episode:     2008
agent_grad_norm:           0.0000	critic_grad_norm:         67.2857	critic_loss:               0.3151	pg_loss:                  -2.0757
q_taken_mean:             -1.5199	target_mean:              -1.5245	td_error_abs:              0.4553	
[INFO 15:33:28] main t_env: 95760 / 500000
[INFO 15:33:28] main Estimated time left: 10 hours, 4 minutes, 20 seconds. Time passed: 2 hours, 25 minutes, 45 seconds
[INFO 15:41:01] main t_env: 100800 / 500000
[INFO 15:41:01] main Estimated time left: 9 hours, 57 minutes, 59 seconds. Time passed: 2 hours, 33 minutes, 18 seconds
[INFO 15:41:31] main Recent Stats | t_env:     100800 | Episode:     2232
agent_grad_norm:           0.0000	critic_grad_norm:         69.8375	critic_loss:               0.3534	pg_loss:                  -3.0148
q_taken_mean:             -2.5113	target_mean:              -2.4365	td_error_abs:              0.4913	
[INFO 15:48:37] main t_env: 105840 / 500000
[INFO 15:48:37] main Estimated time left: 9 hours, 54 minutes, 25 seconds. Time passed: 2 hours, 40 minutes, 54 seconds
[INFO 15:56:20] main t_env: 110880 / 500000
[INFO 15:56:20] main Estimated time left: 9 hours, 54 minutes, 48 seconds. Time passed: 2 hours, 48 minutes, 36 seconds
[INFO 15:56:48] main Recent Stats | t_env:     110880 | Episode:     2456
agent_grad_norm:           0.0000	critic_grad_norm:        133.2508	critic_loss:               0.8639	pg_loss:                  -4.3036
q_taken_mean:             -3.8290	target_mean:              -3.4739	td_error_abs:              0.7553	
[INFO 16:04:06] main t_env: 115920 / 500000
[INFO 16:04:06] main Estimated time left: 9 hours, 52 minutes, 37 seconds. Time passed: 2 hours, 56 minutes, 23 seconds
[INFO 16:11:45] main t_env: 120960 / 500000
[INFO 16:11:45] main Estimated time left: 9 hours, 34 minutes, 47 seconds. Time passed: 3 hours, 4 minutes, 2 seconds
[INFO 16:12:14] main Recent Stats | t_env:     120960 | Episode:     2680
agent_grad_norm:           0.0000	critic_grad_norm:        119.6229	critic_loss:               0.8113	pg_loss:                  -5.3795
q_taken_mean:             -4.9172	target_mean:              -4.6499	td_error_abs:              0.6981	
[INFO 16:19:24] main t_env: 126000 / 500000
[INFO 16:19:24] main Estimated time left: 9 hours, 28 minutes, 39 seconds. Time passed: 3 hours, 11 minutes, 41 seconds
slurmstepd: error: *** JOB 3323812 ON tron55 CANCELLED AT 2024-11-12T16:26:00 ***
