Identity added: /nfshomes/anirudhs/.ssh/id_ecdsa (anirudhs@nexuscml00.umiacs.umd.edu)
Identity added: /nfshomes/anirudhs/.ssh/id_ed25519 (anirudh.satheesh@gmail.com)
[DEBUG 12:46:38] git.cmd Popen(['git', 'diff', '--cached', '--abbrev=40', '--full-index', '--raw'], cwd=/nfshomes/anirudhs/CMARL-Traffic, stdin=None, shell=False, universal_newlines=False)
[DEBUG 12:46:38] git.cmd Popen(['git', 'diff', '--abbrev=40', '--full-index', '--raw'], cwd=/nfshomes/anirudhs/CMARL-Traffic, stdin=None, shell=False, universal_newlines=False)
[DEBUG 12:46:39] git.cmd Popen(['git', 'cat-file', '--batch-check'], cwd=/nfshomes/anirudhs/CMARL-Traffic, stdin=<valid stream>, shell=False, universal_newlines=False)
[DEBUG 12:46:39] git.cmd Popen(['git', 'diff', '--cached', '--abbrev=40', '--full-index', '--raw'], cwd=/nfshomes/anirudhs/CMARL-Traffic, stdin=None, shell=False, universal_newlines=False)
[DEBUG 12:46:39] git.cmd Popen(['git', 'diff', '--abbrev=40', '--full-index', '--raw'], cwd=/nfshomes/anirudhs/CMARL-Traffic, stdin=None, shell=False, universal_newlines=False)
[DEBUG 12:46:39] git.cmd Popen(['git', 'cat-file', '--batch-check'], cwd=/nfshomes/anirudhs/CMARL-Traffic, stdin=<valid stream>, shell=False, universal_newlines=False)
[DEBUG 12:46:39] git.cmd Popen(['git', 'diff', '--cached', '--abbrev=40', '--full-index', '--raw'], cwd=/nfshomes/anirudhs/CMARL-Traffic, stdin=None, shell=False, universal_newlines=False)
[DEBUG 12:46:39] git.cmd Popen(['git', 'diff', '--abbrev=40', '--full-index', '--raw'], cwd=/nfshomes/anirudhs/CMARL-Traffic, stdin=None, shell=False, universal_newlines=False)
[DEBUG 12:46:39] git.cmd Popen(['git', 'cat-file', '--batch-check'], cwd=/nfshomes/anirudhs/CMARL-Traffic, stdin=<valid stream>, shell=False, universal_newlines=False)
[DEBUG 12:46:39] git.cmd Popen(['git', 'diff', '--cached', '--abbrev=40', '--full-index', '--raw'], cwd=/nfshomes/anirudhs/CMARL-Traffic, stdin=None, shell=False, universal_newlines=False)
[DEBUG 12:46:39] git.cmd Popen(['git', 'diff', '--abbrev=40', '--full-index', '--raw'], cwd=/nfshomes/anirudhs/CMARL-Traffic, stdin=None, shell=False, universal_newlines=False)
[DEBUG 12:46:39] git.cmd Popen(['git', 'cat-file', '--batch-check'], cwd=/nfshomes/anirudhs/CMARL-Traffic, stdin=<valid stream>, shell=False, universal_newlines=False)
[DEBUG 12:46:39] git.cmd Popen(['git', 'diff', '--cached', '--abbrev=40', '--full-index', '--raw'], cwd=/nfshomes/anirudhs/CMARL-Traffic, stdin=None, shell=False, universal_newlines=False)
[DEBUG 12:46:39] git.cmd Popen(['git', 'diff', '--abbrev=40', '--full-index', '--raw'], cwd=/nfshomes/anirudhs/CMARL-Traffic, stdin=None, shell=False, universal_newlines=False)
[DEBUG 12:46:39] git.cmd Popen(['git', 'cat-file', '--batch-check'], cwd=/nfshomes/anirudhs/CMARL-Traffic, stdin=<valid stream>, shell=False, universal_newlines=False)
[INFO 12:46:40] root Saving to FileStorageObserver in /cmlscratch/anirudhs/ctraffic/results/sacred.
[DEBUG 12:46:41] ctraffic Using capture mode "fd"
threads unset, auto use 24 threads
[INFO 12:46:41] ctraffic Running command 'main'
[INFO 12:46:41] ctraffic Started run with ID "262"
[DEBUG 12:46:41] ctraffic Starting Heartbeat
[DEBUG 12:46:41] main Started
[INFO 12:46:42] main Experiment Parameters:
[INFO 12:46:43] main MDP Components:
[INFO 12:46:48] main Beginning training for 500000 timesteps
[INFO 12:49:27] main t_env: 5040 / 500000
[INFO 12:49:27] main Estimated time left: 4 hours, 20 minutes, 20 seconds. Time passed: 2 minutes, 39 seconds
[INFO 12:52:30] main t_env: 10080 / 500000
[INFO 12:52:30] main Estimated time left: 4 hours, 57 minutes, 29 seconds. Time passed: 5 minutes, 42 seconds
[INFO 12:52:42] main Recent Stats | t_env:      10080 | Episode:      216
agent_grad_norm:           0.0014	critic_grad_norm:         43.2794	critic_loss:               1.0256	pg_loss:                  -1.0764
q_taken_mean:             -0.1022	target_mean:              -0.0926	td_error_abs:              0.8206	
[INFO 12:55:36] main t_env: 15120 / 500000
[INFO 12:55:36] main Estimated time left: 4 hours, 57 minutes, 33 seconds. Time passed: 8 minutes, 48 seconds
[INFO 12:58:41] main t_env: 20160 / 500000
[INFO 12:58:41] main Estimated time left: 4 hours, 52 minutes, 56 seconds. Time passed: 11 minutes, 52 seconds
[INFO 12:58:51] main Recent Stats | t_env:      20160 | Episode:      440
agent_grad_norm:           0.0007	critic_grad_norm:         27.5860	critic_loss:               0.6302	pg_loss:                  -0.2987
q_taken_mean:              0.2921	target_mean:               0.3149	td_error_abs:              0.5947	
[INFO 13:01:43] main t_env: 25200 / 500000
[INFO 13:01:43] main Estimated time left: 4 hours, 45 minutes, 57 seconds. Time passed: 14 minutes, 54 seconds
[INFO 13:04:49] main t_env: 30240 / 500000
[INFO 13:04:49] main Estimated time left: 4 hours, 48 minutes, 56 seconds. Time passed: 18 minutes, 1 seconds
[INFO 13:05:00] main Recent Stats | t_env:      30240 | Episode:      664
agent_grad_norm:           0.0003	critic_grad_norm:         22.7235	critic_loss:               0.4886	pg_loss:                  -0.3371
q_taken_mean:              0.2889	target_mean:               0.2960	td_error_abs:              0.5134	
[INFO 13:07:54] main t_env: 35280 / 500000
[INFO 13:07:54] main Estimated time left: 4 hours, 44 minutes, 51 seconds. Time passed: 21 minutes, 6 seconds
[INFO 13:11:01] main t_env: 40320 / 500000
[INFO 13:11:01] main Estimated time left: 4 hours, 43 minutes, 39 seconds. Time passed: 24 minutes, 12 seconds
[INFO 13:11:13] main Recent Stats | t_env:      40320 | Episode:      888
agent_grad_norm:           0.0000	critic_grad_norm:         28.3588	critic_loss:               0.4378	pg_loss:                  -0.1730
q_taken_mean:              0.3096	target_mean:               0.4245	td_error_abs:              0.4950	
[INFO 13:14:05] main t_env: 45360 / 500000
[INFO 13:14:05] main Estimated time left: 4 hours, 36 minutes, 58 seconds. Time passed: 27 minutes, 17 seconds
[INFO 13:17:18] main t_env: 50400 / 500000
[INFO 13:17:18] main Estimated time left: 4 hours, 46 minutes, 51 seconds. Time passed: 30 minutes, 30 seconds
[INFO 13:17:30] main Recent Stats | t_env:      50400 | Episode:     1112
agent_grad_norm:           0.0000	critic_grad_norm:         40.3972	critic_loss:               0.4815	pg_loss:                  -0.1098
q_taken_mean:              0.3153	target_mean:               0.2888	td_error_abs:              0.5427	
[INFO 13:20:28] main t_env: 55440 / 500000
[INFO 13:20:28] main Estimated time left: 4 hours, 39 minutes, 29 seconds. Time passed: 33 minutes, 40 seconds
[INFO 13:23:38] main t_env: 60480 / 500000
[INFO 13:23:38] main Estimated time left: 4 hours, 36 minutes, 42 seconds. Time passed: 36 minutes, 50 seconds
[INFO 13:23:50] main Recent Stats | t_env:      60480 | Episode:     1336
agent_grad_norm:           0.0000	critic_grad_norm:         40.9089	critic_loss:               0.3486	pg_loss:                  -0.1998
q_taken_mean:              0.2278	target_mean:               0.1255	td_error_abs:              0.4661	
[INFO 13:26:52] main t_env: 65520 / 500000
[INFO 13:26:52] main Estimated time left: 4 hours, 38 minutes, 32 seconds. Time passed: 40 minutes, 4 seconds
[INFO 13:29:59] main t_env: 70560 / 500000
[INFO 13:29:59] main Estimated time left: 4 hours, 25 minutes, 15 seconds. Time passed: 43 minutes, 11 seconds
[INFO 13:30:10] main Recent Stats | t_env:      70560 | Episode:     1560
agent_grad_norm:           0.0000	critic_grad_norm:         40.6783	critic_loss:               0.3211	pg_loss:                  -0.8233
q_taken_mean:             -0.3235	target_mean:              -0.4218	td_error_abs:              0.4393	
[INFO 13:32:59] main t_env: 75600 / 500000
[INFO 13:32:59] main Estimated time left: 4 hours, 13 minutes, 10 seconds. Time passed: 46 minutes, 11 seconds
[INFO 13:36:07] main t_env: 80640 / 500000
[INFO 13:36:07] main Estimated time left: 4 hours, 20 minutes, 18 seconds. Time passed: 49 minutes, 19 seconds
[INFO 13:36:19] main Recent Stats | t_env:      80640 | Episode:     1784
agent_grad_norm:           0.0000	critic_grad_norm:         44.7760	critic_loss:               0.3336	pg_loss:                  -1.5289
q_taken_mean:             -0.9688	target_mean:              -1.0859	td_error_abs:              0.4512	
[INFO 13:39:11] main t_env: 85680 / 500000
[INFO 13:39:11] main Estimated time left: 4 hours, 11 minutes, 16 seconds. Time passed: 52 minutes, 22 seconds
[INFO 13:42:13] main t_env: 90720 / 500000
[INFO 13:42:13] main Estimated time left: 4 hours, 7 minutes, 19 seconds. Time passed: 55 minutes, 25 seconds
[INFO 13:42:24] main Recent Stats | t_env:      90720 | Episode:     2008
agent_grad_norm:           0.0000	critic_grad_norm:         48.4971	critic_loss:               0.3335	pg_loss:                  -2.2788
q_taken_mean:             -1.6339	target_mean:              -1.9179	td_error_abs:              0.4522	
[INFO 13:45:20] main t_env: 95760 / 500000
[INFO 13:45:20] main Estimated time left: 4 hours, 9 minutes, 28 seconds. Time passed: 58 minutes, 32 seconds
[INFO 13:48:34] main t_env: 100800 / 500000
[INFO 13:48:34] main Estimated time left: 4 hours, 15 minutes, 40 seconds. Time passed: 1 hours, 1 minutes, 45 seconds
[INFO 13:48:45] main Recent Stats | t_env:     100800 | Episode:     2232
agent_grad_norm:           0.0000	critic_grad_norm:         36.5269	critic_loss:               0.2260	pg_loss:                  -3.1656
q_taken_mean:             -2.5287	target_mean:              -2.6551	td_error_abs:              0.3619	
[INFO 13:51:41] main t_env: 105840 / 500000
[INFO 13:51:41] main Estimated time left: 4 hours, 4 minutes, 22 seconds. Time passed: 1 hours, 4 minutes, 53 seconds
[INFO 13:54:43] main t_env: 110880 / 500000
[INFO 13:54:43] main Estimated time left: 3 hours, 54 minutes, 7 seconds. Time passed: 1 hours, 7 minutes, 55 seconds
[INFO 13:54:54] main Recent Stats | t_env:     110880 | Episode:     2456
agent_grad_norm:           0.0000	critic_grad_norm:         32.9057	critic_loss:               0.1764	pg_loss:                  -3.8522
q_taken_mean:             -3.3262	target_mean:              -3.3354	td_error_abs:              0.3262	
[INFO 13:57:50] main t_env: 115920 / 500000
[INFO 13:57:50] main Estimated time left: 3 hours, 57 minutes, 8 seconds. Time passed: 1 hours, 11 minutes, 1 seconds
[INFO 14:00:54] main t_env: 120960 / 500000
[INFO 14:00:54] main Estimated time left: 3 hours, 51 minutes, 2 seconds. Time passed: 1 hours, 14 minutes, 6 seconds
[INFO 14:01:05] main Recent Stats | t_env:     120960 | Episode:     2680
agent_grad_norm:           0.0000	critic_grad_norm:         46.3838	critic_loss:               0.2422	pg_loss:                  -4.3135
q_taken_mean:             -3.8938	target_mean:              -3.8059	td_error_abs:              0.3830	
[INFO 14:03:55] main t_env: 126000 / 500000
[INFO 14:03:55] main Estimated time left: 3 hours, 44 minutes, 23 seconds. Time passed: 1 hours, 17 minutes, 7 seconds
[INFO 14:07:01] main t_env: 131040 / 500000
[INFO 14:07:01] main Estimated time left: 3 hours, 46 minutes, 48 seconds. Time passed: 1 hours, 20 minutes, 13 seconds
[INFO 14:07:12] main Recent Stats | t_env:     131040 | Episode:     2904
agent_grad_norm:           0.0000	critic_grad_norm:         47.4044	critic_loss:               0.2176	pg_loss:                  -4.5118
q_taken_mean:             -4.2233	target_mean:              -4.1413	td_error_abs:              0.3638	
[INFO 14:10:08] main t_env: 136080 / 500000
[INFO 14:10:08] main Estimated time left: 3 hours, 44 minutes, 55 seconds. Time passed: 1 hours, 23 minutes, 20 seconds
[INFO 14:13:10] main t_env: 141120 / 500000
[INFO 14:13:10] main Estimated time left: 3 hours, 35 minutes, 45 seconds. Time passed: 1 hours, 26 minutes, 22 seconds
[INFO 14:13:21] main Recent Stats | t_env:     141120 | Episode:     3128
agent_grad_norm:           0.0000	critic_grad_norm:         50.0001	critic_loss:               0.2117	pg_loss:                  -5.0967
q_taken_mean:             -4.6391	target_mean:              -4.5561	td_error_abs:              0.3644	
[INFO 14:16:13] main t_env: 146160 / 500000
[INFO 14:16:13] main Estimated time left: 3 hours, 34 minutes, 18 seconds. Time passed: 1 hours, 29 minutes, 25 seconds
[INFO 14:19:18] main t_env: 151200 / 500000
[INFO 14:19:18] main Estimated time left: 3 hours, 33 minutes, 29 seconds. Time passed: 1 hours, 32 minutes, 30 seconds
[INFO 14:19:30] main Recent Stats | t_env:     151200 | Episode:     3352
agent_grad_norm:           0.0000	critic_grad_norm:         46.7029	critic_loss:               0.2059	pg_loss:                  -5.5376
q_taken_mean:             -4.9862	target_mean:              -4.9481	td_error_abs:              0.3535	
[INFO 14:22:23] main t_env: 156240 / 500000
[INFO 14:22:23] main Estimated time left: 3 hours, 30 minutes, 24 seconds. Time passed: 1 hours, 35 minutes, 35 seconds
[INFO 14:25:23] main t_env: 161280 / 500000
[INFO 14:25:23] main Estimated time left: 3 hours, 21 minutes, 25 seconds. Time passed: 1 hours, 38 minutes, 35 seconds
[INFO 14:25:34] main Recent Stats | t_env:     161280 | Episode:     3576
agent_grad_norm:           0.0000	critic_grad_norm:         47.2841	critic_loss:               0.2220	pg_loss:                  -5.9769
q_taken_mean:             -5.4402	target_mean:              -5.4455	td_error_abs:              0.3694	
[INFO 14:28:24] main t_env: 166320 / 500000
[INFO 14:28:24] main Estimated time left: 3 hours, 19 minutes, 17 seconds. Time passed: 1 hours, 41 minutes, 36 seconds
[INFO 14:31:23] main t_env: 171360 / 500000
[INFO 14:31:23] main Estimated time left: 3 hours, 14 minutes, 15 seconds. Time passed: 1 hours, 44 minutes, 34 seconds
[INFO 14:31:34] main Recent Stats | t_env:     171360 | Episode:     3800
agent_grad_norm:           0.0000	critic_grad_norm:         38.7223	critic_loss:               0.1789	pg_loss:                  -6.2589
q_taken_mean:             -5.6411	target_mean:              -5.7290	td_error_abs:              0.3374	
[INFO 14:34:23] main t_env: 176400 / 500000
[INFO 14:34:23] main Estimated time left: 3 hours, 12 minutes, 37 seconds. Time passed: 1 hours, 47 minutes, 34 seconds
[INFO 14:37:25] main t_env: 181440 / 500000
[INFO 14:37:25] main Estimated time left: 3 hours, 12 minutes, 0 seconds. Time passed: 1 hours, 50 minutes, 37 seconds
[INFO 14:37:36] main Recent Stats | t_env:     181440 | Episode:     4024
agent_grad_norm:           0.0000	critic_grad_norm:         36.1104	critic_loss:               0.1692	pg_loss:                  -6.4895
q_taken_mean:             -5.9907	target_mean:              -6.0183	td_error_abs:              0.3241	
[INFO 14:40:32] main t_env: 186480 / 500000
[INFO 14:40:32] main Estimated time left: 3 hours, 13 minutes, 44 seconds. Time passed: 1 hours, 53 minutes, 44 seconds
[INFO 14:43:32] main t_env: 191520 / 500000
[INFO 14:43:32] main Estimated time left: 3 hours, 3 minutes, 47 seconds. Time passed: 1 hours, 56 minutes, 44 seconds
[INFO 14:43:44] main Recent Stats | t_env:     191520 | Episode:     4248
agent_grad_norm:           0.0000	critic_grad_norm:         51.3080	critic_loss:               0.2556	pg_loss:                  -6.5372
q_taken_mean:             -6.4505	target_mean:              -6.2373	td_error_abs:              0.3880	
[INFO 14:46:37] main t_env: 196560 / 500000
[INFO 14:46:37] main Estimated time left: 3 hours, 5 minutes, 41 seconds. Time passed: 1 hours, 59 minutes, 49 seconds
