Identity added: /nfshomes/anirudhs/.ssh/id_ecdsa (anirudhs@nexuscml00.umiacs.umd.edu)
Identity added: /nfshomes/anirudhs/.ssh/id_ed25519 (anirudh.satheesh@gmail.com)
[DEBUG 12:37:07] git.cmd Popen(['git', 'diff', '--cached', '--abbrev=40', '--full-index', '--raw'], cwd=/nfshomes/anirudhs/CMARL-Traffic, stdin=None, shell=False, universal_newlines=False)
[DEBUG 12:37:07] git.cmd Popen(['git', 'diff', '--abbrev=40', '--full-index', '--raw'], cwd=/nfshomes/anirudhs/CMARL-Traffic, stdin=None, shell=False, universal_newlines=False)
[DEBUG 12:37:08] git.cmd Popen(['git', 'cat-file', '--batch-check'], cwd=/nfshomes/anirudhs/CMARL-Traffic, stdin=<valid stream>, shell=False, universal_newlines=False)
[DEBUG 12:37:08] git.cmd Popen(['git', 'diff', '--cached', '--abbrev=40', '--full-index', '--raw'], cwd=/nfshomes/anirudhs/CMARL-Traffic, stdin=None, shell=False, universal_newlines=False)
[DEBUG 12:37:08] git.cmd Popen(['git', 'diff', '--abbrev=40', '--full-index', '--raw'], cwd=/nfshomes/anirudhs/CMARL-Traffic, stdin=None, shell=False, universal_newlines=False)
[DEBUG 12:37:08] git.cmd Popen(['git', 'cat-file', '--batch-check'], cwd=/nfshomes/anirudhs/CMARL-Traffic, stdin=<valid stream>, shell=False, universal_newlines=False)
[DEBUG 12:37:08] git.cmd Popen(['git', 'diff', '--cached', '--abbrev=40', '--full-index', '--raw'], cwd=/nfshomes/anirudhs/CMARL-Traffic, stdin=None, shell=False, universal_newlines=False)
[DEBUG 12:37:08] git.cmd Popen(['git', 'diff', '--abbrev=40', '--full-index', '--raw'], cwd=/nfshomes/anirudhs/CMARL-Traffic, stdin=None, shell=False, universal_newlines=False)
[DEBUG 12:37:08] git.cmd Popen(['git', 'cat-file', '--batch-check'], cwd=/nfshomes/anirudhs/CMARL-Traffic, stdin=<valid stream>, shell=False, universal_newlines=False)
[DEBUG 12:37:08] git.cmd Popen(['git', 'diff', '--cached', '--abbrev=40', '--full-index', '--raw'], cwd=/nfshomes/anirudhs/CMARL-Traffic, stdin=None, shell=False, universal_newlines=False)
[DEBUG 12:37:08] git.cmd Popen(['git', 'diff', '--abbrev=40', '--full-index', '--raw'], cwd=/nfshomes/anirudhs/CMARL-Traffic, stdin=None, shell=False, universal_newlines=False)
[DEBUG 12:37:08] git.cmd Popen(['git', 'cat-file', '--batch-check'], cwd=/nfshomes/anirudhs/CMARL-Traffic, stdin=<valid stream>, shell=False, universal_newlines=False)
[DEBUG 12:37:08] git.cmd Popen(['git', 'diff', '--cached', '--abbrev=40', '--full-index', '--raw'], cwd=/nfshomes/anirudhs/CMARL-Traffic, stdin=None, shell=False, universal_newlines=False)
[DEBUG 12:37:08] git.cmd Popen(['git', 'diff', '--abbrev=40', '--full-index', '--raw'], cwd=/nfshomes/anirudhs/CMARL-Traffic, stdin=None, shell=False, universal_newlines=False)
[DEBUG 12:37:08] git.cmd Popen(['git', 'cat-file', '--batch-check'], cwd=/nfshomes/anirudhs/CMARL-Traffic, stdin=<valid stream>, shell=False, universal_newlines=False)
[INFO 12:37:10] root Saving to FileStorageObserver in /cmlscratch/anirudhs/ctraffic/results/sacred.
[DEBUG 12:37:13] ctraffic Using capture mode "fd"
threads unset, auto use 128 threads
[INFO 12:37:13] ctraffic Running command 'main'
[INFO 12:37:15] ctraffic Started run with ID "259"
[DEBUG 12:37:15] ctraffic Starting Heartbeat
[DEBUG 12:37:15] main Started
[INFO 12:37:16] main Experiment Parameters:
[INFO 12:37:17] main MDP Components:
[INFO 12:37:23] main Beginning training for 500000 timesteps
[INFO 12:39:48] main t_env: 5040 / 500000
[INFO 12:39:48] main Estimated time left: 3 hours, 57 minutes, 15 seconds. Time passed: 2 minutes, 24 seconds
[INFO 12:42:33] main t_env: 10080 / 500000
[INFO 12:42:33] main Estimated time left: 4 hours, 25 minutes, 58 seconds. Time passed: 5 minutes, 9 seconds
[INFO 12:42:44] main Recent Stats | t_env:      10080 | Episode:      224

[INFO 12:45:20] main t_env: 15120 / 500000
[INFO 12:45:20] main Estimated time left: 4 hours, 28 minutes, 47 seconds. Time passed: 7 minutes, 56 seconds
[INFO 12:48:00] main t_env: 20160 / 500000
[INFO 12:48:00] main Estimated time left: 4 hours, 13 minutes, 34 seconds. Time passed: 10 minutes, 36 seconds
[INFO 12:48:10] main Recent Stats | t_env:      20160 | Episode:      448

[INFO 12:50:44] main t_env: 25200 / 500000
[INFO 12:50:44] main Estimated time left: 4 hours, 17 minutes, 1 seconds. Time passed: 13 minutes, 20 seconds
[INFO 12:53:29] main t_env: 30240 / 500000
[INFO 12:53:29] main Estimated time left: 4 hours, 16 minutes, 5 seconds. Time passed: 16 minutes, 5 seconds
[INFO 12:53:40] main Recent Stats | t_env:      30240 | Episode:      672

[INFO 12:56:11] main t_env: 35280 / 500000
[INFO 12:56:11] main Estimated time left: 4 hours, 10 minutes, 13 seconds. Time passed: 18 minutes, 47 seconds
[INFO 12:58:56] main t_env: 40320 / 500000
[INFO 12:58:56] main Estimated time left: 4 hours, 11 minutes, 0 seconds. Time passed: 21 minutes, 33 seconds
[INFO 12:59:08] main Recent Stats | t_env:      40320 | Episode:      896

[INFO 13:01:47] main t_env: 45360 / 500000
[INFO 13:01:47] main Estimated time left: 4 hours, 17 minutes, 5 seconds. Time passed: 24 minutes, 24 seconds
[INFO 13:04:34] main t_env: 50400 / 500000
[INFO 13:04:34] main Estimated time left: 4 hours, 7 minutes, 32 seconds. Time passed: 27 minutes, 10 seconds
[INFO 13:04:50] main Recent Stats | t_env:      50400 | Episode:     1120

[INFO 13:07:32] main t_env: 55440 / 500000
[INFO 13:07:32] main Estimated time left: 4 hours, 22 minutes, 24 seconds. Time passed: 30 minutes, 9 seconds
[INFO 13:10:16] main t_env: 60480 / 500000
[INFO 13:10:16] main Estimated time left: 3 hours, 57 minutes, 54 seconds. Time passed: 32 minutes, 52 seconds
[INFO 13:10:25] main Recent Stats | t_env:      60480 | Episode:     1344

[INFO 13:13:00] main t_env: 65520 / 500000
[INFO 13:13:00] main Estimated time left: 3 hours, 55 minutes, 26 seconds. Time passed: 35 minutes, 36 seconds
[INFO 13:15:49] main t_env: 70560 / 500000
[INFO 13:15:49] main Estimated time left: 4 hours, 27 seconds. Time passed: 38 minutes, 25 seconds
[INFO 13:16:03] main Recent Stats | t_env:      70560 | Episode:     1568

[INFO 13:18:35] main t_env: 75600 / 500000
[INFO 13:18:35] main Estimated time left: 3 hours, 52 minutes, 54 seconds. Time passed: 41 minutes, 11 seconds
[INFO 13:21:20] main t_env: 80640 / 500000
[INFO 13:21:20] main Estimated time left: 3 hours, 47 minutes, 48 seconds. Time passed: 43 minutes, 56 seconds
[INFO 13:21:34] main Recent Stats | t_env:      80640 | Episode:     1792

[INFO 13:24:11] main t_env: 85680 / 500000
[INFO 13:24:11] main Estimated time left: 3 hours, 55 minutes, 19 seconds. Time passed: 46 minutes, 47 seconds
[INFO 13:27:04] main t_env: 90720 / 500000
[INFO 13:27:04] main Estimated time left: 3 hours, 53 minutes, 18 seconds. Time passed: 49 minutes, 40 seconds
[INFO 13:27:15] main Recent Stats | t_env:      90720 | Episode:     2016

[INFO 13:29:50] main t_env: 95760 / 500000
[INFO 13:29:50] main Estimated time left: 3 hours, 42 minutes, 16 seconds. Time passed: 52 minutes, 26 seconds
[INFO 13:32:45] main t_env: 100800 / 500000
[INFO 13:32:45] main Estimated time left: 3 hours, 51 minutes, 26 seconds. Time passed: 55 minutes, 21 seconds
[INFO 13:32:57] main Recent Stats | t_env:     100800 | Episode:     2240

[INFO 13:35:35] main t_env: 105840 / 500000
[INFO 13:35:35] main Estimated time left: 3 hours, 41 minutes, 9 seconds. Time passed: 58 minutes, 11 seconds
[INFO 13:38:21] main t_env: 110880 / 500000
[INFO 13:38:21] main Estimated time left: 3 hours, 34 minutes, 15 seconds. Time passed: 1 hours, 58 seconds
[INFO 13:38:36] main Recent Stats | t_env:     110880 | Episode:     2464

[INFO 13:41:27] main t_env: 115920 / 500000
[INFO 13:41:27] main Estimated time left: 3 hours, 55 minutes, 52 seconds. Time passed: 1 hours, 4 minutes, 3 seconds
[INFO 13:44:18] main t_env: 120960 / 500000
[INFO 13:44:18] main Estimated time left: 3 hours, 34 minutes, 42 seconds. Time passed: 1 hours, 6 minutes, 55 seconds
[INFO 13:44:30] main Recent Stats | t_env:     120960 | Episode:     2688

[INFO 13:47:00] main t_env: 126000 / 500000
[INFO 13:47:00] main Estimated time left: 3 hours, 19 minutes, 32 seconds. Time passed: 1 hours, 9 minutes, 36 seconds
[INFO 13:49:50] main t_env: 131040 / 500000
[INFO 13:49:50] main Estimated time left: 3 hours, 27 minutes, 13 seconds. Time passed: 1 hours, 12 minutes, 26 seconds
[INFO 13:50:04] main Recent Stats | t_env:     131040 | Episode:     2912

[INFO 13:52:39] main t_env: 136080 / 500000
[INFO 13:52:39] main Estimated time left: 3 hours, 24 minutes, 19 seconds. Time passed: 1 hours, 15 minutes, 16 seconds
[INFO 13:55:34] main t_env: 141120 / 500000
[INFO 13:55:34] main Estimated time left: 3 hours, 26 minutes, 42 seconds. Time passed: 1 hours, 18 minutes, 10 seconds
[INFO 13:55:46] main Recent Stats | t_env:     141120 | Episode:     3136

[INFO 13:58:21] main t_env: 146160 / 500000
[INFO 13:58:21] main Estimated time left: 3 hours, 15 minutes, 37 seconds. Time passed: 1 hours, 20 minutes, 57 seconds
[INFO 14:01:07] main t_env: 151200 / 500000
[INFO 14:01:07] main Estimated time left: 3 hours, 11 minutes, 7 seconds. Time passed: 1 hours, 23 minutes, 43 seconds
[INFO 14:01:19] main Recent Stats | t_env:     151200 | Episode:     3360

[INFO 14:03:41] main t_env: 156240 / 500000
[INFO 14:03:41] main Estimated time left: 2 hours, 56 minutes, 2 seconds. Time passed: 1 hours, 26 minutes, 17 seconds
[INFO 14:06:33] main t_env: 161280 / 500000
[INFO 14:06:33] main Estimated time left: 3 hours, 11 minutes, 47 seconds. Time passed: 1 hours, 29 minutes, 9 seconds
[INFO 14:06:48] main Recent Stats | t_env:     161280 | Episode:     3584

[INFO 14:09:18] main t_env: 166320 / 500000
[INFO 14:09:18] main Estimated time left: 3 hours, 2 minutes, 10 seconds. Time passed: 1 hours, 31 minutes, 54 seconds
[INFO 14:11:55] main t_env: 171360 / 500000
[INFO 14:11:55] main Estimated time left: 2 hours, 51 minutes, 9 seconds. Time passed: 1 hours, 34 minutes, 31 seconds
[INFO 14:12:06] main Recent Stats | t_env:     171360 | Episode:     3808

[INFO 14:14:32] main t_env: 176400 / 500000
[INFO 14:14:32] main Estimated time left: 2 hours, 47 minutes, 50 seconds. Time passed: 1 hours, 37 minutes, 8 seconds
[INFO 14:17:04] main t_env: 181440 / 500000
[INFO 14:17:04] main Estimated time left: 2 hours, 40 minutes, 8 seconds. Time passed: 1 hours, 39 minutes, 40 seconds
[INFO 14:17:16] main Recent Stats | t_env:     181440 | Episode:     4032

[INFO 14:19:41] main t_env: 186480 / 500000
[INFO 14:19:41] main Estimated time left: 2 hours, 43 minutes, 3 seconds. Time passed: 1 hours, 42 minutes, 17 seconds
[INFO 14:22:19] main t_env: 191520 / 500000
[INFO 14:22:19] main Estimated time left: 2 hours, 40 minutes, 45 seconds. Time passed: 1 hours, 44 minutes, 55 seconds
[INFO 14:22:29] main Recent Stats | t_env:     191520 | Episode:     4256

[INFO 14:24:52] main t_env: 196560 / 500000
[INFO 14:24:52] main Estimated time left: 2 hours, 33 minutes, 57 seconds. Time passed: 1 hours, 47 minutes, 28 seconds
[INFO 14:27:41] main t_env: 201600 / 500000
[INFO 14:27:41] main Estimated time left: 2 hours, 46 minutes, 4 seconds. Time passed: 1 hours, 50 minutes, 17 seconds
[INFO 14:27:51] main Recent Stats | t_env:     201600 | Episode:     4480

[INFO 14:30:38] main t_env: 206640 / 500000
[INFO 14:30:38] main Estimated time left: 2 hours, 52 minutes, 4 seconds. Time passed: 1 hours, 53 minutes, 14 seconds
[INFO 14:33:27] main t_env: 211680 / 500000
[INFO 14:33:27] main Estimated time left: 2 hours, 41 minutes, 19 seconds. Time passed: 1 hours, 56 minutes, 3 seconds
[INFO 14:33:38] main Recent Stats | t_env:     211680 | Episode:     4704

[INFO 14:36:13] main t_env: 216720 / 500000
[INFO 14:36:13] main Estimated time left: 2 hours, 35 minutes, 5 seconds. Time passed: 1 hours, 58 minutes, 49 seconds
[INFO 14:39:10] main t_env: 221760 / 500000
[INFO 14:39:10] main Estimated time left: 2 hours, 42 minutes, 51 seconds. Time passed: 2 hours, 1 minutes, 46 seconds
[INFO 14:39:24] main Recent Stats | t_env:     221760 | Episode:     4928

[INFO 14:42:23] main t_env: 226800 / 500000
[INFO 14:42:23] main Estimated time left: 2 hours, 54 minutes, 44 seconds. Time passed: 2 hours, 4 minutes, 59 seconds
[INFO 14:45:27] main t_env: 231840 / 500000
[INFO 14:45:27] main Estimated time left: 2 hours, 42 minutes, 34 seconds. Time passed: 2 hours, 8 minutes, 3 seconds
[INFO 14:45:42] main Recent Stats | t_env:     231840 | Episode:     5152

[INFO 14:48:26] main t_env: 236880 / 500000
[INFO 14:48:26] main Estimated time left: 2 hours, 36 minutes, 4 seconds. Time passed: 2 hours, 11 minutes, 2 seconds
[INFO 14:51:21] main t_env: 241920 / 500000
[INFO 14:51:21] main Estimated time left: 2 hours, 29 minutes, 22 seconds. Time passed: 2 hours, 13 minutes, 57 seconds
[INFO 14:51:32] main Recent Stats | t_env:     241920 | Episode:     5376

[INFO 14:54:00] main t_env: 246960 / 500000
[INFO 14:54:00] main Estimated time left: 2 hours, 12 minutes, 56 seconds. Time passed: 2 hours, 16 minutes, 36 seconds
[INFO 14:56:52] main t_env: 252000 / 500000
[INFO 14:56:52] main Estimated time left: 2 hours, 21 minutes, 15 seconds. Time passed: 2 hours, 19 minutes, 28 seconds
[INFO 14:57:02] main Recent Stats | t_env:     252000 | Episode:     5600

[INFO 14:59:35] main t_env: 257040 / 500000
[INFO 14:59:35] main Estimated time left: 2 hours, 11 minutes, 14 seconds. Time passed: 2 hours, 22 minutes, 11 seconds
[INFO 15:02:20] main t_env: 262080 / 500000
[INFO 15:02:20] main Estimated time left: 2 hours, 9 minutes, 37 seconds. Time passed: 2 hours, 24 minutes, 56 seconds
[INFO 15:02:31] main Recent Stats | t_env:     262080 | Episode:     5824

[INFO 15:05:11] main t_env: 267120 / 500000
[INFO 15:05:11] main Estimated time left: 2 hours, 11 minutes, 19 seconds. Time passed: 2 hours, 27 minutes, 47 seconds
[INFO 15:07:55] main t_env: 272160 / 500000
[INFO 15:07:55] main Estimated time left: 2 hours, 4 minutes, 3 seconds. Time passed: 2 hours, 30 minutes, 31 seconds
[INFO 15:08:06] main Recent Stats | t_env:     272160 | Episode:     6048

[INFO 15:10:26] main t_env: 277200 / 500000
[INFO 15:10:26] main Estimated time left: 1 hours, 50 minutes, 44 seconds. Time passed: 2 hours, 33 minutes, 2 seconds
[INFO 15:13:14] main t_env: 282240 / 500000
[INFO 15:13:14] main Estimated time left: 2 hours, 1 minutes, 2 seconds. Time passed: 2 hours, 35 minutes, 50 seconds
[INFO 15:13:25] main Recent Stats | t_env:     282240 | Episode:     6272

[INFO 15:16:03] main t_env: 287280 / 500000
[INFO 15:16:03] main Estimated time left: 1 hours, 59 minutes, 3 seconds. Time passed: 2 hours, 38 minutes, 39 seconds
[INFO 15:18:55] main t_env: 292320 / 500000
[INFO 15:18:55] main Estimated time left: 1 hours, 58 minutes, 20 seconds. Time passed: 2 hours, 41 minutes, 31 seconds
[INFO 15:19:08] main Recent Stats | t_env:     292320 | Episode:     6496

[INFO 15:21:38] main t_env: 297360 / 500000
[INFO 15:21:38] main Estimated time left: 1 hours, 48 minutes, 50 seconds. Time passed: 2 hours, 44 minutes, 14 seconds
[INFO 15:24:29] main t_env: 302400 / 500000
[INFO 15:24:29] main Estimated time left: 1 hours, 52 minutes, 12 seconds. Time passed: 2 hours, 47 minutes, 6 seconds
[INFO 15:24:43] main Recent Stats | t_env:     302400 | Episode:     6720

[INFO 15:27:29] main t_env: 307440 / 500000
[INFO 15:27:29] main Estimated time left: 1 hours, 54 minutes, 16 seconds. Time passed: 2 hours, 50 minutes, 5 seconds
[INFO 15:30:10] main t_env: 312480 / 500000
[INFO 15:30:10] main Estimated time left: 1 hours, 40 minutes, 4 seconds. Time passed: 2 hours, 52 minutes, 46 seconds
[INFO 15:30:22] main Recent Stats | t_env:     312480 | Episode:     6944

[INFO 15:32:54] main t_env: 317520 / 500000
[INFO 15:32:54] main Estimated time left: 1 hours, 38 minutes, 40 seconds. Time passed: 2 hours, 55 minutes, 30 seconds
[INFO 15:35:30] main t_env: 322560 / 500000
[INFO 15:35:30] main Estimated time left: 1 hours, 31 minutes, 28 seconds. Time passed: 2 hours, 58 minutes, 6 seconds
[INFO 15:35:41] main Recent Stats | t_env:     322560 | Episode:     7168

[INFO 15:38:23] main t_env: 327600 / 500000
[INFO 15:38:23] main Estimated time left: 1 hours, 38 minutes, 42 seconds. Time passed: 3 hours, 59 seconds
[INFO 15:41:08] main t_env: 332640 / 500000
[INFO 15:41:08] main Estimated time left: 1 hours, 31 minutes, 11 seconds. Time passed: 3 hours, 3 minutes, 44 seconds
[INFO 15:41:21] main Recent Stats | t_env:     332640 | Episode:     7392

[INFO 15:43:53] main t_env: 337680 / 500000
[INFO 15:43:53] main Estimated time left: 1 hours, 28 minutes, 45 seconds. Time passed: 3 hours, 6 minutes, 29 seconds
[INFO 15:46:56] main t_env: 342720 / 500000
[INFO 15:46:56] main Estimated time left: 1 hours, 35 minutes, 13 seconds. Time passed: 3 hours, 9 minutes, 32 seconds
[INFO 15:47:11] main Recent Stats | t_env:     342720 | Episode:     7616

[INFO 15:49:56] main t_env: 347760 / 500000
[INFO 15:49:56] main Estimated time left: 1 hours, 30 minutes, 40 seconds. Time passed: 3 hours, 12 minutes, 32 seconds
[INFO 15:52:42] main t_env: 352800 / 500000
[INFO 15:52:42] main Estimated time left: 1 hours, 20 minutes, 34 seconds. Time passed: 3 hours, 15 minutes, 18 seconds
[INFO 15:52:53] main Recent Stats | t_env:     352800 | Episode:     7840

[INFO 15:55:19] main t_env: 357840 / 500000
[INFO 15:55:19] main Estimated time left: 1 hours, 13 minutes, 49 seconds. Time passed: 3 hours, 17 minutes, 55 seconds
[INFO 15:58:13] main t_env: 362880 / 500000
[INFO 15:58:13] main Estimated time left: 1 hours, 19 minutes, 2 seconds. Time passed: 3 hours, 20 minutes, 49 seconds
[INFO 15:58:24] main Recent Stats | t_env:     362880 | Episode:     8064

[INFO 16:01:05] main t_env: 367920 / 500000
[INFO 16:01:05] main Estimated time left: 1 hours, 14 minutes, 56 seconds. Time passed: 3 hours, 23 minutes, 41 seconds
[INFO 16:03:50] main t_env: 372960 / 500000
[INFO 16:03:50] main Estimated time left: 1 hours, 9 minutes, 24 seconds. Time passed: 3 hours, 26 minutes, 26 seconds
[INFO 16:04:05] main Recent Stats | t_env:     372960 | Episode:     8288

/var/spool/slurm/slurmd.spool/job3323414/slurm_script: line 13: 657966 Segmentation fault      (core dumped) python main.py --config="MARL/configs/algs/$1.yaml" --cityflow-config="configs/cityflow/$2.yml" --constraint=$3 --seed=$4
