[DEBUG 11:09:07] git.cmd Popen(['git', 'diff', '--cached', '--abbrev=40', '--full-index', '--raw'], cwd=/nfshomes/anirudhs/CMARL-Traffic, stdin=None, shell=False, universal_newlines=False)
[DEBUG 11:09:07] git.cmd Popen(['git', 'diff', '--abbrev=40', '--full-index', '--raw'], cwd=/nfshomes/anirudhs/CMARL-Traffic, stdin=None, shell=False, universal_newlines=False)
[DEBUG 11:09:07] git.cmd Popen(['git', 'cat-file', '--batch-check'], cwd=/nfshomes/anirudhs/CMARL-Traffic, stdin=<valid stream>, shell=False, universal_newlines=False)
[DEBUG 11:09:07] git.cmd Popen(['git', 'diff', '--cached', '--abbrev=40', '--full-index', '--raw'], cwd=/nfshomes/anirudhs/CMARL-Traffic, stdin=None, shell=False, universal_newlines=False)
[DEBUG 11:09:07] git.cmd Popen(['git', 'diff', '--abbrev=40', '--full-index', '--raw'], cwd=/nfshomes/anirudhs/CMARL-Traffic, stdin=None, shell=False, universal_newlines=False)
[DEBUG 11:09:07] git.cmd Popen(['git', 'cat-file', '--batch-check'], cwd=/nfshomes/anirudhs/CMARL-Traffic, stdin=<valid stream>, shell=False, universal_newlines=False)
[DEBUG 11:09:07] git.cmd Popen(['git', 'diff', '--cached', '--abbrev=40', '--full-index', '--raw'], cwd=/nfshomes/anirudhs/CMARL-Traffic, stdin=None, shell=False, universal_newlines=False)
[DEBUG 11:09:07] git.cmd Popen(['git', 'diff', '--abbrev=40', '--full-index', '--raw'], cwd=/nfshomes/anirudhs/CMARL-Traffic, stdin=None, shell=False, universal_newlines=False)
[DEBUG 11:09:07] git.cmd Popen(['git', 'cat-file', '--batch-check'], cwd=/nfshomes/anirudhs/CMARL-Traffic, stdin=<valid stream>, shell=False, universal_newlines=False)
[DEBUG 11:09:08] git.cmd Popen(['git', 'diff', '--cached', '--abbrev=40', '--full-index', '--raw'], cwd=/nfshomes/anirudhs/CMARL-Traffic, stdin=None, shell=False, universal_newlines=False)
[DEBUG 11:09:08] git.cmd Popen(['git', 'diff', '--abbrev=40', '--full-index', '--raw'], cwd=/nfshomes/anirudhs/CMARL-Traffic, stdin=None, shell=False, universal_newlines=False)
[DEBUG 11:09:08] git.cmd Popen(['git', 'cat-file', '--batch-check'], cwd=/nfshomes/anirudhs/CMARL-Traffic, stdin=<valid stream>, shell=False, universal_newlines=False)
[DEBUG 11:09:08] git.cmd Popen(['git', 'diff', '--cached', '--abbrev=40', '--full-index', '--raw'], cwd=/nfshomes/anirudhs/CMARL-Traffic, stdin=None, shell=False, universal_newlines=False)
[DEBUG 11:09:08] git.cmd Popen(['git', 'diff', '--abbrev=40', '--full-index', '--raw'], cwd=/nfshomes/anirudhs/CMARL-Traffic, stdin=None, shell=False, universal_newlines=False)
[DEBUG 11:09:08] git.cmd Popen(['git', 'cat-file', '--batch-check'], cwd=/nfshomes/anirudhs/CMARL-Traffic, stdin=<valid stream>, shell=False, universal_newlines=False)
[INFO 11:09:08] root Saving to FileStorageObserver in /cmlscratch/anirudhs/ctraffic/results/sacred.
[DEBUG 11:09:09] ctraffic Using capture mode "fd"
threads unset, auto use 24 threads
[INFO 11:09:09] ctraffic Running command 'main'
[INFO 11:09:10] ctraffic Started run with ID "240"
[DEBUG 11:09:10] ctraffic Starting Heartbeat
[DEBUG 11:09:10] main Started
[INFO 11:09:10] main Experiment Parameters:
[INFO 11:09:11] main MDP Components:
[INFO 11:09:15] main Beginning training for 500000 timesteps
[INFO 11:12:24] main t_env: 5040 / 500000
[INFO 11:12:24] main Estimated time left: 5 hours, 9 minutes, 26 seconds. Time passed: 3 minutes, 9 seconds
[INFO 11:16:01] main t_env: 10080 / 500000
[INFO 11:16:01] main Estimated time left: 5 hours, 50 minutes, 9 seconds. Time passed: 6 minutes, 45 seconds
[INFO 11:16:15] main Recent Stats | t_env:      10080 | Episode:      224

[INFO 11:19:36] main t_env: 15120 / 500000
[INFO 11:19:36] main Estimated time left: 5 hours, 44 minutes, 49 seconds. Time passed: 10 minutes, 20 seconds
[INFO 11:23:04] main t_env: 20160 / 500000
[INFO 11:23:04] main Estimated time left: 5 hours, 29 minutes, 53 seconds. Time passed: 13 minutes, 48 seconds
[INFO 11:23:18] main Recent Stats | t_env:      20160 | Episode:      448

[INFO 11:26:39] main t_env: 25200 / 500000
[INFO 11:26:39] main Estimated time left: 5 hours, 38 minutes, 33 seconds. Time passed: 17 minutes, 23 seconds
[INFO 11:30:12] main t_env: 30240 / 500000
[INFO 11:30:12] main Estimated time left: 5 hours, 29 minutes, 58 seconds. Time passed: 20 minutes, 56 seconds
[INFO 11:30:29] main Recent Stats | t_env:      30240 | Episode:      672

[INFO 11:33:51] main t_env: 35280 / 500000
[INFO 11:33:51] main Estimated time left: 5 hours, 37 minutes, 23 seconds. Time passed: 24 minutes, 35 seconds
[INFO 11:37:27] main t_env: 40320 / 500000
[INFO 11:37:27] main Estimated time left: 5 hours, 28 minutes, 5 seconds. Time passed: 28 minutes, 11 seconds
[INFO 11:37:44] main Recent Stats | t_env:      40320 | Episode:      896

[INFO 11:41:09] main t_env: 45360 / 500000
[INFO 11:41:09] main Estimated time left: 5 hours, 33 minutes, 49 seconds. Time passed: 31 minutes, 53 seconds
[INFO 11:44:55] main t_env: 50400 / 500000
[INFO 11:44:55] main Estimated time left: 5 hours, 35 minutes, 43 seconds. Time passed: 35 minutes, 39 seconds
[INFO 11:45:10] main Recent Stats | t_env:      50400 | Episode:     1120

[INFO 11:48:38] main t_env: 55440 / 500000
[INFO 11:48:38] main Estimated time left: 5 hours, 28 minutes, 29 seconds. Time passed: 39 minutes, 22 seconds
[INFO 11:52:23] main t_env: 60480 / 500000
[INFO 11:52:23] main Estimated time left: 5 hours, 27 minutes, 5 seconds. Time passed: 43 minutes, 7 seconds
[INFO 11:52:38] main Recent Stats | t_env:      60480 | Episode:     1344

[INFO 11:56:05] main t_env: 65520 / 500000
[INFO 11:56:05] main Estimated time left: 5 hours, 18 minutes, 36 seconds. Time passed: 46 minutes, 49 seconds
[INFO 11:59:44] main t_env: 70560 / 500000
[INFO 11:59:44] main Estimated time left: 5 hours, 11 minutes, 34 seconds. Time passed: 50 minutes, 29 seconds
[INFO 12:00:02] main Recent Stats | t_env:      70560 | Episode:     1568

[INFO 12:03:35] main t_env: 75600 / 500000
[INFO 12:03:35] main Estimated time left: 5 hours, 23 minutes, 53 seconds. Time passed: 54 minutes, 19 seconds
[INFO 12:07:22] main t_env: 80640 / 500000
[INFO 12:07:22] main Estimated time left: 5 hours, 14 minutes, 18 seconds. Time passed: 58 minutes, 6 seconds
[INFO 12:07:37] main Recent Stats | t_env:      80640 | Episode:     1792

[INFO 12:11:00] main t_env: 85680 / 500000
[INFO 12:11:00] main Estimated time left: 4 hours, 58 minutes, 40 seconds. Time passed: 1 hours, 1 minutes, 44 seconds
[INFO 12:14:50] main t_env: 90720 / 500000
[INFO 12:14:50] main Estimated time left: 5 hours, 11 minutes, 32 seconds. Time passed: 1 hours, 5 minutes, 34 seconds
[INFO 12:15:05] main Recent Stats | t_env:      90720 | Episode:     2016

[INFO 12:18:26] main t_env: 95760 / 500000
[INFO 12:18:26] main Estimated time left: 4 hours, 48 minutes, 24 seconds. Time passed: 1 hours, 9 minutes, 10 seconds
[INFO 12:22:00] main t_env: 100800 / 500000
[INFO 12:22:00] main Estimated time left: 4 hours, 42 minutes, 51 seconds. Time passed: 1 hours, 12 minutes, 44 seconds
[INFO 12:22:15] main Recent Stats | t_env:     100800 | Episode:     2240

[INFO 12:25:28] main t_env: 105840 / 500000
[INFO 12:25:28] main Estimated time left: 4 hours, 31 minutes, 3 seconds. Time passed: 1 hours, 16 minutes, 12 seconds
[INFO 12:28:57] main t_env: 110880 / 500000
[INFO 12:28:57] main Estimated time left: 4 hours, 28 minutes, 50 seconds. Time passed: 1 hours, 19 minutes, 41 seconds
[INFO 12:29:10] main Recent Stats | t_env:     110880 | Episode:     2464

[INFO 12:32:19] main t_env: 115920 / 500000
[INFO 12:32:19] main Estimated time left: 4 hours, 16 minutes, 45 seconds. Time passed: 1 hours, 23 minutes, 3 seconds
[INFO 12:35:47] main t_env: 120960 / 500000
[INFO 12:35:47] main Estimated time left: 4 hours, 19 minutes, 55 seconds. Time passed: 1 hours, 26 minutes, 31 seconds
[INFO 12:36:02] main Recent Stats | t_env:     120960 | Episode:     2688

[INFO 12:39:17] main t_env: 126000 / 500000
[INFO 12:39:17] main Estimated time left: 4 hours, 20 minutes, 47 seconds. Time passed: 1 hours, 30 minutes, 1 seconds
[INFO 12:42:52] main t_env: 131040 / 500000
[INFO 12:42:52] main Estimated time left: 4 hours, 22 minutes, 11 seconds. Time passed: 1 hours, 33 minutes, 36 seconds
[INFO 12:43:10] main Recent Stats | t_env:     131040 | Episode:     2912

[INFO 12:46:32] main t_env: 136080 / 500000
[INFO 12:46:32] main Estimated time left: 4 hours, 24 minutes, 8 seconds. Time passed: 1 hours, 37 minutes, 16 seconds
[INFO 12:50:11] main t_env: 141120 / 500000
[INFO 12:50:11] main Estimated time left: 4 hours, 20 minutes, 36 seconds. Time passed: 1 hours, 40 minutes, 55 seconds
[INFO 12:50:28] main Recent Stats | t_env:     141120 | Episode:     3136

[INFO 12:53:39] main t_env: 146160 / 500000
[INFO 12:53:39] main Estimated time left: 4 hours, 2 minutes, 47 seconds. Time passed: 1 hours, 44 minutes, 23 seconds
[INFO 12:57:09] main t_env: 151200 / 500000
[INFO 12:57:09] main Estimated time left: 4 hours, 2 minutes, 20 seconds. Time passed: 1 hours, 47 minutes, 53 seconds
[INFO 12:57:24] main Recent Stats | t_env:     151200 | Episode:     3360

[INFO 13:00:45] main t_env: 156240 / 500000
[INFO 13:00:45] main Estimated time left: 4 hours, 5 minutes, 11 seconds. Time passed: 1 hours, 51 minutes, 29 seconds
[INFO 13:04:09] main t_env: 161280 / 500000
[INFO 13:04:09] main Estimated time left: 3 hours, 49 minutes, 1 seconds. Time passed: 1 hours, 54 minutes, 53 seconds
[INFO 13:04:24] main Recent Stats | t_env:     161280 | Episode:     3584

[INFO 13:07:36] main t_env: 166320 / 500000
[INFO 13:07:36] main Estimated time left: 3 hours, 48 minutes, 23 seconds. Time passed: 1 hours, 58 minutes, 20 seconds
[INFO 13:11:12] main t_env: 171360 / 500000
[INFO 13:11:12] main Estimated time left: 3 hours, 54 minutes, 36 seconds. Time passed: 2 hours, 1 minutes, 56 seconds
[INFO 13:11:27] main Recent Stats | t_env:     171360 | Episode:     3808

[INFO 13:14:39] main t_env: 176400 / 500000
[INFO 13:14:39] main Estimated time left: 3 hours, 41 minutes, 52 seconds. Time passed: 2 hours, 5 minutes, 23 seconds
[INFO 13:18:02] main t_env: 181440 / 500000
[INFO 13:18:02] main Estimated time left: 3 hours, 33 minutes, 53 seconds. Time passed: 2 hours, 8 minutes, 46 seconds
[INFO 13:18:18] main Recent Stats | t_env:     181440 | Episode:     4032

[INFO 13:21:24] main t_env: 186480 / 500000
[INFO 13:21:24] main Estimated time left: 3 hours, 28 minutes, 58 seconds. Time passed: 2 hours, 12 minutes, 8 seconds
[INFO 13:24:51] main t_env: 191520 / 500000
[INFO 13:24:51] main Estimated time left: 3 hours, 31 minutes, 18 seconds. Time passed: 2 hours, 15 minutes, 35 seconds
[INFO 13:25:06] main Recent Stats | t_env:     191520 | Episode:     4256

[INFO 13:28:20] main t_env: 196560 / 500000
[INFO 13:28:20] main Estimated time left: 3 hours, 29 minutes, 18 seconds. Time passed: 2 hours, 19 minutes, 4 seconds
[INFO 13:31:44] main t_env: 201600 / 500000
[INFO 13:31:44] main Estimated time left: 3 hours, 21 minutes, 56 seconds. Time passed: 2 hours, 22 minutes, 28 seconds
[INFO 13:32:00] main Recent Stats | t_env:     201600 | Episode:     4480

[INFO 13:35:14] main t_env: 206640 / 500000
[INFO 13:35:14] main Estimated time left: 3 hours, 23 minutes, 41 seconds. Time passed: 2 hours, 25 minutes, 58 seconds
[INFO 13:38:40] main t_env: 211680 / 500000
[INFO 13:38:40] main Estimated time left: 3 hours, 16 minutes, 29 seconds. Time passed: 2 hours, 29 minutes, 24 seconds
[INFO 13:38:56] main Recent Stats | t_env:     211680 | Episode:     4704

[INFO 13:42:07] main t_env: 216720 / 500000
[INFO 13:42:07] main Estimated time left: 3 hours, 13 minutes, 53 seconds. Time passed: 2 hours, 32 minutes, 51 seconds
[INFO 13:45:36] main t_env: 221760 / 500000
[INFO 13:45:36] main Estimated time left: 3 hours, 11 minutes, 50 seconds. Time passed: 2 hours, 36 minutes, 20 seconds
[INFO 13:45:50] main Recent Stats | t_env:     221760 | Episode:     4928

[INFO 13:49:00] main t_env: 226800 / 500000
[INFO 13:49:00] main Estimated time left: 3 hours, 4 minutes, 10 seconds. Time passed: 2 hours, 39 minutes, 44 seconds
[INFO 13:52:28] main t_env: 231840 / 500000
[INFO 13:52:28] main Estimated time left: 3 hours, 4 minutes, 19 seconds. Time passed: 2 hours, 43 minutes, 12 seconds
[INFO 13:52:44] main Recent Stats | t_env:     231840 | Episode:     5152

[INFO 13:55:53] main t_env: 236880 / 500000
[INFO 13:55:53] main Estimated time left: 2 hours, 58 minutes, 31 seconds. Time passed: 2 hours, 46 minutes, 37 seconds
[INFO 13:59:22] main t_env: 241920 / 500000
[INFO 13:59:22] main Estimated time left: 2 hours, 58 minutes, 23 seconds. Time passed: 2 hours, 50 minutes, 6 seconds
[INFO 13:59:39] main Recent Stats | t_env:     241920 | Episode:     5376

[INFO 14:02:49] main t_env: 246960 / 500000
[INFO 14:02:49] main Estimated time left: 2 hours, 53 minutes, 7 seconds. Time passed: 2 hours, 53 minutes, 33 seconds
[INFO 14:06:30] main t_env: 252000 / 500000
[INFO 14:06:30] main Estimated time left: 3 hours, 1 minutes, 40 seconds. Time passed: 2 hours, 57 minutes, 14 seconds
[INFO 14:06:47] main Recent Stats | t_env:     252000 | Episode:     5600

[INFO 14:10:04] main t_env: 257040 / 500000
[INFO 14:10:04] main Estimated time left: 2 hours, 51 minutes, 23 seconds. Time passed: 3 hours, 48 seconds
[INFO 14:13:33] main t_env: 262080 / 500000
[INFO 14:13:33] main Estimated time left: 2 hours, 44 minutes, 55 seconds. Time passed: 3 hours, 4 minutes, 17 seconds
[INFO 14:13:48] main Recent Stats | t_env:     262080 | Episode:     5824

[INFO 14:16:59] main t_env: 267120 / 500000
[INFO 14:16:59] main Estimated time left: 2 hours, 38 minutes, 15 seconds. Time passed: 3 hours, 7 minutes, 43 seconds
[INFO 14:20:27] main t_env: 272160 / 500000
[INFO 14:20:27] main Estimated time left: 2 hours, 37 minutes, 10 seconds. Time passed: 3 hours, 11 minutes, 11 seconds
[INFO 14:20:44] main Recent Stats | t_env:     272160 | Episode:     6048

[INFO 14:23:56] main t_env: 277200 / 500000
[INFO 14:23:56] main Estimated time left: 2 hours, 33 minutes, 51 seconds. Time passed: 3 hours, 14 minutes, 40 seconds
[INFO 14:27:21] main t_env: 282240 / 500000
[INFO 14:27:21] main Estimated time left: 2 hours, 27 minutes, 47 seconds. Time passed: 3 hours, 18 minutes, 5 seconds
[INFO 14:27:36] main Recent Stats | t_env:     282240 | Episode:     6272

[INFO 14:30:46] main t_env: 287280 / 500000
[INFO 14:30:46] main Estimated time left: 2 hours, 24 minutes, 5 seconds. Time passed: 3 hours, 21 minutes, 30 seconds
[INFO 14:34:22] main t_env: 292320 / 500000
[INFO 14:34:22] main Estimated time left: 2 hours, 28 minutes, 20 seconds. Time passed: 3 hours, 25 minutes, 6 seconds
[INFO 14:34:36] main Recent Stats | t_env:     292320 | Episode:     6496

[INFO 14:37:49] main t_env: 297360 / 500000
[INFO 14:37:49] main Estimated time left: 2 hours, 18 minutes, 26 seconds. Time passed: 3 hours, 28 minutes, 33 seconds
[INFO 14:41:07] main t_env: 302400 / 500000
[INFO 14:41:07] main Estimated time left: 2 hours, 9 minutes, 17 seconds. Time passed: 3 hours, 31 minutes, 51 seconds
[INFO 14:41:22] main Recent Stats | t_env:     302400 | Episode:     6720

[INFO 14:44:32] main t_env: 307440 / 500000
[INFO 14:44:32] main Estimated time left: 2 hours, 10 minutes, 58 seconds. Time passed: 3 hours, 35 minutes, 16 seconds
