Identity added: /nfshomes/anirudhs/.ssh/id_ecdsa (anirudhs@nexuscml00.umiacs.umd.edu)
Identity added: /nfshomes/anirudhs/.ssh/id_ed25519 (anirudh.satheesh@gmail.com)
[DEBUG 09:46:53] git.cmd Popen(['git', 'diff', '--cached', '--abbrev=40', '--full-index', '--raw'], cwd=/nfshomes/anirudhs/CMARL-Traffic, stdin=None, shell=False, universal_newlines=False)
[DEBUG 09:46:53] git.cmd Popen(['git', 'diff', '--abbrev=40', '--full-index', '--raw'], cwd=/nfshomes/anirudhs/CMARL-Traffic, stdin=None, shell=False, universal_newlines=False)
[DEBUG 09:46:53] git.cmd Popen(['git', 'cat-file', '--batch-check'], cwd=/nfshomes/anirudhs/CMARL-Traffic, stdin=<valid stream>, shell=False, universal_newlines=False)
[DEBUG 09:46:53] git.cmd Popen(['git', 'diff', '--cached', '--abbrev=40', '--full-index', '--raw'], cwd=/nfshomes/anirudhs/CMARL-Traffic, stdin=None, shell=False, universal_newlines=False)
[DEBUG 09:46:53] git.cmd Popen(['git', 'diff', '--abbrev=40', '--full-index', '--raw'], cwd=/nfshomes/anirudhs/CMARL-Traffic, stdin=None, shell=False, universal_newlines=False)
[DEBUG 09:46:53] git.cmd Popen(['git', 'cat-file', '--batch-check'], cwd=/nfshomes/anirudhs/CMARL-Traffic, stdin=<valid stream>, shell=False, universal_newlines=False)
[DEBUG 09:46:53] git.cmd Popen(['git', 'diff', '--cached', '--abbrev=40', '--full-index', '--raw'], cwd=/nfshomes/anirudhs/CMARL-Traffic, stdin=None, shell=False, universal_newlines=False)
[DEBUG 09:46:53] git.cmd Popen(['git', 'diff', '--abbrev=40', '--full-index', '--raw'], cwd=/nfshomes/anirudhs/CMARL-Traffic, stdin=None, shell=False, universal_newlines=False)
[DEBUG 09:46:53] git.cmd Popen(['git', 'cat-file', '--batch-check'], cwd=/nfshomes/anirudhs/CMARL-Traffic, stdin=<valid stream>, shell=False, universal_newlines=False)
[DEBUG 09:46:53] git.cmd Popen(['git', 'diff', '--cached', '--abbrev=40', '--full-index', '--raw'], cwd=/nfshomes/anirudhs/CMARL-Traffic, stdin=None, shell=False, universal_newlines=False)
[DEBUG 09:46:53] git.cmd Popen(['git', 'diff', '--abbrev=40', '--full-index', '--raw'], cwd=/nfshomes/anirudhs/CMARL-Traffic, stdin=None, shell=False, universal_newlines=False)
[DEBUG 09:46:54] git.cmd Popen(['git', 'cat-file', '--batch-check'], cwd=/nfshomes/anirudhs/CMARL-Traffic, stdin=<valid stream>, shell=False, universal_newlines=False)
[DEBUG 09:46:54] git.cmd Popen(['git', 'diff', '--cached', '--abbrev=40', '--full-index', '--raw'], cwd=/nfshomes/anirudhs/CMARL-Traffic, stdin=None, shell=False, universal_newlines=False)
[DEBUG 09:46:54] git.cmd Popen(['git', 'diff', '--abbrev=40', '--full-index', '--raw'], cwd=/nfshomes/anirudhs/CMARL-Traffic, stdin=None, shell=False, universal_newlines=False)
[DEBUG 09:46:54] git.cmd Popen(['git', 'cat-file', '--batch-check'], cwd=/nfshomes/anirudhs/CMARL-Traffic, stdin=<valid stream>, shell=False, universal_newlines=False)
[INFO 09:46:55] root Saving to FileStorageObserver in /cmlscratch/anirudhs/ctraffic/results/sacred.
[DEBUG 09:46:57] ctraffic Using capture mode "fd"
threads unset, auto use 128 threads
[INFO 09:46:57] ctraffic Running command 'main'
[INFO 09:46:59] ctraffic Started run with ID "226"
[DEBUG 09:46:59] ctraffic Starting Heartbeat
[DEBUG 09:46:59] main Started
[INFO 09:47:00] main Experiment Parameters:
[INFO 09:47:01] main MDP Components:
[INFO 09:47:07] main Beginning training for 500000 timesteps
[INFO 09:50:28] main t_env: 5040 / 500000
[INFO 09:50:28] main Estimated time left: 5 hours, 27 minutes, 56 seconds. Time passed: 3 minutes, 20 seconds
[INFO 09:54:17] main t_env: 10080 / 500000
[INFO 09:54:17] main Estimated time left: 6 hours, 10 minutes, 39 seconds. Time passed: 7 minutes, 9 seconds
[INFO 09:54:32] main Recent Stats | t_env:      10080 | Episode:      224

[INFO 09:58:02] main t_env: 15120 / 500000
[INFO 09:58:02] main Estimated time left: 6 hours, 2 minutes, 15 seconds. Time passed: 10 minutes, 55 seconds
[INFO 10:01:55] main t_env: 20160 / 500000
[INFO 10:01:55] main Estimated time left: 6 hours, 8 minutes, 57 seconds. Time passed: 14 minutes, 47 seconds
[INFO 10:02:16] main Recent Stats | t_env:      20160 | Episode:      448

[INFO 10:05:51] main t_env: 25200 / 500000
[INFO 10:05:51] main Estimated time left: 6 hours, 11 minutes, 10 seconds. Time passed: 18 minutes, 43 seconds
[INFO 10:09:47] main t_env: 30240 / 500000
[INFO 10:09:47] main Estimated time left: 6 hours, 5 minutes, 35 seconds. Time passed: 22 minutes, 39 seconds
[INFO 10:10:10] main Recent Stats | t_env:      30240 | Episode:      672

[INFO 10:14:07] main t_env: 35280 / 500000
[INFO 10:14:07] main Estimated time left: 6 hours, 39 minutes, 39 seconds. Time passed: 26 minutes, 59 seconds
[INFO 10:18:27] main t_env: 40320 / 500000
[INFO 10:18:27] main Estimated time left: 6 hours, 35 minutes, 40 seconds. Time passed: 31 minutes, 19 seconds
[INFO 10:18:46] main Recent Stats | t_env:      40320 | Episode:      896

[INFO 10:22:35] main t_env: 45360 / 500000
[INFO 10:22:35] main Estimated time left: 6 hours, 12 minutes, 55 seconds. Time passed: 35 minutes, 27 seconds
[INFO 10:26:46] main t_env: 50400 / 500000
[INFO 10:26:46] main Estimated time left: 6 hours, 13 minutes, 30 seconds. Time passed: 39 minutes, 38 seconds
[INFO 10:27:08] main Recent Stats | t_env:      50400 | Episode:     1120

[INFO 10:31:19] main t_env: 55440 / 500000
[INFO 10:31:19] main Estimated time left: 6 hours, 40 minutes, 6 seconds. Time passed: 44 minutes, 11 seconds
[INFO 10:35:56] main t_env: 60480 / 500000
[INFO 10:35:56] main Estimated time left: 6 hours, 42 minutes, 36 seconds. Time passed: 48 minutes, 48 seconds
[INFO 10:36:21] main Recent Stats | t_env:      60480 | Episode:     1344

[INFO 10:40:32] main t_env: 65520 / 500000
[INFO 10:40:32] main Estimated time left: 6 hours, 37 minutes, 30 seconds. Time passed: 53 minutes, 24 seconds
[INFO 10:45:03] main t_env: 70560 / 500000
[INFO 10:45:03] main Estimated time left: 6 hours, 24 minutes, 9 seconds. Time passed: 57 minutes, 55 seconds
[INFO 10:45:25] main Recent Stats | t_env:      70560 | Episode:     1568

[INFO 10:49:10] main t_env: 75600 / 500000
[INFO 10:49:10] main Estimated time left: 5 hours, 46 minutes, 34 seconds. Time passed: 1 hours, 2 minutes, 2 seconds
[INFO 10:52:57] main t_env: 80640 / 500000
[INFO 10:52:57] main Estimated time left: 5 hours, 15 minutes, 31 seconds. Time passed: 1 hours, 5 minutes, 49 seconds
[INFO 10:53:14] main Recent Stats | t_env:      80640 | Episode:     1792

[INFO 10:56:55] main t_env: 85680 / 500000
[INFO 10:56:55] main Estimated time left: 5 hours, 25 minutes, 23 seconds. Time passed: 1 hours, 9 minutes, 47 seconds
[INFO 11:01:00] main t_env: 90720 / 500000
[INFO 11:01:00] main Estimated time left: 5 hours, 31 minutes, 51 seconds. Time passed: 1 hours, 13 minutes, 52 seconds
[INFO 11:01:17] main Recent Stats | t_env:      90720 | Episode:     2016

[INFO 11:05:11] main t_env: 95760 / 500000
[INFO 11:05:11] main Estimated time left: 5 hours, 35 minutes, 30 seconds. Time passed: 1 hours, 18 minutes, 3 seconds
[INFO 11:09:09] main t_env: 100800 / 500000
[INFO 11:09:09] main Estimated time left: 5 hours, 14 minutes, 23 seconds. Time passed: 1 hours, 22 minutes, 1 seconds
[INFO 11:09:32] main Recent Stats | t_env:     100800 | Episode:     2240

[INFO 11:13:26] main t_env: 105840 / 500000
[INFO 11:13:26] main Estimated time left: 5 hours, 34 minutes, 23 seconds. Time passed: 1 hours, 26 minutes, 18 seconds
[INFO 11:17:33] main t_env: 110880 / 500000
[INFO 11:17:33] main Estimated time left: 5 hours, 18 minutes, 51 seconds. Time passed: 1 hours, 30 minutes, 25 seconds
[INFO 11:17:51] main Recent Stats | t_env:     110880 | Episode:     2464

[INFO 11:21:38] main t_env: 115920 / 500000
[INFO 11:21:38] main Estimated time left: 5 hours, 10 minutes, 39 seconds. Time passed: 1 hours, 34 minutes, 30 seconds
[INFO 11:25:29] main t_env: 120960 / 500000
[INFO 11:25:29] main Estimated time left: 4 hours, 49 minutes, 30 seconds. Time passed: 1 hours, 38 minutes, 21 seconds
[INFO 11:25:46] main Recent Stats | t_env:     120960 | Episode:     2688

[INFO 11:29:24] main t_env: 126000 / 500000
[INFO 11:29:24] main Estimated time left: 4 hours, 50 minutes, 48 seconds. Time passed: 1 hours, 42 minutes, 16 seconds
[INFO 11:33:35] main t_env: 131040 / 500000
[INFO 11:33:35] main Estimated time left: 5 hours, 6 minutes, 36 seconds. Time passed: 1 hours, 46 minutes, 27 seconds
[INFO 11:33:57] main Recent Stats | t_env:     131040 | Episode:     2912

[INFO 11:37:29] main t_env: 136080 / 500000
[INFO 11:37:29] main Estimated time left: 4 hours, 41 minutes, 30 seconds. Time passed: 1 hours, 50 minutes, 21 seconds
[INFO 11:41:35] main t_env: 141120 / 500000
[INFO 11:41:35] main Estimated time left: 4 hours, 51 minutes, 40 seconds. Time passed: 1 hours, 54 minutes, 27 seconds
[INFO 11:41:58] main Recent Stats | t_env:     141120 | Episode:     3136

[INFO 11:45:45] main t_env: 146160 / 500000
[INFO 11:45:45] main Estimated time left: 4 hours, 52 minutes, 41 seconds. Time passed: 1 hours, 58 minutes, 37 seconds
[INFO 11:49:38] main t_env: 151200 / 500000
[INFO 11:49:38] main Estimated time left: 4 hours, 28 minutes, 3 seconds. Time passed: 2 hours, 2 minutes, 30 seconds
[INFO 11:49:57] main Recent Stats | t_env:     151200 | Episode:     3360

[INFO 11:53:50] main t_env: 156240 / 500000
[INFO 11:53:50] main Estimated time left: 4 hours, 46 minutes, 43 seconds. Time passed: 2 hours, 6 minutes, 42 seconds
[INFO 11:57:57] main t_env: 161280 / 500000
[INFO 11:57:57] main Estimated time left: 4 hours, 36 minutes, 24 seconds. Time passed: 2 hours, 10 minutes, 49 seconds
[INFO 11:58:10] main Recent Stats | t_env:     161280 | Episode:     3584

[INFO 12:01:42] main t_env: 166320 / 500000
[INFO 12:01:42] main Estimated time left: 4 hours, 8 minutes, 56 seconds. Time passed: 2 hours, 14 minutes, 34 seconds
[INFO 12:05:45] main t_env: 171360 / 500000
[INFO 12:05:45] main Estimated time left: 4 hours, 23 minutes, 26 seconds. Time passed: 2 hours, 18 minutes, 37 seconds
[INFO 12:05:59] main Recent Stats | t_env:     171360 | Episode:     3808

[INFO 12:09:34] main t_env: 176400 / 500000
[INFO 12:09:34] main Estimated time left: 4 hours, 5 minutes, 41 seconds. Time passed: 2 hours, 22 minutes, 26 seconds
[INFO 12:13:28] main t_env: 181440 / 500000
[INFO 12:13:28] main Estimated time left: 4 hours, 6 minutes, 21 seconds. Time passed: 2 hours, 26 minutes, 20 seconds
[INFO 12:13:43] main Recent Stats | t_env:     181440 | Episode:     4032

[INFO 12:17:30] main t_env: 186480 / 500000
[INFO 12:17:30] main Estimated time left: 4 hours, 11 minutes, 14 seconds. Time passed: 2 hours, 30 minutes, 22 seconds
[INFO 12:21:04] main t_env: 191520 / 500000
[INFO 12:21:04] main Estimated time left: 3 hours, 37 minutes, 31 seconds. Time passed: 2 hours, 33 minutes, 56 seconds
[INFO 12:21:19] main Recent Stats | t_env:     191520 | Episode:     4256

[INFO 12:24:56] main t_env: 196560 / 500000
[INFO 12:24:56] main Estimated time left: 3 hours, 53 minutes, 7 seconds. Time passed: 2 hours, 37 minutes, 48 seconds
[INFO 12:28:22] main t_env: 201600 / 500000
[INFO 12:28:22] main Estimated time left: 3 hours, 23 minutes, 2 seconds. Time passed: 2 hours, 41 minutes, 14 seconds
[INFO 12:28:42] main Recent Stats | t_env:     201600 | Episode:     4480

[INFO 12:31:50] main t_env: 206640 / 500000
[INFO 12:31:50] main Estimated time left: 3 hours, 21 minutes, 57 seconds. Time passed: 2 hours, 44 minutes, 42 seconds
[INFO 12:35:34] main t_env: 211680 / 500000
[INFO 12:35:34] main Estimated time left: 3 hours, 33 minutes, 40 seconds. Time passed: 2 hours, 48 minutes, 26 seconds
[INFO 12:35:49] main Recent Stats | t_env:     211680 | Episode:     4704

[INFO 12:38:58] main t_env: 216720 / 500000
[INFO 12:38:58] main Estimated time left: 3 hours, 11 minutes, 27 seconds. Time passed: 2 hours, 51 minutes, 50 seconds
[INFO 12:42:47] main t_env: 221760 / 500000
[INFO 12:42:47] main Estimated time left: 3 hours, 30 minutes, 5 seconds. Time passed: 2 hours, 55 minutes, 39 seconds
[INFO 12:43:03] main Recent Stats | t_env:     221760 | Episode:     4928

[INFO 12:46:42] main t_env: 226800 / 500000
[INFO 12:46:42] main Estimated time left: 3 hours, 32 minutes, 25 seconds. Time passed: 2 hours, 59 minutes, 34 seconds
[INFO 12:50:45] main t_env: 231840 / 500000
[INFO 12:50:45] main Estimated time left: 3 hours, 35 minutes, 54 seconds. Time passed: 3 hours, 3 minutes, 37 seconds
[INFO 12:51:00] main Recent Stats | t_env:     231840 | Episode:     5152

[INFO 12:54:25] main t_env: 236880 / 500000
[INFO 12:54:25] main Estimated time left: 3 hours, 11 minutes, 25 seconds. Time passed: 3 hours, 7 minutes, 17 seconds
[INFO 12:58:12] main t_env: 241920 / 500000
[INFO 12:58:12] main Estimated time left: 3 hours, 13 minutes, 52 seconds. Time passed: 3 hours, 11 minutes, 5 seconds
[INFO 12:58:28] main Recent Stats | t_env:     241920 | Episode:     5376

[INFO 13:01:51] main t_env: 246960 / 500000
[INFO 13:01:51] main Estimated time left: 3 hours, 2 minutes, 42 seconds. Time passed: 3 hours, 14 minutes, 43 seconds
[INFO 13:05:49] main t_env: 252000 / 500000
[INFO 13:05:49] main Estimated time left: 3 hours, 15 minutes, 35 seconds. Time passed: 3 hours, 18 minutes, 41 seconds
[INFO 13:06:09] main Recent Stats | t_env:     252000 | Episode:     5600

[INFO 13:09:40] main t_env: 257040 / 500000
[INFO 13:09:40] main Estimated time left: 3 hours, 5 minutes, 20 seconds. Time passed: 3 hours, 22 minutes, 32 seconds
[INFO 13:13:36] main t_env: 262080 / 500000
[INFO 13:13:36] main Estimated time left: 3 hours, 5 minutes, 28 seconds. Time passed: 3 hours, 26 minutes, 28 seconds
[INFO 13:13:59] main Recent Stats | t_env:     262080 | Episode:     5824

[INFO 13:17:54] main t_env: 267120 / 500000
[INFO 13:17:54] main Estimated time left: 3 hours, 18 minutes, 58 seconds. Time passed: 3 hours, 30 minutes, 46 seconds
[INFO 13:22:10] main t_env: 272160 / 500000
[INFO 13:22:10] main Estimated time left: 3 hours, 12 minutes, 59 seconds. Time passed: 3 hours, 35 minutes, 2 seconds
[INFO 13:22:33] main Recent Stats | t_env:     272160 | Episode:     6048

[INFO 13:26:25] main t_env: 277200 / 500000
[INFO 13:26:25] main Estimated time left: 3 hours, 7 minutes, 21 seconds. Time passed: 3 hours, 39 minutes, 17 seconds
[INFO 13:30:15] main t_env: 282240 / 500000
[INFO 13:30:15] main Estimated time left: 2 hours, 45 minutes, 51 seconds. Time passed: 3 hours, 43 minutes, 7 seconds
[INFO 13:30:29] main Recent Stats | t_env:     282240 | Episode:     6272

[INFO 13:33:58] main t_env: 287280 / 500000
[INFO 13:33:58] main Estimated time left: 2 hours, 36 minutes, 43 seconds. Time passed: 3 hours, 46 minutes, 50 seconds
[INFO 13:38:12] main t_env: 292320 / 500000
[INFO 13:38:12] main Estimated time left: 2 hours, 54 minutes, 50 seconds. Time passed: 3 hours, 51 minutes, 4 seconds
[INFO 13:38:33] main Recent Stats | t_env:     292320 | Episode:     6496

[INFO 13:42:03] main t_env: 297360 / 500000
[INFO 13:42:03] main Estimated time left: 2 hours, 34 minutes, 44 seconds. Time passed: 3 hours, 54 minutes, 55 seconds
[INFO 13:46:12] main t_env: 302400 / 500000
[INFO 13:46:12] main Estimated time left: 2 hours, 42 minutes, 48 seconds. Time passed: 3 hours, 59 minutes, 4 seconds
[INFO 13:46:36] main Recent Stats | t_env:     302400 | Episode:     6720

[INFO 13:50:15] main t_env: 307440 / 500000
[INFO 13:50:15] main Estimated time left: 2 hours, 34 minutes, 13 seconds. Time passed: 4 hours, 3 minutes, 7 seconds
[INFO 13:54:00] main t_env: 312480 / 500000
[INFO 13:54:00] main Estimated time left: 2 hours, 19 minutes, 50 seconds. Time passed: 4 hours, 6 minutes, 52 seconds
[INFO 13:54:18] main Recent Stats | t_env:     312480 | Episode:     6944

[INFO 13:57:45] main t_env: 317520 / 500000
[INFO 13:57:45] main Estimated time left: 2 hours, 15 minutes, 50 seconds. Time passed: 4 hours, 10 minutes, 37 seconds
[INFO 14:01:26] main t_env: 322560 / 500000
[INFO 14:01:26] main Estimated time left: 2 hours, 9 minutes, 18 seconds. Time passed: 4 hours, 14 minutes, 18 seconds
[INFO 14:01:45] main Recent Stats | t_env:     322560 | Episode:     7168

[INFO 14:05:23] main t_env: 327600 / 500000
[INFO 14:05:23] main Estimated time left: 2 hours, 15 minutes, 12 seconds. Time passed: 4 hours, 18 minutes, 15 seconds
[INFO 14:09:12] main t_env: 332640 / 500000
[INFO 14:09:12] main Estimated time left: 2 hours, 6 minutes, 37 seconds. Time passed: 4 hours, 22 minutes, 4 seconds
[INFO 14:09:28] main Recent Stats | t_env:     332640 | Episode:     7392

[INFO 14:13:14] main t_env: 337680 / 500000
[INFO 14:13:14] main Estimated time left: 2 hours, 10 minutes, 18 seconds. Time passed: 4 hours, 26 minutes, 6 seconds
[INFO 14:17:10] main t_env: 342720 / 500000
[INFO 14:17:10] main Estimated time left: 2 hours, 2 minutes, 49 seconds. Time passed: 4 hours, 30 minutes, 3 seconds
[INFO 14:17:34] main Recent Stats | t_env:     342720 | Episode:     7616

[INFO 14:21:17] main t_env: 347760 / 500000
[INFO 14:21:17] main Estimated time left: 2 hours, 4 minutes, 11 seconds. Time passed: 4 hours, 34 minutes, 9 seconds
[INFO 14:25:15] main t_env: 352800 / 500000
[INFO 14:25:15] main Estimated time left: 1 hours, 55 minutes, 45 seconds. Time passed: 4 hours, 38 minutes, 7 seconds
[INFO 14:25:37] main Recent Stats | t_env:     352800 | Episode:     7840

[INFO 14:29:08] main t_env: 357840 / 500000
[INFO 14:29:08] main Estimated time left: 1 hours, 49 minutes, 21 seconds. Time passed: 4 hours, 42 minutes, 0 seconds
[INFO 14:32:30] main t_env: 362880 / 500000
[INFO 14:32:30] main Estimated time left: 1 hours, 31 minutes, 37 seconds. Time passed: 4 hours, 45 minutes, 22 seconds
[INFO 14:32:47] main Recent Stats | t_env:     362880 | Episode:     8064

[INFO 14:36:02] main t_env: 367920 / 500000
[INFO 14:36:02] main Estimated time left: 1 hours, 32 minutes, 49 seconds. Time passed: 4 hours, 48 minutes, 54 seconds
[INFO 14:39:50] main t_env: 372960 / 500000
[INFO 14:39:50] main Estimated time left: 1 hours, 35 minutes, 54 seconds. Time passed: 4 hours, 52 minutes, 43 seconds
[INFO 14:40:12] main Recent Stats | t_env:     372960 | Episode:     8288

[INFO 14:43:34] main t_env: 378000 / 500000
[INFO 14:43:34] main Estimated time left: 1 hours, 30 minutes, 21 seconds. Time passed: 4 hours, 56 minutes, 27 seconds
[INFO 14:46:49] main t_env: 383040 / 500000
[INFO 14:46:49] main Estimated time left: 1 hours, 15 minutes, 8 seconds. Time passed: 4 hours, 59 minutes, 41 seconds
[INFO 14:47:03] main Recent Stats | t_env:     383040 | Episode:     8512

