Identity added: /nfshomes/anirudhs/.ssh/id_ecdsa (anirudhs@nexuscml00.umiacs.umd.edu)
Identity added: /nfshomes/anirudhs/.ssh/id_ed25519 (anirudh.satheesh@gmail.com)
[DEBUG 13:00:47] git.cmd Popen(['git', 'diff', '--cached', '--abbrev=40', '--full-index', '--raw'], cwd=/nfshomes/anirudhs/CMARL-Traffic, stdin=None, shell=False, universal_newlines=False)
[DEBUG 13:00:48] git.cmd Popen(['git', 'diff', '--abbrev=40', '--full-index', '--raw'], cwd=/nfshomes/anirudhs/CMARL-Traffic, stdin=None, shell=False, universal_newlines=False)
[DEBUG 13:00:48] git.cmd Popen(['git', 'cat-file', '--batch-check'], cwd=/nfshomes/anirudhs/CMARL-Traffic, stdin=<valid stream>, shell=False, universal_newlines=False)
[DEBUG 13:00:48] git.cmd Popen(['git', 'diff', '--cached', '--abbrev=40', '--full-index', '--raw'], cwd=/nfshomes/anirudhs/CMARL-Traffic, stdin=None, shell=False, universal_newlines=False)
[DEBUG 13:00:48] git.cmd Popen(['git', 'diff', '--abbrev=40', '--full-index', '--raw'], cwd=/nfshomes/anirudhs/CMARL-Traffic, stdin=None, shell=False, universal_newlines=False)
[DEBUG 13:00:48] git.cmd Popen(['git', 'cat-file', '--batch-check'], cwd=/nfshomes/anirudhs/CMARL-Traffic, stdin=<valid stream>, shell=False, universal_newlines=False)
[DEBUG 13:00:48] git.cmd Popen(['git', 'diff', '--cached', '--abbrev=40', '--full-index', '--raw'], cwd=/nfshomes/anirudhs/CMARL-Traffic, stdin=None, shell=False, universal_newlines=False)
[DEBUG 13:00:48] git.cmd Popen(['git', 'diff', '--abbrev=40', '--full-index', '--raw'], cwd=/nfshomes/anirudhs/CMARL-Traffic, stdin=None, shell=False, universal_newlines=False)
[DEBUG 13:00:48] git.cmd Popen(['git', 'cat-file', '--batch-check'], cwd=/nfshomes/anirudhs/CMARL-Traffic, stdin=<valid stream>, shell=False, universal_newlines=False)
[DEBUG 13:00:48] git.cmd Popen(['git', 'diff', '--cached', '--abbrev=40', '--full-index', '--raw'], cwd=/nfshomes/anirudhs/CMARL-Traffic, stdin=None, shell=False, universal_newlines=False)
[DEBUG 13:00:48] git.cmd Popen(['git', 'diff', '--abbrev=40', '--full-index', '--raw'], cwd=/nfshomes/anirudhs/CMARL-Traffic, stdin=None, shell=False, universal_newlines=False)
[DEBUG 13:00:48] git.cmd Popen(['git', 'cat-file', '--batch-check'], cwd=/nfshomes/anirudhs/CMARL-Traffic, stdin=<valid stream>, shell=False, universal_newlines=False)
[DEBUG 13:00:48] git.cmd Popen(['git', 'diff', '--cached', '--abbrev=40', '--full-index', '--raw'], cwd=/nfshomes/anirudhs/CMARL-Traffic, stdin=None, shell=False, universal_newlines=False)
[DEBUG 13:00:48] git.cmd Popen(['git', 'diff', '--abbrev=40', '--full-index', '--raw'], cwd=/nfshomes/anirudhs/CMARL-Traffic, stdin=None, shell=False, universal_newlines=False)
[DEBUG 13:00:48] git.cmd Popen(['git', 'cat-file', '--batch-check'], cwd=/nfshomes/anirudhs/CMARL-Traffic, stdin=<valid stream>, shell=False, universal_newlines=False)
[INFO 13:00:49] root Saving to FileStorageObserver in /cmlscratch/anirudhs/ctraffic/results/sacred.
[DEBUG 13:00:49] ctraffic Using capture mode "fd"
threads unset, auto use 24 threads
[INFO 13:00:49] ctraffic Running command 'main'
[INFO 13:00:50] ctraffic Started run with ID "266"
[DEBUG 13:00:50] ctraffic Starting Heartbeat
[DEBUG 13:00:50] main Started
[INFO 13:00:50] main Experiment Parameters:
[INFO 13:00:51] main MDP Components:
[INFO 13:00:55] main Beginning training for 500000 timesteps
[INFO 13:05:00] main t_env: 5040 / 500000
[INFO 13:05:00] main Estimated time left: 6 hours, 40 minutes, 7 seconds. Time passed: 4 minutes, 4 seconds
[INFO 13:09:55] main t_env: 10080 / 500000
[INFO 13:09:55] main Estimated time left: 7 hours, 57 minutes, 56 seconds. Time passed: 8 minutes, 59 seconds
[INFO 13:10:16] main Recent Stats | t_env:      10080 | Episode:      224

[INFO 13:14:56] main t_env: 15120 / 500000
[INFO 13:14:56] main Estimated time left: 8 hours, 3 minutes, 35 seconds. Time passed: 14 minutes, 1 seconds
[INFO 13:19:57] main t_env: 20160 / 500000
[INFO 13:19:57] main Estimated time left: 7 hours, 57 minutes, 28 seconds. Time passed: 19 minutes, 1 seconds
[INFO 13:20:22] main Recent Stats | t_env:      20160 | Episode:      448

[INFO 13:24:47] main t_env: 25200 / 500000
[INFO 13:24:47] main Estimated time left: 7 hours, 34 minutes, 34 seconds. Time passed: 23 minutes, 51 seconds
[INFO 13:29:31] main t_env: 30240 / 500000
[INFO 13:29:31] main Estimated time left: 7 hours, 21 minutes, 58 seconds. Time passed: 28 minutes, 36 seconds
[INFO 13:29:53] main Recent Stats | t_env:      30240 | Episode:      672

[INFO 13:34:12] main t_env: 35280 / 500000
[INFO 13:34:12] main Estimated time left: 7 hours, 11 minutes, 13 seconds. Time passed: 33 minutes, 16 seconds
[INFO 13:38:42] main t_env: 40320 / 500000
[INFO 13:38:42] main Estimated time left: 6 hours, 51 minutes, 26 seconds. Time passed: 37 minutes, 47 seconds
[INFO 13:39:02] main Recent Stats | t_env:      40320 | Episode:      896

[INFO 13:43:11] main t_env: 45360 / 500000
[INFO 13:43:11] main Estimated time left: 6 hours, 42 minutes, 58 seconds. Time passed: 42 minutes, 15 seconds
[INFO 13:47:35] main t_env: 50400 / 500000
[INFO 13:47:35] main Estimated time left: 6 hours, 33 minutes, 38 seconds. Time passed: 46 minutes, 40 seconds
[INFO 13:47:56] main Recent Stats | t_env:      50400 | Episode:     1120

[INFO 13:52:05] main t_env: 55440 / 500000
[INFO 13:52:05] main Estimated time left: 6 hours, 36 minutes, 28 seconds. Time passed: 51 minutes, 9 seconds
[INFO 13:56:33] main t_env: 60480 / 500000
[INFO 13:56:33] main Estimated time left: 6 hours, 29 minutes, 22 seconds. Time passed: 55 minutes, 37 seconds
[INFO 13:56:55] main Recent Stats | t_env:      60480 | Episode:     1344

[INFO 14:01:01] main t_env: 65520 / 500000
[INFO 14:01:01] main Estimated time left: 6 hours, 24 minutes, 39 seconds. Time passed: 1 hours, 5 seconds
[INFO 14:05:29] main t_env: 70560 / 500000
[INFO 14:05:29] main Estimated time left: 6 hours, 21 minutes, 12 seconds. Time passed: 1 hours, 4 minutes, 33 seconds
[INFO 14:05:49] main Recent Stats | t_env:      70560 | Episode:     1568

[INFO 14:09:59] main t_env: 75600 / 500000
[INFO 14:09:59] main Estimated time left: 6 hours, 19 minutes, 34 seconds. Time passed: 1 hours, 9 minutes, 4 seconds
[INFO 14:14:29] main t_env: 80640 / 500000
[INFO 14:14:29] main Estimated time left: 6 hours, 14 minutes, 12 seconds. Time passed: 1 hours, 13 minutes, 34 seconds
[INFO 14:14:53] main Recent Stats | t_env:      80640 | Episode:     1792

[INFO 14:18:59] main t_env: 85680 / 500000
[INFO 14:18:59] main Estimated time left: 6 hours, 9 minutes, 30 seconds. Time passed: 1 hours, 18 minutes, 3 seconds
[INFO 14:23:30] main t_env: 90720 / 500000
[INFO 14:23:30] main Estimated time left: 6 hours, 7 minutes, 3 seconds. Time passed: 1 hours, 22 minutes, 35 seconds
[INFO 14:23:53] main Recent Stats | t_env:      90720 | Episode:     2016

[INFO 14:28:01] main t_env: 95760 / 500000
[INFO 14:28:01] main Estimated time left: 6 hours, 2 minutes, 36 seconds. Time passed: 1 hours, 27 minutes, 6 seconds
[INFO 14:32:34] main t_env: 100800 / 500000
[INFO 14:32:34] main Estimated time left: 5 hours, 59 minutes, 33 seconds. Time passed: 1 hours, 31 minutes, 38 seconds
[INFO 14:32:56] main Recent Stats | t_env:     100800 | Episode:     2240

[INFO 14:37:04] main t_env: 105840 / 500000
[INFO 14:37:04] main Estimated time left: 5 hours, 51 minutes, 39 seconds. Time passed: 1 hours, 36 minutes, 8 seconds
[INFO 14:41:30] main t_env: 110880 / 500000
[INFO 14:41:30] main Estimated time left: 5 hours, 42 minutes, 49 seconds. Time passed: 1 hours, 40 minutes, 34 seconds
[INFO 14:41:53] main Recent Stats | t_env:     110880 | Episode:     2464

[INFO 14:46:02] main t_env: 115920 / 500000
[INFO 14:46:02] main Estimated time left: 5 hours, 45 minutes, 1 seconds. Time passed: 1 hours, 45 minutes, 6 seconds
