Identity added: /nfshomes/anirudhs/.ssh/id_ecdsa (anirudhs@nexuscml00.umiacs.umd.edu)
Identity added: /nfshomes/anirudhs/.ssh/id_ed25519 (anirudh.satheesh@gmail.com)
[DEBUG 16:15:44] git.cmd Popen(['git', 'diff', '--cached', '--abbrev=40', '--full-index', '--raw'], cwd=/nfshomes/anirudhs/CMARL-Traffic, stdin=None, shell=False, universal_newlines=False)
[DEBUG 16:15:44] git.cmd Popen(['git', 'diff', '--abbrev=40', '--full-index', '--raw'], cwd=/nfshomes/anirudhs/CMARL-Traffic, stdin=None, shell=False, universal_newlines=False)
[DEBUG 16:15:45] git.cmd Popen(['git', 'cat-file', '--batch-check'], cwd=/nfshomes/anirudhs/CMARL-Traffic, stdin=<valid stream>, shell=False, universal_newlines=False)
[DEBUG 16:15:45] git.cmd Popen(['git', 'diff', '--cached', '--abbrev=40', '--full-index', '--raw'], cwd=/nfshomes/anirudhs/CMARL-Traffic, stdin=None, shell=False, universal_newlines=False)
[DEBUG 16:15:45] git.cmd Popen(['git', 'diff', '--abbrev=40', '--full-index', '--raw'], cwd=/nfshomes/anirudhs/CMARL-Traffic, stdin=None, shell=False, universal_newlines=False)
[DEBUG 16:15:45] git.cmd Popen(['git', 'cat-file', '--batch-check'], cwd=/nfshomes/anirudhs/CMARL-Traffic, stdin=<valid stream>, shell=False, universal_newlines=False)
[DEBUG 16:15:45] git.cmd Popen(['git', 'diff', '--cached', '--abbrev=40', '--full-index', '--raw'], cwd=/nfshomes/anirudhs/CMARL-Traffic, stdin=None, shell=False, universal_newlines=False)
[DEBUG 16:15:45] git.cmd Popen(['git', 'diff', '--abbrev=40', '--full-index', '--raw'], cwd=/nfshomes/anirudhs/CMARL-Traffic, stdin=None, shell=False, universal_newlines=False)
[DEBUG 16:15:45] git.cmd Popen(['git', 'cat-file', '--batch-check'], cwd=/nfshomes/anirudhs/CMARL-Traffic, stdin=<valid stream>, shell=False, universal_newlines=False)
[DEBUG 16:15:45] git.cmd Popen(['git', 'diff', '--cached', '--abbrev=40', '--full-index', '--raw'], cwd=/nfshomes/anirudhs/CMARL-Traffic, stdin=None, shell=False, universal_newlines=False)
[DEBUG 16:15:45] git.cmd Popen(['git', 'diff', '--abbrev=40', '--full-index', '--raw'], cwd=/nfshomes/anirudhs/CMARL-Traffic, stdin=None, shell=False, universal_newlines=False)
[DEBUG 16:15:45] git.cmd Popen(['git', 'cat-file', '--batch-check'], cwd=/nfshomes/anirudhs/CMARL-Traffic, stdin=<valid stream>, shell=False, universal_newlines=False)
[DEBUG 16:15:45] git.cmd Popen(['git', 'diff', '--cached', '--abbrev=40', '--full-index', '--raw'], cwd=/nfshomes/anirudhs/CMARL-Traffic, stdin=None, shell=False, universal_newlines=False)
[DEBUG 16:15:45] git.cmd Popen(['git', 'diff', '--abbrev=40', '--full-index', '--raw'], cwd=/nfshomes/anirudhs/CMARL-Traffic, stdin=None, shell=False, universal_newlines=False)
[DEBUG 16:15:45] git.cmd Popen(['git', 'cat-file', '--batch-check'], cwd=/nfshomes/anirudhs/CMARL-Traffic, stdin=<valid stream>, shell=False, universal_newlines=False)
[INFO 16:15:46] root Saving to FileStorageObserver in /cmlscratch/anirudhs/ctraffic/results/sacred.
[DEBUG 16:15:46] ctraffic Using capture mode "fd"
threads unset, auto use 24 threads
[INFO 16:15:46] ctraffic Running command 'main'
[INFO 16:15:47] ctraffic Started run with ID "423"
[DEBUG 16:15:47] ctraffic Starting Heartbeat
[DEBUG 16:15:47] main Started
[INFO 16:15:47] main Experiment Parameters:
[INFO 16:15:48] main MDP Components:
[INFO 16:15:54] main Beginning training for 500000 timesteps
[INFO 16:19:23] main t_env: 5040 / 500000
[INFO 16:19:23] main Estimated time left: 5 hours, 43 minutes, 1 seconds. Time passed: 3 minutes, 29 seconds
[INFO 16:23:41] main t_env: 10080 / 500000
[INFO 16:23:41] main Estimated time left: 6 hours, 57 minutes, 21 seconds. Time passed: 7 minutes, 47 seconds
[INFO 16:24:01] main Recent Stats | t_env:      10080 | Episode:      224

[INFO 16:27:47] main t_env: 15120 / 500000
[INFO 16:27:47] main Estimated time left: 6 hours, 34 minutes, 8 seconds. Time passed: 11 minutes, 52 seconds
[INFO 16:31:51] main t_env: 20160 / 500000
[INFO 16:31:51] main Estimated time left: 6 hours, 27 minutes, 39 seconds. Time passed: 15 minutes, 57 seconds
[INFO 16:32:09] main Recent Stats | t_env:      20160 | Episode:      448

[INFO 16:36:03] main t_env: 25200 / 500000
[INFO 16:36:03] main Estimated time left: 6 hours, 36 minutes, 8 seconds. Time passed: 20 minutes, 9 seconds
[INFO 16:40:26] main t_env: 30240 / 500000
[INFO 16:40:26] main Estimated time left: 6 hours, 48 minutes, 14 seconds. Time passed: 24 minutes, 32 seconds
[INFO 16:40:45] main Recent Stats | t_env:      30240 | Episode:      672

[INFO 16:44:17] main t_env: 35280 / 500000
[INFO 16:44:17] main Estimated time left: 5 hours, 54 minutes, 55 seconds. Time passed: 28 minutes, 23 seconds
[INFO 16:48:20] main t_env: 40320 / 500000
[INFO 16:48:20] main Estimated time left: 6 hours, 9 minutes, 59 seconds. Time passed: 32 minutes, 26 seconds
[INFO 16:48:40] main Recent Stats | t_env:      40320 | Episode:      896

[INFO 16:52:14] main t_env: 45360 / 500000
[INFO 16:52:14] main Estimated time left: 5 hours, 51 minutes, 46 seconds. Time passed: 36 minutes, 20 seconds
[INFO 16:56:25] main t_env: 50400 / 500000
[INFO 16:56:25] main Estimated time left: 6 hours, 13 minutes, 19 seconds. Time passed: 40 minutes, 31 seconds
[INFO 16:56:41] main Recent Stats | t_env:      50400 | Episode:     1120

[INFO 17:00:52] main t_env: 55440 / 500000
[INFO 17:00:52] main Estimated time left: 6 hours, 32 minutes, 13 seconds. Time passed: 44 minutes, 58 seconds
[INFO 17:05:49] main t_env: 60480 / 500000
[INFO 17:05:49] main Estimated time left: 7 hours, 11 minutes, 24 seconds. Time passed: 49 minutes, 55 seconds
[INFO 17:06:16] main Recent Stats | t_env:      60480 | Episode:     1344

[INFO 17:10:38] main t_env: 65520 / 500000
[INFO 17:10:38] main Estimated time left: 6 hours, 55 minutes, 20 seconds. Time passed: 54 minutes, 44 seconds
[INFO 17:15:30] main t_env: 70560 / 500000
[INFO 17:15:30] main Estimated time left: 6 hours, 54 minutes, 58 seconds. Time passed: 59 minutes, 36 seconds
[INFO 17:15:57] main Recent Stats | t_env:      70560 | Episode:     1568

[INFO 17:20:26] main t_env: 75600 / 500000
[INFO 17:20:26] main Estimated time left: 6 hours, 54 minutes, 45 seconds. Time passed: 1 hours, 4 minutes, 32 seconds
[INFO 17:25:26] main t_env: 80640 / 500000
[INFO 17:25:26] main Estimated time left: 6 hours, 56 minutes, 41 seconds. Time passed: 1 hours, 9 minutes, 32 seconds
[INFO 17:25:56] main Recent Stats | t_env:      80640 | Episode:     1792

[INFO 17:30:28] main t_env: 85680 / 500000
[INFO 17:30:28] main Estimated time left: 6 hours, 52 minutes, 55 seconds. Time passed: 1 hours, 14 minutes, 34 seconds
[INFO 17:35:24] main t_env: 90720 / 500000
[INFO 17:35:24] main Estimated time left: 6 hours, 40 minutes, 37 seconds. Time passed: 1 hours, 19 minutes, 30 seconds
[INFO 17:35:53] main Recent Stats | t_env:      90720 | Episode:     2016

[INFO 17:40:25] main t_env: 95760 / 500000
[INFO 17:40:25] main Estimated time left: 6 hours, 42 minutes, 31 seconds. Time passed: 1 hours, 24 minutes, 31 seconds
[INFO 17:45:28] main t_env: 100800 / 500000
[INFO 17:45:28] main Estimated time left: 6 hours, 39 minutes, 42 seconds. Time passed: 1 hours, 29 minutes, 34 seconds
[INFO 17:45:54] main Recent Stats | t_env:     100800 | Episode:     2240

[INFO 17:50:27] main t_env: 105840 / 500000
[INFO 17:50:27] main Estimated time left: 6 hours, 29 minutes, 57 seconds. Time passed: 1 hours, 34 minutes, 33 seconds
[INFO 17:55:30] main t_env: 110880 / 500000
[INFO 17:55:30] main Estimated time left: 6 hours, 30 minutes, 39 seconds. Time passed: 1 hours, 39 minutes, 36 seconds
[INFO 17:55:55] main Recent Stats | t_env:     110880 | Episode:     2464

slurmstepd: error: *** JOB 3329495 ON tron59 CANCELLED AT 2024-11-13T17:57:29 ***
