Identity added: /nfshomes/anirudhs/.ssh/id_ecdsa (anirudhs@nexuscml00.umiacs.umd.edu)
Identity added: /nfshomes/anirudhs/.ssh/id_ed25519 (anirudh.satheesh@gmail.com)
[DEBUG 13:14:16] git.cmd Popen(['git', 'diff', '--cached', '--abbrev=40', '--full-index', '--raw'], cwd=/nfshomes/anirudhs/CMARL-Traffic, stdin=None, shell=False, universal_newlines=False)
[DEBUG 13:14:16] git.cmd Popen(['git', 'diff', '--abbrev=40', '--full-index', '--raw'], cwd=/nfshomes/anirudhs/CMARL-Traffic, stdin=None, shell=False, universal_newlines=False)
[DEBUG 13:14:16] git.cmd Popen(['git', 'cat-file', '--batch-check'], cwd=/nfshomes/anirudhs/CMARL-Traffic, stdin=<valid stream>, shell=False, universal_newlines=False)
[DEBUG 13:14:16] git.cmd Popen(['git', 'diff', '--cached', '--abbrev=40', '--full-index', '--raw'], cwd=/nfshomes/anirudhs/CMARL-Traffic, stdin=None, shell=False, universal_newlines=False)
[DEBUG 13:14:16] git.cmd Popen(['git', 'diff', '--abbrev=40', '--full-index', '--raw'], cwd=/nfshomes/anirudhs/CMARL-Traffic, stdin=None, shell=False, universal_newlines=False)
[DEBUG 13:14:16] git.cmd Popen(['git', 'cat-file', '--batch-check'], cwd=/nfshomes/anirudhs/CMARL-Traffic, stdin=<valid stream>, shell=False, universal_newlines=False)
[DEBUG 13:14:16] git.cmd Popen(['git', 'diff', '--cached', '--abbrev=40', '--full-index', '--raw'], cwd=/nfshomes/anirudhs/CMARL-Traffic, stdin=None, shell=False, universal_newlines=False)
[DEBUG 13:14:16] git.cmd Popen(['git', 'diff', '--abbrev=40', '--full-index', '--raw'], cwd=/nfshomes/anirudhs/CMARL-Traffic, stdin=None, shell=False, universal_newlines=False)
[DEBUG 13:14:16] git.cmd Popen(['git', 'cat-file', '--batch-check'], cwd=/nfshomes/anirudhs/CMARL-Traffic, stdin=<valid stream>, shell=False, universal_newlines=False)
[DEBUG 13:14:16] git.cmd Popen(['git', 'diff', '--cached', '--abbrev=40', '--full-index', '--raw'], cwd=/nfshomes/anirudhs/CMARL-Traffic, stdin=None, shell=False, universal_newlines=False)
[DEBUG 13:14:16] git.cmd Popen(['git', 'diff', '--abbrev=40', '--full-index', '--raw'], cwd=/nfshomes/anirudhs/CMARL-Traffic, stdin=None, shell=False, universal_newlines=False)
[DEBUG 13:14:16] git.cmd Popen(['git', 'cat-file', '--batch-check'], cwd=/nfshomes/anirudhs/CMARL-Traffic, stdin=<valid stream>, shell=False, universal_newlines=False)
[DEBUG 13:14:16] git.cmd Popen(['git', 'diff', '--cached', '--abbrev=40', '--full-index', '--raw'], cwd=/nfshomes/anirudhs/CMARL-Traffic, stdin=None, shell=False, universal_newlines=False)
[DEBUG 13:14:16] git.cmd Popen(['git', 'diff', '--abbrev=40', '--full-index', '--raw'], cwd=/nfshomes/anirudhs/CMARL-Traffic, stdin=None, shell=False, universal_newlines=False)
[DEBUG 13:14:17] git.cmd Popen(['git', 'cat-file', '--batch-check'], cwd=/nfshomes/anirudhs/CMARL-Traffic, stdin=<valid stream>, shell=False, universal_newlines=False)
[INFO 13:14:18] root Saving to FileStorageObserver in /cmlscratch/anirudhs/ctraffic/results/sacred.
[DEBUG 13:14:20] ctraffic Using capture mode "fd"
threads unset, auto use 24 threads
[INFO 13:14:20] ctraffic Running command 'main'
[INFO 13:14:21] ctraffic Started run with ID "269"
[DEBUG 13:14:21] ctraffic Starting Heartbeat
[DEBUG 13:14:21] main Started
[INFO 13:14:22] main Experiment Parameters:
[INFO 13:14:23] main MDP Components:
[INFO 13:14:30] main Beginning training for 500000 timesteps
[INFO 13:21:44] main t_env: 5040 / 500000
[INFO 13:21:44] main Estimated time left: 11 hours, 50 minutes, 18 seconds. Time passed: 7 minutes, 13 seconds
[INFO 13:29:13] main t_env: 10080 / 500000
[INFO 13:29:13] main Estimated time left: 12 hours, 7 minutes, 55 seconds. Time passed: 14 minutes, 43 seconds
[INFO 13:29:42] main Recent Stats | t_env:      10080 | Episode:      224

[INFO 13:36:44] main t_env: 15120 / 500000
[INFO 13:36:44] main Estimated time left: 12 hours, 3 minutes, 3 seconds. Time passed: 22 minutes, 14 seconds
[INFO 13:44:18] main t_env: 20160 / 500000
[INFO 13:44:18] main Estimated time left: 12 hours, 53 seconds. Time passed: 29 minutes, 48 seconds
[INFO 13:44:47] main Recent Stats | t_env:      20160 | Episode:      448

[INFO 13:51:52] main t_env: 25200 / 500000
[INFO 13:51:52] main Estimated time left: 11 hours, 51 minutes, 55 seconds. Time passed: 37 minutes, 21 seconds
[INFO 13:59:34] main t_env: 30240 / 500000
[INFO 13:59:34] main Estimated time left: 11 hours, 57 minutes, 46 seconds. Time passed: 45 minutes, 4 seconds
[INFO 14:00:04] main Recent Stats | t_env:      30240 | Episode:      672

[INFO 14:07:15] main t_env: 35280 / 500000
[INFO 14:07:15] main Estimated time left: 11 hours, 48 minutes, 51 seconds. Time passed: 52 minutes, 45 seconds
[INFO 14:15:05] main t_env: 40320 / 500000
[INFO 14:15:05] main Estimated time left: 11 hours, 54 minutes, 17 seconds. Time passed: 1 hours, 35 seconds
[INFO 14:15:35] main Recent Stats | t_env:      40320 | Episode:      896

[INFO 14:22:52] main t_env: 45360 / 500000
[INFO 14:22:52] main Estimated time left: 11 hours, 42 minutes, 39 seconds. Time passed: 1 hours, 8 minutes, 22 seconds
[INFO 14:30:37] main t_env: 50400 / 500000
[INFO 14:30:37] main Estimated time left: 11 hours, 30 minutes, 57 seconds. Time passed: 1 hours, 16 minutes, 7 seconds
[INFO 14:31:08] main Recent Stats | t_env:      50400 | Episode:     1120

[INFO 14:38:16] main t_env: 55440 / 500000
[INFO 14:38:16] main Estimated time left: 11 hours, 15 minutes, 15 seconds. Time passed: 1 hours, 23 minutes, 46 seconds
[INFO 14:45:59] main t_env: 60480 / 500000
[INFO 14:45:59] main Estimated time left: 11 hours, 12 minutes, 55 seconds. Time passed: 1 hours, 31 minutes, 29 seconds
[INFO 14:46:31] main Recent Stats | t_env:      60480 | Episode:     1344

