Identity added: /nfshomes/anirudhs/.ssh/id_ecdsa (anirudhs@nexuscml00.umiacs.umd.edu)
Identity added: /nfshomes/anirudhs/.ssh/id_ed25519 (anirudh.satheesh@gmail.com)
[DEBUG 03:45:25] git.cmd Popen(['git', 'diff', '--cached', '--abbrev=40', '--full-index', '--raw'], cwd=/nfshomes/anirudhs/CMARL-Traffic, stdin=None, shell=False, universal_newlines=False)
[DEBUG 03:45:25] git.cmd Popen(['git', 'diff', '--abbrev=40', '--full-index', '--raw'], cwd=/nfshomes/anirudhs/CMARL-Traffic, stdin=None, shell=False, universal_newlines=False)
[DEBUG 03:45:25] git.cmd Popen(['git', 'cat-file', '--batch-check'], cwd=/nfshomes/anirudhs/CMARL-Traffic, stdin=<valid stream>, shell=False, universal_newlines=False)
[DEBUG 03:45:25] git.cmd Popen(['git', 'diff', '--cached', '--abbrev=40', '--full-index', '--raw'], cwd=/nfshomes/anirudhs/CMARL-Traffic, stdin=None, shell=False, universal_newlines=False)
[DEBUG 03:45:25] git.cmd Popen(['git', 'diff', '--abbrev=40', '--full-index', '--raw'], cwd=/nfshomes/anirudhs/CMARL-Traffic, stdin=None, shell=False, universal_newlines=False)
[DEBUG 03:45:25] git.cmd Popen(['git', 'cat-file', '--batch-check'], cwd=/nfshomes/anirudhs/CMARL-Traffic, stdin=<valid stream>, shell=False, universal_newlines=False)
[DEBUG 03:45:25] git.cmd Popen(['git', 'diff', '--cached', '--abbrev=40', '--full-index', '--raw'], cwd=/nfshomes/anirudhs/CMARL-Traffic, stdin=None, shell=False, universal_newlines=False)
[DEBUG 03:45:25] git.cmd Popen(['git', 'diff', '--abbrev=40', '--full-index', '--raw'], cwd=/nfshomes/anirudhs/CMARL-Traffic, stdin=None, shell=False, universal_newlines=False)
[DEBUG 03:45:25] git.cmd Popen(['git', 'cat-file', '--batch-check'], cwd=/nfshomes/anirudhs/CMARL-Traffic, stdin=<valid stream>, shell=False, universal_newlines=False)
[DEBUG 03:45:25] git.cmd Popen(['git', 'diff', '--cached', '--abbrev=40', '--full-index', '--raw'], cwd=/nfshomes/anirudhs/CMARL-Traffic, stdin=None, shell=False, universal_newlines=False)
[DEBUG 03:45:25] git.cmd Popen(['git', 'diff', '--abbrev=40', '--full-index', '--raw'], cwd=/nfshomes/anirudhs/CMARL-Traffic, stdin=None, shell=False, universal_newlines=False)
[DEBUG 03:45:26] git.cmd Popen(['git', 'cat-file', '--batch-check'], cwd=/nfshomes/anirudhs/CMARL-Traffic, stdin=<valid stream>, shell=False, universal_newlines=False)
[DEBUG 03:45:26] git.cmd Popen(['git', 'diff', '--cached', '--abbrev=40', '--full-index', '--raw'], cwd=/nfshomes/anirudhs/CMARL-Traffic, stdin=None, shell=False, universal_newlines=False)
[DEBUG 03:45:26] git.cmd Popen(['git', 'diff', '--abbrev=40', '--full-index', '--raw'], cwd=/nfshomes/anirudhs/CMARL-Traffic, stdin=None, shell=False, universal_newlines=False)
[DEBUG 03:45:26] git.cmd Popen(['git', 'cat-file', '--batch-check'], cwd=/nfshomes/anirudhs/CMARL-Traffic, stdin=<valid stream>, shell=False, universal_newlines=False)
[INFO 03:45:27] root Saving to FileStorageObserver in /cmlscratch/anirudhs/ctraffic/results/sacred.
[DEBUG 03:45:29] ctraffic Using capture mode "fd"
threads unset, auto use 24 threads
[INFO 03:45:29] ctraffic Running command 'main'
[INFO 03:45:31] ctraffic Started run with ID "183"
[DEBUG 03:45:31] ctraffic Starting Heartbeat
[DEBUG 03:45:31] main Started
[INFO 03:45:32] main Experiment Parameters:
[INFO 03:45:33] main MDP Components:
[INFO 03:45:39] main Beginning training for 500000 timesteps
[INFO 03:52:54] main t_env: 5040 / 500000
[INFO 03:52:54] main Estimated time left: 11 hours, 51 minutes, 56 seconds. Time passed: 7 minutes, 14 seconds
[INFO 04:01:04] main t_env: 10080 / 500000
[INFO 04:01:04] main Estimated time left: 13 hours, 14 minutes, 41 seconds. Time passed: 15 minutes, 25 seconds
[INFO 04:01:37] main Recent Stats | t_env:      10080 | Episode:      224

[INFO 04:09:20] main t_env: 15120 / 500000
[INFO 04:09:20] main Estimated time left: 13 hours, 14 minutes, 45 seconds. Time passed: 23 minutes, 41 seconds
[INFO 04:17:35] main t_env: 20160 / 500000
[INFO 04:17:35] main Estimated time left: 13 hours, 5 minutes, 47 seconds. Time passed: 31 minutes, 56 seconds
[INFO 04:18:08] main Recent Stats | t_env:      20160 | Episode:      448

[INFO 04:25:51] main t_env: 25200 / 500000
[INFO 04:25:51] main Estimated time left: 12 hours, 58 minutes, 33 seconds. Time passed: 40 minutes, 12 seconds
[INFO 04:34:06] main t_env: 30240 / 500000
[INFO 04:34:06] main Estimated time left: 12 hours, 48 minutes, 13 seconds. Time passed: 48 minutes, 26 seconds
[INFO 04:34:41] main Recent Stats | t_env:      30240 | Episode:      672

[INFO 04:42:13] main t_env: 35280 / 500000
[INFO 04:42:13] main Estimated time left: 12 hours, 29 minutes, 16 seconds. Time passed: 56 minutes, 34 seconds
[INFO 04:50:12] main t_env: 40320 / 500000
[INFO 04:50:12] main Estimated time left: 12 hours, 7 minutes, 44 seconds. Time passed: 1 hours, 4 minutes, 33 seconds
[INFO 04:50:44] main Recent Stats | t_env:      40320 | Episode:      896

[INFO 04:58:36] main t_env: 45360 / 500000
[INFO 04:58:36] main Estimated time left: 12 hours, 38 minutes, 3 seconds. Time passed: 1 hours, 12 minutes, 57 seconds
[INFO 05:07:02] main t_env: 50400 / 500000
[INFO 05:07:02] main Estimated time left: 12 hours, 32 minutes, 36 seconds. Time passed: 1 hours, 21 minutes, 23 seconds
[INFO 05:07:35] main Recent Stats | t_env:      50400 | Episode:     1120

[INFO 05:15:33] main t_env: 55440 / 500000
[INFO 05:15:33] main Estimated time left: 12 hours, 31 minutes, 6 seconds. Time passed: 1 hours, 29 minutes, 54 seconds
[INFO 05:23:26] main t_env: 60480 / 500000
[INFO 05:23:26] main Estimated time left: 11 hours, 26 minutes, 35 seconds. Time passed: 1 hours, 37 minutes, 46 seconds
[INFO 05:23:58] main Recent Stats | t_env:      60480 | Episode:     1344

[INFO 05:31:20] main t_env: 65520 / 500000
[INFO 05:31:20] main Estimated time left: 11 hours, 21 minutes, 38 seconds. Time passed: 1 hours, 45 minutes, 41 seconds
[INFO 05:39:27] main t_env: 70560 / 500000
[INFO 05:39:27] main Estimated time left: 11 hours, 31 minutes, 54 seconds. Time passed: 1 hours, 53 minutes, 48 seconds
[INFO 05:40:01] main Recent Stats | t_env:      70560 | Episode:     1568

[INFO 05:47:35] main t_env: 75600 / 500000
[INFO 05:47:35] main Estimated time left: 11 hours, 24 minutes, 18 seconds. Time passed: 2 hours, 1 minutes, 56 seconds
[INFO 05:55:38] main t_env: 80640 / 500000
[INFO 05:55:38] main Estimated time left: 11 hours, 10 minutes, 30 seconds. Time passed: 2 hours, 9 minutes, 59 seconds
[INFO 05:56:12] main Recent Stats | t_env:      80640 | Episode:     1792

[INFO 06:03:45] main t_env: 85680 / 500000
[INFO 06:03:45] main Estimated time left: 11 hours, 6 minutes, 19 seconds. Time passed: 2 hours, 18 minutes, 5 seconds
[INFO 06:11:38] main t_env: 90720 / 500000
[INFO 06:11:38] main Estimated time left: 10 hours, 40 minutes, 8 seconds. Time passed: 2 hours, 25 minutes, 58 seconds
[INFO 06:12:10] main Recent Stats | t_env:      90720 | Episode:     2016

[INFO 06:19:35] main t_env: 95760 / 500000
[INFO 06:19:35] main Estimated time left: 10 hours, 38 minutes, 29 seconds. Time passed: 2 hours, 33 minutes, 56 seconds
[INFO 06:27:29] main t_env: 100800 / 500000
[INFO 06:27:29] main Estimated time left: 10 hours, 24 minutes, 43 seconds. Time passed: 2 hours, 41 minutes, 49 seconds
[INFO 06:28:00] main Recent Stats | t_env:     100800 | Episode:     2240

[INFO 06:35:24] main t_env: 105840 / 500000
[INFO 06:35:24] main Estimated time left: 10 hours, 19 minutes, 9 seconds. Time passed: 2 hours, 49 minutes, 44 seconds
[INFO 06:43:12] main t_env: 110880 / 500000
[INFO 06:43:12] main Estimated time left: 10 hours, 3 minutes, 15 seconds. Time passed: 2 hours, 57 minutes, 33 seconds
[INFO 06:43:43] main Recent Stats | t_env:     110880 | Episode:     2464

[INFO 06:51:09] main t_env: 115920 / 500000
[INFO 06:51:09] main Estimated time left: 10 hours, 5 minutes, 23 seconds. Time passed: 3 hours, 5 minutes, 30 seconds
[INFO 06:58:57] main t_env: 120960 / 500000
[INFO 06:58:57] main Estimated time left: 9 hours, 46 minutes, 57 seconds. Time passed: 3 hours, 13 minutes, 18 seconds
[INFO 06:59:29] main Recent Stats | t_env:     120960 | Episode:     2688

[INFO 07:06:56] main t_env: 126000 / 500000
[INFO 07:06:56] main Estimated time left: 9 hours, 51 minutes, 26 seconds. Time passed: 3 hours, 21 minutes, 16 seconds
[INFO 07:14:56] main t_env: 131040 / 500000
[INFO 07:14:56] main Estimated time left: 9 hours, 46 minutes, 2 seconds. Time passed: 3 hours, 29 minutes, 17 seconds
[INFO 07:15:29] main Recent Stats | t_env:     131040 | Episode:     2912

[INFO 07:22:56] main t_env: 136080 / 500000
[INFO 07:22:56] main Estimated time left: 9 hours, 38 minutes, 2 seconds. Time passed: 3 hours, 37 minutes, 17 seconds
[INFO 07:30:51] main t_env: 141120 / 500000
[INFO 07:30:51] main Estimated time left: 9 hours, 24 minutes, 2 seconds. Time passed: 3 hours, 45 minutes, 12 seconds
[INFO 07:31:22] main Recent Stats | t_env:     141120 | Episode:     3136

[INFO 07:38:44] main t_env: 146160 / 500000
[INFO 07:38:44] main Estimated time left: 9 hours, 12 minutes, 36 seconds. Time passed: 3 hours, 53 minutes, 4 seconds
[INFO 07:46:37] main t_env: 151200 / 500000
[INFO 07:46:37] main Estimated time left: 9 hours, 6 minutes, 24 seconds. Time passed: 4 hours, 58 seconds
[INFO 07:47:10] main Recent Stats | t_env:     151200 | Episode:     3360

[INFO 07:54:39] main t_env: 156240 / 500000
[INFO 07:54:39] main Estimated time left: 9 hours, 7 minutes, 21 seconds. Time passed: 4 hours, 9 minutes, 0 seconds
[INFO 08:02:42] main t_env: 161280 / 500000
[INFO 08:02:42] main Estimated time left: 9 hours, 43 seconds. Time passed: 4 hours, 17 minutes, 2 seconds
[INFO 08:03:14] main Recent Stats | t_env:     161280 | Episode:     3584

[INFO 08:10:40] main t_env: 166320 / 500000
[INFO 08:10:40] main Estimated time left: 8 hours, 48 minutes, 4 seconds. Time passed: 4 hours, 25 minutes, 1 seconds
[INFO 08:18:35] main t_env: 171360 / 500000
[INFO 08:18:35] main Estimated time left: 8 hours, 35 minutes, 56 seconds. Time passed: 4 hours, 32 minutes, 56 seconds
[INFO 08:19:05] main Recent Stats | t_env:     171360 | Episode:     3808

[INFO 08:26:28] main t_env: 176400 / 500000
[INFO 08:26:28] main Estimated time left: 8 hours, 26 minutes, 28 seconds. Time passed: 4 hours, 40 minutes, 49 seconds
[INFO 08:34:28] main t_env: 181440 / 500000
[INFO 08:34:28] main Estimated time left: 8 hours, 24 minutes, 48 seconds. Time passed: 4 hours, 48 minutes, 48 seconds
[INFO 08:34:59] main Recent Stats | t_env:     181440 | Episode:     4032

[INFO 08:42:30] main t_env: 186480 / 500000
[INFO 08:42:30] main Estimated time left: 8 hours, 20 minutes, 0 seconds. Time passed: 4 hours, 56 minutes, 50 seconds
[INFO 08:50:41] main t_env: 191520 / 500000
[INFO 08:50:41] main Estimated time left: 8 hours, 21 minutes, 1 seconds. Time passed: 5 hours, 5 minutes, 2 seconds
[INFO 08:51:15] main Recent Stats | t_env:     191520 | Episode:     4256

[INFO 08:58:43] main t_env: 196560 / 500000
[INFO 08:58:43] main Estimated time left: 8 hours, 3 minutes, 12 seconds. Time passed: 5 hours, 13 minutes, 3 seconds
[INFO 09:06:32] main t_env: 201600 / 500000
[INFO 09:06:32] main Estimated time left: 7 hours, 43 minutes, 5 seconds. Time passed: 5 hours, 20 minutes, 52 seconds
[INFO 09:07:01] main Recent Stats | t_env:     201600 | Episode:     4480

[INFO 09:14:05] main t_env: 206640 / 500000
[INFO 09:14:05] main Estimated time left: 7 hours, 19 minutes, 43 seconds. Time passed: 5 hours, 28 minutes, 26 seconds
[INFO 09:21:41] main t_env: 211680 / 500000
[INFO 09:21:41] main Estimated time left: 7 hours, 15 minutes, 7 seconds. Time passed: 5 hours, 36 minutes, 2 seconds
[INFO 09:22:11] main Recent Stats | t_env:     211680 | Episode:     4704

[INFO 09:29:15] main t_env: 216720 / 500000
[INFO 09:29:15] main Estimated time left: 7 hours, 5 minutes, 8 seconds. Time passed: 5 hours, 43 minutes, 36 seconds
[INFO 09:36:54] main t_env: 221760 / 500000
[INFO 09:36:54] main Estimated time left: 7 hours, 1 minutes, 53 seconds. Time passed: 5 hours, 51 minutes, 14 seconds
[INFO 09:37:26] main Recent Stats | t_env:     221760 | Episode:     4928

[INFO 09:44:36] main t_env: 226800 / 500000
[INFO 09:44:36] main Estimated time left: 6 hours, 57 minutes, 17 seconds. Time passed: 5 hours, 58 minutes, 56 seconds
[INFO 09:52:19] main t_env: 231840 / 500000
[INFO 09:52:19] main Estimated time left: 6 hours, 50 minutes, 38 seconds. Time passed: 6 hours, 6 minutes, 39 seconds
[INFO 09:52:50] main Recent Stats | t_env:     231840 | Episode:     5152

[INFO 10:00:01] main t_env: 236880 / 500000
[INFO 10:00:01] main Estimated time left: 6 hours, 42 minutes, 7 seconds. Time passed: 6 hours, 14 minutes, 22 seconds
[INFO 10:07:54] main t_env: 241920 / 500000
[INFO 10:07:54] main Estimated time left: 6 hours, 43 minutes, 18 seconds. Time passed: 6 hours, 22 minutes, 14 seconds
[INFO 10:08:26] main Recent Stats | t_env:     241920 | Episode:     5376

[INFO 10:15:46] main t_env: 246960 / 500000
[INFO 10:15:46] main Estimated time left: 6 hours, 35 minutes, 41 seconds. Time passed: 6 hours, 30 minutes, 7 seconds
[INFO 10:23:38] main t_env: 252000 / 500000
[INFO 10:23:38] main Estimated time left: 6 hours, 26 minutes, 46 seconds. Time passed: 6 hours, 37 minutes, 59 seconds
[INFO 10:24:10] main Recent Stats | t_env:     252000 | Episode:     5600

[INFO 10:31:14] main t_env: 257040 / 500000
[INFO 10:31:14] main Estimated time left: 6 hours, 6 minutes, 4 seconds. Time passed: 6 hours, 45 minutes, 34 seconds
[INFO 10:39:00] main t_env: 262080 / 500000
[INFO 10:39:00] main Estimated time left: 6 hours, 6 minutes, 54 seconds. Time passed: 6 hours, 53 minutes, 21 seconds
[INFO 10:39:32] main Recent Stats | t_env:     262080 | Episode:     5824

[INFO 10:46:55] main t_env: 267120 / 500000
[INFO 10:46:55] main Estimated time left: 6 hours, 6 minutes, 7 seconds. Time passed: 7 hours, 1 minutes, 16 seconds
[INFO 10:54:47] main t_env: 272160 / 500000
[INFO 10:54:47] main Estimated time left: 5 hours, 54 minutes, 59 seconds. Time passed: 7 hours, 9 minutes, 7 seconds
[INFO 10:55:17] main Recent Stats | t_env:     272160 | Episode:     6048

[INFO 11:02:40] main t_env: 277200 / 500000
[INFO 11:02:40] main Estimated time left: 5 hours, 49 minutes, 9 seconds. Time passed: 7 hours, 17 minutes, 1 seconds
[INFO 11:10:37] main t_env: 282240 / 500000
[INFO 11:10:37] main Estimated time left: 5 hours, 43 minutes, 23 seconds. Time passed: 7 hours, 24 minutes, 58 seconds
[INFO 11:11:10] main Recent Stats | t_env:     282240 | Episode:     6272

[INFO 11:18:25] main t_env: 287280 / 500000
[INFO 11:18:25] main Estimated time left: 5 hours, 28 minutes, 50 seconds. Time passed: 7 hours, 32 minutes, 45 seconds
[INFO 11:26:21] main t_env: 292320 / 500000
[INFO 11:26:21] main Estimated time left: 5 hours, 26 minutes, 54 seconds. Time passed: 7 hours, 40 minutes, 41 seconds
[INFO 11:26:54] main Recent Stats | t_env:     292320 | Episode:     6496

[INFO 11:34:10] main t_env: 297360 / 500000
[INFO 11:34:10] main Estimated time left: 5 hours, 14 minutes, 42 seconds. Time passed: 7 hours, 48 minutes, 31 seconds
[INFO 11:42:01] main t_env: 302400 / 500000
[INFO 11:42:01] main Estimated time left: 5 hours, 7 minutes, 8 seconds. Time passed: 7 hours, 56 minutes, 21 seconds
[INFO 11:42:32] main Recent Stats | t_env:     302400 | Episode:     6720

[INFO 11:49:53] main t_env: 307440 / 500000
[INFO 11:49:53] main Estimated time left: 5 hours, 46 seconds. Time passed: 8 hours, 4 minutes, 13 seconds
[INFO 11:57:47] main t_env: 312480 / 500000
[INFO 11:57:47] main Estimated time left: 4 hours, 54 minutes, 9 seconds. Time passed: 8 hours, 12 minutes, 8 seconds
[INFO 11:58:20] main Recent Stats | t_env:     312480 | Episode:     6944

[INFO 12:05:43] main t_env: 317520 / 500000
[INFO 12:05:43] main Estimated time left: 4 hours, 47 minutes, 14 seconds. Time passed: 8 hours, 20 minutes, 4 seconds
[INFO 12:13:37] main t_env: 322560 / 500000
[INFO 12:13:37] main Estimated time left: 4 hours, 37 minutes, 48 seconds. Time passed: 8 hours, 27 minutes, 57 seconds
[INFO 12:14:08] main Recent Stats | t_env:     322560 | Episode:     7168

[INFO 12:21:26] main t_env: 327600 / 500000
[INFO 12:21:26] main Estimated time left: 4 hours, 27 minutes, 21 seconds. Time passed: 8 hours, 35 minutes, 46 seconds
[INFO 12:29:33] main t_env: 332640 / 500000
[INFO 12:29:33] main Estimated time left: 4 hours, 29 minutes, 28 seconds. Time passed: 8 hours, 43 minutes, 53 seconds
[INFO 12:30:04] main Recent Stats | t_env:     332640 | Episode:     7392

[INFO 12:37:30] main t_env: 337680 / 500000
[INFO 12:37:30] main Estimated time left: 4 hours, 16 minutes, 8 seconds. Time passed: 8 hours, 51 minutes, 50 seconds
[INFO 12:45:24] main t_env: 342720 / 500000
[INFO 12:45:24] main Estimated time left: 4 hours, 6 minutes, 25 seconds. Time passed: 8 hours, 59 minutes, 44 seconds
[INFO 12:45:56] main Recent Stats | t_env:     342720 | Episode:     7616

[INFO 12:53:25] main t_env: 347760 / 500000
[INFO 12:53:25] main Estimated time left: 4 hours, 2 minutes, 17 seconds. Time passed: 9 hours, 7 minutes, 45 seconds
[INFO 13:01:25] main t_env: 352800 / 500000
[INFO 13:01:25] main Estimated time left: 3 hours, 53 minutes, 52 seconds. Time passed: 9 hours, 15 minutes, 46 seconds
[INFO 13:01:58] main Recent Stats | t_env:     352800 | Episode:     7840

[INFO 13:09:22] main t_env: 357840 / 500000
[INFO 13:09:22] main Estimated time left: 3 hours, 44 minutes, 12 seconds. Time passed: 9 hours, 23 minutes, 43 seconds
[INFO 13:17:25] main t_env: 362880 / 500000
[INFO 13:17:25] main Estimated time left: 3 hours, 38 minutes, 52 seconds. Time passed: 9 hours, 31 minutes, 46 seconds
[INFO 13:17:58] main Recent Stats | t_env:     362880 | Episode:     8064

[INFO 13:25:20] main t_env: 367920 / 500000
[INFO 13:25:20] main Estimated time left: 3 hours, 27 minutes, 36 seconds. Time passed: 9 hours, 39 minutes, 41 seconds
[INFO 13:33:11] main t_env: 372960 / 500000
[INFO 13:33:11] main Estimated time left: 3 hours, 17 minutes, 41 seconds. Time passed: 9 hours, 47 minutes, 31 seconds
[INFO 13:33:42] main Recent Stats | t_env:     372960 | Episode:     8288

[INFO 13:41:12] main t_env: 378000 / 500000
[INFO 13:41:12] main Estimated time left: 3 hours, 14 minutes, 10 seconds. Time passed: 9 hours, 55 minutes, 33 seconds
[INFO 13:49:09] main t_env: 383040 / 500000
[INFO 13:49:09] main Estimated time left: 3 hours, 4 minutes, 22 seconds. Time passed: 10 hours, 3 minutes, 29 seconds
[INFO 13:49:43] main Recent Stats | t_env:     383040 | Episode:     8512

[INFO 13:57:02] main t_env: 388080 / 500000
[INFO 13:57:02] main Estimated time left: 2 hours, 55 minutes, 14 seconds. Time passed: 10 hours, 11 minutes, 23 seconds
[INFO 14:04:39] main t_env: 393120 / 500000
[INFO 14:04:39] main Estimated time left: 2 hours, 41 minutes, 20 seconds. Time passed: 10 hours, 18 minutes, 59 seconds
[INFO 14:05:09] main Recent Stats | t_env:     393120 | Episode:     8736

[INFO 14:12:23] main t_env: 398160 / 500000
[INFO 14:12:23] main Estimated time left: 2 hours, 36 minutes, 17 seconds. Time passed: 10 hours, 26 minutes, 43 seconds
[INFO 14:19:52] main t_env: 403200 / 500000
[INFO 14:19:52] main Estimated time left: 2 hours, 23 minutes, 53 seconds. Time passed: 10 hours, 34 minutes, 13 seconds
[INFO 14:20:22] main Recent Stats | t_env:     403200 | Episode:     8960

[INFO 14:27:30] main t_env: 408240 / 500000
[INFO 14:27:30] main Estimated time left: 2 hours, 18 minutes, 56 seconds. Time passed: 10 hours, 41 minutes, 51 seconds
[INFO 14:35:14] main t_env: 413280 / 500000
[INFO 14:35:14] main Estimated time left: 2 hours, 13 minutes, 1 seconds. Time passed: 10 hours, 49 minutes, 35 seconds
[INFO 14:35:45] main Recent Stats | t_env:     413280 | Episode:     9184

[INFO 14:42:59] main t_env: 418320 / 500000
[INFO 14:42:59] main Estimated time left: 2 hours, 5 minutes, 33 seconds. Time passed: 10 hours, 57 minutes, 20 seconds
