Identity added: /nfshomes/anirudhs/.ssh/id_ecdsa (anirudhs@nexuscml00.umiacs.umd.edu)
Identity added: /nfshomes/anirudhs/.ssh/id_ed25519 (anirudh.satheesh@gmail.com)
[DEBUG 09:53:55] git.cmd Popen(['git', 'diff', '--cached', '--abbrev=40', '--full-index', '--raw'], cwd=/nfshomes/anirudhs/CMARL-Traffic, stdin=None, shell=False, universal_newlines=False)
[DEBUG 09:53:55] git.cmd Popen(['git', 'diff', '--abbrev=40', '--full-index', '--raw'], cwd=/nfshomes/anirudhs/CMARL-Traffic, stdin=None, shell=False, universal_newlines=False)
[DEBUG 09:53:55] git.cmd Popen(['git', 'cat-file', '--batch-check'], cwd=/nfshomes/anirudhs/CMARL-Traffic, stdin=<valid stream>, shell=False, universal_newlines=False)
[DEBUG 09:53:55] git.cmd Popen(['git', 'diff', '--cached', '--abbrev=40', '--full-index', '--raw'], cwd=/nfshomes/anirudhs/CMARL-Traffic, stdin=None, shell=False, universal_newlines=False)
[DEBUG 09:53:55] git.cmd Popen(['git', 'diff', '--abbrev=40', '--full-index', '--raw'], cwd=/nfshomes/anirudhs/CMARL-Traffic, stdin=None, shell=False, universal_newlines=False)
[DEBUG 09:53:55] git.cmd Popen(['git', 'cat-file', '--batch-check'], cwd=/nfshomes/anirudhs/CMARL-Traffic, stdin=<valid stream>, shell=False, universal_newlines=False)
[DEBUG 09:53:55] git.cmd Popen(['git', 'diff', '--cached', '--abbrev=40', '--full-index', '--raw'], cwd=/nfshomes/anirudhs/CMARL-Traffic, stdin=None, shell=False, universal_newlines=False)
[DEBUG 09:53:55] git.cmd Popen(['git', 'diff', '--abbrev=40', '--full-index', '--raw'], cwd=/nfshomes/anirudhs/CMARL-Traffic, stdin=None, shell=False, universal_newlines=False)
[DEBUG 09:53:55] git.cmd Popen(['git', 'cat-file', '--batch-check'], cwd=/nfshomes/anirudhs/CMARL-Traffic, stdin=<valid stream>, shell=False, universal_newlines=False)
[DEBUG 09:53:56] git.cmd Popen(['git', 'diff', '--cached', '--abbrev=40', '--full-index', '--raw'], cwd=/nfshomes/anirudhs/CMARL-Traffic, stdin=None, shell=False, universal_newlines=False)
[DEBUG 09:53:56] git.cmd Popen(['git', 'diff', '--abbrev=40', '--full-index', '--raw'], cwd=/nfshomes/anirudhs/CMARL-Traffic, stdin=None, shell=False, universal_newlines=False)
[DEBUG 09:53:56] git.cmd Popen(['git', 'cat-file', '--batch-check'], cwd=/nfshomes/anirudhs/CMARL-Traffic, stdin=<valid stream>, shell=False, universal_newlines=False)
[DEBUG 09:53:56] git.cmd Popen(['git', 'diff', '--cached', '--abbrev=40', '--full-index', '--raw'], cwd=/nfshomes/anirudhs/CMARL-Traffic, stdin=None, shell=False, universal_newlines=False)
[DEBUG 09:53:56] git.cmd Popen(['git', 'diff', '--abbrev=40', '--full-index', '--raw'], cwd=/nfshomes/anirudhs/CMARL-Traffic, stdin=None, shell=False, universal_newlines=False)
[DEBUG 09:53:56] git.cmd Popen(['git', 'cat-file', '--batch-check'], cwd=/nfshomes/anirudhs/CMARL-Traffic, stdin=<valid stream>, shell=False, universal_newlines=False)
[INFO 09:53:57] root Saving to FileStorageObserver in /cmlscratch/anirudhs/ctraffic/results/sacred.
[DEBUG 09:53:58] ctraffic Using capture mode "fd"
threads unset, auto use 16 threads
[INFO 09:53:58] ctraffic Running command 'main'
[INFO 09:53:59] ctraffic Started run with ID "227"
[DEBUG 09:53:59] ctraffic Starting Heartbeat
[DEBUG 09:53:59] main Started
[INFO 09:54:00] main Experiment Parameters:
[INFO 09:54:01] main MDP Components:
[INFO 09:54:06] main Beginning training for 500000 timesteps
[INFO 09:58:42] main t_env: 5040 / 500000
[INFO 09:58:42] main Estimated time left: 7 hours, 31 minutes, 16 seconds. Time passed: 4 minutes, 35 seconds
[INFO 10:03:56] main t_env: 10080 / 500000
[INFO 10:03:56] main Estimated time left: 8 hours, 28 minutes, 36 seconds. Time passed: 9 minutes, 49 seconds
[INFO 10:04:17] main Recent Stats | t_env:      10080 | Episode:      224

[INFO 10:09:10] main t_env: 15120 / 500000
[INFO 10:09:10] main Estimated time left: 8 hours, 23 minutes, 11 seconds. Time passed: 15 minutes, 3 seconds
[INFO 10:14:23] main t_env: 20160 / 500000
[INFO 10:14:23] main Estimated time left: 8 hours, 17 minutes, 4 seconds. Time passed: 20 minutes, 16 seconds
[INFO 10:14:44] main Recent Stats | t_env:      20160 | Episode:      448

[INFO 10:19:38] main t_env: 25200 / 500000
[INFO 10:19:38] main Estimated time left: 8 hours, 14 minutes, 30 seconds. Time passed: 25 minutes, 31 seconds
[INFO 10:24:54] main t_env: 30240 / 500000
[INFO 10:24:54] main Estimated time left: 8 hours, 10 minutes, 18 seconds. Time passed: 30 minutes, 47 seconds
[INFO 10:25:14] main Recent Stats | t_env:      30240 | Episode:      672

[INFO 10:30:09] main t_env: 35280 / 500000
[INFO 10:30:09] main Estimated time left: 8 hours, 4 minutes, 29 seconds. Time passed: 36 minutes, 2 seconds
[INFO 10:35:24] main t_env: 40320 / 500000
[INFO 10:35:24] main Estimated time left: 7 hours, 58 minutes, 45 seconds. Time passed: 41 minutes, 17 seconds
[INFO 10:35:45] main Recent Stats | t_env:      40320 | Episode:      896

[INFO 10:40:38] main t_env: 45360 / 500000
[INFO 10:40:38] main Estimated time left: 7 hours, 51 minutes, 55 seconds. Time passed: 46 minutes, 31 seconds
[INFO 10:45:44] main t_env: 50400 / 500000
[INFO 10:45:44] main Estimated time left: 7 hours, 34 minutes, 55 seconds. Time passed: 51 minutes, 37 seconds
[INFO 10:46:03] main Recent Stats | t_env:      50400 | Episode:     1120

[INFO 10:50:39] main t_env: 55440 / 500000
[INFO 10:50:39] main Estimated time left: 7 hours, 13 minutes, 48 seconds. Time passed: 56 minutes, 32 seconds
[INFO 10:55:32] main t_env: 60480 / 500000
[INFO 10:55:32] main Estimated time left: 7 hours, 6 minutes, 44 seconds. Time passed: 1 hours, 1 minutes, 26 seconds
[INFO 10:55:51] main Recent Stats | t_env:      60480 | Episode:     1344

[INFO 11:00:26] main t_env: 65520 / 500000
[INFO 11:00:26] main Estimated time left: 7 hours, 1 minutes, 8 seconds. Time passed: 1 hours, 6 minutes, 19 seconds
[INFO 11:05:59] main t_env: 70560 / 500000
[INFO 11:05:59] main Estimated time left: 7 hours, 54 minutes, 2 seconds. Time passed: 1 hours, 11 minutes, 53 seconds
[INFO 11:06:24] main Recent Stats | t_env:      70560 | Episode:     1568

[INFO 11:11:56] main t_env: 75600 / 500000
[INFO 11:11:56] main Estimated time left: 8 hours, 19 minutes, 47 seconds. Time passed: 1 hours, 17 minutes, 49 seconds
[INFO 11:17:51] main t_env: 80640 / 500000
[INFO 11:17:51] main Estimated time left: 8 hours, 12 minutes, 43 seconds. Time passed: 1 hours, 23 minutes, 44 seconds
[INFO 11:18:14] main Recent Stats | t_env:      80640 | Episode:     1792

[INFO 11:23:44] main t_env: 85680 / 500000
[INFO 11:23:44] main Estimated time left: 8 hours, 4 minutes, 8 seconds. Time passed: 1 hours, 29 minutes, 37 seconds
[INFO 11:29:34] main t_env: 90720 / 500000
[INFO 11:29:34] main Estimated time left: 7 hours, 53 minutes, 55 seconds. Time passed: 1 hours, 35 minutes, 27 seconds
[INFO 11:29:58] main Recent Stats | t_env:      90720 | Episode:     2016

[INFO 11:35:28] main t_env: 95760 / 500000
[INFO 11:35:28] main Estimated time left: 7 hours, 52 minutes, 20 seconds. Time passed: 1 hours, 41 minutes, 21 seconds
[INFO 11:41:25] main t_env: 100800 / 500000
[INFO 11:41:25] main Estimated time left: 7 hours, 51 minutes, 53 seconds. Time passed: 1 hours, 47 minutes, 18 seconds
[INFO 11:41:48] main Recent Stats | t_env:     100800 | Episode:     2240

[INFO 11:47:15] main t_env: 105840 / 500000
[INFO 11:47:15] main Estimated time left: 7 hours, 36 minutes, 5 seconds. Time passed: 1 hours, 53 minutes, 8 seconds
[INFO 11:53:11] main t_env: 110880 / 500000
[INFO 11:53:11] main Estimated time left: 7 hours, 38 minutes, 25 seconds. Time passed: 1 hours, 59 minutes, 4 seconds
[INFO 11:53:35] main Recent Stats | t_env:     110880 | Episode:     2464

[INFO 11:59:02] main t_env: 115920 / 500000
[INFO 11:59:02] main Estimated time left: 7 hours, 25 minutes, 29 seconds. Time passed: 2 hours, 4 minutes, 55 seconds
[INFO 12:04:56] main t_env: 120960 / 500000
[INFO 12:04:56] main Estimated time left: 7 hours, 24 minutes, 12 seconds. Time passed: 2 hours, 10 minutes, 50 seconds
[INFO 12:05:19] main Recent Stats | t_env:     120960 | Episode:     2688

[INFO 12:10:50] main t_env: 126000 / 500000
[INFO 12:10:50] main Estimated time left: 7 hours, 16 minutes, 47 seconds. Time passed: 2 hours, 16 minutes, 43 seconds
[INFO 12:16:42] main t_env: 131040 / 500000
[INFO 12:16:42] main Estimated time left: 7 hours, 10 minutes, 5 seconds. Time passed: 2 hours, 22 minutes, 35 seconds
[INFO 12:17:06] main Recent Stats | t_env:     131040 | Episode:     2912

[INFO 12:22:35] main t_env: 136080 / 500000
[INFO 12:22:35] main Estimated time left: 7 hours, 5 minutes, 2 seconds. Time passed: 2 hours, 28 minutes, 28 seconds
[INFO 12:28:31] main t_env: 141120 / 500000
[INFO 12:28:31] main Estimated time left: 7 hours, 1 minutes, 57 seconds. Time passed: 2 hours, 34 minutes, 24 seconds
[INFO 12:28:55] main Recent Stats | t_env:     141120 | Episode:     3136

[INFO 12:34:26] main t_env: 146160 / 500000
[INFO 12:34:26] main Estimated time left: 6 hours, 55 minutes, 17 seconds. Time passed: 2 hours, 40 minutes, 19 seconds
[INFO 12:40:18] main t_env: 151200 / 500000
[INFO 12:40:18] main Estimated time left: 6 hours, 45 minutes, 47 seconds. Time passed: 2 hours, 46 minutes, 11 seconds
[INFO 12:40:42] main Recent Stats | t_env:     151200 | Episode:     3360

[INFO 12:46:12] main t_env: 156240 / 500000
[INFO 12:46:12] main Estimated time left: 6 hours, 42 minutes, 55 seconds. Time passed: 2 hours, 52 minutes, 5 seconds
[INFO 12:52:09] main t_env: 161280 / 500000
[INFO 12:52:09] main Estimated time left: 6 hours, 39 minutes, 26 seconds. Time passed: 2 hours, 58 minutes, 2 seconds
[INFO 12:52:31] main Recent Stats | t_env:     161280 | Episode:     3584

[INFO 12:58:04] main t_env: 166320 / 500000
[INFO 12:58:04] main Estimated time left: 6 hours, 32 minutes, 34 seconds. Time passed: 3 hours, 3 minutes, 58 seconds
[INFO 13:03:56] main t_env: 171360 / 500000
[INFO 13:03:56] main Estimated time left: 6 hours, 22 minutes, 27 seconds. Time passed: 3 hours, 9 minutes, 49 seconds
[INFO 13:04:21] main Recent Stats | t_env:     171360 | Episode:     3808

[INFO 13:09:51] main t_env: 176400 / 500000
[INFO 13:09:51] main Estimated time left: 6 hours, 19 minutes, 56 seconds. Time passed: 3 hours, 15 minutes, 45 seconds
[INFO 13:15:50] main t_env: 181440 / 500000
[INFO 13:15:50] main Estimated time left: 6 hours, 18 minutes, 12 seconds. Time passed: 3 hours, 21 minutes, 44 seconds
[INFO 13:16:15] main Recent Stats | t_env:     181440 | Episode:     4032

[INFO 13:21:39] main t_env: 186480 / 500000
[INFO 13:21:39] main Estimated time left: 6 hours, 1 minutes, 41 seconds. Time passed: 3 hours, 27 minutes, 32 seconds
[INFO 13:27:03] main t_env: 191520 / 500000
[INFO 13:27:03] main Estimated time left: 5 hours, 30 minutes, 19 seconds. Time passed: 3 hours, 32 minutes, 56 seconds
[INFO 13:27:22] main Recent Stats | t_env:     191520 | Episode:     4256

[INFO 13:32:04] main t_env: 196560 / 500000
[INFO 13:32:04] main Estimated time left: 5 hours, 2 minutes, 15 seconds. Time passed: 3 hours, 37 minutes, 57 seconds
[INFO 13:37:12] main t_env: 201600 / 500000
[INFO 13:37:12] main Estimated time left: 5 hours, 3 minutes, 42 seconds. Time passed: 3 hours, 43 minutes, 5 seconds
[INFO 13:37:30] main Recent Stats | t_env:     201600 | Episode:     4480

[INFO 13:42:16] main t_env: 206640 / 500000
[INFO 13:42:16] main Estimated time left: 4 hours, 55 minutes, 13 seconds. Time passed: 3 hours, 48 minutes, 10 seconds
[INFO 13:47:22] main t_env: 211680 / 500000
[INFO 13:47:22] main Estimated time left: 4 hours, 51 minutes, 16 seconds. Time passed: 3 hours, 53 minutes, 15 seconds
[INFO 13:47:41] main Recent Stats | t_env:     211680 | Episode:     4704

[INFO 13:52:28] main t_env: 216720 / 500000
[INFO 13:52:28] main Estimated time left: 4 hours, 46 minutes, 40 seconds. Time passed: 3 hours, 58 minutes, 21 seconds
[INFO 13:57:35] main t_env: 221760 / 500000
[INFO 13:57:35] main Estimated time left: 4 hours, 42 minutes, 30 seconds. Time passed: 4 hours, 3 minutes, 28 seconds
[INFO 13:57:54] main Recent Stats | t_env:     221760 | Episode:     4928

[INFO 14:02:43] main t_env: 226800 / 500000
[INFO 14:02:43] main Estimated time left: 4 hours, 38 minutes, 35 seconds. Time passed: 4 hours, 8 minutes, 36 seconds
[INFO 14:07:54] main t_env: 231840 / 500000
[INFO 14:07:54] main Estimated time left: 4 hours, 35 minutes, 30 seconds. Time passed: 4 hours, 13 minutes, 47 seconds
[INFO 14:08:14] main Recent Stats | t_env:     231840 | Episode:     5152

[INFO 14:13:10] main t_env: 236880 / 500000
[INFO 14:13:10] main Estimated time left: 4 hours, 34 minutes, 35 seconds. Time passed: 4 hours, 19 minutes, 3 seconds
[INFO 14:18:17] main t_env: 241920 / 500000
[INFO 14:18:17] main Estimated time left: 4 hours, 22 minutes, 5 seconds. Time passed: 4 hours, 24 minutes, 10 seconds
[INFO 14:18:36] main Recent Stats | t_env:     241920 | Episode:     5376

[INFO 14:23:24] main t_env: 246960 / 500000
[INFO 14:23:24] main Estimated time left: 4 hours, 17 minutes, 16 seconds. Time passed: 4 hours, 29 minutes, 17 seconds
[INFO 14:28:41] main t_env: 252000 / 500000
[INFO 14:28:41] main Estimated time left: 4 hours, 19 minutes, 48 seconds. Time passed: 4 hours, 34 minutes, 34 seconds
[INFO 14:29:00] main Recent Stats | t_env:     252000 | Episode:     5600

[INFO 14:33:49] main t_env: 257040 / 500000
[INFO 14:33:49] main Estimated time left: 4 hours, 7 minutes, 43 seconds. Time passed: 4 hours, 39 minutes, 42 seconds
[INFO 14:39:07] main t_env: 262080 / 500000
[INFO 14:39:07] main Estimated time left: 4 hours, 9 minutes, 43 seconds. Time passed: 4 hours, 45 minutes, 0 seconds
[INFO 14:39:26] main Recent Stats | t_env:     262080 | Episode:     5824

[INFO 14:44:25] main t_env: 267120 / 500000
[INFO 14:44:25] main Estimated time left: 4 hours, 5 minutes, 26 seconds. Time passed: 4 hours, 50 minutes, 19 seconds
