Identity added: /nfshomes/anirudhs/.ssh/id_ecdsa (anirudhs@nexuscml00.umiacs.umd.edu)
Identity added: /nfshomes/anirudhs/.ssh/id_ed25519 (anirudh.satheesh@gmail.com)
[DEBUG 14:25:40] git.cmd Popen(['git', 'diff', '--cached', '--abbrev=40', '--full-index', '--raw'], cwd=/nfshomes/anirudhs/CMARL-Traffic, stdin=None, shell=False, universal_newlines=False)
[DEBUG 14:25:40] git.cmd Popen(['git', 'diff', '--abbrev=40', '--full-index', '--raw'], cwd=/nfshomes/anirudhs/CMARL-Traffic, stdin=None, shell=False, universal_newlines=False)
[DEBUG 14:25:41] git.cmd Popen(['git', 'cat-file', '--batch-check'], cwd=/nfshomes/anirudhs/CMARL-Traffic, stdin=<valid stream>, shell=False, universal_newlines=False)
[DEBUG 14:25:41] git.cmd Popen(['git', 'diff', '--cached', '--abbrev=40', '--full-index', '--raw'], cwd=/nfshomes/anirudhs/CMARL-Traffic, stdin=None, shell=False, universal_newlines=False)
[DEBUG 14:25:41] git.cmd Popen(['git', 'diff', '--abbrev=40', '--full-index', '--raw'], cwd=/nfshomes/anirudhs/CMARL-Traffic, stdin=None, shell=False, universal_newlines=False)
[DEBUG 14:25:41] git.cmd Popen(['git', 'cat-file', '--batch-check'], cwd=/nfshomes/anirudhs/CMARL-Traffic, stdin=<valid stream>, shell=False, universal_newlines=False)
[DEBUG 14:25:41] git.cmd Popen(['git', 'diff', '--cached', '--abbrev=40', '--full-index', '--raw'], cwd=/nfshomes/anirudhs/CMARL-Traffic, stdin=None, shell=False, universal_newlines=False)
[DEBUG 14:25:41] git.cmd Popen(['git', 'diff', '--abbrev=40', '--full-index', '--raw'], cwd=/nfshomes/anirudhs/CMARL-Traffic, stdin=None, shell=False, universal_newlines=False)
[DEBUG 14:25:41] git.cmd Popen(['git', 'cat-file', '--batch-check'], cwd=/nfshomes/anirudhs/CMARL-Traffic, stdin=<valid stream>, shell=False, universal_newlines=False)
[DEBUG 14:25:41] git.cmd Popen(['git', 'diff', '--cached', '--abbrev=40', '--full-index', '--raw'], cwd=/nfshomes/anirudhs/CMARL-Traffic, stdin=None, shell=False, universal_newlines=False)
[DEBUG 14:25:41] git.cmd Popen(['git', 'diff', '--abbrev=40', '--full-index', '--raw'], cwd=/nfshomes/anirudhs/CMARL-Traffic, stdin=None, shell=False, universal_newlines=False)
[DEBUG 14:25:41] git.cmd Popen(['git', 'cat-file', '--batch-check'], cwd=/nfshomes/anirudhs/CMARL-Traffic, stdin=<valid stream>, shell=False, universal_newlines=False)
[DEBUG 14:25:41] git.cmd Popen(['git', 'diff', '--cached', '--abbrev=40', '--full-index', '--raw'], cwd=/nfshomes/anirudhs/CMARL-Traffic, stdin=None, shell=False, universal_newlines=False)
[DEBUG 14:25:41] git.cmd Popen(['git', 'diff', '--abbrev=40', '--full-index', '--raw'], cwd=/nfshomes/anirudhs/CMARL-Traffic, stdin=None, shell=False, universal_newlines=False)
[DEBUG 14:25:41] git.cmd Popen(['git', 'cat-file', '--batch-check'], cwd=/nfshomes/anirudhs/CMARL-Traffic, stdin=<valid stream>, shell=False, universal_newlines=False)
[INFO 14:25:42] root Saving to FileStorageObserver in /cmlscratch/anirudhs/ctraffic/results/sacred.
[DEBUG 14:25:43] ctraffic Using capture mode "fd"
threads unset, auto use 24 threads
[INFO 14:25:43] ctraffic Running command 'main'
[INFO 14:25:44] ctraffic Started run with ID "279"
[DEBUG 14:25:44] ctraffic Starting Heartbeat
[DEBUG 14:25:44] main Started
[INFO 14:25:44] main Experiment Parameters:
[INFO 14:25:45] main MDP Components:
[INFO 14:25:50] main Beginning training for 500000 timesteps
[INFO 14:28:58] main t_env: 5040 / 500000
[INFO 14:28:58] main Estimated time left: 5 hours, 8 minutes, 24 seconds. Time passed: 3 minutes, 8 seconds
[INFO 14:32:33] main t_env: 10080 / 500000
[INFO 14:32:33] main Estimated time left: 5 hours, 48 minutes, 38 seconds. Time passed: 6 minutes, 43 seconds
[INFO 14:32:49] main Recent Stats | t_env:      10080 | Episode:      224

[INFO 14:36:12] main t_env: 15120 / 500000
[INFO 14:36:12] main Estimated time left: 5 hours, 50 minutes, 23 seconds. Time passed: 10 minutes, 22 seconds
[INFO 14:39:51] main t_env: 20160 / 500000
[INFO 14:39:51] main Estimated time left: 5 hours, 48 minutes, 40 seconds. Time passed: 14 minutes, 1 seconds
[INFO 14:40:08] main Recent Stats | t_env:      20160 | Episode:      448

[INFO 14:43:25] main t_env: 25200 / 500000
[INFO 14:43:25] main Estimated time left: 5 hours, 35 minutes, 36 seconds. Time passed: 17 minutes, 35 seconds
[INFO 14:46:54] main t_env: 30240 / 500000
[INFO 14:46:54] main Estimated time left: 5 hours, 23 minutes, 57 seconds. Time passed: 21 minutes, 4 seconds
[INFO 14:47:09] main Recent Stats | t_env:      30240 | Episode:      672

[INFO 14:50:26] main t_env: 35280 / 500000
[INFO 14:50:26] main Estimated time left: 5 hours, 25 minutes, 48 seconds. Time passed: 24 minutes, 36 seconds
[INFO 14:53:54] main t_env: 40320 / 500000
[INFO 14:53:54] main Estimated time left: 5 hours, 16 minutes, 51 seconds. Time passed: 28 minutes, 4 seconds
[INFO 14:54:07] main Recent Stats | t_env:      40320 | Episode:      896

[INFO 14:57:24] main t_env: 45360 / 500000
[INFO 14:57:24] main Estimated time left: 5 hours, 15 minutes, 22 seconds. Time passed: 31 minutes, 34 seconds
[INFO 15:00:53] main t_env: 50400 / 500000
[INFO 15:00:53] main Estimated time left: 5 hours, 10 minutes, 48 seconds. Time passed: 35 minutes, 3 seconds
[INFO 15:01:10] main Recent Stats | t_env:      50400 | Episode:     1120

[INFO 15:04:26] main t_env: 55440 / 500000
[INFO 15:04:26] main Estimated time left: 5 hours, 12 minutes, 33 seconds. Time passed: 38 minutes, 36 seconds
[INFO 15:07:56] main t_env: 60480 / 500000
[INFO 15:07:56] main Estimated time left: 5 hours, 6 minutes, 25 seconds. Time passed: 42 minutes, 6 seconds
[INFO 15:08:09] main Recent Stats | t_env:      60480 | Episode:     1344

[INFO 15:11:24] main t_env: 65520 / 500000
[INFO 15:11:24] main Estimated time left: 4 hours, 57 minutes, 34 seconds. Time passed: 45 minutes, 33 seconds
[INFO 15:14:50] main t_env: 70560 / 500000
[INFO 15:14:51] main Estimated time left: 4 hours, 53 minutes, 49 seconds. Time passed: 49 minutes, 0 seconds
[INFO 15:15:07] main Recent Stats | t_env:      70560 | Episode:     1568

[INFO 15:18:23] main t_env: 75600 / 500000
[INFO 15:18:23] main Estimated time left: 4 hours, 58 minutes, 36 seconds. Time passed: 52 minutes, 33 seconds
[INFO 15:21:54] main t_env: 80640 / 500000
[INFO 15:21:54] main Estimated time left: 4 hours, 51 minutes, 53 seconds. Time passed: 56 minutes, 4 seconds
[INFO 15:22:09] main Recent Stats | t_env:      80640 | Episode:     1792

[INFO 15:25:24] main t_env: 85680 / 500000
[INFO 15:25:24] main Estimated time left: 4 hours, 48 minutes, 15 seconds. Time passed: 59 minutes, 34 seconds
[INFO 15:28:55] main t_env: 90720 / 500000
[INFO 15:28:55] main Estimated time left: 4 hours, 45 minutes, 42 seconds. Time passed: 1 hours, 3 minutes, 5 seconds
[INFO 15:29:12] main Recent Stats | t_env:      90720 | Episode:     2016

[INFO 15:32:29] main t_env: 95760 / 500000
[INFO 15:32:29] main Estimated time left: 4 hours, 45 minutes, 23 seconds. Time passed: 1 hours, 6 minutes, 39 seconds
[INFO 15:35:59] main t_env: 100800 / 500000
[INFO 15:35:59] main Estimated time left: 4 hours, 37 minutes, 1 seconds. Time passed: 1 hours, 10 minutes, 8 seconds
[INFO 15:36:13] main Recent Stats | t_env:     100800 | Episode:     2240

[INFO 15:39:29] main t_env: 105840 / 500000
[INFO 15:39:29] main Estimated time left: 4 hours, 34 minutes, 47 seconds. Time passed: 1 hours, 13 minutes, 39 seconds
[INFO 15:43:00] main t_env: 110880 / 500000
[INFO 15:43:00] main Estimated time left: 4 hours, 30 minutes, 37 seconds. Time passed: 1 hours, 17 minutes, 10 seconds
[INFO 15:43:16] main Recent Stats | t_env:     110880 | Episode:     2464

[INFO 15:46:31] main t_env: 115920 / 500000
[INFO 15:46:31] main Estimated time left: 4 hours, 28 minutes, 50 seconds. Time passed: 1 hours, 20 minutes, 41 seconds
[INFO 15:50:00] main t_env: 120960 / 500000
[INFO 15:50:00] main Estimated time left: 4 hours, 21 minutes, 5 seconds. Time passed: 1 hours, 24 minutes, 10 seconds
[INFO 15:50:14] main Recent Stats | t_env:     120960 | Episode:     2688

[INFO 15:53:30] main t_env: 126000 / 500000
[INFO 15:53:30] main Estimated time left: 4 hours, 20 minutes, 9 seconds. Time passed: 1 hours, 27 minutes, 40 seconds
[INFO 15:57:01] main t_env: 131040 / 500000
[INFO 15:57:01] main Estimated time left: 4 hours, 17 minutes, 43 seconds. Time passed: 1 hours, 31 minutes, 11 seconds
[INFO 15:57:17] main Recent Stats | t_env:     131040 | Episode:     2912

[INFO 16:00:31] main t_env: 136080 / 500000
[INFO 16:00:31] main Estimated time left: 4 hours, 12 minutes, 52 seconds. Time passed: 1 hours, 34 minutes, 41 seconds
[INFO 16:04:04] main t_env: 141120 / 500000
[INFO 16:04:04] main Estimated time left: 4 hours, 12 minutes, 23 seconds. Time passed: 1 hours, 38 minutes, 14 seconds
[INFO 16:04:21] main Recent Stats | t_env:     141120 | Episode:     3136

[INFO 16:07:39] main t_env: 146160 / 500000
[INFO 16:07:39] main Estimated time left: 4 hours, 11 minutes, 32 seconds. Time passed: 1 hours, 41 minutes, 49 seconds
[INFO 16:11:09] main t_env: 151200 / 500000
[INFO 16:11:09] main Estimated time left: 4 hours, 1 minutes, 49 seconds. Time passed: 1 hours, 45 minutes, 19 seconds
[INFO 16:11:22] main Recent Stats | t_env:     151200 | Episode:     3360

[INFO 16:14:33] main t_env: 156240 / 500000
[INFO 16:14:33] main Estimated time left: 3 hours, 52 minutes, 24 seconds. Time passed: 1 hours, 48 minutes, 43 seconds
[INFO 16:18:05] main t_env: 161280 / 500000
[INFO 16:18:05] main Estimated time left: 3 hours, 57 minutes, 28 seconds. Time passed: 1 hours, 52 minutes, 15 seconds
[INFO 16:18:20] main Recent Stats | t_env:     161280 | Episode:     3584

[INFO 16:21:32] main t_env: 166320 / 500000
[INFO 16:21:32] main Estimated time left: 3 hours, 48 minutes, 38 seconds. Time passed: 1 hours, 55 minutes, 42 seconds
[INFO 16:25:03] main t_env: 171360 / 500000
[INFO 16:25:03] main Estimated time left: 3 hours, 48 minutes, 50 seconds. Time passed: 1 hours, 59 minutes, 13 seconds
[INFO 16:25:17] main Recent Stats | t_env:     171360 | Episode:     3808

slurmstepd: error: *** JOB 3324454 ON tron50 CANCELLED AT 2024-11-12T16:26:00 ***
