Identity added: /nfshomes/anirudhs/.ssh/id_ecdsa (anirudhs@nexuscml00.umiacs.umd.edu)
Identity added: /nfshomes/anirudhs/.ssh/id_ed25519 (anirudh.satheesh@gmail.com)
[DEBUG 08:51:59] git.cmd Popen(['git', 'diff', '--cached', '--abbrev=40', '--full-index', '--raw'], cwd=/nfshomes/anirudhs/CMARL-Traffic, stdin=None, shell=False, universal_newlines=False)
[DEBUG 08:51:59] git.cmd Popen(['git', 'diff', '--abbrev=40', '--full-index', '--raw'], cwd=/nfshomes/anirudhs/CMARL-Traffic, stdin=None, shell=False, universal_newlines=False)
[DEBUG 08:52:00] git.cmd Popen(['git', 'cat-file', '--batch-check'], cwd=/nfshomes/anirudhs/CMARL-Traffic, stdin=<valid stream>, shell=False, universal_newlines=False)
[DEBUG 08:52:00] git.cmd Popen(['git', 'diff', '--cached', '--abbrev=40', '--full-index', '--raw'], cwd=/nfshomes/anirudhs/CMARL-Traffic, stdin=None, shell=False, universal_newlines=False)
[DEBUG 08:52:00] git.cmd Popen(['git', 'diff', '--abbrev=40', '--full-index', '--raw'], cwd=/nfshomes/anirudhs/CMARL-Traffic, stdin=None, shell=False, universal_newlines=False)
[DEBUG 08:52:00] git.cmd Popen(['git', 'cat-file', '--batch-check'], cwd=/nfshomes/anirudhs/CMARL-Traffic, stdin=<valid stream>, shell=False, universal_newlines=False)
[DEBUG 08:52:00] git.cmd Popen(['git', 'diff', '--cached', '--abbrev=40', '--full-index', '--raw'], cwd=/nfshomes/anirudhs/CMARL-Traffic, stdin=None, shell=False, universal_newlines=False)
[DEBUG 08:52:00] git.cmd Popen(['git', 'diff', '--abbrev=40', '--full-index', '--raw'], cwd=/nfshomes/anirudhs/CMARL-Traffic, stdin=None, shell=False, universal_newlines=False)
[DEBUG 08:52:00] git.cmd Popen(['git', 'cat-file', '--batch-check'], cwd=/nfshomes/anirudhs/CMARL-Traffic, stdin=<valid stream>, shell=False, universal_newlines=False)
[DEBUG 08:52:00] git.cmd Popen(['git', 'diff', '--cached', '--abbrev=40', '--full-index', '--raw'], cwd=/nfshomes/anirudhs/CMARL-Traffic, stdin=None, shell=False, universal_newlines=False)
[DEBUG 08:52:00] git.cmd Popen(['git', 'diff', '--abbrev=40', '--full-index', '--raw'], cwd=/nfshomes/anirudhs/CMARL-Traffic, stdin=None, shell=False, universal_newlines=False)
[DEBUG 08:52:00] git.cmd Popen(['git', 'cat-file', '--batch-check'], cwd=/nfshomes/anirudhs/CMARL-Traffic, stdin=<valid stream>, shell=False, universal_newlines=False)
[DEBUG 08:52:00] git.cmd Popen(['git', 'diff', '--cached', '--abbrev=40', '--full-index', '--raw'], cwd=/nfshomes/anirudhs/CMARL-Traffic, stdin=None, shell=False, universal_newlines=False)
[DEBUG 08:52:00] git.cmd Popen(['git', 'diff', '--abbrev=40', '--full-index', '--raw'], cwd=/nfshomes/anirudhs/CMARL-Traffic, stdin=None, shell=False, universal_newlines=False)
[DEBUG 08:52:00] git.cmd Popen(['git', 'cat-file', '--batch-check'], cwd=/nfshomes/anirudhs/CMARL-Traffic, stdin=<valid stream>, shell=False, universal_newlines=False)
[INFO 08:52:01] root Saving to FileStorageObserver in /cmlscratch/anirudhs/ctraffic/results/sacred.
[DEBUG 08:52:02] ctraffic Using capture mode "fd"
threads unset, auto use 32 threads
[INFO 08:52:02] ctraffic Running command 'main'
[INFO 08:52:03] ctraffic Started run with ID "221"
[DEBUG 08:52:03] ctraffic Starting Heartbeat
[DEBUG 08:52:03] main Started
[INFO 08:52:03] main Experiment Parameters:
[INFO 08:52:04] main MDP Components:
[INFO 08:52:10] main Beginning training for 500000 timesteps
[INFO 08:56:39] main t_env: 5040 / 500000
[INFO 08:56:39] main Estimated time left: 7 hours, 21 minutes, 15 seconds. Time passed: 4 minutes, 29 seconds
[INFO 09:01:51] main t_env: 10080 / 500000
[INFO 09:01:51] main Estimated time left: 8 hours, 25 minutes, 19 seconds. Time passed: 9 minutes, 41 seconds
[INFO 09:02:19] main Recent Stats | t_env:      10080 | Episode:      224

[INFO 09:07:02] main t_env: 15120 / 500000
[INFO 09:07:02] main Estimated time left: 8 hours, 18 minutes, 55 seconds. Time passed: 14 minutes, 52 seconds
[INFO 09:12:15] main t_env: 20160 / 500000
[INFO 09:12:15] main Estimated time left: 8 hours, 16 minutes, 42 seconds. Time passed: 20 minutes, 5 seconds
[INFO 09:12:40] main Recent Stats | t_env:      20160 | Episode:      448

[INFO 09:16:55] main t_env: 25200 / 500000
[INFO 09:16:55] main Estimated time left: 7 hours, 19 minutes, 8 seconds. Time passed: 24 minutes, 45 seconds
[INFO 09:21:42] main t_env: 30240 / 500000
[INFO 09:21:42] main Estimated time left: 7 hours, 25 minutes, 18 seconds. Time passed: 29 minutes, 32 seconds
[INFO 09:22:06] main Recent Stats | t_env:      30240 | Episode:      672

[INFO 09:26:40] main t_env: 35280 / 500000
[INFO 09:26:40] main Estimated time left: 7 hours, 38 minutes, 3 seconds. Time passed: 34 minutes, 30 seconds
[INFO 09:31:28] main t_env: 40320 / 500000
[INFO 09:31:28] main Estimated time left: 7 hours, 17 minutes, 36 seconds. Time passed: 39 minutes, 17 seconds
[INFO 09:31:53] main Recent Stats | t_env:      40320 | Episode:      896

[INFO 09:36:24] main t_env: 45360 / 500000
[INFO 09:36:24] main Estimated time left: 7 hours, 25 minutes, 41 seconds. Time passed: 44 minutes, 14 seconds
[INFO 09:41:08] main t_env: 50400 / 500000
[INFO 09:41:08] main Estimated time left: 7 hours, 2 minutes, 33 seconds. Time passed: 48 minutes, 58 seconds
[INFO 09:41:33] main Recent Stats | t_env:      50400 | Episode:     1120

[INFO 09:45:58] main t_env: 55440 / 500000
[INFO 09:45:58] main Estimated time left: 7 hours, 6 minutes, 22 seconds. Time passed: 53 minutes, 48 seconds
[INFO 09:50:29] main t_env: 60480 / 500000
[INFO 09:50:29] main Estimated time left: 6 hours, 33 minutes, 24 seconds. Time passed: 58 minutes, 19 seconds
[INFO 09:50:55] main Recent Stats | t_env:      60480 | Episode:     1344

[INFO 09:55:11] main t_env: 65520 / 500000
[INFO 09:55:11] main Estimated time left: 6 hours, 45 minutes, 43 seconds. Time passed: 1 hours, 3 minutes, 1 seconds
[INFO 10:00:04] main t_env: 70560 / 500000
[INFO 10:00:04] main Estimated time left: 6 hours, 55 minutes, 22 seconds. Time passed: 1 hours, 7 minutes, 54 seconds
[INFO 10:00:28] main Recent Stats | t_env:      70560 | Episode:     1568

[INFO 10:04:52] main t_env: 75600 / 500000
[INFO 10:04:52] main Estimated time left: 6 hours, 44 minutes, 19 seconds. Time passed: 1 hours, 12 minutes, 42 seconds
[INFO 10:09:46] main t_env: 80640 / 500000
[INFO 10:09:46] main Estimated time left: 6 hours, 47 minutes, 46 seconds. Time passed: 1 hours, 17 minutes, 36 seconds
[INFO 10:10:12] main Recent Stats | t_env:      80640 | Episode:     1792

[INFO 10:14:33] main t_env: 85680 / 500000
[INFO 10:14:33] main Estimated time left: 6 hours, 32 minutes, 46 seconds. Time passed: 1 hours, 22 minutes, 23 seconds
[INFO 10:19:01] main t_env: 90720 / 500000
[INFO 10:19:01] main Estimated time left: 6 hours, 2 minutes, 46 seconds. Time passed: 1 hours, 26 minutes, 51 seconds
[INFO 10:19:24] main Recent Stats | t_env:      90720 | Episode:     2016

[INFO 10:23:25] main t_env: 95760 / 500000
[INFO 10:23:25] main Estimated time left: 5 hours, 53 minutes, 12 seconds. Time passed: 1 hours, 31 minutes, 15 seconds
[INFO 10:27:59] main t_env: 100800 / 500000
[INFO 10:27:59] main Estimated time left: 6 hours, 1 minutes, 10 seconds. Time passed: 1 hours, 35 minutes, 48 seconds
[INFO 10:28:20] main Recent Stats | t_env:     100800 | Episode:     2240

[INFO 10:32:30] main t_env: 105840 / 500000
[INFO 10:32:30] main Estimated time left: 5 hours, 54 minutes, 5 seconds. Time passed: 1 hours, 40 minutes, 20 seconds
[INFO 10:36:56] main t_env: 110880 / 500000
[INFO 10:36:56] main Estimated time left: 5 hours, 41 minutes, 52 seconds. Time passed: 1 hours, 44 minutes, 46 seconds
[INFO 10:37:18] main Recent Stats | t_env:     110880 | Episode:     2464

[INFO 10:41:22] main t_env: 115920 / 500000
[INFO 10:41:22] main Estimated time left: 5 hours, 37 minutes, 37 seconds. Time passed: 1 hours, 49 minutes, 12 seconds
[INFO 10:45:52] main t_env: 120960 / 500000
[INFO 10:45:52] main Estimated time left: 5 hours, 39 minutes, 4 seconds. Time passed: 1 hours, 53 minutes, 42 seconds
[INFO 10:46:12] main Recent Stats | t_env:     120960 | Episode:     2688

[INFO 10:50:22] main t_env: 126000 / 500000
[INFO 10:50:22] main Estimated time left: 5 hours, 33 minutes, 30 seconds. Time passed: 1 hours, 58 minutes, 12 seconds
[INFO 10:54:45] main t_env: 131040 / 500000
[INFO 10:54:45] main Estimated time left: 5 hours, 20 minutes, 52 seconds. Time passed: 2 hours, 2 minutes, 35 seconds
[INFO 10:55:10] main Recent Stats | t_env:     131040 | Episode:     2912

[INFO 10:59:23] main t_env: 136080 / 500000
[INFO 10:59:23] main Estimated time left: 5 hours, 34 minutes, 41 seconds. Time passed: 2 hours, 7 minutes, 13 seconds
[INFO 11:03:49] main t_env: 141120 / 500000
[INFO 11:03:49] main Estimated time left: 5 hours, 16 minutes, 13 seconds. Time passed: 2 hours, 11 minutes, 39 seconds
[INFO 11:04:12] main Recent Stats | t_env:     141120 | Episode:     3136

[INFO 11:08:22] main t_env: 146160 / 500000
[INFO 11:08:22] main Estimated time left: 5 hours, 19 minutes, 17 seconds. Time passed: 2 hours, 16 minutes, 12 seconds
[INFO 11:12:39] main t_env: 151200 / 500000
[INFO 11:12:39] main Estimated time left: 4 hours, 56 minutes, 9 seconds. Time passed: 2 hours, 20 minutes, 29 seconds
[INFO 11:13:02] main Recent Stats | t_env:     151200 | Episode:     3360

[INFO 11:17:00] main t_env: 156240 / 500000
[INFO 11:17:00] main Estimated time left: 4 hours, 56 minutes, 35 seconds. Time passed: 2 hours, 24 minutes, 50 seconds
[INFO 11:21:22] main t_env: 161280 / 500000
[INFO 11:21:22] main Estimated time left: 4 hours, 53 minutes, 29 seconds. Time passed: 2 hours, 29 minutes, 12 seconds
[INFO 11:21:43] main Recent Stats | t_env:     161280 | Episode:     3584

[INFO 11:25:44] main t_env: 166320 / 500000
[INFO 11:25:44] main Estimated time left: 4 hours, 49 minutes, 21 seconds. Time passed: 2 hours, 33 minutes, 34 seconds
[INFO 11:30:07] main t_env: 171360 / 500000
[INFO 11:30:07] main Estimated time left: 4 hours, 45 minutes, 16 seconds. Time passed: 2 hours, 37 minutes, 57 seconds
[INFO 11:30:29] main Recent Stats | t_env:     171360 | Episode:     3808

[INFO 11:34:26] main t_env: 176400 / 500000
[INFO 11:34:26] main Estimated time left: 4 hours, 37 minutes, 2 seconds. Time passed: 2 hours, 42 minutes, 15 seconds
[INFO 11:38:50] main t_env: 181440 / 500000
[INFO 11:38:50] main Estimated time left: 4 hours, 38 minutes, 31 seconds. Time passed: 2 hours, 46 minutes, 40 seconds
[INFO 11:39:10] main Recent Stats | t_env:     181440 | Episode:     4032

[INFO 11:43:14] main t_env: 186480 / 500000
[INFO 11:43:14] main Estimated time left: 4 hours, 33 minutes, 26 seconds. Time passed: 2 hours, 51 minutes, 4 seconds
[INFO 11:47:34] main t_env: 191520 / 500000
[INFO 11:47:34] main Estimated time left: 4 hours, 25 minutes, 52 seconds. Time passed: 2 hours, 55 minutes, 24 seconds
[INFO 11:47:53] main Recent Stats | t_env:     191520 | Episode:     4256

[INFO 11:51:56] main t_env: 196560 / 500000
[INFO 11:51:56] main Estimated time left: 4 hours, 22 minutes, 49 seconds. Time passed: 2 hours, 59 minutes, 46 seconds
[INFO 11:56:21] main t_env: 201600 / 500000
[INFO 11:56:21] main Estimated time left: 4 hours, 20 minutes, 48 seconds. Time passed: 3 hours, 4 minutes, 10 seconds
[INFO 11:56:44] main Recent Stats | t_env:     201600 | Episode:     4480

[INFO 12:00:39] main t_env: 206640 / 500000
[INFO 12:00:39] main Estimated time left: 4 hours, 10 minutes, 45 seconds. Time passed: 3 hours, 8 minutes, 29 seconds
[INFO 12:05:11] main t_env: 211680 / 500000
[INFO 12:05:11] main Estimated time left: 4 hours, 19 minutes, 14 seconds. Time passed: 3 hours, 13 minutes, 1 seconds
[INFO 12:05:32] main Recent Stats | t_env:     211680 | Episode:     4704

[INFO 12:09:33] main t_env: 216720 / 500000
[INFO 12:09:33] main Estimated time left: 4 hours, 5 minutes, 40 seconds. Time passed: 3 hours, 17 minutes, 23 seconds
[INFO 12:13:58] main t_env: 221760 / 500000
[INFO 12:13:58] main Estimated time left: 4 hours, 3 minutes, 31 seconds. Time passed: 3 hours, 21 minutes, 48 seconds
[INFO 12:14:18] main Recent Stats | t_env:     221760 | Episode:     4928

[INFO 12:18:24] main t_env: 226800 / 500000
[INFO 12:18:24] main Estimated time left: 4 hours, 23 seconds. Time passed: 3 hours, 26 minutes, 14 seconds
[INFO 12:22:47] main t_env: 231840 / 500000
[INFO 12:22:47] main Estimated time left: 3 hours, 53 minutes, 29 seconds. Time passed: 3 hours, 30 minutes, 37 seconds
[INFO 12:23:09] main Recent Stats | t_env:     231840 | Episode:     5152

[INFO 12:27:31] main t_env: 236880 / 500000
[INFO 12:27:31] main Estimated time left: 4 hours, 6 minutes, 23 seconds. Time passed: 3 hours, 35 minutes, 20 seconds
[INFO 12:31:55] main t_env: 241920 / 500000
[INFO 12:31:55] main Estimated time left: 3 hours, 45 minutes, 54 seconds. Time passed: 3 hours, 39 minutes, 45 seconds
[INFO 12:32:15] main Recent Stats | t_env:     241920 | Episode:     5376

[INFO 12:36:17] main t_env: 246960 / 500000
[INFO 12:36:17] main Estimated time left: 3 hours, 38 minutes, 41 seconds. Time passed: 3 hours, 44 minutes, 6 seconds
[INFO 12:40:31] main t_env: 252000 / 500000
[INFO 12:40:31] main Estimated time left: 3 hours, 28 minutes, 15 seconds. Time passed: 3 hours, 48 minutes, 20 seconds
[INFO 12:40:56] main Recent Stats | t_env:     252000 | Episode:     5600

[INFO 12:45:00] main t_env: 257040 / 500000
[INFO 12:45:00] main Estimated time left: 3 hours, 36 minutes, 6 seconds. Time passed: 3 hours, 52 minutes, 49 seconds
[INFO 12:49:47] main t_env: 262080 / 500000
[INFO 12:49:47] main Estimated time left: 3 hours, 46 minutes, 6 seconds. Time passed: 3 hours, 57 minutes, 37 seconds
[INFO 12:50:12] main Recent Stats | t_env:     262080 | Episode:     5824

[INFO 12:54:41] main t_env: 267120 / 500000
[INFO 12:54:41] main Estimated time left: 3 hours, 46 minutes, 31 seconds. Time passed: 4 hours, 2 minutes, 31 seconds
[INFO 12:59:41] main t_env: 272160 / 500000
[INFO 12:59:41] main Estimated time left: 3 hours, 46 minutes, 6 seconds. Time passed: 4 hours, 7 minutes, 31 seconds
[INFO 13:00:11] main Recent Stats | t_env:     272160 | Episode:     6048

[INFO 13:04:28] main t_env: 277200 / 500000
[INFO 13:04:28] main Estimated time left: 3 hours, 31 minutes, 43 seconds. Time passed: 4 hours, 12 minutes, 18 seconds
[INFO 13:08:58] main t_env: 282240 / 500000
[INFO 13:08:58] main Estimated time left: 3 hours, 13 minutes, 52 seconds. Time passed: 4 hours, 16 minutes, 48 seconds
[INFO 13:09:26] main Recent Stats | t_env:     282240 | Episode:     6272

[INFO 13:13:52] main t_env: 287280 / 500000
[INFO 13:13:52] main Estimated time left: 3 hours, 27 minutes, 4 seconds. Time passed: 4 hours, 21 minutes, 42 seconds
[INFO 13:18:40] main t_env: 292320 / 500000
[INFO 13:18:40] main Estimated time left: 3 hours, 17 minutes, 28 seconds. Time passed: 4 hours, 26 minutes, 30 seconds
[INFO 13:19:04] main Recent Stats | t_env:     292320 | Episode:     6496

[INFO 13:23:30] main t_env: 297360 / 500000
[INFO 13:23:30] main Estimated time left: 3 hours, 14 minutes, 37 seconds. Time passed: 4 hours, 31 minutes, 20 seconds
[INFO 13:27:53] main t_env: 302400 / 500000
[INFO 13:27:53] main Estimated time left: 2 hours, 51 minutes, 57 seconds. Time passed: 4 hours, 35 minutes, 43 seconds
[INFO 13:28:16] main Recent Stats | t_env:     302400 | Episode:     6720

[INFO 13:32:31] main t_env: 307440 / 500000
[INFO 13:32:31] main Estimated time left: 2 hours, 57 minutes, 2 seconds. Time passed: 4 hours, 40 minutes, 21 seconds
[INFO 13:36:52] main t_env: 312480 / 500000
[INFO 13:36:52] main Estimated time left: 2 hours, 41 minutes, 23 seconds. Time passed: 4 hours, 44 minutes, 41 seconds
[INFO 13:37:10] main Recent Stats | t_env:     312480 | Episode:     6944

[INFO 13:41:20] main t_env: 317520 / 500000
[INFO 13:41:20] main Estimated time left: 2 hours, 42 minutes, 12 seconds. Time passed: 4 hours, 49 minutes, 10 seconds
[INFO 13:46:01] main t_env: 322560 / 500000
[INFO 13:46:01] main Estimated time left: 2 hours, 44 minutes, 47 seconds. Time passed: 4 hours, 53 minutes, 51 seconds
[INFO 13:46:24] main Recent Stats | t_env:     322560 | Episode:     7168

[INFO 13:50:24] main t_env: 327600 / 500000
[INFO 13:50:24] main Estimated time left: 2 hours, 29 minutes, 42 seconds. Time passed: 4 hours, 58 minutes, 14 seconds
[INFO 13:54:57] main t_env: 332640 / 500000
[INFO 13:54:57] main Estimated time left: 2 hours, 31 minutes, 6 seconds. Time passed: 5 hours, 2 minutes, 47 seconds
[INFO 13:55:21] main Recent Stats | t_env:     332640 | Episode:     7392

[INFO 13:59:29] main t_env: 337680 / 500000
[INFO 13:59:29] main Estimated time left: 2 hours, 26 minutes, 2 seconds. Time passed: 5 hours, 7 minutes, 19 seconds
[INFO 14:04:15] main t_env: 342720 / 500000
[INFO 14:04:15] main Estimated time left: 2 hours, 28 minutes, 55 seconds. Time passed: 5 hours, 12 minutes, 5 seconds
[INFO 14:04:40] main Recent Stats | t_env:     342720 | Episode:     7616

[INFO 14:08:53] main t_env: 347760 / 500000
[INFO 14:08:53] main Estimated time left: 2 hours, 20 minutes, 5 seconds. Time passed: 5 hours, 16 minutes, 43 seconds
[INFO 14:13:35] main t_env: 352800 / 500000
[INFO 14:13:35] main Estimated time left: 2 hours, 16 minutes, 55 seconds. Time passed: 5 hours, 21 minutes, 25 seconds
[INFO 14:13:58] main Recent Stats | t_env:     352800 | Episode:     7840

[INFO 14:18:14] main t_env: 357840 / 500000
[INFO 14:18:14] main Estimated time left: 2 hours, 11 minutes, 21 seconds. Time passed: 5 hours, 26 minutes, 4 seconds
[INFO 14:22:46] main t_env: 362880 / 500000
[INFO 14:22:46] main Estimated time left: 2 hours, 3 minutes, 18 seconds. Time passed: 5 hours, 30 minutes, 36 seconds
[INFO 14:23:11] main Recent Stats | t_env:     362880 | Episode:     8064

[INFO 14:27:24] main t_env: 367920 / 500000
[INFO 14:27:24] main Estimated time left: 2 hours, 1 minutes, 26 seconds. Time passed: 5 hours, 35 minutes, 14 seconds
[INFO 14:32:07] main t_env: 372960 / 500000
[INFO 14:32:07] main Estimated time left: 1 hours, 58 minutes, 37 seconds. Time passed: 5 hours, 39 minutes, 56 seconds
[INFO 14:32:34] main Recent Stats | t_env:     372960 | Episode:     8288

[INFO 14:36:53] main t_env: 378000 / 500000
[INFO 14:36:53] main Estimated time left: 1 hours, 55 minutes, 45 seconds. Time passed: 5 hours, 44 minutes, 43 seconds
[INFO 14:41:31] main t_env: 383040 / 500000
[INFO 14:41:31] main Estimated time left: 1 hours, 47 minutes, 9 seconds. Time passed: 5 hours, 49 minutes, 20 seconds
[INFO 14:41:52] main Recent Stats | t_env:     383040 | Episode:     8512

[INFO 14:45:53] main t_env: 388080 / 500000
[INFO 14:45:53] main Estimated time left: 1 hours, 37 minutes, 16 seconds. Time passed: 5 hours, 53 minutes, 43 seconds
