Identity added: /nfshomes/anirudhs/.ssh/id_ecdsa (anirudhs@nexuscml00.umiacs.umd.edu)
Identity added: /nfshomes/anirudhs/.ssh/id_ed25519 (anirudh.satheesh@gmail.com)
[DEBUG 13:08:28] git.cmd Popen(['git', 'diff', '--cached', '--abbrev=40', '--full-index', '--raw'], cwd=/nfshomes/anirudhs/CMARL-Traffic, stdin=None, shell=False, universal_newlines=False)
[DEBUG 13:08:29] git.cmd Popen(['git', 'diff', '--abbrev=40', '--full-index', '--raw'], cwd=/nfshomes/anirudhs/CMARL-Traffic, stdin=None, shell=False, universal_newlines=False)
[DEBUG 13:08:29] git.cmd Popen(['git', 'cat-file', '--batch-check'], cwd=/nfshomes/anirudhs/CMARL-Traffic, stdin=<valid stream>, shell=False, universal_newlines=False)
[DEBUG 13:08:29] git.cmd Popen(['git', 'diff', '--cached', '--abbrev=40', '--full-index', '--raw'], cwd=/nfshomes/anirudhs/CMARL-Traffic, stdin=None, shell=False, universal_newlines=False)
[DEBUG 13:08:29] git.cmd Popen(['git', 'diff', '--abbrev=40', '--full-index', '--raw'], cwd=/nfshomes/anirudhs/CMARL-Traffic, stdin=None, shell=False, universal_newlines=False)
[DEBUG 13:08:29] git.cmd Popen(['git', 'cat-file', '--batch-check'], cwd=/nfshomes/anirudhs/CMARL-Traffic, stdin=<valid stream>, shell=False, universal_newlines=False)
[DEBUG 13:08:29] git.cmd Popen(['git', 'diff', '--cached', '--abbrev=40', '--full-index', '--raw'], cwd=/nfshomes/anirudhs/CMARL-Traffic, stdin=None, shell=False, universal_newlines=False)
[DEBUG 13:08:29] git.cmd Popen(['git', 'diff', '--abbrev=40', '--full-index', '--raw'], cwd=/nfshomes/anirudhs/CMARL-Traffic, stdin=None, shell=False, universal_newlines=False)
[DEBUG 13:08:29] git.cmd Popen(['git', 'cat-file', '--batch-check'], cwd=/nfshomes/anirudhs/CMARL-Traffic, stdin=<valid stream>, shell=False, universal_newlines=False)
[DEBUG 13:08:29] git.cmd Popen(['git', 'diff', '--cached', '--abbrev=40', '--full-index', '--raw'], cwd=/nfshomes/anirudhs/CMARL-Traffic, stdin=None, shell=False, universal_newlines=False)
[DEBUG 13:08:29] git.cmd Popen(['git', 'diff', '--abbrev=40', '--full-index', '--raw'], cwd=/nfshomes/anirudhs/CMARL-Traffic, stdin=None, shell=False, universal_newlines=False)
[DEBUG 13:08:29] git.cmd Popen(['git', 'cat-file', '--batch-check'], cwd=/nfshomes/anirudhs/CMARL-Traffic, stdin=<valid stream>, shell=False, universal_newlines=False)
[DEBUG 13:08:29] git.cmd Popen(['git', 'diff', '--cached', '--abbrev=40', '--full-index', '--raw'], cwd=/nfshomes/anirudhs/CMARL-Traffic, stdin=None, shell=False, universal_newlines=False)
[DEBUG 13:08:29] git.cmd Popen(['git', 'diff', '--abbrev=40', '--full-index', '--raw'], cwd=/nfshomes/anirudhs/CMARL-Traffic, stdin=None, shell=False, universal_newlines=False)
[DEBUG 13:08:29] git.cmd Popen(['git', 'cat-file', '--batch-check'], cwd=/nfshomes/anirudhs/CMARL-Traffic, stdin=<valid stream>, shell=False, universal_newlines=False)
[INFO 13:08:44] root Saving to FileStorageObserver in /cmlscratch/anirudhs/ctraffic/results/sacred.
[DEBUG 13:08:45] ctraffic Using capture mode "fd"
threads unset, auto use 24 threads
[INFO 13:08:45] ctraffic Running command 'main'
[INFO 13:08:46] ctraffic Started run with ID "575"
[DEBUG 13:08:46] ctraffic Starting Heartbeat
[DEBUG 13:08:46] main Started
[INFO 13:08:46] main Experiment Parameters:
[INFO 13:08:47] main MDP Components:
[INFO 13:08:52] main Beginning training for 500000 timesteps
[INFO 13:12:55] main t_env: 5040 / 500000
[INFO 13:12:55] main Estimated time left: 6 hours, 37 minutes, 7 seconds. Time passed: 4 minutes, 2 seconds
[INFO 13:17:34] main t_env: 10080 / 500000
[INFO 13:17:34] main Estimated time left: 7 hours, 31 minutes, 50 seconds. Time passed: 8 minutes, 41 seconds
[INFO 13:17:58] main Recent Stats | t_env:      10080 | Episode:      224

[INFO 13:22:25] main t_env: 15120 / 500000
[INFO 13:22:25] main Estimated time left: 7 hours, 47 minutes, 33 seconds. Time passed: 13 minutes, 33 seconds
[INFO 13:27:05] main t_env: 20160 / 500000
[INFO 13:27:05] main Estimated time left: 7 hours, 24 minutes, 44 seconds. Time passed: 18 minutes, 13 seconds
[INFO 13:27:32] main Recent Stats | t_env:      20160 | Episode:      448

[INFO 13:31:53] main t_env: 25200 / 500000
[INFO 13:31:53] main Estimated time left: 7 hours, 31 minutes, 43 seconds. Time passed: 23 minutes, 1 seconds
[INFO 13:36:45] main t_env: 30240 / 500000
[INFO 13:36:45] main Estimated time left: 7 hours, 33 minutes, 18 seconds. Time passed: 27 minutes, 52 seconds
[INFO 13:37:06] main Recent Stats | t_env:      30240 | Episode:      672

[INFO 13:41:25] main t_env: 35280 / 500000
[INFO 13:41:25] main Estimated time left: 7 hours, 10 minutes, 46 seconds. Time passed: 32 minutes, 33 seconds
[INFO 13:46:16] main t_env: 40320 / 500000
[INFO 13:46:16] main Estimated time left: 7 hours, 21 minutes, 28 seconds. Time passed: 37 minutes, 23 seconds
[INFO 13:46:40] main Recent Stats | t_env:      40320 | Episode:      896

[INFO 13:50:50] main t_env: 45360 / 500000
[INFO 13:50:50] main Estimated time left: 6 hours, 53 minutes, 4 seconds. Time passed: 41 minutes, 58 seconds
[INFO 13:55:12] main t_env: 50400 / 500000
[INFO 13:55:12] main Estimated time left: 6 hours, 29 minutes, 5 seconds. Time passed: 46 minutes, 20 seconds
[INFO 13:55:35] main Recent Stats | t_env:      50400 | Episode:     1120

[INFO 14:00:00] main t_env: 55440 / 500000
[INFO 14:00:00] main Estimated time left: 7 hours, 3 minutes, 12 seconds. Time passed: 51 minutes, 7 seconds
[INFO 14:04:49] main t_env: 60480 / 500000
[INFO 14:04:49] main Estimated time left: 6 hours, 59 minutes, 36 seconds. Time passed: 55 minutes, 56 seconds
[INFO 14:05:14] main Recent Stats | t_env:      60480 | Episode:     1344

[INFO 14:09:39] main t_env: 65520 / 500000
[INFO 14:09:39] main Estimated time left: 6 hours, 57 minutes, 30 seconds. Time passed: 1 hours, 47 seconds
[INFO 14:14:12] main t_env: 70560 / 500000
[INFO 14:14:12] main Estimated time left: 6 hours, 27 minutes, 39 seconds. Time passed: 1 hours, 5 minutes, 20 seconds
[INFO 14:14:37] main Recent Stats | t_env:      70560 | Episode:     1568

[INFO 14:19:08] main t_env: 75600 / 500000
[INFO 14:19:08] main Estimated time left: 6 hours, 54 minutes, 37 seconds. Time passed: 1 hours, 10 minutes, 15 seconds
[INFO 14:24:04] main t_env: 80640 / 500000
[INFO 14:24:04] main Estimated time left: 6 hours, 50 minutes, 44 seconds. Time passed: 1 hours, 15 minutes, 11 seconds
[INFO 14:24:28] main Recent Stats | t_env:      80640 | Episode:     1792

[INFO 14:28:54] main t_env: 85680 / 500000
[INFO 14:28:54] main Estimated time left: 6 hours, 37 minutes, 50 seconds. Time passed: 1 hours, 20 minutes, 2 seconds
[INFO 14:33:45] main t_env: 90720 / 500000
[INFO 14:33:45] main Estimated time left: 6 hours, 33 minutes, 18 seconds. Time passed: 1 hours, 24 minutes, 52 seconds
[INFO 14:34:10] main Recent Stats | t_env:      90720 | Episode:     2016

[INFO 14:38:32] main t_env: 95760 / 500000
[INFO 14:38:32] main Estimated time left: 6 hours, 23 minutes, 17 seconds. Time passed: 1 hours, 29 minutes, 39 seconds
[INFO 14:43:18] main t_env: 100800 / 500000
[INFO 14:43:18] main Estimated time left: 6 hours, 18 minutes, 6 seconds. Time passed: 1 hours, 34 minutes, 26 seconds
[INFO 14:43:38] main Recent Stats | t_env:     100800 | Episode:     2240

[INFO 14:48:09] main t_env: 105840 / 500000
[INFO 14:48:09] main Estimated time left: 6 hours, 18 minutes, 42 seconds. Time passed: 1 hours, 39 minutes, 16 seconds
[INFO 14:53:01] main t_env: 110880 / 500000
[INFO 14:53:01] main Estimated time left: 6 hours, 16 minutes, 54 seconds. Time passed: 1 hours, 44 minutes, 9 seconds
[INFO 14:53:24] main Recent Stats | t_env:     110880 | Episode:     2464

[INFO 14:57:57] main t_env: 115920 / 500000
[INFO 14:57:57] main Estimated time left: 6 hours, 15 minutes, 20 seconds. Time passed: 1 hours, 49 minutes, 4 seconds
[INFO 15:02:43] main t_env: 120960 / 500000
[INFO 15:02:43] main Estimated time left: 5 hours, 57 minutes, 54 seconds. Time passed: 1 hours, 53 minutes, 50 seconds
[INFO 15:03:06] main Recent Stats | t_env:     120960 | Episode:     2688

[INFO 15:07:32] main t_env: 126000 / 500000
[INFO 15:07:32] main Estimated time left: 5 hours, 58 minutes, 0 seconds. Time passed: 1 hours, 58 minutes, 39 seconds
[INFO 15:12:22] main t_env: 131040 / 500000
[INFO 15:12:22] main Estimated time left: 5 hours, 54 minutes, 14 seconds. Time passed: 2 hours, 3 minutes, 30 seconds
[INFO 15:12:47] main Recent Stats | t_env:     131040 | Episode:     2912

[INFO 15:17:11] main t_env: 136080 / 500000
[INFO 15:17:11] main Estimated time left: 5 hours, 46 minutes, 53 seconds. Time passed: 2 hours, 8 minutes, 18 seconds
[INFO 15:22:04] main t_env: 141120 / 500000
[INFO 15:22:04] main Estimated time left: 5 hours, 47 minutes, 53 seconds. Time passed: 2 hours, 13 minutes, 11 seconds
[INFO 15:22:24] main Recent Stats | t_env:     141120 | Episode:     3136

[INFO 15:26:49] main t_env: 146160 / 500000
[INFO 15:26:49] main Estimated time left: 5 hours, 33 minutes, 13 seconds. Time passed: 2 hours, 17 minutes, 56 seconds
[INFO 15:31:32] main t_env: 151200 / 500000
[INFO 15:31:32] main Estimated time left: 5 hours, 27 minutes, 28 seconds. Time passed: 2 hours, 22 minutes, 40 seconds
[INFO 15:31:57] main Recent Stats | t_env:     151200 | Episode:     3360

[INFO 15:36:23] main t_env: 156240 / 500000
[INFO 15:36:23] main Estimated time left: 5 hours, 30 minutes, 53 seconds. Time passed: 2 hours, 27 minutes, 31 seconds
[INFO 15:41:03] main t_env: 161280 / 500000
[INFO 15:41:03] main Estimated time left: 5 hours, 13 minutes, 16 seconds. Time passed: 2 hours, 32 minutes, 11 seconds
[INFO 15:41:29] main Recent Stats | t_env:     161280 | Episode:     3584

[INFO 15:45:46] main t_env: 166320 / 500000
[INFO 15:45:46] main Estimated time left: 5 hours, 12 minutes, 36 seconds. Time passed: 2 hours, 36 minutes, 54 seconds
[INFO 15:50:27] main t_env: 171360 / 500000
[INFO 15:50:27] main Estimated time left: 5 hours, 4 minutes, 32 seconds. Time passed: 2 hours, 41 minutes, 34 seconds
[INFO 15:50:53] main Recent Stats | t_env:     171360 | Episode:     3808

[INFO 15:55:19] main t_env: 176400 / 500000
[INFO 15:55:19] main Estimated time left: 5 hours, 12 minutes, 43 seconds. Time passed: 2 hours, 46 minutes, 26 seconds
[INFO 15:59:58] main t_env: 181440 / 500000
[INFO 15:59:58] main Estimated time left: 4 hours, 54 minutes, 16 seconds. Time passed: 2 hours, 51 minutes, 6 seconds
[INFO 16:00:23] main Recent Stats | t_env:     181440 | Episode:     4032

[INFO 16:04:25] main t_env: 186480 / 500000
[INFO 16:04:25] main Estimated time left: 4 hours, 36 minutes, 56 seconds. Time passed: 2 hours, 55 minutes, 33 seconds
[INFO 16:09:08] main t_env: 191520 / 500000
[INFO 16:09:08] main Estimated time left: 4 hours, 48 minutes, 42 seconds. Time passed: 3 hours, 16 seconds
[INFO 16:09:37] main Recent Stats | t_env:     191520 | Episode:     4256

[INFO 16:14:02] main t_env: 196560 / 500000
[INFO 16:14:02] main Estimated time left: 4 hours, 54 minutes, 25 seconds. Time passed: 3 hours, 5 minutes, 9 seconds
[INFO 16:18:54] main t_env: 201600 / 500000
[INFO 16:18:54] main Estimated time left: 4 hours, 48 minutes, 3 seconds. Time passed: 3 hours, 10 minutes, 1 seconds
[INFO 16:19:15] main Recent Stats | t_env:     201600 | Episode:     4480

[INFO 16:23:33] main t_env: 206640 / 500000
[INFO 16:23:33] main Estimated time left: 4 hours, 30 minutes, 41 seconds. Time passed: 3 hours, 14 minutes, 40 seconds
[INFO 16:28:11] main t_env: 211680 / 500000
[INFO 16:28:11] main Estimated time left: 4 hours, 25 minutes, 13 seconds. Time passed: 3 hours, 19 minutes, 18 seconds
[INFO 16:28:33] main Recent Stats | t_env:     211680 | Episode:     4704

[INFO 16:32:52] main t_env: 216720 / 500000
[INFO 16:32:52] main Estimated time left: 4 hours, 22 minutes, 47 seconds. Time passed: 3 hours, 23 minutes, 59 seconds
[INFO 16:37:18] main t_env: 221760 / 500000
[INFO 16:37:18] main Estimated time left: 4 hours, 4 minutes, 58 seconds. Time passed: 3 hours, 28 minutes, 25 seconds
[INFO 16:37:42] main Recent Stats | t_env:     221760 | Episode:     4928

[INFO 16:41:37] main t_env: 226800 / 500000
[INFO 16:41:37] main Estimated time left: 3 hours, 54 minutes, 9 seconds. Time passed: 3 hours, 32 minutes, 44 seconds
[INFO 16:46:11] main t_env: 231840 / 500000
[INFO 16:46:11] main Estimated time left: 4 hours, 3 minutes, 15 seconds. Time passed: 3 hours, 37 minutes, 19 seconds
[INFO 16:46:30] main Recent Stats | t_env:     231840 | Episode:     5152

[INFO 16:50:54] main t_env: 236880 / 500000
[INFO 16:50:54] main Estimated time left: 4 hours, 5 minutes, 48 seconds. Time passed: 3 hours, 42 minutes, 1 seconds
[INFO 16:55:56] main t_env: 241920 / 500000
[INFO 16:55:56] main Estimated time left: 4 hours, 17 minutes, 47 seconds. Time passed: 3 hours, 47 minutes, 3 seconds
[INFO 16:56:22] main Recent Stats | t_env:     241920 | Episode:     5376

[INFO 17:00:53] main t_env: 246960 / 500000
[INFO 17:00:53] main Estimated time left: 4 hours, 9 minutes, 2 seconds. Time passed: 3 hours, 52 minutes, 1 seconds
[INFO 17:05:56] main t_env: 252000 / 500000
[INFO 17:05:56] main Estimated time left: 4 hours, 7 minutes, 51 seconds. Time passed: 3 hours, 57 minutes, 3 seconds
[INFO 17:06:21] main Recent Stats | t_env:     252000 | Episode:     5600

[INFO 17:11:00] main t_env: 257040 / 500000
[INFO 17:11:00] main Estimated time left: 4 hours, 4 minutes, 7 seconds. Time passed: 4 hours, 2 minutes, 7 seconds
[INFO 17:16:02] main t_env: 262080 / 500000
[INFO 17:16:02] main Estimated time left: 3 hours, 58 minutes, 2 seconds. Time passed: 4 hours, 7 minutes, 10 seconds
[INFO 17:16:26] main Recent Stats | t_env:     262080 | Episode:     5824

[INFO 17:20:34] main t_env: 267120 / 500000
[INFO 17:20:34] main Estimated time left: 3 hours, 29 minutes, 27 seconds. Time passed: 4 hours, 11 minutes, 42 seconds
[INFO 17:25:08] main t_env: 272160 / 500000
[INFO 17:25:08] main Estimated time left: 3 hours, 26 minutes, 6 seconds. Time passed: 4 hours, 16 minutes, 15 seconds
[INFO 17:25:23] main Recent Stats | t_env:     272160 | Episode:     6048

[INFO 17:29:35] main t_env: 277200 / 500000
[INFO 17:29:35] main Estimated time left: 3 hours, 17 minutes, 18 seconds. Time passed: 4 hours, 20 minutes, 43 seconds
[INFO 17:34:11] main t_env: 282240 / 500000
[INFO 17:34:11] main Estimated time left: 3 hours, 18 minutes, 5 seconds. Time passed: 4 hours, 25 minutes, 18 seconds
[INFO 17:34:28] main Recent Stats | t_env:     282240 | Episode:     6272

[INFO 17:38:17] main t_env: 287280 / 500000
[INFO 17:38:17] main Estimated time left: 2 hours, 53 minutes, 38 seconds. Time passed: 4 hours, 29 minutes, 25 seconds
[INFO 17:42:37] main t_env: 292320 / 500000
[INFO 17:42:37] main Estimated time left: 2 hours, 58 minutes, 31 seconds. Time passed: 4 hours, 33 minutes, 45 seconds
[INFO 17:42:58] main Recent Stats | t_env:     292320 | Episode:     6496

[INFO 17:47:10] main t_env: 297360 / 500000
[INFO 17:47:10] main Estimated time left: 3 hours, 2 minutes, 31 seconds. Time passed: 4 hours, 38 minutes, 17 seconds
[INFO 17:51:43] main t_env: 302400 / 500000
[INFO 17:51:43] main Estimated time left: 2 hours, 58 minutes, 45 seconds. Time passed: 4 hours, 42 minutes, 51 seconds
[INFO 17:52:03] main Recent Stats | t_env:     302400 | Episode:     6720

slurmstepd: error: *** JOB 3303454 ON tron50 CANCELLED AT 2024-11-10T17:55:29 ***
